2023-05-11 01:13:21,350{GMT}	INFO	[jepsen test runner] jepsen.core: Command line:
lein run test -w broadcast --bin ../maelstrom-echo/target/release/maelstrom-echo --node-count 1 --time-limit 20 --rate 10
2023-05-11 01:13:21,411{GMT}	INFO	[jepsen test runner] jepsen.core: Running test:
{:args []
 :remote
 #jepsen.control.retry.Remote{:remote #jepsen.control.scp.Remote{:cmd-remote #jepsen.control.sshj.SSHJRemote{:concurrency-limit 6,
                                                                                                             :conn-spec nil,
                                                                                                             :client nil,
                                                                                                             :semaphore nil},
                                                                 :conn-spec nil},
                              :conn nil}
 :log-net-send false
 :node-count 1
 :availability nil
 :max-txn-length 4
 :concurrency 1
 :db
 #object[maelstrom.db$db$reify__16142
         "0x5aad4194"
         "maelstrom.db$db$reify__16142@5aad4194"]
 :max-writes-per-key 16
 :leave-db-running? false
 :name "broadcast"
 :logging-json? false
 :start-time
 #object[org.joda.time.DateTime "0x6dd0e2f4" "2023-05-11T01:13:21.337-04:00"]
 :nemesis-interval 10
 :net
 #object[maelstrom.net$jepsen_net$reify__15251
         "0x333813e7"
         "maelstrom.net$jepsen_net$reify__15251@333813e7"]
 :client
 #object[maelstrom.workload.broadcast$client$reify__16644
         "0x292237cd"
         "maelstrom.workload.broadcast$client$reify__16644@292237cd"]
 :barrier
 #object[java.util.concurrent.CyclicBarrier
         "0x797a5b31"
         "java.util.concurrent.CyclicBarrier@797a5b31"]
 :log-stderr false
 :pure-generators true
 :ssh {:dummy? true}
 :rate 10.0
 :checker
 #object[jepsen.checker$compose$reify__11881
         "0x13d7d1a8"
         "jepsen.checker$compose$reify__11881@13d7d1a8"]
 :argv
 ("test"
  "-w"
  "broadcast"
  "--bin"
  "../maelstrom-echo/target/release/maelstrom-echo"
  "--node-count"
  "1"
  "--time-limit"
  "20"
  "--rate"
  "10")
 :nemesis
 (jepsen.nemesis.ReflCompose
  {:fm {:start-partition 0,
        :stop-partition 0,
        :kill 1,
        :start 1,
        :pause 1,
        :resume 1},
   :nemeses [#unprintable "jepsen.nemesis.combined$partition_nemesis$reify__16416@60035f1e"
             #unprintable "jepsen.nemesis.combined$db_nemesis$reify__16397@5827908c"]})
 :nodes ["n0"]
 :test-count 1
 :latency {:mean 0, :dist :constant}
 :bin "../maelstrom-echo/target/release/maelstrom-echo"
 :generator
 ((jepsen.generator.Synchronize
   {:gen (jepsen.generator.TimeLimit
          {:limit 20000000000,
           :cutoff nil,
           :gen (jepsen.generator.Any
                 {:gens [(jepsen.generator.OnThreads
                          {:f #{:nemesis},
                           :context-filter #object[jepsen.generator.context$make_thread_filter$lazy_filter__9167
                                                   "0x7f9083b4"
                                                   "jepsen.generator.context$make_thread_filter$lazy_filter__9167@7f9083b4"],
                           :gen nil})
                         (jepsen.generator.OnThreads
                          {:f #jepsen.generator.context.AllBut{:element :nemesis},
                           :context-filter #object[jepsen.generator.context$make_thread_filter$lazy_filter__9167
                                                   "0x40f40221"
                                                   "jepsen.generator.context$make_thread_filter$lazy_filter__9167@40f40221"],
                           :gen (jepsen.generator.Stagger
                                 {:dt 200000000,
                                  :next-time nil,
                                  :gen (jepsen.generator.Mix
                                        {:i 1,
                                         :gens [({:f :broadcast, :value 0}
                                                 {:f :broadcast, :value 1}
                                                 {:f :broadcast, :value 2}
                                                 {:f :broadcast, :value 3}
                                                 {:f :broadcast, :value 4}
                                                 {:f :broadcast, :value 5}
                                                 {:f :broadcast, :value 6}
                                                 {:f :broadcast, :value 7}
                                                 ...)
                                                ({:f :read}
                                                 {:f :read}
                                                 {:f :read}
                                                 {:f :read}
                                                 {:f :read}
                                                 {:f :read}
                                                 {:f :read}
                                                 {:f :read}
                                                 ...)]})})})]})})})
  (jepsen.generator.Synchronize
   {:gen (jepsen.generator.OnThreads
          {:f #{:nemesis},
           :context-filter #object[jepsen.generator.context$make_thread_filter$lazy_filter__9167
                                   "0x6d3b59e2"
                                   "jepsen.generator.context$make_thread_filter$lazy_filter__9167@6d3b59e2"],
           :gen ()})})
  (jepsen.generator.Synchronize
   {:gen {:type :log, :value "Waiting for recovery..."}})
  (jepsen.generator.Synchronize {:gen {:type :sleep, :value 10}})
  (jepsen.generator.Synchronize
   {:gen (jepsen.generator.OnThreads
          {:f #jepsen.generator.context.AllBut{:element :nemesis},
           :context-filter #object[jepsen.generator.context$make_thread_filter$lazy_filter__9167
                                   "0x164dfad2"
                                   "jepsen.generator.context$make_thread_filter$lazy_filter__9167@164dfad2"],
           :gen (jepsen.generator.EachThread
                 {:fresh-gen {:f :read, :final? true},
                  :context-filters #object[clojure.core$promise$reify__8591
                                           "0x76480730"
                                           {:status :pending, :val nil}],
                  :gens {}})})}))
 :log-net-recv false
 :os
 #object[maelstrom.net$jepsen_os$reify__15254
         "0x405a296e"
         "maelstrom.net$jepsen_os$reify__15254@405a296e"]
 :time-limit 20
 :workload :broadcast
 :consistency-models [:strict-serializable]
 :topology :grid}

2023-05-11 01:13:22,687{GMT}	INFO	[jepsen node n0] maelstrom.net: Starting Maelstrom network
2023-05-11 01:13:22,687{GMT}	INFO	[jepsen test runner] jepsen.db: Tearing down DB
2023-05-11 01:13:22,688{GMT}	INFO	[jepsen test runner] jepsen.db: Setting up DB
2023-05-11 01:13:22,690{GMT}	INFO	[jepsen node n0] maelstrom.service: Starting services: (lin-kv lin-tso lww-kv seq-kv)
2023-05-11 01:13:22,691{GMT}	INFO	[jepsen node n0] maelstrom.db: Setting up n0
2023-05-11 01:13:22,692{GMT}	INFO	[jepsen node n0] maelstrom.process: launching ../maelstrom-echo/target/release/maelstrom-echo []
2023-05-11 01:13:22,705{GMT}	INFO	[jepsen test runner] jepsen.core: Relative time begins now
2023-05-11 01:13:22,716{GMT}	INFO	[jepsen worker 0] jepsen.util: 0	:invoke	:read	nil
2023-05-11 01:13:22,719{GMT}	INFO	[jepsen worker 0] jepsen.util: 0	:ok	:read	[]
2023-05-11 01:13:22,719{GMT}	INFO	[jepsen worker 0] jepsen.util: 0	:invoke	:broadcast	0
2023-05-11 01:13:22,720{GMT}	INFO	[jepsen worker 0] jepsen.util: 0	:ok	:broadcast	0
2023-05-11 01:13:22,874{GMT}	INFO	[jepsen worker 0] jepsen.util: 0	:invoke	:read	nil
2023-05-11 01:13:22,876{GMT}	INFO	[jepsen worker 0] jepsen.util: 0	:ok	:read	[]
2023-05-11 01:13:22,953{GMT}	INFO	[jepsen worker 0] jepsen.util: 0	:invoke	:broadcast	1
2023-05-11 01:13:22,955{GMT}	INFO	[jepsen worker 0] jepsen.util: 0	:ok	:broadcast	1
2023-05-11 01:13:22,977{GMT}	INFO	[jepsen worker 0] jepsen.util: 0	:invoke	:broadcast	2
2023-05-11 01:13:22,979{GMT}	INFO	[jepsen worker 0] jepsen.util: 0	:ok	:broadcast	2
2023-05-11 01:13:23,136{GMT}	INFO	[jepsen worker 0] jepsen.util: 0	:invoke	:broadcast	3
2023-05-11 01:13:23,137{GMT}	INFO	[jepsen worker 0] jepsen.util: 0	:ok	:broadcast	3
2023-05-11 01:13:23,240{GMT}	INFO	[jepsen worker 0] jepsen.util: 0	:invoke	:broadcast	4
2023-05-11 01:13:23,241{GMT}	INFO	[jepsen worker 0] jepsen.util: 0	:ok	:broadcast	4
2023-05-11 01:13:23,426{GMT}	INFO	[jepsen worker 0] jepsen.util: 0	:invoke	:broadcast	5
2023-05-11 01:13:23,427{GMT}	INFO	[jepsen worker 0] jepsen.util: 0	:ok	:broadcast	5
2023-05-11 01:13:23,521{GMT}	INFO	[jepsen worker 0] jepsen.util: 0	:invoke	:broadcast	6
2023-05-11 01:13:23,523{GMT}	INFO	[jepsen worker 0] jepsen.util: 0	:ok	:broadcast	6
2023-05-11 01:13:23,671{GMT}	INFO	[jepsen worker 0] jepsen.util: 0	:invoke	:broadcast	7
2023-05-11 01:13:23,672{GMT}	INFO	[jepsen worker 0] jepsen.util: 0	:ok	:broadcast	7
2023-05-11 01:13:23,832{GMT}	INFO	[jepsen worker 0] jepsen.util: 0	:invoke	:read	nil
2023-05-11 01:13:23,833{GMT}	INFO	[jepsen worker 0] jepsen.util: 0	:ok	:read	[]
2023-05-11 01:13:24,016{GMT}	INFO	[jepsen worker 0] jepsen.util: 0	:invoke	:broadcast	8
2023-05-11 01:13:24,018{GMT}	INFO	[jepsen worker 0] jepsen.util: 0	:ok	:broadcast	8
2023-05-11 01:13:24,069{GMT}	INFO	[jepsen worker 0] jepsen.util: 0	:invoke	:broadcast	9
2023-05-11 01:13:24,070{GMT}	INFO	[jepsen worker 0] jepsen.util: 0	:ok	:broadcast	9
2023-05-11 01:13:24,125{GMT}	INFO	[jepsen worker 0] jepsen.util: 0	:invoke	:broadcast	10
2023-05-11 01:13:24,126{GMT}	INFO	[jepsen worker 0] jepsen.util: 0	:ok	:broadcast	10
2023-05-11 01:13:24,212{GMT}	INFO	[jepsen worker 0] jepsen.util: 0	:invoke	:read	nil
2023-05-11 01:13:24,214{GMT}	INFO	[jepsen worker 0] jepsen.util: 0	:ok	:read	[]
2023-05-11 01:13:24,247{GMT}	INFO	[jepsen worker 0] jepsen.util: 0	:invoke	:broadcast	11
2023-05-11 01:13:24,248{GMT}	INFO	[jepsen worker 0] jepsen.util: 0	:ok	:broadcast	11
2023-05-11 01:13:24,421{GMT}	INFO	[jepsen worker 0] jepsen.util: 0	:invoke	:read	nil
2023-05-11 01:13:24,422{GMT}	INFO	[jepsen worker 0] jepsen.util: 0	:ok	:read	[]
2023-05-11 01:13:24,525{GMT}	INFO	[jepsen worker 0] jepsen.util: 0	:invoke	:read	nil
2023-05-11 01:13:24,527{GMT}	INFO	[jepsen worker 0] jepsen.util: 0	:ok	:read	[]
2023-05-11 01:13:24,658{GMT}	INFO	[jepsen worker 0] jepsen.util: 0	:invoke	:read	nil
2023-05-11 01:13:24,660{GMT}	INFO	[jepsen worker 0] jepsen.util: 0	:ok	:read	[]
2023-05-11 01:13:24,703{GMT}	INFO	[jepsen worker 0] jepsen.util: 0	:invoke	:broadcast	12
2023-05-11 01:13:24,705{GMT}	INFO	[jepsen worker 0] jepsen.util: 0	:ok	:broadcast	12
2023-05-11 01:13:24,767{GMT}	INFO	[jepsen worker 0] jepsen.util: 0	:invoke	:broadcast	13
2023-05-11 01:13:24,768{GMT}	INFO	[jepsen worker 0] jepsen.util: 0	:ok	:broadcast	13
2023-05-11 01:13:24,825{GMT}	INFO	[jepsen worker 0] jepsen.util: 0	:invoke	:broadcast	14
2023-05-11 01:13:24,827{GMT}	INFO	[jepsen worker 0] jepsen.util: 0	:ok	:broadcast	14
2023-05-11 01:13:24,953{GMT}	INFO	[jepsen worker 0] jepsen.util: 0	:invoke	:read	nil
2023-05-11 01:13:24,955{GMT}	INFO	[jepsen worker 0] jepsen.util: 0	:ok	:read	[]
2023-05-11 01:13:25,103{GMT}	INFO	[jepsen worker 0] jepsen.util: 0	:invoke	:read	nil
2023-05-11 01:13:25,104{GMT}	INFO	[jepsen worker 0] jepsen.util: 0	:ok	:read	[]
2023-05-11 01:13:25,250{GMT}	INFO	[jepsen worker 0] jepsen.util: 0	:invoke	:broadcast	15
2023-05-11 01:13:25,251{GMT}	INFO	[jepsen worker 0] jepsen.util: 0	:ok	:broadcast	15
2023-05-11 01:13:25,255{GMT}	INFO	[jepsen worker 0] jepsen.util: 0	:invoke	:broadcast	16
2023-05-11 01:13:25,256{GMT}	INFO	[jepsen worker 0] jepsen.util: 0	:ok	:broadcast	16
2023-05-11 01:13:25,398{GMT}	INFO	[jepsen worker 0] jepsen.util: 0	:invoke	:broadcast	17
2023-05-11 01:13:25,399{GMT}	INFO	[jepsen worker 0] jepsen.util: 0	:ok	:broadcast	17
2023-05-11 01:13:25,496{GMT}	INFO	[jepsen worker 0] jepsen.util: 0	:invoke	:broadcast	18
2023-05-11 01:13:25,497{GMT}	INFO	[jepsen worker 0] jepsen.util: 0	:ok	:broadcast	18
2023-05-11 01:13:25,629{GMT}	INFO	[jepsen worker 0] jepsen.util: 0	:invoke	:broadcast	19
2023-05-11 01:13:25,630{GMT}	INFO	[jepsen worker 0] jepsen.util: 0	:ok	:broadcast	19
2023-05-11 01:13:25,793{GMT}	INFO	[jepsen worker 0] jepsen.util: 0	:invoke	:broadcast	20
2023-05-11 01:13:25,794{GMT}	INFO	[jepsen worker 0] jepsen.util: 0	:ok	:broadcast	20
2023-05-11 01:13:25,967{GMT}	INFO	[jepsen worker 0] jepsen.util: 0	:invoke	:read	nil
2023-05-11 01:13:25,969{GMT}	INFO	[jepsen worker 0] jepsen.util: 0	:ok	:read	[]
2023-05-11 01:13:26,039{GMT}	INFO	[jepsen worker 0] jepsen.util: 0	:invoke	:broadcast	21
2023-05-11 01:13:26,040{GMT}	INFO	[jepsen worker 0] jepsen.util: 0	:ok	:broadcast	21
2023-05-11 01:13:26,161{GMT}	INFO	[jepsen worker 0] jepsen.util: 0	:invoke	:broadcast	22
2023-05-11 01:13:26,162{GMT}	INFO	[jepsen worker 0] jepsen.util: 0	:ok	:broadcast	22
2023-05-11 01:13:26,357{GMT}	INFO	[jepsen worker 0] jepsen.util: 0	:invoke	:read	nil
2023-05-11 01:13:26,359{GMT}	INFO	[jepsen worker 0] jepsen.util: 0	:ok	:read	[]
2023-05-11 01:13:26,552{GMT}	INFO	[jepsen worker 0] jepsen.util: 0	:invoke	:broadcast	23
2023-05-11 01:13:26,555{GMT}	INFO	[jepsen worker 0] jepsen.util: 0	:ok	:broadcast	23
2023-05-11 01:13:26,628{GMT}	INFO	[jepsen worker 0] jepsen.util: 0	:invoke	:broadcast	24
2023-05-11 01:13:26,630{GMT}	INFO	[jepsen worker 0] jepsen.util: 0	:ok	:broadcast	24
2023-05-11 01:13:26,740{GMT}	INFO	[jepsen worker 0] jepsen.util: 0	:invoke	:read	nil
2023-05-11 01:13:26,741{GMT}	INFO	[jepsen worker 0] jepsen.util: 0	:ok	:read	[]
2023-05-11 01:13:26,821{GMT}	INFO	[jepsen worker 0] jepsen.util: 0	:invoke	:broadcast	25
2023-05-11 01:13:26,822{GMT}	INFO	[jepsen worker 0] jepsen.util: 0	:ok	:broadcast	25
2023-05-11 01:13:26,863{GMT}	INFO	[jepsen worker 0] jepsen.util: 0	:invoke	:read	nil
2023-05-11 01:13:26,864{GMT}	INFO	[jepsen worker 0] jepsen.util: 0	:ok	:read	[]
2023-05-11 01:13:26,865{GMT}	INFO	[jepsen worker 0] jepsen.util: 0	:invoke	:read	nil
2023-05-11 01:13:26,866{GMT}	INFO	[jepsen worker 0] jepsen.util: 0	:ok	:read	[]
2023-05-11 01:13:26,913{GMT}	INFO	[jepsen worker 0] jepsen.util: 0	:invoke	:read	nil
2023-05-11 01:13:26,914{GMT}	INFO	[jepsen worker 0] jepsen.util: 0	:ok	:read	[]
2023-05-11 01:13:27,046{GMT}	INFO	[jepsen worker 0] jepsen.util: 0	:invoke	:broadcast	26
2023-05-11 01:13:27,048{GMT}	INFO	[jepsen worker 0] jepsen.util: 0	:ok	:broadcast	26
2023-05-11 01:13:27,125{GMT}	INFO	[jepsen worker 0] jepsen.util: 0	:invoke	:broadcast	27
2023-05-11 01:13:27,126{GMT}	INFO	[jepsen worker 0] jepsen.util: 0	:ok	:broadcast	27
2023-05-11 01:13:27,256{GMT}	INFO	[jepsen worker 0] jepsen.util: 0	:invoke	:read	nil
2023-05-11 01:13:27,257{GMT}	INFO	[jepsen worker 0] jepsen.util: 0	:ok	:read	[]
2023-05-11 01:13:27,275{GMT}	INFO	[jepsen worker 0] jepsen.util: 0	:invoke	:read	nil
2023-05-11 01:13:27,276{GMT}	INFO	[jepsen worker 0] jepsen.util: 0	:ok	:read	[]
2023-05-11 01:13:27,304{GMT}	INFO	[jepsen worker 0] jepsen.util: 0	:invoke	:read	nil
2023-05-11 01:13:27,305{GMT}	INFO	[jepsen worker 0] jepsen.util: 0	:ok	:read	[]
2023-05-11 01:13:27,457{GMT}	INFO	[jepsen worker 0] jepsen.util: 0	:invoke	:broadcast	28
2023-05-11 01:13:27,459{GMT}	INFO	[jepsen worker 0] jepsen.util: 0	:ok	:broadcast	28
2023-05-11 01:13:27,647{GMT}	INFO	[jepsen worker 0] jepsen.util: 0	:invoke	:broadcast	29
2023-05-11 01:13:27,649{GMT}	INFO	[jepsen worker 0] jepsen.util: 0	:ok	:broadcast	29
2023-05-11 01:13:27,844{GMT}	INFO	[jepsen worker 0] jepsen.util: 0	:invoke	:read	nil
2023-05-11 01:13:27,845{GMT}	INFO	[jepsen worker 0] jepsen.util: 0	:ok	:read	[]
2023-05-11 01:13:27,887{GMT}	INFO	[jepsen worker 0] jepsen.util: 0	:invoke	:broadcast	30
2023-05-11 01:13:27,889{GMT}	INFO	[jepsen worker 0] jepsen.util: 0	:ok	:broadcast	30
2023-05-11 01:13:28,061{GMT}	INFO	[jepsen worker 0] jepsen.util: 0	:invoke	:read	nil
2023-05-11 01:13:28,062{GMT}	INFO	[jepsen worker 0] jepsen.util: 0	:ok	:read	[]
2023-05-11 01:13:28,074{GMT}	INFO	[jepsen worker 0] jepsen.util: 0	:invoke	:broadcast	31
2023-05-11 01:13:28,075{GMT}	INFO	[jepsen worker 0] jepsen.util: 0	:ok	:broadcast	31
2023-05-11 01:13:28,186{GMT}	INFO	[jepsen worker 0] jepsen.util: 0	:invoke	:broadcast	32
2023-05-11 01:13:28,187{GMT}	INFO	[jepsen worker 0] jepsen.util: 0	:ok	:broadcast	32
2023-05-11 01:13:28,285{GMT}	INFO	[jepsen worker 0] jepsen.util: 0	:invoke	:broadcast	33
2023-05-11 01:13:28,286{GMT}	INFO	[jepsen worker 0] jepsen.util: 0	:ok	:broadcast	33
2023-05-11 01:13:28,433{GMT}	INFO	[jepsen worker 0] jepsen.util: 0	:invoke	:broadcast	34
2023-05-11 01:13:28,434{GMT}	INFO	[jepsen worker 0] jepsen.util: 0	:ok	:broadcast	34
2023-05-11 01:13:28,627{GMT}	INFO	[jepsen worker 0] jepsen.util: 0	:invoke	:broadcast	35
2023-05-11 01:13:28,628{GMT}	INFO	[jepsen worker 0] jepsen.util: 0	:ok	:broadcast	35
2023-05-11 01:13:28,677{GMT}	INFO	[jepsen worker 0] jepsen.util: 0	:invoke	:read	nil
2023-05-11 01:13:28,679{GMT}	INFO	[jepsen worker 0] jepsen.util: 0	:ok	:read	[]
2023-05-11 01:13:28,756{GMT}	INFO	[jepsen worker 0] jepsen.util: 0	:invoke	:read	nil
2023-05-11 01:13:28,757{GMT}	INFO	[jepsen worker 0] jepsen.util: 0	:ok	:read	[]
2023-05-11 01:13:28,785{GMT}	INFO	[jepsen worker 0] jepsen.util: 0	:invoke	:broadcast	36
2023-05-11 01:13:28,786{GMT}	INFO	[jepsen worker 0] jepsen.util: 0	:ok	:broadcast	36
2023-05-11 01:13:28,851{GMT}	INFO	[jepsen worker 0] jepsen.util: 0	:invoke	:broadcast	37
2023-05-11 01:13:28,853{GMT}	INFO	[jepsen worker 0] jepsen.util: 0	:ok	:broadcast	37
2023-05-11 01:13:28,967{GMT}	INFO	[jepsen worker 0] jepsen.util: 0	:invoke	:read	nil
2023-05-11 01:13:28,968{GMT}	INFO	[jepsen worker 0] jepsen.util: 0	:ok	:read	[]
2023-05-11 01:13:29,037{GMT}	INFO	[jepsen worker 0] jepsen.util: 0	:invoke	:broadcast	38
2023-05-11 01:13:29,038{GMT}	INFO	[jepsen worker 0] jepsen.util: 0	:ok	:broadcast	38
2023-05-11 01:13:29,189{GMT}	INFO	[jepsen worker 0] jepsen.util: 0	:invoke	:read	nil
2023-05-11 01:13:29,190{GMT}	INFO	[jepsen worker 0] jepsen.util: 0	:ok	:read	[]
2023-05-11 01:13:29,264{GMT}	INFO	[jepsen worker 0] jepsen.util: 0	:invoke	:read	nil
2023-05-11 01:13:29,265{GMT}	INFO	[jepsen worker 0] jepsen.util: 0	:ok	:read	[]
2023-05-11 01:13:29,401{GMT}	INFO	[jepsen worker 0] jepsen.util: 0	:invoke	:read	nil
2023-05-11 01:13:29,402{GMT}	INFO	[jepsen worker 0] jepsen.util: 0	:ok	:read	[]
2023-05-11 01:13:29,541{GMT}	INFO	[jepsen worker 0] jepsen.util: 0	:invoke	:broadcast	39
2023-05-11 01:13:29,542{GMT}	INFO	[jepsen worker 0] jepsen.util: 0	:ok	:broadcast	39
2023-05-11 01:13:29,662{GMT}	INFO	[jepsen worker 0] jepsen.util: 0	:invoke	:broadcast	40
2023-05-11 01:13:29,663{GMT}	INFO	[jepsen worker 0] jepsen.util: 0	:ok	:broadcast	40
2023-05-11 01:13:29,811{GMT}	INFO	[jepsen worker 0] jepsen.util: 0	:invoke	:read	nil
2023-05-11 01:13:29,812{GMT}	INFO	[jepsen worker 0] jepsen.util: 0	:ok	:read	[]
2023-05-11 01:13:29,948{GMT}	INFO	[jepsen worker 0] jepsen.util: 0	:invoke	:broadcast	41
2023-05-11 01:13:29,949{GMT}	INFO	[jepsen worker 0] jepsen.util: 0	:ok	:broadcast	41
2023-05-11 01:13:30,108{GMT}	INFO	[jepsen worker 0] jepsen.util: 0	:invoke	:read	nil
2023-05-11 01:13:30,109{GMT}	INFO	[jepsen worker 0] jepsen.util: 0	:ok	:read	[]
2023-05-11 01:13:30,273{GMT}	INFO	[jepsen worker 0] jepsen.util: 0	:invoke	:read	nil
2023-05-11 01:13:30,274{GMT}	INFO	[jepsen worker 0] jepsen.util: 0	:ok	:read	[]
2023-05-11 01:13:30,282{GMT}	INFO	[jepsen worker 0] jepsen.util: 0	:invoke	:read	nil
2023-05-11 01:13:30,283{GMT}	INFO	[jepsen worker 0] jepsen.util: 0	:ok	:read	[]
2023-05-11 01:13:30,458{GMT}	INFO	[jepsen worker 0] jepsen.util: 0	:invoke	:broadcast	42
2023-05-11 01:13:30,459{GMT}	INFO	[jepsen worker 0] jepsen.util: 0	:ok	:broadcast	42
2023-05-11 01:13:30,459{GMT}	INFO	[jepsen worker 0] jepsen.util: 0	:invoke	:broadcast	43
2023-05-11 01:13:30,460{GMT}	INFO	[jepsen worker 0] jepsen.util: 0	:ok	:broadcast	43
2023-05-11 01:13:30,497{GMT}	INFO	[jepsen worker 0] jepsen.util: 0	:invoke	:broadcast	44
2023-05-11 01:13:30,498{GMT}	INFO	[jepsen worker 0] jepsen.util: 0	:ok	:broadcast	44
2023-05-11 01:13:30,583{GMT}	INFO	[jepsen worker 0] jepsen.util: 0	:invoke	:read	nil
2023-05-11 01:13:30,584{GMT}	INFO	[jepsen worker 0] jepsen.util: 0	:ok	:read	[]
2023-05-11 01:13:30,622{GMT}	INFO	[jepsen worker 0] jepsen.util: 0	:invoke	:broadcast	45
2023-05-11 01:13:30,623{GMT}	INFO	[jepsen worker 0] jepsen.util: 0	:ok	:broadcast	45
2023-05-11 01:13:30,735{GMT}	INFO	[jepsen worker 0] jepsen.util: 0	:invoke	:broadcast	46
2023-05-11 01:13:30,736{GMT}	INFO	[jepsen worker 0] jepsen.util: 0	:ok	:broadcast	46
2023-05-11 01:13:30,865{GMT}	INFO	[jepsen worker 0] jepsen.util: 0	:invoke	:broadcast	47
2023-05-11 01:13:30,866{GMT}	INFO	[jepsen worker 0] jepsen.util: 0	:ok	:broadcast	47
2023-05-11 01:13:30,978{GMT}	INFO	[jepsen worker 0] jepsen.util: 0	:invoke	:broadcast	48
2023-05-11 01:13:30,979{GMT}	INFO	[jepsen worker 0] jepsen.util: 0	:ok	:broadcast	48
2023-05-11 01:13:31,144{GMT}	INFO	[jepsen worker 0] jepsen.util: 0	:invoke	:broadcast	49
2023-05-11 01:13:31,145{GMT}	INFO	[jepsen worker 0] jepsen.util: 0	:ok	:broadcast	49
2023-05-11 01:13:31,307{GMT}	INFO	[jepsen worker 0] jepsen.util: 0	:invoke	:read	nil
2023-05-11 01:13:31,308{GMT}	INFO	[jepsen worker 0] jepsen.util: 0	:ok	:read	[]
2023-05-11 01:13:31,478{GMT}	INFO	[jepsen worker 0] jepsen.util: 0	:invoke	:broadcast	50
2023-05-11 01:13:31,479{GMT}	INFO	[jepsen worker 0] jepsen.util: 0	:ok	:broadcast	50
2023-05-11 01:13:31,554{GMT}	INFO	[jepsen worker 0] jepsen.util: 0	:invoke	:read	nil
2023-05-11 01:13:31,556{GMT}	INFO	[jepsen worker 0] jepsen.util: 0	:ok	:read	[]
2023-05-11 01:13:31,706{GMT}	INFO	[jepsen worker 0] jepsen.util: 0	:invoke	:broadcast	51
2023-05-11 01:13:31,707{GMT}	INFO	[jepsen worker 0] jepsen.util: 0	:ok	:broadcast	51
2023-05-11 01:13:31,799{GMT}	INFO	[jepsen worker 0] jepsen.util: 0	:invoke	:broadcast	52
2023-05-11 01:13:31,800{GMT}	INFO	[jepsen worker 0] jepsen.util: 0	:ok	:broadcast	52
2023-05-11 01:13:31,911{GMT}	INFO	[jepsen worker 0] jepsen.util: 0	:invoke	:read	nil
2023-05-11 01:13:31,912{GMT}	INFO	[jepsen worker 0] jepsen.util: 0	:ok	:read	[]
2023-05-11 01:13:32,093{GMT}	INFO	[jepsen worker 0] jepsen.util: 0	:invoke	:broadcast	53
2023-05-11 01:13:32,094{GMT}	INFO	[jepsen worker 0] jepsen.util: 0	:ok	:broadcast	53
2023-05-11 01:13:32,189{GMT}	INFO	[jepsen worker 0] jepsen.util: 0	:invoke	:broadcast	54
2023-05-11 01:13:32,190{GMT}	INFO	[jepsen worker 0] jepsen.util: 0	:ok	:broadcast	54
2023-05-11 01:13:32,227{GMT}	INFO	[jepsen worker 0] jepsen.util: 0	:invoke	:broadcast	55
2023-05-11 01:13:32,228{GMT}	INFO	[jepsen worker 0] jepsen.util: 0	:ok	:broadcast	55
2023-05-11 01:13:32,357{GMT}	INFO	[jepsen worker 0] jepsen.util: 0	:invoke	:read	nil
2023-05-11 01:13:32,358{GMT}	INFO	[jepsen worker 0] jepsen.util: 0	:ok	:read	[]
2023-05-11 01:13:32,387{GMT}	INFO	[jepsen worker 0] jepsen.util: 0	:invoke	:broadcast	56
2023-05-11 01:13:32,388{GMT}	INFO	[jepsen worker 0] jepsen.util: 0	:ok	:broadcast	56
2023-05-11 01:13:32,418{GMT}	INFO	[jepsen worker 0] jepsen.util: 0	:invoke	:broadcast	57
2023-05-11 01:13:32,419{GMT}	INFO	[jepsen worker 0] jepsen.util: 0	:ok	:broadcast	57
2023-05-11 01:13:32,543{GMT}	INFO	[jepsen worker 0] jepsen.util: 0	:invoke	:read	nil
2023-05-11 01:13:32,544{GMT}	INFO	[jepsen worker 0] jepsen.util: 0	:ok	:read	[]
2023-05-11 01:13:32,632{GMT}	INFO	[jepsen worker 0] jepsen.util: 0	:invoke	:broadcast	58
2023-05-11 01:13:32,633{GMT}	INFO	[jepsen worker 0] jepsen.util: 0	:ok	:broadcast	58
2023-05-11 01:13:32,757{GMT}	INFO	[jepsen worker 0] jepsen.util: 0	:invoke	:read	nil
2023-05-11 01:13:32,758{GMT}	INFO	[jepsen worker 0] jepsen.util: 0	:ok	:read	[]
2023-05-11 01:13:32,838{GMT}	INFO	[jepsen worker 0] jepsen.util: 0	:invoke	:read	nil
2023-05-11 01:13:32,839{GMT}	INFO	[jepsen worker 0] jepsen.util: 0	:ok	:read	[]
2023-05-11 01:13:32,906{GMT}	INFO	[jepsen worker 0] jepsen.util: 0	:invoke	:broadcast	59
2023-05-11 01:13:32,907{GMT}	INFO	[jepsen worker 0] jepsen.util: 0	:ok	:broadcast	59
2023-05-11 01:13:33,063{GMT}	INFO	[jepsen worker 0] jepsen.util: 0	:invoke	:broadcast	60
2023-05-11 01:13:33,064{GMT}	INFO	[jepsen worker 0] jepsen.util: 0	:ok	:broadcast	60
2023-05-11 01:13:33,221{GMT}	INFO	[jepsen worker 0] jepsen.util: 0	:invoke	:read	nil
2023-05-11 01:13:33,222{GMT}	INFO	[jepsen worker 0] jepsen.util: 0	:ok	:read	[]
2023-05-11 01:13:33,289{GMT}	INFO	[jepsen worker 0] jepsen.util: 0	:invoke	:read	nil
2023-05-11 01:13:33,290{GMT}	INFO	[jepsen worker 0] jepsen.util: 0	:ok	:read	[]
2023-05-11 01:13:33,343{GMT}	INFO	[jepsen worker 0] jepsen.util: 0	:invoke	:broadcast	61
2023-05-11 01:13:33,344{GMT}	INFO	[jepsen worker 0] jepsen.util: 0	:ok	:broadcast	61
2023-05-11 01:13:33,355{GMT}	INFO	[jepsen worker 0] jepsen.util: 0	:invoke	:broadcast	62
2023-05-11 01:13:33,355{GMT}	INFO	[jepsen worker 0] jepsen.util: 0	:ok	:broadcast	62
2023-05-11 01:13:33,466{GMT}	INFO	[jepsen worker 0] jepsen.util: 0	:invoke	:broadcast	63
2023-05-11 01:13:33,467{GMT}	INFO	[jepsen worker 0] jepsen.util: 0	:ok	:broadcast	63
2023-05-11 01:13:33,533{GMT}	INFO	[jepsen worker 0] jepsen.util: 0	:invoke	:read	nil
2023-05-11 01:13:33,534{GMT}	INFO	[jepsen worker 0] jepsen.util: 0	:ok	:read	[]
2023-05-11 01:13:33,615{GMT}	INFO	[jepsen worker 0] jepsen.util: 0	:invoke	:read	nil
2023-05-11 01:13:33,616{GMT}	INFO	[jepsen worker 0] jepsen.util: 0	:ok	:read	[]
2023-05-11 01:13:33,692{GMT}	INFO	[jepsen worker 0] jepsen.util: 0	:invoke	:broadcast	64
2023-05-11 01:13:33,693{GMT}	INFO	[jepsen worker 0] jepsen.util: 0	:ok	:broadcast	64
2023-05-11 01:13:33,831{GMT}	INFO	[jepsen worker 0] jepsen.util: 0	:invoke	:read	nil
2023-05-11 01:13:33,832{GMT}	INFO	[jepsen worker 0] jepsen.util: 0	:ok	:read	[]
2023-05-11 01:13:33,971{GMT}	INFO	[jepsen worker 0] jepsen.util: 0	:invoke	:read	nil
2023-05-11 01:13:33,972{GMT}	INFO	[jepsen worker 0] jepsen.util: 0	:ok	:read	[]
2023-05-11 01:13:34,114{GMT}	INFO	[jepsen worker 0] jepsen.util: 0	:invoke	:broadcast	65
2023-05-11 01:13:34,115{GMT}	INFO	[jepsen worker 0] jepsen.util: 0	:ok	:broadcast	65
2023-05-11 01:13:34,241{GMT}	INFO	[jepsen worker 0] jepsen.util: 0	:invoke	:read	nil
2023-05-11 01:13:34,242{GMT}	INFO	[jepsen worker 0] jepsen.util: 0	:ok	:read	[]
2023-05-11 01:13:34,312{GMT}	INFO	[jepsen worker 0] jepsen.util: 0	:invoke	:broadcast	66
2023-05-11 01:13:34,313{GMT}	INFO	[jepsen worker 0] jepsen.util: 0	:ok	:broadcast	66
2023-05-11 01:13:34,386{GMT}	INFO	[jepsen worker 0] jepsen.util: 0	:invoke	:broadcast	67
2023-05-11 01:13:34,387{GMT}	INFO	[jepsen worker 0] jepsen.util: 0	:ok	:broadcast	67
2023-05-11 01:13:34,480{GMT}	INFO	[jepsen worker 0] jepsen.util: 0	:invoke	:broadcast	68
2023-05-11 01:13:34,481{GMT}	INFO	[jepsen worker 0] jepsen.util: 0	:ok	:broadcast	68
2023-05-11 01:13:34,481{GMT}	INFO	[jepsen worker 0] jepsen.util: 0	:invoke	:broadcast	69
2023-05-11 01:13:34,482{GMT}	INFO	[jepsen worker 0] jepsen.util: 0	:ok	:broadcast	69
2023-05-11 01:13:34,670{GMT}	INFO	[jepsen worker 0] jepsen.util: 0	:invoke	:broadcast	70
2023-05-11 01:13:34,671{GMT}	INFO	[jepsen worker 0] jepsen.util: 0	:ok	:broadcast	70
2023-05-11 01:13:34,840{GMT}	INFO	[jepsen worker 0] jepsen.util: 0	:invoke	:broadcast	71
2023-05-11 01:13:34,841{GMT}	INFO	[jepsen worker 0] jepsen.util: 0	:ok	:broadcast	71
2023-05-11 01:13:35,039{GMT}	INFO	[jepsen worker 0] jepsen.util: 0	:invoke	:broadcast	72
2023-05-11 01:13:35,040{GMT}	INFO	[jepsen worker 0] jepsen.util: 0	:ok	:broadcast	72
2023-05-11 01:13:35,221{GMT}	INFO	[jepsen worker 0] jepsen.util: 0	:invoke	:broadcast	73
2023-05-11 01:13:35,222{GMT}	INFO	[jepsen worker 0] jepsen.util: 0	:ok	:broadcast	73
2023-05-11 01:13:35,283{GMT}	INFO	[jepsen worker 0] jepsen.util: 0	:invoke	:read	nil
2023-05-11 01:13:35,284{GMT}	INFO	[jepsen worker 0] jepsen.util: 0	:ok	:read	[]
2023-05-11 01:13:35,460{GMT}	INFO	[jepsen worker 0] jepsen.util: 0	:invoke	:read	nil
2023-05-11 01:13:35,461{GMT}	INFO	[jepsen worker 0] jepsen.util: 0	:ok	:read	[]
2023-05-11 01:13:35,543{GMT}	INFO	[jepsen worker 0] jepsen.util: 0	:invoke	:broadcast	74
2023-05-11 01:13:35,544{GMT}	INFO	[jepsen worker 0] jepsen.util: 0	:ok	:broadcast	74
2023-05-11 01:13:35,663{GMT}	INFO	[jepsen worker 0] jepsen.util: 0	:invoke	:read	nil
2023-05-11 01:13:35,665{GMT}	INFO	[jepsen worker 0] jepsen.util: 0	:ok	:read	[]
2023-05-11 01:13:35,800{GMT}	INFO	[jepsen worker 0] jepsen.util: 0	:invoke	:read	nil
2023-05-11 01:13:35,801{GMT}	INFO	[jepsen worker 0] jepsen.util: 0	:ok	:read	[]
2023-05-11 01:13:35,879{GMT}	INFO	[jepsen worker 0] jepsen.util: 0	:invoke	:broadcast	75
2023-05-11 01:13:35,880{GMT}	INFO	[jepsen worker 0] jepsen.util: 0	:ok	:broadcast	75
2023-05-11 01:13:35,898{GMT}	INFO	[jepsen worker 0] jepsen.util: 0	:invoke	:read	nil
2023-05-11 01:13:35,900{GMT}	INFO	[jepsen worker 0] jepsen.util: 0	:ok	:read	[]
2023-05-11 01:13:35,900{GMT}	INFO	[jepsen worker 0] jepsen.util: 0	:invoke	:read	nil
2023-05-11 01:13:35,901{GMT}	INFO	[jepsen worker 0] jepsen.util: 0	:ok	:read	[]
2023-05-11 01:13:35,989{GMT}	INFO	[jepsen worker 0] jepsen.util: 0	:invoke	:broadcast	76
2023-05-11 01:13:35,990{GMT}	INFO	[jepsen worker 0] jepsen.util: 0	:ok	:broadcast	76
2023-05-11 01:13:36,117{GMT}	INFO	[jepsen worker 0] jepsen.util: 0	:invoke	:read	nil
2023-05-11 01:13:36,118{GMT}	INFO	[jepsen worker 0] jepsen.util: 0	:ok	:read	[]
2023-05-11 01:13:36,149{GMT}	INFO	[jepsen worker 0] jepsen.util: 0	:invoke	:read	nil
2023-05-11 01:13:36,150{GMT}	INFO	[jepsen worker 0] jepsen.util: 0	:ok	:read	[]
2023-05-11 01:13:36,288{GMT}	INFO	[jepsen worker 0] jepsen.util: 0	:invoke	:broadcast	77
2023-05-11 01:13:36,289{GMT}	INFO	[jepsen worker 0] jepsen.util: 0	:ok	:broadcast	77
2023-05-11 01:13:36,484{GMT}	INFO	[jepsen worker 0] jepsen.util: 0	:invoke	:broadcast	78
2023-05-11 01:13:36,485{GMT}	INFO	[jepsen worker 0] jepsen.util: 0	:ok	:broadcast	78
2023-05-11 01:13:36,588{GMT}	INFO	[jepsen worker 0] jepsen.util: 0	:invoke	:broadcast	79
2023-05-11 01:13:36,589{GMT}	INFO	[jepsen worker 0] jepsen.util: 0	:ok	:broadcast	79
2023-05-11 01:13:36,745{GMT}	INFO	[jepsen worker 0] jepsen.util: 0	:invoke	:broadcast	80
2023-05-11 01:13:36,746{GMT}	INFO	[jepsen worker 0] jepsen.util: 0	:ok	:broadcast	80
2023-05-11 01:13:36,810{GMT}	INFO	[jepsen worker 0] jepsen.util: 0	:invoke	:broadcast	81
2023-05-11 01:13:36,811{GMT}	INFO	[jepsen worker 0] jepsen.util: 0	:ok	:broadcast	81
2023-05-11 01:13:36,862{GMT}	INFO	[jepsen worker 0] jepsen.util: 0	:invoke	:broadcast	82
2023-05-11 01:13:36,863{GMT}	INFO	[jepsen worker 0] jepsen.util: 0	:ok	:broadcast	82
2023-05-11 01:13:36,993{GMT}	INFO	[jepsen worker 0] jepsen.util: 0	:invoke	:read	nil
2023-05-11 01:13:36,994{GMT}	INFO	[jepsen worker 0] jepsen.util: 0	:ok	:read	[]
2023-05-11 01:13:37,120{GMT}	INFO	[jepsen worker 0] jepsen.util: 0	:invoke	:read	nil
2023-05-11 01:13:37,121{GMT}	INFO	[jepsen worker 0] jepsen.util: 0	:ok	:read	[]
2023-05-11 01:13:37,285{GMT}	INFO	[jepsen worker 0] jepsen.util: 0	:invoke	:read	nil
2023-05-11 01:13:37,286{GMT}	INFO	[jepsen worker 0] jepsen.util: 0	:ok	:read	[]
2023-05-11 01:13:37,484{GMT}	INFO	[jepsen worker 0] jepsen.util: 0	:invoke	:read	nil
2023-05-11 01:13:37,485{GMT}	INFO	[jepsen worker 0] jepsen.util: 0	:ok	:read	[]
2023-05-11 01:13:37,580{GMT}	INFO	[jepsen worker 0] jepsen.util: 0	:invoke	:broadcast	83
2023-05-11 01:13:37,580{GMT}	INFO	[jepsen worker 0] jepsen.util: 0	:ok	:broadcast	83
2023-05-11 01:13:37,714{GMT}	INFO	[jepsen worker 0] jepsen.util: 0	:invoke	:read	nil
2023-05-11 01:13:37,715{GMT}	INFO	[jepsen worker 0] jepsen.util: 0	:ok	:read	[]
2023-05-11 01:13:37,858{GMT}	INFO	[jepsen worker 0] jepsen.util: 0	:invoke	:broadcast	84
2023-05-11 01:13:37,859{GMT}	INFO	[jepsen worker 0] jepsen.util: 0	:ok	:broadcast	84
2023-05-11 01:13:37,870{GMT}	INFO	[jepsen worker 0] jepsen.util: 0	:invoke	:broadcast	85
2023-05-11 01:13:37,871{GMT}	INFO	[jepsen worker 0] jepsen.util: 0	:ok	:broadcast	85
2023-05-11 01:13:37,943{GMT}	INFO	[jepsen worker 0] jepsen.util: 0	:invoke	:broadcast	86
2023-05-11 01:13:37,943{GMT}	INFO	[jepsen worker 0] jepsen.util: 0	:ok	:broadcast	86
2023-05-11 01:13:37,964{GMT}	INFO	[jepsen worker 0] jepsen.util: 0	:invoke	:broadcast	87
2023-05-11 01:13:37,965{GMT}	INFO	[jepsen worker 0] jepsen.util: 0	:ok	:broadcast	87
2023-05-11 01:13:38,153{GMT}	INFO	[jepsen worker 0] jepsen.util: 0	:invoke	:broadcast	88
2023-05-11 01:13:38,154{GMT}	INFO	[jepsen worker 0] jepsen.util: 0	:ok	:broadcast	88
2023-05-11 01:13:38,214{GMT}	INFO	[jepsen worker 0] jepsen.util: 0	:invoke	:broadcast	89
2023-05-11 01:13:38,215{GMT}	INFO	[jepsen worker 0] jepsen.util: 0	:ok	:broadcast	89
2023-05-11 01:13:38,349{GMT}	INFO	[jepsen worker 0] jepsen.util: 0	:invoke	:broadcast	90
2023-05-11 01:13:38,350{GMT}	INFO	[jepsen worker 0] jepsen.util: 0	:ok	:broadcast	90
2023-05-11 01:13:38,467{GMT}	INFO	[jepsen worker 0] jepsen.util: 0	:invoke	:read	nil
2023-05-11 01:13:38,468{GMT}	INFO	[jepsen worker 0] jepsen.util: 0	:ok	:read	[]
2023-05-11 01:13:38,597{GMT}	INFO	[jepsen worker 0] jepsen.util: 0	:invoke	:read	nil
2023-05-11 01:13:38,598{GMT}	INFO	[jepsen worker 0] jepsen.util: 0	:ok	:read	[]
2023-05-11 01:13:38,689{GMT}	INFO	[jepsen worker 0] jepsen.util: 0	:invoke	:broadcast	91
2023-05-11 01:13:38,690{GMT}	INFO	[jepsen worker 0] jepsen.util: 0	:ok	:broadcast	91
2023-05-11 01:13:38,820{GMT}	INFO	[jepsen worker 0] jepsen.util: 0	:invoke	:broadcast	92
2023-05-11 01:13:38,821{GMT}	INFO	[jepsen worker 0] jepsen.util: 0	:ok	:broadcast	92
2023-05-11 01:13:38,859{GMT}	INFO	[jepsen worker 0] jepsen.util: 0	:invoke	:broadcast	93
2023-05-11 01:13:38,860{GMT}	INFO	[jepsen worker 0] jepsen.util: 0	:ok	:broadcast	93
2023-05-11 01:13:38,959{GMT}	INFO	[jepsen worker 0] jepsen.util: 0	:invoke	:broadcast	94
2023-05-11 01:13:38,960{GMT}	INFO	[jepsen worker 0] jepsen.util: 0	:ok	:broadcast	94
2023-05-11 01:13:39,120{GMT}	INFO	[jepsen worker 0] jepsen.util: 0	:invoke	:broadcast	95
2023-05-11 01:13:39,121{GMT}	INFO	[jepsen worker 0] jepsen.util: 0	:ok	:broadcast	95
2023-05-11 01:13:39,262{GMT}	INFO	[jepsen worker 0] jepsen.util: 0	:invoke	:broadcast	96
2023-05-11 01:13:39,263{GMT}	INFO	[jepsen worker 0] jepsen.util: 0	:ok	:broadcast	96
2023-05-11 01:13:39,450{GMT}	INFO	[jepsen worker 0] jepsen.util: 0	:invoke	:broadcast	97
2023-05-11 01:13:39,452{GMT}	INFO	[jepsen worker 0] jepsen.util: 0	:ok	:broadcast	97
2023-05-11 01:13:39,633{GMT}	INFO	[jepsen worker 0] jepsen.util: 0	:invoke	:broadcast	98
2023-05-11 01:13:39,634{GMT}	INFO	[jepsen worker 0] jepsen.util: 0	:ok	:broadcast	98
2023-05-11 01:13:39,800{GMT}	INFO	[jepsen worker 0] jepsen.util: 0	:invoke	:read	nil
2023-05-11 01:13:39,801{GMT}	INFO	[jepsen worker 0] jepsen.util: 0	:ok	:read	[]
2023-05-11 01:13:39,984{GMT}	INFO	[jepsen worker 0] jepsen.util: 0	:invoke	:broadcast	99
2023-05-11 01:13:39,985{GMT}	INFO	[jepsen worker 0] jepsen.util: 0	:ok	:broadcast	99
2023-05-11 01:13:40,046{GMT}	INFO	[jepsen worker 0] jepsen.util: 0	:invoke	:broadcast	100
2023-05-11 01:13:40,047{GMT}	INFO	[jepsen worker 0] jepsen.util: 0	:ok	:broadcast	100
2023-05-11 01:13:40,063{GMT}	INFO	[jepsen worker 0] jepsen.util: 0	:invoke	:broadcast	101
2023-05-11 01:13:40,064{GMT}	INFO	[jepsen worker 0] jepsen.util: 0	:ok	:broadcast	101
2023-05-11 01:13:40,209{GMT}	INFO	[jepsen worker 0] jepsen.util: 0	:invoke	:broadcast	102
2023-05-11 01:13:40,210{GMT}	INFO	[jepsen worker 0] jepsen.util: 0	:ok	:broadcast	102
2023-05-11 01:13:40,320{GMT}	INFO	[jepsen worker 0] jepsen.util: 0	:invoke	:broadcast	103
2023-05-11 01:13:40,321{GMT}	INFO	[jepsen worker 0] jepsen.util: 0	:ok	:broadcast	103
2023-05-11 01:13:40,462{GMT}	INFO	[jepsen worker 0] jepsen.util: 0	:invoke	:read	nil
2023-05-11 01:13:40,463{GMT}	INFO	[jepsen worker 0] jepsen.util: 0	:ok	:read	[]
2023-05-11 01:13:40,557{GMT}	INFO	[jepsen worker 0] jepsen.util: 0	:invoke	:broadcast	104
2023-05-11 01:13:40,558{GMT}	INFO	[jepsen worker 0] jepsen.util: 0	:ok	:broadcast	104
2023-05-11 01:13:40,680{GMT}	INFO	[jepsen worker 0] jepsen.util: 0	:invoke	:broadcast	105
2023-05-11 01:13:40,681{GMT}	INFO	[jepsen worker 0] jepsen.util: 0	:ok	:broadcast	105
2023-05-11 01:13:40,788{GMT}	INFO	[jepsen worker 0] jepsen.util: 0	:invoke	:broadcast	106
2023-05-11 01:13:40,789{GMT}	INFO	[jepsen worker 0] jepsen.util: 0	:ok	:broadcast	106
2023-05-11 01:13:40,872{GMT}	INFO	[jepsen worker 0] jepsen.util: 0	:invoke	:broadcast	107
2023-05-11 01:13:40,873{GMT}	INFO	[jepsen worker 0] jepsen.util: 0	:ok	:broadcast	107
2023-05-11 01:13:41,001{GMT}	INFO	[jepsen worker 0] jepsen.util: 0	:invoke	:read	nil
2023-05-11 01:13:41,002{GMT}	INFO	[jepsen worker 0] jepsen.util: 0	:ok	:read	[]
2023-05-11 01:13:41,030{GMT}	INFO	[jepsen worker 0] jepsen.util: 0	:invoke	:broadcast	108
2023-05-11 01:13:41,031{GMT}	INFO	[jepsen worker 0] jepsen.util: 0	:ok	:broadcast	108
2023-05-11 01:13:41,063{GMT}	INFO	[jepsen worker 0] jepsen.util: 0	:invoke	:broadcast	109
2023-05-11 01:13:41,064{GMT}	INFO	[jepsen worker 0] jepsen.util: 0	:ok	:broadcast	109
2023-05-11 01:13:41,156{GMT}	INFO	[jepsen worker 0] jepsen.util: 0	:invoke	:read	nil
2023-05-11 01:13:41,157{GMT}	INFO	[jepsen worker 0] jepsen.util: 0	:ok	:read	[]
2023-05-11 01:13:41,285{GMT}	INFO	[jepsen worker 0] jepsen.util: 0	:invoke	:read	nil
2023-05-11 01:13:41,286{GMT}	INFO	[jepsen worker 0] jepsen.util: 0	:ok	:read	[]
2023-05-11 01:13:41,370{GMT}	INFO	[jepsen worker 0] jepsen.util: 0	:invoke	:read	nil
2023-05-11 01:13:41,371{GMT}	INFO	[jepsen worker 0] jepsen.util: 0	:ok	:read	[]
2023-05-11 01:13:41,568{GMT}	INFO	[jepsen worker 0] jepsen.util: 0	:invoke	:broadcast	110
2023-05-11 01:13:41,569{GMT}	INFO	[jepsen worker 0] jepsen.util: 0	:ok	:broadcast	110
2023-05-11 01:13:41,678{GMT}	INFO	[jepsen worker 0] jepsen.util: 0	:invoke	:read	nil
2023-05-11 01:13:41,679{GMT}	INFO	[jepsen worker 0] jepsen.util: 0	:ok	:read	[]
2023-05-11 01:13:41,844{GMT}	INFO	[jepsen worker 0] jepsen.util: 0	:invoke	:broadcast	111
2023-05-11 01:13:41,845{GMT}	INFO	[jepsen worker 0] jepsen.util: 0	:ok	:broadcast	111
2023-05-11 01:13:41,866{GMT}	INFO	[jepsen worker 0] jepsen.util: 0	:invoke	:read	nil
2023-05-11 01:13:41,866{GMT}	INFO	[jepsen worker 0] jepsen.util: 0	:ok	:read	[]
2023-05-11 01:13:42,028{GMT}	INFO	[jepsen worker 0] jepsen.util: 0	:invoke	:broadcast	112
2023-05-11 01:13:42,029{GMT}	INFO	[jepsen worker 0] jepsen.util: 0	:ok	:broadcast	112
2023-05-11 01:13:42,138{GMT}	INFO	[jepsen worker 0] jepsen.util: 0	:invoke	:read	nil
2023-05-11 01:13:42,139{GMT}	INFO	[jepsen worker 0] jepsen.util: 0	:ok	:read	[]
2023-05-11 01:13:42,195{GMT}	INFO	[jepsen worker 0] jepsen.util: 0	:invoke	:read	nil
2023-05-11 01:13:42,196{GMT}	INFO	[jepsen worker 0] jepsen.util: 0	:ok	:read	[]
2023-05-11 01:13:42,308{GMT}	INFO	[jepsen worker 0] jepsen.util: 0	:invoke	:read	nil
2023-05-11 01:13:42,309{GMT}	INFO	[jepsen worker 0] jepsen.util: 0	:ok	:read	[]
2023-05-11 01:13:42,445{GMT}	INFO	[jepsen worker 0] jepsen.util: 0	:invoke	:broadcast	113
2023-05-11 01:13:42,446{GMT}	INFO	[jepsen worker 0] jepsen.util: 0	:ok	:broadcast	113
2023-05-11 01:13:42,605{GMT}	INFO	[jepsen worker 0] jepsen.util: 0	:invoke	:broadcast	114
2023-05-11 01:13:42,605{GMT}	INFO	[jepsen worker 0] jepsen.util: 0	:ok	:broadcast	114
2023-05-11 01:13:42,606{GMT}	INFO	[jepsen worker 0] jepsen.generator.interpreter: Waiting for recovery...
2023-05-11 01:13:52,608{GMT}	INFO	[jepsen worker 0] jepsen.util: 0	:invoke	:read	nil
2023-05-11 01:13:52,610{GMT}	INFO	[jepsen worker 0] jepsen.util: 0	:ok	:read	[]
2023-05-11 01:13:52,620{GMT}	INFO	[jepsen test runner] jepsen.core: Run complete, writing
2023-05-11 01:13:52,663{GMT}	INFO	[jepsen node n0] maelstrom.db: Tearing down n0
2023-05-11 01:13:53,697{GMT}	INFO	[jepsen node n0] maelstrom.net: Shutting down Maelstrom network
2023-05-11 01:13:53,697{GMT}	INFO	[jepsen test runner] jepsen.core: Analyzing...
2023-05-11 01:13:53,817{GMT}	INFO	[jepsen test runner] jepsen.core: Analysis complete
2023-05-11 01:13:53,827{GMT}	INFO	[jepsen results] jepsen.store: Wrote /home/eman/gossip-glomers/maelstrom/store/broadcast/20230511T011321.337-0400/results.edn
2023-05-11 01:13:53,837{GMT}	INFO	[jepsen test runner] jepsen.core: {:perf {:latency-graph {:valid? true},
        :rate-graph {:valid? true},
        :valid? true},
 :timeline {:valid? true},
 :exceptions {:valid? true},
 :stats {:valid? true,
         :count 187,
         :ok-count 187,
         :fail-count 0,
         :info-count 0,
         :by-f {:broadcast {:valid? true,
                            :count 115,
                            :ok-count 115,
                            :fail-count 0,
                            :info-count 0},
                :read {:valid? true,
                       :count 72,
                       :ok-count 72,
                       :fail-count 0,
                       :info-count 0}}},
 :availability {:valid? true, :ok-fraction 1.0},
 :net {:all {:send-count 378,
             :recv-count 378,
             :msg-count 378,
             :msgs-per-op 2.0213904},
       :clients {:send-count 378, :recv-count 378, :msg-count 378},
       :servers {:send-count 0,
                 :recv-count 0,
                 :msg-count 0,
                 :msgs-per-op 0.0},
       :valid? true},
 :workload {:worst-stale (),
            :duplicated-count 0,
            :valid? false,
            :lost-count 115,
            :lost (0
                   1
                   2
                   3
                   4
                   5
                   6
                   7
                   8
                   9
                   10
                   11
                   12
                   13
                   14
                   15
                   16
                   17
                   18
                   19
                   20
                   21
                   22
                   23
                   24
                   25
                   26
                   27
                   28
                   29
                   30
                   31
                   32
                   33
                   34
                   35
                   36
                   37
                   38
                   39
                   40
                   41
                   42
                   43
                   44
                   45
                   46
                   47
                   48
                   49
                   50
                   51
                   52
                   53
                   54
                   55
                   56
                   57
                   58
                   59
                   60
                   61
                   62
                   63
                   64
                   65
                   66
                   67
                   68
                   69
                   70
                   71
                   72
                   73
                   74
                   75
                   76
                   77
                   78
                   79
                   80
                   81
                   82
                   83
                   84
                   85
                   86
                   87
                   88
                   89
                   90
                   91
                   92
                   93
                   94
                   95
                   96
                   97
                   98
                   99
                   100
                   101
                   102
                   103
                   104
                   105
                   106
                   107
                   108
                   109
                   110
                   111
                   112
                   113
                   114),
            :stable-count 0,
            :stale-count 0,
            :stale (),
            :never-read-count 0,
            :attempt-count 115,
            :lost-latencies {0 0, 0.5 0, 0.95 0, 0.99 0, 1 0},
            :never-read (),
            :duplicated {}},
 :valid? false}


Analysis invalid! (ﾉಥ益ಥ）ﾉ ┻━┻
