2023-05-11 01:42:39,561{GMT}	INFO	[jepsen test runner] jepsen.core: Command line:
lein run test -w broadcast --bin ../maelstrom-echo/target/release/maelstrom-echo --node-count 5 --time-limit 20 --rate 10
2023-05-11 01:42:39,621{GMT}	INFO	[jepsen test runner] jepsen.core: Running test:
{:args []
 :remote
 #jepsen.control.retry.Remote{:remote #jepsen.control.scp.Remote{:cmd-remote #jepsen.control.sshj.SSHJRemote{:concurrency-limit 6,
                                                                                                             :conn-spec nil,
                                                                                                             :client nil,
                                                                                                             :semaphore nil},
                                                                 :conn-spec nil},
                              :conn nil}
 :log-net-send false
 :node-count 5
 :availability nil
 :max-txn-length 4
 :concurrency 5
 :db
 #object[maelstrom.db$db$reify__16142
         "0x50a1c2f3"
         "maelstrom.db$db$reify__16142@50a1c2f3"]
 :max-writes-per-key 16
 :leave-db-running? false
 :name "broadcast"
 :logging-json? false
 :start-time
 #object[org.joda.time.DateTime "0x333813e7" "2023-05-11T01:42:39.548-04:00"]
 :nemesis-interval 10
 :net
 #object[maelstrom.net$jepsen_net$reify__15251
         "0x292237cd"
         "maelstrom.net$jepsen_net$reify__15251@292237cd"]
 :client
 #object[maelstrom.workload.broadcast$client$reify__16644
         "0x797a5b31"
         "maelstrom.workload.broadcast$client$reify__16644@797a5b31"]
 :barrier
 #object[java.util.concurrent.CyclicBarrier
         "0x13d7d1a8"
         "java.util.concurrent.CyclicBarrier@13d7d1a8"]
 :log-stderr false
 :pure-generators true
 :ssh {:dummy? true}
 :rate 10.0
 :checker
 #object[jepsen.checker$compose$reify__11881
         "0x60035f1e"
         "jepsen.checker$compose$reify__11881@60035f1e"]
 :argv
 ("test"
  "-w"
  "broadcast"
  "--bin"
  "../maelstrom-echo/target/release/maelstrom-echo"
  "--node-count"
  "5"
  "--time-limit"
  "20"
  "--rate"
  "10")
 :nemesis
 (jepsen.nemesis.ReflCompose
  {:fm {:start-partition 0,
        :stop-partition 0,
        :kill 1,
        :start 1,
        :pause 1,
        :resume 1},
   :nemeses [#unprintable "jepsen.nemesis.combined$partition_nemesis$reify__16416@5827908c"
             #unprintable "jepsen.nemesis.combined$db_nemesis$reify__16397@732ffb6a"]})
 :nodes ["n0" "n1" "n2" "n3" "n4"]
 :test-count 1
 :latency {:mean 0, :dist :constant}
 :bin "../maelstrom-echo/target/release/maelstrom-echo"
 :generator
 ((jepsen.generator.Synchronize
   {:gen (jepsen.generator.TimeLimit
          {:limit 20000000000,
           :cutoff nil,
           :gen (jepsen.generator.Any
                 {:gens [(jepsen.generator.OnThreads
                          {:f #{:nemesis},
                           :context-filter #object[jepsen.generator.context$make_thread_filter$lazy_filter__9167
                                                   "0x40f40221"
                                                   "jepsen.generator.context$make_thread_filter$lazy_filter__9167@40f40221"],
                           :gen nil})
                         (jepsen.generator.OnThreads
                          {:f #jepsen.generator.context.AllBut{:element :nemesis},
                           :context-filter #object[jepsen.generator.context$make_thread_filter$lazy_filter__9167
                                                   "0x16441c13"
                                                   "jepsen.generator.context$make_thread_filter$lazy_filter__9167@16441c13"],
                           :gen (jepsen.generator.Stagger
                                 {:dt 200000000,
                                  :next-time nil,
                                  :gen (jepsen.generator.Mix
                                        {:i 0,
                                         :gens [({:f :broadcast, :value 0}
                                                 {:f :broadcast, :value 1}
                                                 {:f :broadcast, :value 2}
                                                 {:f :broadcast, :value 3}
                                                 {:f :broadcast, :value 4}
                                                 {:f :broadcast, :value 5}
                                                 {:f :broadcast, :value 6}
                                                 {:f :broadcast, :value 7}
                                                 ...)
                                                ({:f :read}
                                                 {:f :read}
                                                 {:f :read}
                                                 {:f :read}
                                                 {:f :read}
                                                 {:f :read}
                                                 {:f :read}
                                                 {:f :read}
                                                 ...)]})})})]})})})
  (jepsen.generator.Synchronize
   {:gen (jepsen.generator.OnThreads
          {:f #{:nemesis},
           :context-filter #object[jepsen.generator.context$make_thread_filter$lazy_filter__9167
                                   "0x164dfad2"
                                   "jepsen.generator.context$make_thread_filter$lazy_filter__9167@164dfad2"],
           :gen ()})})
  (jepsen.generator.Synchronize
   {:gen {:type :log, :value "Waiting for recovery..."}})
  (jepsen.generator.Synchronize {:gen {:type :sleep, :value 10}})
  (jepsen.generator.Synchronize
   {:gen (jepsen.generator.OnThreads
          {:f #jepsen.generator.context.AllBut{:element :nemesis},
           :context-filter #object[jepsen.generator.context$make_thread_filter$lazy_filter__9167
                                   "0x76480730"
                                   "jepsen.generator.context$make_thread_filter$lazy_filter__9167@76480730"],
           :gen (jepsen.generator.EachThread
                 {:fresh-gen {:f :read, :final? true},
                  :context-filters #object[clojure.core$promise$reify__8591
                                           "0x405a296e"
                                           {:status :pending, :val nil}],
                  :gens {}})})}))
 :log-net-recv false
 :os
 #object[maelstrom.net$jepsen_os$reify__15254
         "0x77198cce"
         "maelstrom.net$jepsen_os$reify__15254@77198cce"]
 :time-limit 20
 :workload :broadcast
 :consistency-models [:strict-serializable]
 :topology :grid}

2023-05-11 01:42:40,918{GMT}	INFO	[jepsen node n0] maelstrom.net: Starting Maelstrom network
2023-05-11 01:42:40,919{GMT}	INFO	[jepsen test runner] jepsen.db: Tearing down DB
2023-05-11 01:42:40,921{GMT}	INFO	[jepsen test runner] jepsen.db: Setting up DB
2023-05-11 01:42:40,922{GMT}	INFO	[jepsen node n1] maelstrom.db: Setting up n1
2023-05-11 01:42:40,922{GMT}	INFO	[jepsen node n2] maelstrom.db: Setting up n2
2023-05-11 01:42:40,922{GMT}	INFO	[jepsen node n3] maelstrom.db: Setting up n3
2023-05-11 01:42:40,922{GMT}	INFO	[jepsen node n4] maelstrom.db: Setting up n4
2023-05-11 01:42:40,922{GMT}	INFO	[jepsen node n2] maelstrom.process: launching ../maelstrom-echo/target/release/maelstrom-echo []
2023-05-11 01:42:40,922{GMT}	INFO	[jepsen node n1] maelstrom.process: launching ../maelstrom-echo/target/release/maelstrom-echo []
2023-05-11 01:42:40,922{GMT}	INFO	[jepsen node n3] maelstrom.process: launching ../maelstrom-echo/target/release/maelstrom-echo []
2023-05-11 01:42:40,923{GMT}	INFO	[jepsen node n4] maelstrom.process: launching ../maelstrom-echo/target/release/maelstrom-echo []
2023-05-11 01:42:40,923{GMT}	INFO	[jepsen node n0] maelstrom.service: Starting services: (lin-kv lin-tso lww-kv seq-kv)
2023-05-11 01:42:40,926{GMT}	INFO	[jepsen node n0] maelstrom.db: Setting up n0
2023-05-11 01:42:40,926{GMT}	INFO	[jepsen node n0] maelstrom.process: launching ../maelstrom-echo/target/release/maelstrom-echo []
2023-05-11 01:42:40,942{GMT}	INFO	[jepsen test runner] jepsen.core: Relative time begins now
2023-05-11 01:42:40,957{GMT}	INFO	[jepsen worker 0] jepsen.util: 0	:invoke	:broadcast	0
2023-05-11 01:42:40,960{GMT}	INFO	[jepsen worker 0] jepsen.util: 0	:ok	:broadcast	0
2023-05-11 01:42:41,063{GMT}	INFO	[jepsen worker 1] jepsen.util: 1	:invoke	:broadcast	1
2023-05-11 01:42:41,066{GMT}	INFO	[jepsen worker 1] jepsen.util: 1	:ok	:broadcast	1
2023-05-11 01:42:41,243{GMT}	INFO	[jepsen worker 2] jepsen.util: 2	:invoke	:read	nil
2023-05-11 01:42:41,245{GMT}	INFO	[jepsen worker 2] jepsen.util: 2	:ok	:read	[]
2023-05-11 01:42:41,249{GMT}	INFO	[jepsen worker 3] jepsen.util: 3	:invoke	:broadcast	2
2023-05-11 01:42:41,250{GMT}	INFO	[jepsen worker 3] jepsen.util: 3	:ok	:broadcast	2
2023-05-11 01:42:41,422{GMT}	INFO	[jepsen worker 4] jepsen.util: 4	:invoke	:broadcast	3
2023-05-11 01:42:41,424{GMT}	INFO	[jepsen worker 4] jepsen.util: 4	:ok	:broadcast	3
2023-05-11 01:42:41,602{GMT}	INFO	[jepsen worker 0] jepsen.util: 0	:invoke	:read	nil
2023-05-11 01:42:41,604{GMT}	INFO	[jepsen worker 0] jepsen.util: 0	:ok	:read	[0]
2023-05-11 01:42:41,609{GMT}	INFO	[jepsen worker 0] jepsen.util: 0	:invoke	:read	nil
2023-05-11 01:42:41,610{GMT}	INFO	[jepsen worker 0] jepsen.util: 0	:ok	:read	[0]
2023-05-11 01:42:41,649{GMT}	INFO	[jepsen worker 1] jepsen.util: 1	:invoke	:read	nil
2023-05-11 01:42:41,651{GMT}	INFO	[jepsen worker 1] jepsen.util: 1	:ok	:read	[1]
2023-05-11 01:42:41,763{GMT}	INFO	[jepsen worker 2] jepsen.util: 2	:invoke	:read	nil
2023-05-11 01:42:41,764{GMT}	INFO	[jepsen worker 2] jepsen.util: 2	:ok	:read	[]
2023-05-11 01:42:41,830{GMT}	INFO	[jepsen worker 3] jepsen.util: 3	:invoke	:read	nil
2023-05-11 01:42:41,832{GMT}	INFO	[jepsen worker 3] jepsen.util: 3	:ok	:read	[2]
2023-05-11 01:42:41,944{GMT}	INFO	[jepsen worker 4] jepsen.util: 4	:invoke	:broadcast	4
2023-05-11 01:42:41,946{GMT}	INFO	[jepsen worker 4] jepsen.util: 4	:ok	:broadcast	4
2023-05-11 01:42:42,041{GMT}	INFO	[jepsen worker 0] jepsen.util: 0	:invoke	:read	nil
2023-05-11 01:42:42,043{GMT}	INFO	[jepsen worker 0] jepsen.util: 0	:ok	:read	[0]
2023-05-11 01:42:42,064{GMT}	INFO	[jepsen worker 0] jepsen.util: 0	:invoke	:read	nil
2023-05-11 01:42:42,065{GMT}	INFO	[jepsen worker 0] jepsen.util: 0	:ok	:read	[0]
2023-05-11 01:42:42,138{GMT}	INFO	[jepsen worker 1] jepsen.util: 1	:invoke	:broadcast	5
2023-05-11 01:42:42,139{GMT}	INFO	[jepsen worker 1] jepsen.util: 1	:ok	:broadcast	5
2023-05-11 01:42:42,303{GMT}	INFO	[jepsen worker 2] jepsen.util: 2	:invoke	:broadcast	6
2023-05-11 01:42:42,304{GMT}	INFO	[jepsen worker 2] jepsen.util: 2	:ok	:broadcast	6
2023-05-11 01:42:42,458{GMT}	INFO	[jepsen worker 3] jepsen.util: 3	:invoke	:read	nil
2023-05-11 01:42:42,460{GMT}	INFO	[jepsen worker 3] jepsen.util: 3	:ok	:read	[2]
2023-05-11 01:42:42,549{GMT}	INFO	[jepsen worker 4] jepsen.util: 4	:invoke	:broadcast	7
2023-05-11 01:42:42,550{GMT}	INFO	[jepsen worker 4] jepsen.util: 4	:ok	:broadcast	7
2023-05-11 01:42:42,619{GMT}	INFO	[jepsen worker 0] jepsen.util: 0	:invoke	:broadcast	8
2023-05-11 01:42:42,620{GMT}	INFO	[jepsen worker 0] jepsen.util: 0	:ok	:broadcast	8
2023-05-11 01:42:42,632{GMT}	INFO	[jepsen worker 0] jepsen.util: 0	:invoke	:read	nil
2023-05-11 01:42:42,633{GMT}	INFO	[jepsen worker 0] jepsen.util: 0	:ok	:read	[0 8]
2023-05-11 01:42:42,673{GMT}	INFO	[jepsen worker 1] jepsen.util: 1	:invoke	:read	nil
2023-05-11 01:42:42,674{GMT}	INFO	[jepsen worker 1] jepsen.util: 1	:ok	:read	[1 5]
2023-05-11 01:42:42,706{GMT}	INFO	[jepsen worker 2] jepsen.util: 2	:invoke	:broadcast	9
2023-05-11 01:42:42,707{GMT}	INFO	[jepsen worker 2] jepsen.util: 2	:ok	:broadcast	9
2023-05-11 01:42:42,865{GMT}	INFO	[jepsen worker 3] jepsen.util: 3	:invoke	:read	nil
2023-05-11 01:42:42,867{GMT}	INFO	[jepsen worker 3] jepsen.util: 3	:ok	:read	[2]
2023-05-11 01:42:42,951{GMT}	INFO	[jepsen worker 4] jepsen.util: 4	:invoke	:read	nil
2023-05-11 01:42:42,952{GMT}	INFO	[jepsen worker 4] jepsen.util: 4	:ok	:read	[3 4 7]
2023-05-11 01:42:43,069{GMT}	INFO	[jepsen worker 0] jepsen.util: 0	:invoke	:read	nil
2023-05-11 01:42:43,071{GMT}	INFO	[jepsen worker 0] jepsen.util: 0	:ok	:read	[0 8]
2023-05-11 01:42:43,162{GMT}	INFO	[jepsen worker 0] jepsen.util: 0	:invoke	:broadcast	10
2023-05-11 01:42:43,162{GMT}	INFO	[jepsen worker 1] jepsen.util: 1	:invoke	:read	nil
2023-05-11 01:42:43,163{GMT}	INFO	[jepsen worker 0] jepsen.util: 0	:ok	:broadcast	10
2023-05-11 01:42:43,163{GMT}	INFO	[jepsen worker 1] jepsen.util: 1	:ok	:read	[1 5]
2023-05-11 01:42:43,277{GMT}	INFO	[jepsen worker 2] jepsen.util: 2	:invoke	:read	nil
2023-05-11 01:42:43,279{GMT}	INFO	[jepsen worker 2] jepsen.util: 2	:ok	:read	[6 9]
2023-05-11 01:42:43,308{GMT}	INFO	[jepsen worker 3] jepsen.util: 3	:invoke	:read	nil
2023-05-11 01:42:43,309{GMT}	INFO	[jepsen worker 3] jepsen.util: 3	:ok	:read	[2]
2023-05-11 01:42:43,415{GMT}	INFO	[jepsen worker 4] jepsen.util: 4	:invoke	:read	nil
2023-05-11 01:42:43,416{GMT}	INFO	[jepsen worker 4] jepsen.util: 4	:ok	:read	[3 4 7]
2023-05-11 01:42:43,588{GMT}	INFO	[jepsen worker 0] jepsen.util: 0	:invoke	:broadcast	11
2023-05-11 01:42:43,590{GMT}	INFO	[jepsen worker 0] jepsen.util: 0	:ok	:broadcast	11
2023-05-11 01:42:43,698{GMT}	INFO	[jepsen worker 0] jepsen.util: 0	:invoke	:broadcast	12
2023-05-11 01:42:43,699{GMT}	INFO	[jepsen worker 0] jepsen.util: 0	:ok	:broadcast	12
2023-05-11 01:42:43,797{GMT}	INFO	[jepsen worker 1] jepsen.util: 1	:invoke	:read	nil
2023-05-11 01:42:43,798{GMT}	INFO	[jepsen worker 1] jepsen.util: 1	:ok	:read	[1 5]
2023-05-11 01:42:43,801{GMT}	INFO	[jepsen worker 2] jepsen.util: 2	:invoke	:broadcast	13
2023-05-11 01:42:43,802{GMT}	INFO	[jepsen worker 2] jepsen.util: 2	:ok	:broadcast	13
2023-05-11 01:42:44,001{GMT}	INFO	[jepsen worker 3] jepsen.util: 3	:invoke	:broadcast	14
2023-05-11 01:42:44,002{GMT}	INFO	[jepsen worker 3] jepsen.util: 3	:ok	:broadcast	14
2023-05-11 01:42:44,108{GMT}	INFO	[jepsen worker 4] jepsen.util: 4	:invoke	:broadcast	15
2023-05-11 01:42:44,109{GMT}	INFO	[jepsen worker 4] jepsen.util: 4	:ok	:broadcast	15
2023-05-11 01:42:44,272{GMT}	INFO	[jepsen worker 0] jepsen.util: 0	:invoke	:read	nil
2023-05-11 01:42:44,274{GMT}	INFO	[jepsen worker 0] jepsen.util: 0	:ok	:read	[0 8 10 11 12]
2023-05-11 01:42:44,436{GMT}	INFO	[jepsen worker 0] jepsen.util: 0	:invoke	:broadcast	16
2023-05-11 01:42:44,437{GMT}	INFO	[jepsen worker 0] jepsen.util: 0	:ok	:broadcast	16
2023-05-11 01:42:44,447{GMT}	INFO	[jepsen worker 1] jepsen.util: 1	:invoke	:broadcast	17
2023-05-11 01:42:44,448{GMT}	INFO	[jepsen worker 1] jepsen.util: 1	:ok	:broadcast	17
2023-05-11 01:42:44,584{GMT}	INFO	[jepsen worker 2] jepsen.util: 2	:invoke	:read	nil
2023-05-11 01:42:44,585{GMT}	INFO	[jepsen worker 2] jepsen.util: 2	:ok	:read	[6 9 13]
2023-05-11 01:42:44,663{GMT}	INFO	[jepsen worker 3] jepsen.util: 3	:invoke	:read	nil
2023-05-11 01:42:44,665{GMT}	INFO	[jepsen worker 3] jepsen.util: 3	:ok	:read	[2 14]
2023-05-11 01:42:44,685{GMT}	INFO	[jepsen worker 4] jepsen.util: 4	:invoke	:broadcast	18
2023-05-11 01:42:44,687{GMT}	INFO	[jepsen worker 4] jepsen.util: 4	:ok	:broadcast	18
2023-05-11 01:42:44,756{GMT}	INFO	[jepsen worker 0] jepsen.util: 0	:invoke	:read	nil
2023-05-11 01:42:44,757{GMT}	INFO	[jepsen worker 0] jepsen.util: 0	:ok	:read	[0 8 10 11 12 16]
2023-05-11 01:42:44,912{GMT}	INFO	[jepsen worker 0] jepsen.util: 0	:invoke	:broadcast	19
2023-05-11 01:42:44,913{GMT}	INFO	[jepsen worker 0] jepsen.util: 0	:ok	:broadcast	19
2023-05-11 01:42:44,969{GMT}	INFO	[jepsen worker 1] jepsen.util: 1	:invoke	:read	nil
2023-05-11 01:42:44,970{GMT}	INFO	[jepsen worker 1] jepsen.util: 1	:ok	:read	[1 5 17]
2023-05-11 01:42:45,100{GMT}	INFO	[jepsen worker 2] jepsen.util: 2	:invoke	:read	nil
2023-05-11 01:42:45,102{GMT}	INFO	[jepsen worker 2] jepsen.util: 2	:ok	:read	[6 9 13]
2023-05-11 01:42:45,238{GMT}	INFO	[jepsen worker 3] jepsen.util: 3	:invoke	:broadcast	20
2023-05-11 01:42:45,239{GMT}	INFO	[jepsen worker 3] jepsen.util: 3	:ok	:broadcast	20
2023-05-11 01:42:45,271{GMT}	INFO	[jepsen worker 4] jepsen.util: 4	:invoke	:read	nil
2023-05-11 01:42:45,272{GMT}	INFO	[jepsen worker 4] jepsen.util: 4	:ok	:read	[3 4 7 15 18]
2023-05-11 01:42:45,330{GMT}	INFO	[jepsen worker 0] jepsen.util: 0	:invoke	:broadcast	21
2023-05-11 01:42:45,331{GMT}	INFO	[jepsen worker 0] jepsen.util: 0	:ok	:broadcast	21
2023-05-11 01:42:45,394{GMT}	INFO	[jepsen worker 0] jepsen.util: 0	:invoke	:read	nil
2023-05-11 01:42:45,395{GMT}	INFO	[jepsen worker 0] jepsen.util: 0	:ok	:read	[0 8 10 11 12 16 19 21]
2023-05-11 01:42:45,482{GMT}	INFO	[jepsen worker 1] jepsen.util: 1	:invoke	:broadcast	22
2023-05-11 01:42:45,483{GMT}	INFO	[jepsen worker 1] jepsen.util: 1	:ok	:broadcast	22
2023-05-11 01:42:45,566{GMT}	INFO	[jepsen worker 2] jepsen.util: 2	:invoke	:broadcast	23
2023-05-11 01:42:45,567{GMT}	INFO	[jepsen worker 2] jepsen.util: 2	:ok	:broadcast	23
2023-05-11 01:42:45,611{GMT}	INFO	[jepsen worker 3] jepsen.util: 3	:invoke	:broadcast	24
2023-05-11 01:42:45,612{GMT}	INFO	[jepsen worker 3] jepsen.util: 3	:ok	:broadcast	24
2023-05-11 01:42:45,775{GMT}	INFO	[jepsen worker 4] jepsen.util: 4	:invoke	:read	nil
2023-05-11 01:42:45,776{GMT}	INFO	[jepsen worker 4] jepsen.util: 4	:ok	:read	[3 4 7 15 18]
2023-05-11 01:42:45,962{GMT}	INFO	[jepsen worker 0] jepsen.util: 0	:invoke	:broadcast	25
2023-05-11 01:42:45,964{GMT}	INFO	[jepsen worker 0] jepsen.util: 0	:ok	:broadcast	25
2023-05-11 01:42:46,003{GMT}	INFO	[jepsen worker 0] jepsen.util: 0	:invoke	:broadcast	26
2023-05-11 01:42:46,004{GMT}	INFO	[jepsen worker 0] jepsen.util: 0	:ok	:broadcast	26
2023-05-11 01:42:46,064{GMT}	INFO	[jepsen worker 1] jepsen.util: 1	:invoke	:read	nil
2023-05-11 01:42:46,066{GMT}	INFO	[jepsen worker 1] jepsen.util: 1	:ok	:read	[1 5 17 22]
2023-05-11 01:42:46,232{GMT}	INFO	[jepsen worker 2] jepsen.util: 2	:invoke	:read	nil
2023-05-11 01:42:46,233{GMT}	INFO	[jepsen worker 2] jepsen.util: 2	:ok	:read	[6 9 13 23]
2023-05-11 01:42:46,234{GMT}	INFO	[jepsen worker 3] jepsen.util: 3	:invoke	:read	nil
2023-05-11 01:42:46,234{GMT}	INFO	[jepsen worker 3] jepsen.util: 3	:ok	:read	[2 14 20 24]
2023-05-11 01:42:46,237{GMT}	INFO	[jepsen worker 4] jepsen.util: 4	:invoke	:read	nil
2023-05-11 01:42:46,238{GMT}	INFO	[jepsen worker 4] jepsen.util: 4	:ok	:read	[3 4 7 15 18]
2023-05-11 01:42:46,403{GMT}	INFO	[jepsen worker 0] jepsen.util: 0	:invoke	:broadcast	27
2023-05-11 01:42:46,405{GMT}	INFO	[jepsen worker 0] jepsen.util: 0	:ok	:broadcast	27
2023-05-11 01:42:46,580{GMT}	INFO	[jepsen worker 0] jepsen.util: 0	:invoke	:broadcast	28
2023-05-11 01:42:46,582{GMT}	INFO	[jepsen worker 0] jepsen.util: 0	:ok	:broadcast	28
2023-05-11 01:42:46,725{GMT}	INFO	[jepsen worker 1] jepsen.util: 1	:invoke	:read	nil
2023-05-11 01:42:46,726{GMT}	INFO	[jepsen worker 1] jepsen.util: 1	:ok	:read	[1 5 17 22]
2023-05-11 01:42:46,874{GMT}	INFO	[jepsen worker 2] jepsen.util: 2	:invoke	:read	nil
2023-05-11 01:42:46,875{GMT}	INFO	[jepsen worker 2] jepsen.util: 2	:ok	:read	[6 9 13 23]
2023-05-11 01:42:46,925{GMT}	INFO	[jepsen worker 3] jepsen.util: 3	:invoke	:broadcast	29
2023-05-11 01:42:46,926{GMT}	INFO	[jepsen worker 3] jepsen.util: 3	:ok	:broadcast	29
2023-05-11 01:42:46,963{GMT}	INFO	[jepsen worker 4] jepsen.util: 4	:invoke	:read	nil
2023-05-11 01:42:46,964{GMT}	INFO	[jepsen worker 4] jepsen.util: 4	:ok	:read	[3 4 7 15 18]
2023-05-11 01:42:47,052{GMT}	INFO	[jepsen worker 0] jepsen.util: 0	:invoke	:read	nil
2023-05-11 01:42:47,053{GMT}	INFO	[jepsen worker 0] jepsen.util: 0	:ok	:read	[0 8 10 11 12 16 19 21 25 26 27 28]
2023-05-11 01:42:47,072{GMT}	INFO	[jepsen worker 0] jepsen.util: 0	:invoke	:broadcast	30
2023-05-11 01:42:47,073{GMT}	INFO	[jepsen worker 0] jepsen.util: 0	:ok	:broadcast	30
2023-05-11 01:42:47,082{GMT}	INFO	[jepsen worker 1] jepsen.util: 1	:invoke	:read	nil
2023-05-11 01:42:47,083{GMT}	INFO	[jepsen worker 1] jepsen.util: 1	:ok	:read	[1 5 17 22]
2023-05-11 01:42:47,231{GMT}	INFO	[jepsen worker 2] jepsen.util: 2	:invoke	:broadcast	31
2023-05-11 01:42:47,232{GMT}	INFO	[jepsen worker 2] jepsen.util: 2	:ok	:broadcast	31
2023-05-11 01:42:47,255{GMT}	INFO	[jepsen worker 3] jepsen.util: 3	:invoke	:broadcast	32
2023-05-11 01:42:47,255{GMT}	INFO	[jepsen worker 3] jepsen.util: 3	:ok	:broadcast	32
2023-05-11 01:42:47,429{GMT}	INFO	[jepsen worker 4] jepsen.util: 4	:invoke	:broadcast	33
2023-05-11 01:42:47,430{GMT}	INFO	[jepsen worker 4] jepsen.util: 4	:ok	:broadcast	33
2023-05-11 01:42:47,574{GMT}	INFO	[jepsen worker 0] jepsen.util: 0	:invoke	:read	nil
2023-05-11 01:42:47,575{GMT}	INFO	[jepsen worker 0] jepsen.util: 0	:ok	:read	[0 8 10 11 12 16 19 21 25 26 27 28 30]
2023-05-11 01:42:47,625{GMT}	INFO	[jepsen worker 0] jepsen.util: 0	:invoke	:broadcast	34
2023-05-11 01:42:47,626{GMT}	INFO	[jepsen worker 0] jepsen.util: 0	:ok	:broadcast	34
2023-05-11 01:42:47,718{GMT}	INFO	[jepsen worker 1] jepsen.util: 1	:invoke	:broadcast	35
2023-05-11 01:42:47,720{GMT}	INFO	[jepsen worker 1] jepsen.util: 1	:ok	:broadcast	35
2023-05-11 01:42:47,766{GMT}	INFO	[jepsen worker 2] jepsen.util: 2	:invoke	:broadcast	36
2023-05-11 01:42:47,767{GMT}	INFO	[jepsen worker 2] jepsen.util: 2	:ok	:broadcast	36
2023-05-11 01:42:47,803{GMT}	INFO	[jepsen worker 3] jepsen.util: 3	:invoke	:read	nil
2023-05-11 01:42:47,804{GMT}	INFO	[jepsen worker 3] jepsen.util: 3	:ok	:read	[2 14 20 24 29 32]
2023-05-11 01:42:47,948{GMT}	INFO	[jepsen worker 4] jepsen.util: 4	:invoke	:read	nil
2023-05-11 01:42:47,949{GMT}	INFO	[jepsen worker 4] jepsen.util: 4	:ok	:read	[3 4 7 15 18 33]
2023-05-11 01:42:48,015{GMT}	INFO	[jepsen worker 0] jepsen.util: 0	:invoke	:broadcast	37
2023-05-11 01:42:48,016{GMT}	INFO	[jepsen worker 0] jepsen.util: 0	:ok	:broadcast	37
2023-05-11 01:42:48,049{GMT}	INFO	[jepsen worker 0] jepsen.util: 0	:invoke	:broadcast	38
2023-05-11 01:42:48,050{GMT}	INFO	[jepsen worker 0] jepsen.util: 0	:ok	:broadcast	38
2023-05-11 01:42:48,190{GMT}	INFO	[jepsen worker 1] jepsen.util: 1	:invoke	:read	nil
2023-05-11 01:42:48,191{GMT}	INFO	[jepsen worker 1] jepsen.util: 1	:ok	:read	[1 5 17 22 35]
2023-05-11 01:42:48,192{GMT}	INFO	[jepsen worker 2] jepsen.util: 2	:invoke	:broadcast	39
2023-05-11 01:42:48,192{GMT}	INFO	[jepsen worker 2] jepsen.util: 2	:ok	:broadcast	39
2023-05-11 01:42:48,339{GMT}	INFO	[jepsen worker 3] jepsen.util: 3	:invoke	:broadcast	40
2023-05-11 01:42:48,340{GMT}	INFO	[jepsen worker 3] jepsen.util: 3	:ok	:broadcast	40
2023-05-11 01:42:48,355{GMT}	INFO	[jepsen worker 4] jepsen.util: 4	:invoke	:broadcast	41
2023-05-11 01:42:48,356{GMT}	INFO	[jepsen worker 4] jepsen.util: 4	:ok	:broadcast	41
2023-05-11 01:42:48,383{GMT}	INFO	[jepsen worker 0] jepsen.util: 0	:invoke	:broadcast	42
2023-05-11 01:42:48,385{GMT}	INFO	[jepsen worker 0] jepsen.util: 0	:ok	:broadcast	42
2023-05-11 01:42:48,491{GMT}	INFO	[jepsen worker 0] jepsen.util: 0	:invoke	:read	nil
2023-05-11 01:42:48,492{GMT}	INFO	[jepsen worker 0] jepsen.util: 0	:ok	:read	[0 8 10 11 12 16 19 21 25 26 27 28 30 34 37 38 42]
2023-05-11 01:42:48,533{GMT}	INFO	[jepsen worker 1] jepsen.util: 1	:invoke	:broadcast	43
2023-05-11 01:42:48,534{GMT}	INFO	[jepsen worker 1] jepsen.util: 1	:ok	:broadcast	43
2023-05-11 01:42:48,672{GMT}	INFO	[jepsen worker 2] jepsen.util: 2	:invoke	:read	nil
2023-05-11 01:42:48,673{GMT}	INFO	[jepsen worker 2] jepsen.util: 2	:ok	:read	[6 9 13 23 31 36 39]
2023-05-11 01:42:48,743{GMT}	INFO	[jepsen worker 3] jepsen.util: 3	:invoke	:broadcast	44
2023-05-11 01:42:48,745{GMT}	INFO	[jepsen worker 3] jepsen.util: 3	:ok	:broadcast	44
2023-05-11 01:42:48,817{GMT}	INFO	[jepsen worker 4] jepsen.util: 4	:invoke	:read	nil
2023-05-11 01:42:48,818{GMT}	INFO	[jepsen worker 4] jepsen.util: 4	:ok	:read	[3 4 7 15 18 33 41]
2023-05-11 01:42:48,894{GMT}	INFO	[jepsen worker 0] jepsen.util: 0	:invoke	:read	nil
2023-05-11 01:42:48,895{GMT}	INFO	[jepsen worker 0] jepsen.util: 0	:ok	:read	[0 8 10 11 12 16 19 21 25 26 27 28 30 34 37 38 42]
2023-05-11 01:42:48,935{GMT}	INFO	[jepsen worker 0] jepsen.util: 0	:invoke	:read	nil
2023-05-11 01:42:48,936{GMT}	INFO	[jepsen worker 0] jepsen.util: 0	:ok	:read	[0 8 10 11 12 16 19 21 25 26 27 28 30 34 37 38 42]
2023-05-11 01:42:49,126{GMT}	INFO	[jepsen worker 1] jepsen.util: 1	:invoke	:read	nil
2023-05-11 01:42:49,127{GMT}	INFO	[jepsen worker 1] jepsen.util: 1	:ok	:read	[1 5 17 22 35 43]
2023-05-11 01:42:49,215{GMT}	INFO	[jepsen worker 2] jepsen.util: 2	:invoke	:read	nil
2023-05-11 01:42:49,215{GMT}	INFO	[jepsen worker 2] jepsen.util: 2	:ok	:read	[6 9 13 23 31 36 39]
2023-05-11 01:42:49,377{GMT}	INFO	[jepsen worker 3] jepsen.util: 3	:invoke	:read	nil
2023-05-11 01:42:49,378{GMT}	INFO	[jepsen worker 3] jepsen.util: 3	:ok	:read	[2 14 20 24 29 32 40 44]
2023-05-11 01:42:49,512{GMT}	INFO	[jepsen worker 4] jepsen.util: 4	:invoke	:read	nil
2023-05-11 01:42:49,513{GMT}	INFO	[jepsen worker 4] jepsen.util: 4	:ok	:read	[3 4 7 15 18 33 41]
2023-05-11 01:42:49,554{GMT}	INFO	[jepsen worker 0] jepsen.util: 0	:invoke	:read	nil
2023-05-11 01:42:49,555{GMT}	INFO	[jepsen worker 0] jepsen.util: 0	:ok	:read	[0 8 10 11 12 16 19 21 25 26 27 28 30 34 37 38 42]
2023-05-11 01:42:49,571{GMT}	INFO	[jepsen worker 0] jepsen.util: 0	:invoke	:broadcast	45
2023-05-11 01:42:49,572{GMT}	INFO	[jepsen worker 0] jepsen.util: 0	:ok	:broadcast	45
2023-05-11 01:42:49,582{GMT}	INFO	[jepsen worker 1] jepsen.util: 1	:invoke	:broadcast	46
2023-05-11 01:42:49,583{GMT}	INFO	[jepsen worker 1] jepsen.util: 1	:ok	:broadcast	46
2023-05-11 01:42:49,711{GMT}	INFO	[jepsen worker 2] jepsen.util: 2	:invoke	:read	nil
2023-05-11 01:42:49,713{GMT}	INFO	[jepsen worker 2] jepsen.util: 2	:ok	:read	[6 9 13 23 31 36 39]
2023-05-11 01:42:49,770{GMT}	INFO	[jepsen worker 3] jepsen.util: 3	:invoke	:broadcast	47
2023-05-11 01:42:49,771{GMT}	INFO	[jepsen worker 3] jepsen.util: 3	:ok	:broadcast	47
2023-05-11 01:42:49,928{GMT}	INFO	[jepsen worker 4] jepsen.util: 4	:invoke	:read	nil
2023-05-11 01:42:49,930{GMT}	INFO	[jepsen worker 4] jepsen.util: 4	:ok	:read	[3 4 7 15 18 33 41]
2023-05-11 01:42:50,128{GMT}	INFO	[jepsen worker 0] jepsen.util: 0	:invoke	:broadcast	48
2023-05-11 01:42:50,129{GMT}	INFO	[jepsen worker 0] jepsen.util: 0	:ok	:broadcast	48
2023-05-11 01:42:50,141{GMT}	INFO	[jepsen worker 0] jepsen.util: 0	:invoke	:read	nil
2023-05-11 01:42:50,142{GMT}	INFO	[jepsen worker 0] jepsen.util: 0	:ok	:read	[0 8 10 11 12 16 19 21 25 26 27 28 30 34 37 38 42 45 48]
2023-05-11 01:42:50,283{GMT}	INFO	[jepsen worker 1] jepsen.util: 1	:invoke	:broadcast	49
2023-05-11 01:42:50,284{GMT}	INFO	[jepsen worker 1] jepsen.util: 1	:ok	:broadcast	49
2023-05-11 01:42:50,331{GMT}	INFO	[jepsen worker 2] jepsen.util: 2	:invoke	:broadcast	50
2023-05-11 01:42:50,332{GMT}	INFO	[jepsen worker 2] jepsen.util: 2	:ok	:broadcast	50
2023-05-11 01:42:50,419{GMT}	INFO	[jepsen worker 3] jepsen.util: 3	:invoke	:broadcast	51
2023-05-11 01:42:50,420{GMT}	INFO	[jepsen worker 3] jepsen.util: 3	:ok	:broadcast	51
2023-05-11 01:42:50,501{GMT}	INFO	[jepsen worker 4] jepsen.util: 4	:invoke	:read	nil
2023-05-11 01:42:50,503{GMT}	INFO	[jepsen worker 4] jepsen.util: 4	:ok	:read	[3 4 7 15 18 33 41]
2023-05-11 01:42:50,702{GMT}	INFO	[jepsen worker 0] jepsen.util: 0	:invoke	:broadcast	52
2023-05-11 01:42:50,702{GMT}	INFO	[jepsen worker 0] jepsen.util: 0	:ok	:broadcast	52
2023-05-11 01:42:50,812{GMT}	INFO	[jepsen worker 0] jepsen.util: 0	:invoke	:read	nil
2023-05-11 01:42:50,813{GMT}	INFO	[jepsen worker 0] jepsen.util: 0	:ok	:read	[0 8 10 11 12 16 19 21 25 26 27 28 30 34 37 38 42 45 48 52]
2023-05-11 01:42:50,997{GMT}	INFO	[jepsen worker 1] jepsen.util: 1	:invoke	:broadcast	53
2023-05-11 01:42:50,998{GMT}	INFO	[jepsen worker 1] jepsen.util: 1	:ok	:broadcast	53
2023-05-11 01:42:51,012{GMT}	INFO	[jepsen worker 2] jepsen.util: 2	:invoke	:broadcast	54
2023-05-11 01:42:51,013{GMT}	INFO	[jepsen worker 2] jepsen.util: 2	:ok	:broadcast	54
2023-05-11 01:42:51,157{GMT}	INFO	[jepsen worker 3] jepsen.util: 3	:invoke	:broadcast	55
2023-05-11 01:42:51,158{GMT}	INFO	[jepsen worker 3] jepsen.util: 3	:ok	:broadcast	55
2023-05-11 01:42:51,319{GMT}	INFO	[jepsen worker 4] jepsen.util: 4	:invoke	:read	nil
2023-05-11 01:42:51,320{GMT}	INFO	[jepsen worker 4] jepsen.util: 4	:ok	:read	[3 4 7 15 18 33 41]
2023-05-11 01:42:51,480{GMT}	INFO	[jepsen worker 0] jepsen.util: 0	:invoke	:broadcast	56
2023-05-11 01:42:51,481{GMT}	INFO	[jepsen worker 0] jepsen.util: 0	:ok	:broadcast	56
2023-05-11 01:42:51,485{GMT}	INFO	[jepsen worker 0] jepsen.util: 0	:invoke	:read	nil
2023-05-11 01:42:51,486{GMT}	INFO	[jepsen worker 0] jepsen.util: 0	:ok	:read	[0 8 10 11 12 16 19 21 25 26 27 28 30 34 37 38 42 45 48 52 56]
2023-05-11 01:42:51,610{GMT}	INFO	[jepsen worker 1] jepsen.util: 1	:invoke	:broadcast	57
2023-05-11 01:42:51,611{GMT}	INFO	[jepsen worker 1] jepsen.util: 1	:ok	:broadcast	57
2023-05-11 01:42:51,778{GMT}	INFO	[jepsen worker 2] jepsen.util: 2	:invoke	:broadcast	58
2023-05-11 01:42:51,779{GMT}	INFO	[jepsen worker 2] jepsen.util: 2	:ok	:broadcast	58
2023-05-11 01:42:51,895{GMT}	INFO	[jepsen worker 3] jepsen.util: 3	:invoke	:broadcast	59
2023-05-11 01:42:51,897{GMT}	INFO	[jepsen worker 3] jepsen.util: 3	:ok	:broadcast	59
2023-05-11 01:42:52,031{GMT}	INFO	[jepsen worker 4] jepsen.util: 4	:invoke	:read	nil
2023-05-11 01:42:52,033{GMT}	INFO	[jepsen worker 4] jepsen.util: 4	:ok	:read	[3 4 7 15 18 33 41]
2023-05-11 01:42:52,054{GMT}	INFO	[jepsen worker 0] jepsen.util: 0	:invoke	:read	nil
2023-05-11 01:42:52,055{GMT}	INFO	[jepsen worker 0] jepsen.util: 0	:ok	:read	[0 8 10 11 12 16 19 21 25 26 27 28 30 34 37 38 42 45 48 52 56]
2023-05-11 01:42:52,092{GMT}	INFO	[jepsen worker 0] jepsen.util: 0	:invoke	:read	nil
2023-05-11 01:42:52,093{GMT}	INFO	[jepsen worker 0] jepsen.util: 0	:ok	:read	[0 8 10 11 12 16 19 21 25 26 27 28 30 34 37 38 42 45 48 52 56]
2023-05-11 01:42:52,193{GMT}	INFO	[jepsen worker 1] jepsen.util: 1	:invoke	:broadcast	60
2023-05-11 01:42:52,194{GMT}	INFO	[jepsen worker 1] jepsen.util: 1	:ok	:broadcast	60
2023-05-11 01:42:52,205{GMT}	INFO	[jepsen worker 2] jepsen.util: 2	:invoke	:broadcast	61
2023-05-11 01:42:52,206{GMT}	INFO	[jepsen worker 2] jepsen.util: 2	:ok	:broadcast	61
2023-05-11 01:42:52,397{GMT}	INFO	[jepsen worker 3] jepsen.util: 3	:invoke	:read	nil
2023-05-11 01:42:52,398{GMT}	INFO	[jepsen worker 3] jepsen.util: 3	:ok	:read	[2 14 20 24 29 32 40 44 47 51 55 59]
2023-05-11 01:42:52,484{GMT}	INFO	[jepsen worker 4] jepsen.util: 4	:invoke	:read	nil
2023-05-11 01:42:52,485{GMT}	INFO	[jepsen worker 4] jepsen.util: 4	:ok	:read	[3 4 7 15 18 33 41]
2023-05-11 01:42:52,554{GMT}	INFO	[jepsen worker 0] jepsen.util: 0	:invoke	:read	nil
2023-05-11 01:42:52,555{GMT}	INFO	[jepsen worker 0] jepsen.util: 0	:ok	:read	[0 8 10 11 12 16 19 21 25 26 27 28 30 34 37 38 42 45 48 52 56]
2023-05-11 01:42:52,590{GMT}	INFO	[jepsen worker 0] jepsen.util: 0	:invoke	:broadcast	62
2023-05-11 01:42:52,591{GMT}	INFO	[jepsen worker 0] jepsen.util: 0	:ok	:broadcast	62
2023-05-11 01:42:52,637{GMT}	INFO	[jepsen worker 1] jepsen.util: 1	:invoke	:broadcast	63
2023-05-11 01:42:52,638{GMT}	INFO	[jepsen worker 1] jepsen.util: 1	:ok	:broadcast	63
2023-05-11 01:42:52,776{GMT}	INFO	[jepsen worker 2] jepsen.util: 2	:invoke	:broadcast	64
2023-05-11 01:42:52,777{GMT}	INFO	[jepsen worker 2] jepsen.util: 2	:ok	:broadcast	64
2023-05-11 01:42:52,885{GMT}	INFO	[jepsen worker 3] jepsen.util: 3	:invoke	:broadcast	65
2023-05-11 01:42:52,886{GMT}	INFO	[jepsen worker 3] jepsen.util: 3	:ok	:broadcast	65
2023-05-11 01:42:53,019{GMT}	INFO	[jepsen worker 4] jepsen.util: 4	:invoke	:broadcast	66
2023-05-11 01:42:53,020{GMT}	INFO	[jepsen worker 4] jepsen.util: 4	:ok	:broadcast	66
2023-05-11 01:42:53,129{GMT}	INFO	[jepsen worker 0] jepsen.util: 0	:invoke	:broadcast	67
2023-05-11 01:42:53,130{GMT}	INFO	[jepsen worker 0] jepsen.util: 0	:ok	:broadcast	67
2023-05-11 01:42:53,199{GMT}	INFO	[jepsen worker 0] jepsen.util: 0	:invoke	:read	nil
2023-05-11 01:42:53,200{GMT}	INFO	[jepsen worker 0] jepsen.util: 0	:ok	:read	[0 8 10 11 12 16 19 21 25 26 27 28 30 34 37 38 42 45 48 52 56 62 67]
2023-05-11 01:42:53,296{GMT}	INFO	[jepsen worker 1] jepsen.util: 1	:invoke	:read	nil
2023-05-11 01:42:53,297{GMT}	INFO	[jepsen worker 1] jepsen.util: 1	:ok	:read	[1 5 17 22 35 43 46 49 53 57 60 63]
2023-05-11 01:42:53,437{GMT}	INFO	[jepsen worker 2] jepsen.util: 2	:invoke	:read	nil
2023-05-11 01:42:53,438{GMT}	INFO	[jepsen worker 2] jepsen.util: 2	:ok	:read	[6 9 13 23 31 36 39 50 54 58 61 64]
2023-05-11 01:42:53,531{GMT}	INFO	[jepsen worker 3] jepsen.util: 3	:invoke	:broadcast	68
2023-05-11 01:42:53,532{GMT}	INFO	[jepsen worker 3] jepsen.util: 3	:ok	:broadcast	68
2023-05-11 01:42:53,557{GMT}	INFO	[jepsen worker 4] jepsen.util: 4	:invoke	:broadcast	69
2023-05-11 01:42:53,558{GMT}	INFO	[jepsen worker 4] jepsen.util: 4	:ok	:broadcast	69
2023-05-11 01:42:53,577{GMT}	INFO	[jepsen worker 0] jepsen.util: 0	:invoke	:broadcast	70
2023-05-11 01:42:53,578{GMT}	INFO	[jepsen worker 0] jepsen.util: 0	:ok	:broadcast	70
2023-05-11 01:42:53,598{GMT}	INFO	[jepsen worker 0] jepsen.util: 0	:invoke	:read	nil
2023-05-11 01:42:53,599{GMT}	INFO	[jepsen worker 0] jepsen.util: 0	:ok	:read	[0 8 10 11 12 16 19 21 25 26 27 28 30 34 37 38 42 45 48 52 56 62 67 70]
2023-05-11 01:42:53,649{GMT}	INFO	[jepsen worker 1] jepsen.util: 1	:invoke	:read	nil
2023-05-11 01:42:53,650{GMT}	INFO	[jepsen worker 1] jepsen.util: 1	:ok	:read	[1 5 17 22 35 43 46 49 53 57 60 63]
2023-05-11 01:42:53,714{GMT}	INFO	[jepsen worker 2] jepsen.util: 2	:invoke	:read	nil
2023-05-11 01:42:53,714{GMT}	INFO	[jepsen worker 2] jepsen.util: 2	:ok	:read	[6 9 13 23 31 36 39 50 54 58 61 64]
2023-05-11 01:42:53,851{GMT}	INFO	[jepsen worker 3] jepsen.util: 3	:invoke	:read	nil
2023-05-11 01:42:53,852{GMT}	INFO	[jepsen worker 3] jepsen.util: 3	:ok	:read	[2 14 20 24 29 32 40 44 47 51 55 59 65 68]
2023-05-11 01:42:54,005{GMT}	INFO	[jepsen worker 4] jepsen.util: 4	:invoke	:broadcast	71
2023-05-11 01:42:54,006{GMT}	INFO	[jepsen worker 4] jepsen.util: 4	:ok	:broadcast	71
2023-05-11 01:42:54,160{GMT}	INFO	[jepsen worker 0] jepsen.util: 0	:invoke	:broadcast	72
2023-05-11 01:42:54,161{GMT}	INFO	[jepsen worker 0] jepsen.util: 0	:ok	:broadcast	72
2023-05-11 01:42:54,224{GMT}	INFO	[jepsen worker 0] jepsen.util: 0	:invoke	:broadcast	73
2023-05-11 01:42:54,225{GMT}	INFO	[jepsen worker 0] jepsen.util: 0	:ok	:broadcast	73
2023-05-11 01:42:54,227{GMT}	INFO	[jepsen worker 1] jepsen.util: 1	:invoke	:broadcast	74
2023-05-11 01:42:54,227{GMT}	INFO	[jepsen worker 1] jepsen.util: 1	:ok	:broadcast	74
2023-05-11 01:42:54,281{GMT}	INFO	[jepsen worker 2] jepsen.util: 2	:invoke	:broadcast	75
2023-05-11 01:42:54,282{GMT}	INFO	[jepsen worker 2] jepsen.util: 2	:ok	:broadcast	75
2023-05-11 01:42:54,432{GMT}	INFO	[jepsen worker 3] jepsen.util: 3	:invoke	:broadcast	76
2023-05-11 01:42:54,433{GMT}	INFO	[jepsen worker 3] jepsen.util: 3	:ok	:broadcast	76
2023-05-11 01:42:54,505{GMT}	INFO	[jepsen worker 4] jepsen.util: 4	:invoke	:read	nil
2023-05-11 01:42:54,506{GMT}	INFO	[jepsen worker 4] jepsen.util: 4	:ok	:read	[3 4 7 15 18 33 41 66 69 71]
2023-05-11 01:42:54,630{GMT}	INFO	[jepsen worker 0] jepsen.util: 0	:invoke	:broadcast	77
2023-05-11 01:42:54,631{GMT}	INFO	[jepsen worker 0] jepsen.util: 0	:ok	:broadcast	77
2023-05-11 01:42:54,787{GMT}	INFO	[jepsen worker 0] jepsen.util: 0	:invoke	:read	nil
2023-05-11 01:42:54,788{GMT}	INFO	[jepsen worker 0] jepsen.util: 0	:ok	:read	[0 8 10 11 12 16 19 21 25 26 27 28 30 34 37 38 42 45 48 52 56 62 67 70 72 73 77]
2023-05-11 01:42:54,827{GMT}	INFO	[jepsen worker 1] jepsen.util: 1	:invoke	:read	nil
2023-05-11 01:42:54,828{GMT}	INFO	[jepsen worker 1] jepsen.util: 1	:ok	:read	[1 5 17 22 35 43 46 49 53 57 60 63 74]
2023-05-11 01:42:54,947{GMT}	INFO	[jepsen worker 2] jepsen.util: 2	:invoke	:broadcast	78
2023-05-11 01:42:54,947{GMT}	INFO	[jepsen worker 2] jepsen.util: 2	:ok	:broadcast	78
2023-05-11 01:42:55,027{GMT}	INFO	[jepsen worker 3] jepsen.util: 3	:invoke	:read	nil
2023-05-11 01:42:55,028{GMT}	INFO	[jepsen worker 3] jepsen.util: 3	:ok	:read	[2 14 20 24 29 32 40 44 47 51 55 59 65 68 76]
2023-05-11 01:42:55,071{GMT}	INFO	[jepsen worker 4] jepsen.util: 4	:invoke	:broadcast	79
2023-05-11 01:42:55,072{GMT}	INFO	[jepsen worker 4] jepsen.util: 4	:ok	:broadcast	79
2023-05-11 01:42:55,092{GMT}	INFO	[jepsen worker 0] jepsen.util: 0	:invoke	:broadcast	80
2023-05-11 01:42:55,093{GMT}	INFO	[jepsen worker 0] jepsen.util: 0	:ok	:broadcast	80
2023-05-11 01:42:55,151{GMT}	INFO	[jepsen worker 0] jepsen.util: 0	:invoke	:read	nil
2023-05-11 01:42:55,152{GMT}	INFO	[jepsen worker 0] jepsen.util: 0	:ok	:read	[0 8 10 11 12 16 19 21 25 26 27 28 30 34 37 38 42 45 48 52 56 62 67 70 72 73 77 80]
2023-05-11 01:42:55,240{GMT}	INFO	[jepsen worker 1] jepsen.util: 1	:invoke	:read	nil
2023-05-11 01:42:55,241{GMT}	INFO	[jepsen worker 1] jepsen.util: 1	:ok	:read	[1 5 17 22 35 43 46 49 53 57 60 63 74]
2023-05-11 01:42:55,361{GMT}	INFO	[jepsen worker 2] jepsen.util: 2	:invoke	:read	nil
2023-05-11 01:42:55,362{GMT}	INFO	[jepsen worker 2] jepsen.util: 2	:ok	:read	[6 9 13 23 31 36 39 50 54 58 61 64 75 78]
2023-05-11 01:42:55,445{GMT}	INFO	[jepsen worker 3] jepsen.util: 3	:invoke	:broadcast	81
2023-05-11 01:42:55,445{GMT}	INFO	[jepsen worker 3] jepsen.util: 3	:ok	:broadcast	81
2023-05-11 01:42:55,523{GMT}	INFO	[jepsen worker 4] jepsen.util: 4	:invoke	:read	nil
2023-05-11 01:42:55,524{GMT}	INFO	[jepsen worker 4] jepsen.util: 4	:ok	:read	[3 4 7 15 18 33 41 66 69 71 79]
2023-05-11 01:42:55,545{GMT}	INFO	[jepsen worker 0] jepsen.util: 0	:invoke	:broadcast	82
2023-05-11 01:42:55,546{GMT}	INFO	[jepsen worker 0] jepsen.util: 0	:ok	:broadcast	82
2023-05-11 01:42:55,691{GMT}	INFO	[jepsen worker 0] jepsen.util: 0	:invoke	:read	nil
2023-05-11 01:42:55,692{GMT}	INFO	[jepsen worker 0] jepsen.util: 0	:ok	:read	[0 8 10 11 12 16 19 21 25 26 27 28 30 34 37 38 42 45 48 52 56 62 67 70 72 73 77 80 82]
2023-05-11 01:42:55,738{GMT}	INFO	[jepsen worker 1] jepsen.util: 1	:invoke	:read	nil
2023-05-11 01:42:55,739{GMT}	INFO	[jepsen worker 1] jepsen.util: 1	:ok	:read	[1 5 17 22 35 43 46 49 53 57 60 63 74]
2023-05-11 01:42:55,791{GMT}	INFO	[jepsen worker 2] jepsen.util: 2	:invoke	:read	nil
2023-05-11 01:42:55,792{GMT}	INFO	[jepsen worker 2] jepsen.util: 2	:ok	:read	[6 9 13 23 31 36 39 50 54 58 61 64 75 78]
2023-05-11 01:42:55,860{GMT}	INFO	[jepsen worker 3] jepsen.util: 3	:invoke	:broadcast	83
2023-05-11 01:42:55,861{GMT}	INFO	[jepsen worker 3] jepsen.util: 3	:ok	:broadcast	83
2023-05-11 01:42:55,868{GMT}	INFO	[jepsen worker 4] jepsen.util: 4	:invoke	:read	nil
2023-05-11 01:42:55,869{GMT}	INFO	[jepsen worker 4] jepsen.util: 4	:ok	:read	[3 4 7 15 18 33 41 66 69 71 79]
2023-05-11 01:42:55,922{GMT}	INFO	[jepsen worker 0] jepsen.util: 0	:invoke	:read	nil
2023-05-11 01:42:55,923{GMT}	INFO	[jepsen worker 0] jepsen.util: 0	:ok	:read	[0 8 10 11 12 16 19 21 25 26 27 28 30 34 37 38 42 45 48 52 56 62 67 70 72 73 77 80 82]
2023-05-11 01:42:56,065{GMT}	INFO	[jepsen worker 0] jepsen.util: 0	:invoke	:broadcast	84
2023-05-11 01:42:56,066{GMT}	INFO	[jepsen worker 0] jepsen.util: 0	:ok	:broadcast	84
2023-05-11 01:42:56,122{GMT}	INFO	[jepsen worker 1] jepsen.util: 1	:invoke	:read	nil
2023-05-11 01:42:56,123{GMT}	INFO	[jepsen worker 1] jepsen.util: 1	:ok	:read	[1 5 17 22 35 43 46 49 53 57 60 63 74]
2023-05-11 01:42:56,281{GMT}	INFO	[jepsen worker 2] jepsen.util: 2	:invoke	:read	nil
2023-05-11 01:42:56,282{GMT}	INFO	[jepsen worker 2] jepsen.util: 2	:ok	:read	[6 9 13 23 31 36 39 50 54 58 61 64 75 78]
2023-05-11 01:42:56,385{GMT}	INFO	[jepsen worker 3] jepsen.util: 3	:invoke	:read	nil
2023-05-11 01:42:56,386{GMT}	INFO	[jepsen worker 3] jepsen.util: 3	:ok	:read	[2 14 20 24 29 32 40 44 47 51 55 59 65 68 76 81 83]
2023-05-11 01:42:56,442{GMT}	INFO	[jepsen worker 4] jepsen.util: 4	:invoke	:read	nil
2023-05-11 01:42:56,443{GMT}	INFO	[jepsen worker 4] jepsen.util: 4	:ok	:read	[3 4 7 15 18 33 41 66 69 71 79]
2023-05-11 01:42:56,454{GMT}	INFO	[jepsen worker 0] jepsen.util: 0	:invoke	:broadcast	85
2023-05-11 01:42:56,455{GMT}	INFO	[jepsen worker 0] jepsen.util: 0	:ok	:broadcast	85
2023-05-11 01:42:56,537{GMT}	INFO	[jepsen worker 0] jepsen.util: 0	:invoke	:read	nil
2023-05-11 01:42:56,538{GMT}	INFO	[jepsen worker 0] jepsen.util: 0	:ok	:read	[0 8 10 11 12 16 19 21 25 26 27 28 30 34 37 38 42 45 48 52 56 62 67 70 72 73 77 80 82 84 85]
2023-05-11 01:42:56,592{GMT}	INFO	[jepsen worker 1] jepsen.util: 1	:invoke	:broadcast	86
2023-05-11 01:42:56,593{GMT}	INFO	[jepsen worker 1] jepsen.util: 1	:ok	:broadcast	86
2023-05-11 01:42:56,736{GMT}	INFO	[jepsen worker 2] jepsen.util: 2	:invoke	:read	nil
2023-05-11 01:42:56,737{GMT}	INFO	[jepsen worker 2] jepsen.util: 2	:ok	:read	[6 9 13 23 31 36 39 50 54 58 61 64 75 78]
2023-05-11 01:42:56,915{GMT}	INFO	[jepsen worker 3] jepsen.util: 3	:invoke	:read	nil
2023-05-11 01:42:56,916{GMT}	INFO	[jepsen worker 3] jepsen.util: 3	:ok	:read	[2 14 20 24 29 32 40 44 47 51 55 59 65 68 76 81 83]
2023-05-11 01:42:56,951{GMT}	INFO	[jepsen worker 4] jepsen.util: 4	:invoke	:read	nil
2023-05-11 01:42:56,952{GMT}	INFO	[jepsen worker 4] jepsen.util: 4	:ok	:read	[3 4 7 15 18 33 41 66 69 71 79]
2023-05-11 01:42:57,005{GMT}	INFO	[jepsen worker 0] jepsen.util: 0	:invoke	:broadcast	87
2023-05-11 01:42:57,006{GMT}	INFO	[jepsen worker 0] jepsen.util: 0	:ok	:broadcast	87
2023-05-11 01:42:57,161{GMT}	INFO	[jepsen worker 0] jepsen.util: 0	:invoke	:read	nil
2023-05-11 01:42:57,162{GMT}	INFO	[jepsen worker 0] jepsen.util: 0	:ok	:read	[0 8 10 11 12 16 19 21 25 26 27 28 30 34 37 38 42 45 48 52 56 62 67 70 72 73 77 80 82 84 85 87]
2023-05-11 01:42:57,244{GMT}	INFO	[jepsen worker 1] jepsen.util: 1	:invoke	:broadcast	88
2023-05-11 01:42:57,245{GMT}	INFO	[jepsen worker 1] jepsen.util: 1	:ok	:broadcast	88
2023-05-11 01:42:57,259{GMT}	INFO	[jepsen worker 2] jepsen.util: 2	:invoke	:broadcast	89
2023-05-11 01:42:57,260{GMT}	INFO	[jepsen worker 2] jepsen.util: 2	:ok	:broadcast	89
2023-05-11 01:42:57,296{GMT}	INFO	[jepsen worker 3] jepsen.util: 3	:invoke	:broadcast	90
2023-05-11 01:42:57,297{GMT}	INFO	[jepsen worker 3] jepsen.util: 3	:ok	:broadcast	90
2023-05-11 01:42:57,339{GMT}	INFO	[jepsen worker 4] jepsen.util: 4	:invoke	:read	nil
2023-05-11 01:42:57,340{GMT}	INFO	[jepsen worker 4] jepsen.util: 4	:ok	:read	[3 4 7 15 18 33 41 66 69 71 79]
2023-05-11 01:42:57,390{GMT}	INFO	[jepsen worker 0] jepsen.util: 0	:invoke	:read	nil
2023-05-11 01:42:57,391{GMT}	INFO	[jepsen worker 0] jepsen.util: 0	:ok	:read	[0 8 10 11 12 16 19 21 25 26 27 28 30 34 37 38 42 45 48 52 56 62 67 70 72 73 77 80 82 84 85 87]
2023-05-11 01:42:57,581{GMT}	INFO	[jepsen worker 0] jepsen.util: 0	:invoke	:read	nil
2023-05-11 01:42:57,582{GMT}	INFO	[jepsen worker 0] jepsen.util: 0	:ok	:read	[0 8 10 11 12 16 19 21 25 26 27 28 30 34 37 38 42 45 48 52 56 62 67 70 72 73 77 80 82 84 85 87]
2023-05-11 01:42:57,641{GMT}	INFO	[jepsen worker 1] jepsen.util: 1	:invoke	:read	nil
2023-05-11 01:42:57,642{GMT}	INFO	[jepsen worker 1] jepsen.util: 1	:ok	:read	[1 5 17 22 35 43 46 49 53 57 60 63 74 86 88]
2023-05-11 01:42:57,657{GMT}	INFO	[jepsen worker 2] jepsen.util: 2	:invoke	:read	nil
2023-05-11 01:42:57,658{GMT}	INFO	[jepsen worker 2] jepsen.util: 2	:ok	:read	[6 9 13 23 31 36 39 50 54 58 61 64 75 78 89]
2023-05-11 01:42:57,830{GMT}	INFO	[jepsen worker 3] jepsen.util: 3	:invoke	:broadcast	91
2023-05-11 01:42:57,831{GMT}	INFO	[jepsen worker 3] jepsen.util: 3	:ok	:broadcast	91
2023-05-11 01:42:58,015{GMT}	INFO	[jepsen worker 4] jepsen.util: 4	:invoke	:broadcast	92
2023-05-11 01:42:58,016{GMT}	INFO	[jepsen worker 4] jepsen.util: 4	:ok	:broadcast	92
2023-05-11 01:42:58,114{GMT}	INFO	[jepsen worker 0] jepsen.util: 0	:invoke	:read	nil
2023-05-11 01:42:58,115{GMT}	INFO	[jepsen worker 0] jepsen.util: 0	:ok	:read	[0 8 10 11 12 16 19 21 25 26 27 28 30 34 37 38 42 45 48 52 56 62 67 70 72 73 77 80 82 84 85 87]
2023-05-11 01:42:58,156{GMT}	INFO	[jepsen worker 0] jepsen.util: 0	:invoke	:read	nil
2023-05-11 01:42:58,157{GMT}	INFO	[jepsen worker 0] jepsen.util: 0	:ok	:read	[0 8 10 11 12 16 19 21 25 26 27 28 30 34 37 38 42 45 48 52 56 62 67 70 72 73 77 80 82 84 85 87]
2023-05-11 01:42:58,273{GMT}	INFO	[jepsen worker 1] jepsen.util: 1	:invoke	:broadcast	93
2023-05-11 01:42:58,274{GMT}	INFO	[jepsen worker 1] jepsen.util: 1	:ok	:broadcast	93
2023-05-11 01:42:58,472{GMT}	INFO	[jepsen worker 2] jepsen.util: 2	:invoke	:broadcast	94
2023-05-11 01:42:58,473{GMT}	INFO	[jepsen worker 2] jepsen.util: 2	:ok	:broadcast	94
2023-05-11 01:42:58,558{GMT}	INFO	[jepsen worker 3] jepsen.util: 3	:invoke	:read	nil
2023-05-11 01:42:58,559{GMT}	INFO	[jepsen worker 3] jepsen.util: 3	:ok	:read	[2 14 20 24 29 32 40 44 47 51 55 59 65 68 76 81 83 90 91]
2023-05-11 01:42:58,758{GMT}	INFO	[jepsen worker 4] jepsen.util: 4	:invoke	:broadcast	95
2023-05-11 01:42:58,759{GMT}	INFO	[jepsen worker 0] jepsen.util: 0	:invoke	:broadcast	96
2023-05-11 01:42:58,759{GMT}	INFO	[jepsen worker 4] jepsen.util: 4	:ok	:broadcast	95
2023-05-11 01:42:58,760{GMT}	INFO	[jepsen worker 0] jepsen.util: 0	:ok	:broadcast	96
2023-05-11 01:42:58,922{GMT}	INFO	[jepsen worker 0] jepsen.util: 0	:invoke	:read	nil
2023-05-11 01:42:58,923{GMT}	INFO	[jepsen worker 0] jepsen.util: 0	:ok	:read	[0 8 10 11 12 16 19 21 25 26 27 28 30 34 37 38 42 45 48 52 56 62 67 70 72 73 77 80 82 84 85 87 96]
2023-05-11 01:42:59,121{GMT}	INFO	[jepsen worker 1] jepsen.util: 1	:invoke	:read	nil
2023-05-11 01:42:59,122{GMT}	INFO	[jepsen worker 1] jepsen.util: 1	:ok	:read	[1 5 17 22 35 43 46 49 53 57 60 63 74 86 88 93]
2023-05-11 01:42:59,207{GMT}	INFO	[jepsen worker 2] jepsen.util: 2	:invoke	:broadcast	97
2023-05-11 01:42:59,208{GMT}	INFO	[jepsen worker 2] jepsen.util: 2	:ok	:broadcast	97
2023-05-11 01:42:59,309{GMT}	INFO	[jepsen worker 3] jepsen.util: 3	:invoke	:read	nil
2023-05-11 01:42:59,309{GMT}	INFO	[jepsen worker 3] jepsen.util: 3	:ok	:read	[2 14 20 24 29 32 40 44 47 51 55 59 65 68 76 81 83 90 91]
2023-05-11 01:42:59,419{GMT}	INFO	[jepsen worker 4] jepsen.util: 4	:invoke	:broadcast	98
2023-05-11 01:42:59,420{GMT}	INFO	[jepsen worker 4] jepsen.util: 4	:ok	:broadcast	98
2023-05-11 01:42:59,425{GMT}	INFO	[jepsen worker 0] jepsen.util: 0	:invoke	:read	nil
2023-05-11 01:42:59,426{GMT}	INFO	[jepsen worker 0] jepsen.util: 0	:ok	:read	[0 8 10 11 12 16 19 21 25 26 27 28 30 34 37 38 42 45 48 52 56 62 67 70 72 73 77 80 82 84 85 87 96]
2023-05-11 01:42:59,490{GMT}	INFO	[jepsen worker 0] jepsen.util: 0	:invoke	:broadcast	99
2023-05-11 01:42:59,491{GMT}	INFO	[jepsen worker 0] jepsen.util: 0	:ok	:broadcast	99
2023-05-11 01:42:59,514{GMT}	INFO	[jepsen worker 1] jepsen.util: 1	:invoke	:broadcast	100
2023-05-11 01:42:59,515{GMT}	INFO	[jepsen worker 1] jepsen.util: 1	:ok	:broadcast	100
2023-05-11 01:42:59,677{GMT}	INFO	[jepsen worker 2] jepsen.util: 2	:invoke	:broadcast	101
2023-05-11 01:42:59,677{GMT}	INFO	[jepsen worker 2] jepsen.util: 2	:ok	:broadcast	101
2023-05-11 01:42:59,732{GMT}	INFO	[jepsen worker 3] jepsen.util: 3	:invoke	:broadcast	102
2023-05-11 01:42:59,733{GMT}	INFO	[jepsen worker 3] jepsen.util: 3	:ok	:broadcast	102
2023-05-11 01:42:59,905{GMT}	INFO	[jepsen worker 4] jepsen.util: 4	:invoke	:read	nil
2023-05-11 01:42:59,906{GMT}	INFO	[jepsen worker 4] jepsen.util: 4	:ok	:read	[3 4 7 15 18 33 41 66 69 71 79 92 95 98]
2023-05-11 01:43:00,023{GMT}	INFO	[jepsen worker 0] jepsen.util: 0	:invoke	:read	nil
2023-05-11 01:43:00,024{GMT}	INFO	[jepsen worker 0] jepsen.util: 0	:ok	:read	[0 8 10 11 12 16 19 21 25 26 27 28 30 34 37 38 42 45 48 52 56 62 67 70 72 73 77 80 82 84 85 87 96 99]
2023-05-11 01:43:00,175{GMT}	INFO	[jepsen worker 0] jepsen.util: 0	:invoke	:read	nil
2023-05-11 01:43:00,176{GMT}	INFO	[jepsen worker 0] jepsen.util: 0	:ok	:read	[0 8 10 11 12 16 19 21 25 26 27 28 30 34 37 38 42 45 48 52 56 62 67 70 72 73 77 80 82 84 85 87 96 99]
2023-05-11 01:43:00,288{GMT}	INFO	[jepsen worker 1] jepsen.util: 1	:invoke	:read	nil
2023-05-11 01:43:00,289{GMT}	INFO	[jepsen worker 1] jepsen.util: 1	:ok	:read	[1 5 17 22 35 43 46 49 53 57 60 63 74 86 88 93 100]
2023-05-11 01:43:00,361{GMT}	INFO	[jepsen worker 2] jepsen.util: 2	:invoke	:broadcast	103
2023-05-11 01:43:00,362{GMT}	INFO	[jepsen worker 2] jepsen.util: 2	:ok	:broadcast	103
2023-05-11 01:43:00,502{GMT}	INFO	[jepsen worker 3] jepsen.util: 3	:invoke	:read	nil
2023-05-11 01:43:00,503{GMT}	INFO	[jepsen worker 3] jepsen.util: 3	:ok	:read	[2 14 20 24 29 32 40 44 47 51 55 59 65 68 76 81 83 90 91 102]
2023-05-11 01:43:00,554{GMT}	INFO	[jepsen worker 4] jepsen.util: 4	:invoke	:broadcast	104
2023-05-11 01:43:00,555{GMT}	INFO	[jepsen worker 4] jepsen.util: 4	:ok	:broadcast	104
2023-05-11 01:43:00,611{GMT}	INFO	[jepsen worker 0] jepsen.util: 0	:invoke	:broadcast	105
2023-05-11 01:43:00,612{GMT}	INFO	[jepsen worker 0] jepsen.util: 0	:ok	:broadcast	105
2023-05-11 01:43:00,669{GMT}	INFO	[jepsen worker 0] jepsen.util: 0	:invoke	:read	nil
2023-05-11 01:43:00,670{GMT}	INFO	[jepsen worker 0] jepsen.util: 0	:ok	:read	[0 8 10 11 12 16 19 21 25 26 27 28 30 34 37 38 42 45 48 52 56 62 67 70 72 73 77 80 82 84 85 87 96 99 105]
2023-05-11 01:43:00,846{GMT}	INFO	[jepsen worker 1] jepsen.util: 1	:invoke	:broadcast	106
2023-05-11 01:43:00,847{GMT}	INFO	[jepsen worker 1] jepsen.util: 1	:ok	:broadcast	106
2023-05-11 01:43:00,881{GMT}	INFO	[jepsen worker 2] jepsen.util: 2	:invoke	:broadcast	107
2023-05-11 01:43:00,881{GMT}	INFO	[jepsen worker 2] jepsen.util: 2	:ok	:broadcast	107
2023-05-11 01:43:00,899{GMT}	INFO	[jepsen worker 3] jepsen.util: 3	:invoke	:read	nil
2023-05-11 01:43:00,900{GMT}	INFO	[jepsen worker 3] jepsen.util: 3	:ok	:read	[2 14 20 24 29 32 40 44 47 51 55 59 65 68 76 81 83 90 91 102]
2023-05-11 01:43:00,901{GMT}	INFO	[jepsen worker 4] jepsen.generator.interpreter: Waiting for recovery...
2023-05-11 01:43:10,902{GMT}	INFO	[jepsen worker 3] jepsen.util: 3	:invoke	:read	nil
2023-05-11 01:43:10,902{GMT}	INFO	[jepsen worker 1] jepsen.util: 1	:invoke	:read	nil
2023-05-11 01:43:10,903{GMT}	INFO	[jepsen worker 2] jepsen.util: 2	:invoke	:read	nil
2023-05-11 01:43:10,903{GMT}	INFO	[jepsen worker 0] jepsen.util: 0	:invoke	:read	nil
2023-05-11 01:43:10,903{GMT}	INFO	[jepsen worker 4] jepsen.util: 4	:invoke	:read	nil
2023-05-11 01:43:10,903{GMT}	INFO	[jepsen worker 2] jepsen.util: 2	:ok	:read	[6 9 13 23 31 36 39 50 54 58 61 64 75 78 89 94 97 101 103 107]
2023-05-11 01:43:10,903{GMT}	INFO	[jepsen worker 1] jepsen.util: 1	:ok	:read	[1 5 17 22 35 43 46 49 53 57 60 63 74 86 88 93 100 106]
2023-05-11 01:43:10,904{GMT}	INFO	[jepsen worker 0] jepsen.util: 0	:ok	:read	[0 8 10 11 12 16 19 21 25 26 27 28 30 34 37 38 42 45 48 52 56 62 67 70 72 73 77 80 82 84 85 87 96 99 105]
2023-05-11 01:43:10,904{GMT}	INFO	[jepsen worker 4] jepsen.util: 4	:ok	:read	[3 4 7 15 18 33 41 66 69 71 79 92 95 98 104]
2023-05-11 01:43:10,903{GMT}	INFO	[jepsen worker 3] jepsen.util: 3	:ok	:read	[2 14 20 24 29 32 40 44 47 51 55 59 65 68 76 81 83 90 91 102]
2023-05-11 01:43:10,915{GMT}	INFO	[jepsen test runner] jepsen.core: Run complete, writing
2023-05-11 01:43:10,960{GMT}	INFO	[jepsen node n1] maelstrom.db: Tearing down n1
2023-05-11 01:43:10,960{GMT}	INFO	[jepsen node n2] maelstrom.db: Tearing down n2
2023-05-11 01:43:10,960{GMT}	INFO	[jepsen node n0] maelstrom.db: Tearing down n0
2023-05-11 01:43:10,961{GMT}	INFO	[jepsen node n4] maelstrom.db: Tearing down n4
2023-05-11 01:43:10,961{GMT}	INFO	[jepsen node n3] maelstrom.db: Tearing down n3
2023-05-11 01:43:11,930{GMT}	INFO	[jepsen node n0] maelstrom.net: Shutting down Maelstrom network
2023-05-11 01:43:11,931{GMT}	INFO	[jepsen test runner] jepsen.core: Analyzing...
2023-05-11 01:43:12,069{GMT}	INFO	[jepsen test runner] jepsen.core: Analysis complete
2023-05-11 01:43:12,092{GMT}	INFO	[jepsen results] jepsen.store: Wrote /home/eman/gossip-glomers/maelstrom/store/broadcast/20230511T014239.548-0400/results.edn
2023-05-11 01:43:12,114{GMT}	INFO	[jepsen test runner] jepsen.core: {:perf {:latency-graph {:valid? true},
        :rate-graph {:valid? true},
        :valid? true},
 :timeline {:valid? true},
 :exceptions {:valid? true},
 :stats {:valid? true,
         :count 225,
         :ok-count 225,
         :fail-count 0,
         :info-count 0,
         :by-f {:broadcast {:valid? true,
                            :count 108,
                            :ok-count 108,
                            :fail-count 0,
                            :info-count 0},
                :read {:valid? true,
                       :count 117,
                       :ok-count 117,
                       :fail-count 0,
                       :info-count 0}}},
 :availability {:valid? true, :ok-fraction 1.0},
 :net {:all {:send-count 470,
             :recv-count 470,
             :msg-count 470,
             :msgs-per-op 2.088889},
       :clients {:send-count 470, :recv-count 470, :msg-count 470},
       :servers {:send-count 0,
                 :recv-count 0,
                 :msg-count 0,
                 :msgs-per-op 0.0},
       :valid? true},
 :workload {:worst-stale ({:element 3,
                           :outcome :stable,
                           :stable-latency 29478,
                           :lost-latency nil,
                           :known #jepsen.history.Op{:index 9,
                                                     :time 481779997,
                                                     :type :ok,
                                                     :process 4,
                                                     :f :add,
                                                     :value 3},
                           :last-absent #jepsen.history.Op{:index 443,
                                                           :time 29960716069,
                                                           :type :invoke,
                                                           :process 0,
                                                           :f :read,
                                                           :value nil,
                                                           :final? true}}
                          {:element 4,
                           :outcome :stable,
                           :stable-latency 28956,
                           :lost-latency nil,
                           :known #jepsen.history.Op{:index 21,
                                                     :time 1003722616,
                                                     :type :ok,
                                                     :process 4,
                                                     :f :add,
                                                     :value 4},
                           :last-absent #jepsen.history.Op{:index 443,
                                                           :time 29960716069,
                                                           :type :invoke,
                                                           :process 0,
                                                           :f :read,
                                                           :value nil,
                                                           :final? true}}
                          {:element 7,
                           :outcome :stable,
                           :stable-latency 28352,
                           :lost-latency nil,
                           :known #jepsen.history.Op{:index 33,
                                                     :time 1608379318,
                                                     :type :ok,
                                                     :process 4,
                                                     :f :add,
                                                     :value 7},
                           :last-absent #jepsen.history.Op{:index 443,
                                                           :time 29960716069,
                                                           :type :invoke,
                                                           :process 0,
                                                           :f :read,
                                                           :value nil,
                                                           :final? true}}
                          {:element 15,
                           :outcome :stable,
                           :stable-latency 26793,
                           :lost-latency nil,
                           :known #jepsen.history.Op{:index 69,
                                                     :time 3167160948,
                                                     :type :ok,
                                                     :process 4,
                                                     :f :add,
                                                     :value 15},
                           :last-absent #jepsen.history.Op{:index 443,
                                                           :time 29960716069,
                                                           :type :invoke,
                                                           :process 0,
                                                           :f :read,
                                                           :value nil,
                                                           :final? true}}
                          {:element 18,
                           :outcome :stable,
                           :stable-latency 26216,
                           :lost-latency nil,
                           :known #jepsen.history.Op{:index 81,
                                                     :time 3744547279,
                                                     :type :ok,
                                                     :process 4,
                                                     :f :add,
                                                     :value 18},
                           :last-absent #jepsen.history.Op{:index 443,
                                                           :time 29960716069,
                                                           :type :invoke,
                                                           :process 0,
                                                           :f :read,
                                                           :value nil,
                                                           :final? true}}
                          {:element 33,
                           :outcome :stable,
                           :stable-latency 23472,
                           :lost-latency nil,
                           :known #jepsen.history.Op{:index 141,
                                                     :time 6488219957,
                                                     :type :ok,
                                                     :process 4,
                                                     :f :add,
                                                     :value 33},
                           :last-absent #jepsen.history.Op{:index 443,
                                                           :time 29960716069,
                                                           :type :invoke,
                                                           :process 0,
                                                           :f :read,
                                                           :value nil,
                                                           :final? true}}
                          {:element 41,
                           :outcome :stable,
                           :stable-latency 22546,
                           :lost-latency nil,
                           :known #jepsen.history.Op{:index 165,
                                                     :time 7413984997,
                                                     :type :ok,
                                                     :process 4,
                                                     :f :add,
                                                     :value 41},
                           :last-absent #jepsen.history.Op{:index 443,
                                                           :time 29960716069,
                                                           :type :invoke,
                                                           :process 0,
                                                           :f :read,
                                                           :value nil,
                                                           :final? true}}
                          {:element 66,
                           :outcome :stable,
                           :stable-latency 17882,
                           :lost-latency nil,
                           :known #jepsen.history.Op{:index 261,
                                                     :time 12077983743,
                                                     :type :ok,
                                                     :process 4,
                                                     :f :add,
                                                     :value 66},
                           :last-absent #jepsen.history.Op{:index 443,
                                                           :time 29960716069,
                                                           :type :invoke,
                                                           :process 0,
                                                           :f :read,
                                                           :value nil,
                                                           :final? true}}),
            :duplicated-count 0,
            :valid? false,
            :lost-count 93,
            :lost (0
                   1
                   2
                   5
                   6
                   8
                   9
                   10
                   11
                   12
                   13
                   14
                   16
                   17
                   19
                   20
                   21
                   22
                   23
                   24
                   25
                   26
                   27
                   28
                   29
                   30
                   31
                   32
                   34
                   35
                   36
                   37
                   38
                   39
                   40
                   42
                   43
                   44
                   45
                   46
                   47
                   48
                   49
                   50
                   51
                   52
                   53
                   54
                   55
                   56
                   57
                   58
                   59
                   60
                   61
                   62
                   63
                   64
                   65
                   67
                   68
                   70
                   72
                   73
                   74
                   75
                   76
                   77
                   78
                   80
                   81
                   82
                   83
                   84
                   85
                   86
                   87
                   88
                   89
                   90
                   91
                   93
                   94
                   96
                   97
                   99
                   100
                   101
                   102
                   103
                   105
                   106
                   107),
            :stable-count 15,
            :stale-count 15,
            :stale (3 4 7 15 18 33 41 66 69 71 79 92 95 98 104),
            :never-read-count 0,
            :stable-latencies {0 10348,
                               0.5 17882,
                               0.95 29478,
                               0.99 29478,
                               1 29478},
            :attempt-count 108,
            :lost-latencies {0 10020,
                             0.5 19904,
                             0.95 28598,
                             0.99 29942,
                             1 29942},
            :never-read (),
            :duplicated {}},
 :valid? false}


Analysis invalid! ( 
