2023-05-11 02:02:51,758{GMT}	INFO	[jepsen test runner] jepsen.core: Command line:
lein run test -w broadcast --bin ../maelstrom-echo/target/release/maelstrom-echo --node-count 5 --time-limit 20 --rate 10 --nemesis partition
2023-05-11 02:02:51,826{GMT}	INFO	[jepsen test runner] jepsen.core: Running test:
{:args []
 :remote
 #jepsen.control.retry.Remote{:remote #jepsen.control.scp.Remote{:cmd-remote #jepsen.control.sshj.SSHJRemote{:concurrency-limit 6,
                                                                                                             :conn-spec nil,
                                                                                                             :client nil,
                                                                                                             :semaphore nil},
                                                                 :conn-spec nil},
                              :conn nil}
 :log-net-send false
 :node-count 5
 :availability nil
 :max-txn-length 4
 :concurrency 5
 :db
 #object[maelstrom.db$db$reify__16142
         "0x50a1c2f3"
         "maelstrom.db$db$reify__16142@50a1c2f3"]
 :max-writes-per-key 16
 :leave-db-running? false
 :name "broadcast"
 :logging-json? false
 :start-time
 #object[org.joda.time.DateTime "0x333813e7" "2023-05-11T02:02:51.745-04:00"]
 :nemesis-interval 10
 :net
 #object[maelstrom.net$jepsen_net$reify__15251
         "0x292237cd"
         "maelstrom.net$jepsen_net$reify__15251@292237cd"]
 :client
 #object[maelstrom.workload.broadcast$client$reify__16644
         "0x797a5b31"
         "maelstrom.workload.broadcast$client$reify__16644@797a5b31"]
 :barrier
 #object[java.util.concurrent.CyclicBarrier
         "0x13d7d1a8"
         "java.util.concurrent.CyclicBarrier@13d7d1a8"]
 :log-stderr false
 :pure-generators true
 :ssh {:dummy? true}
 :rate 10.0
 :checker
 #object[jepsen.checker$compose$reify__11881
         "0x60035f1e"
         "jepsen.checker$compose$reify__11881@60035f1e"]
 :argv
 ("test"
  "-w"
  "broadcast"
  "--bin"
  "../maelstrom-echo/target/release/maelstrom-echo"
  "--node-count"
  "5"
  "--time-limit"
  "20"
  "--rate"
  "10"
  "--nemesis"
  "partition")
 :nemesis
 (jepsen.nemesis.ReflCompose
  {:fm {:start-partition 0,
        :stop-partition 0,
        :kill 1,
        :start 1,
        :pause 1,
        :resume 1},
   :nemeses [#unprintable "jepsen.nemesis.combined$partition_nemesis$reify__16416@5827908c"
             #unprintable "jepsen.nemesis.combined$db_nemesis$reify__16397@732ffb6a"]})
 :nodes ["n0" "n1" "n2" "n3" "n4"]
 :test-count 1
 :latency {:mean 0, :dist :constant}
 :bin "../maelstrom-echo/target/release/maelstrom-echo"
 :generator
 ((jepsen.generator.Synchronize
   {:gen (jepsen.generator.TimeLimit
          {:limit 20000000000,
           :cutoff nil,
           :gen (jepsen.generator.Any
                 {:gens [(jepsen.generator.OnThreads
                          {:f #{:nemesis},
                           :context-filter #object[jepsen.generator.context$make_thread_filter$lazy_filter__9167
                                                   "0x40f40221"
                                                   "jepsen.generator.context$make_thread_filter$lazy_filter__9167@40f40221"],
                           :gen (jepsen.generator.Stagger
                                 {:dt 20000000000,
                                  :next-time nil,
                                  :gen (jepsen.generator.FlipFlop
                                        {:gens [#object[jepsen.nemesis.combined$partition_package$start__16420
                                                        "0x16441c13"
                                                        "jepsen.nemesis.combined$partition_package$start__16420@16441c13"]
                                                ({:type :info,
                                                  :f :stop-partition,
                                                  :value nil}
                                                 {:type :info,
                                                  :f :stop-partition,
                                                  :value nil}
                                                 {:type :info,
                                                  :f :stop-partition,
                                                  :value nil}
                                                 {:type :info,
                                                  :f :stop-partition,
                                                  :value nil}
                                                 {:type :info,
                                                  :f :stop-partition,
                                                  :value nil}
                                                 {:type :info,
                                                  :f :stop-partition,
                                                  :value nil}
                                                 {:type :info,
                                                  :f :stop-partition,
                                                  :value nil}
                                                 {:type :info,
                                                  :f :stop-partition,
                                                  :value nil}
                                                 ...)],
                                         :i 0})})})
                         (jepsen.generator.OnThreads
                          {:f #jepsen.generator.context.AllBut{:element :nemesis},
                           :context-filter #object[jepsen.generator.context$make_thread_filter$lazy_filter__9167
                                                   "0x164dfad2"
                                                   "jepsen.generator.context$make_thread_filter$lazy_filter__9167@164dfad2"],
                           :gen (jepsen.generator.Stagger
                                 {:dt 200000000,
                                  :next-time nil,
                                  :gen (jepsen.generator.Mix
                                        {:i 1,
                                         :gens [({:f :broadcast, :value 0}
                                                 {:f :broadcast, :value 1}
                                                 {:f :broadcast, :value 2}
                                                 {:f :broadcast, :value 3}
                                                 {:f :broadcast, :value 4}
                                                 {:f :broadcast, :value 5}
                                                 {:f :broadcast, :value 6}
                                                 {:f :broadcast, :value 7}
                                                 ...)
                                                ({:f :read}
                                                 {:f :read}
                                                 {:f :read}
                                                 {:f :read}
                                                 {:f :read}
                                                 {:f :read}
                                                 {:f :read}
                                                 {:f :read}
                                                 ...)]})})})]})})})
  (jepsen.generator.Synchronize
   {:gen (jepsen.generator.OnThreads
          {:f #{:nemesis},
           :context-filter #object[jepsen.generator.context$make_thread_filter$lazy_filter__9167
                                   "0x76480730"
                                   "jepsen.generator.context$make_thread_filter$lazy_filter__9167@76480730"],
           :gen ({:type :info, :f :stop-partition, :value nil})})})
  (jepsen.generator.Synchronize
   {:gen {:type :log, :value "Waiting for recovery..."}})
  (jepsen.generator.Synchronize {:gen {:type :sleep, :value 10}})
  (jepsen.generator.Synchronize
   {:gen (jepsen.generator.OnThreads
          {:f #jepsen.generator.context.AllBut{:element :nemesis},
           :context-filter #object[jepsen.generator.context$make_thread_filter$lazy_filter__9167
                                   "0x405a296e"
                                   "jepsen.generator.context$make_thread_filter$lazy_filter__9167@405a296e"],
           :gen (jepsen.generator.EachThread
                 {:fresh-gen {:f :read, :final? true},
                  :context-filters #object[clojure.core$promise$reify__8591
                                           "0x77198cce"
                                           {:status :pending, :val nil}],
                  :gens {}})})}))
 :log-net-recv false
 :os
 #object[maelstrom.net$jepsen_os$reify__15254
         "0xe7b7395"
         "maelstrom.net$jepsen_os$reify__15254@e7b7395"]
 :time-limit 20
 :workload :broadcast
 :consistency-models [:strict-serializable]
 :topology :grid}

2023-05-11 02:02:53,143{GMT}	INFO	[jepsen node n0] maelstrom.net: Starting Maelstrom network
2023-05-11 02:02:53,144{GMT}	INFO	[jepsen test runner] jepsen.db: Tearing down DB
2023-05-11 02:02:53,146{GMT}	INFO	[jepsen test runner] jepsen.db: Setting up DB
2023-05-11 02:02:53,146{GMT}	INFO	[jepsen node n1] maelstrom.db: Setting up n1
2023-05-11 02:02:53,147{GMT}	INFO	[jepsen node n2] maelstrom.db: Setting up n2
2023-05-11 02:02:53,147{GMT}	INFO	[jepsen node n3] maelstrom.db: Setting up n3
2023-05-11 02:02:53,147{GMT}	INFO	[jepsen node n4] maelstrom.db: Setting up n4
2023-05-11 02:02:53,147{GMT}	INFO	[jepsen node n1] maelstrom.process: launching ../maelstrom-echo/target/release/maelstrom-echo []
2023-05-11 02:02:53,147{GMT}	INFO	[jepsen node n3] maelstrom.process: launching ../maelstrom-echo/target/release/maelstrom-echo []
2023-05-11 02:02:53,147{GMT}	INFO	[jepsen node n2] maelstrom.process: launching ../maelstrom-echo/target/release/maelstrom-echo []
2023-05-11 02:02:53,147{GMT}	INFO	[jepsen node n4] maelstrom.process: launching ../maelstrom-echo/target/release/maelstrom-echo []
2023-05-11 02:02:53,148{GMT}	INFO	[jepsen node n0] maelstrom.service: Starting services: (lin-kv lin-tso lww-kv seq-kv)
2023-05-11 02:02:53,150{GMT}	INFO	[jepsen node n0] maelstrom.db: Setting up n0
2023-05-11 02:02:53,150{GMT}	INFO	[jepsen node n0] maelstrom.process: launching ../maelstrom-echo/target/release/maelstrom-echo []
2023-05-11 02:02:53,168{GMT}	INFO	[jepsen test runner] jepsen.core: Relative time begins now
2023-05-11 02:02:53,183{GMT}	INFO	[jepsen worker 1] jepsen.util: 1	:invoke	:read	nil
2023-05-11 02:02:53,183{GMT}	INFO	[jepsen worker nemesis] jepsen.util: :nemesis	:info	:start-partition	:minority-third
2023-05-11 02:02:53,186{GMT}	INFO	[jepsen worker 1] jepsen.util: 1	:ok	:read	[]
2023-05-11 02:02:53,189{GMT}	INFO	[jepsen worker nemesis] jepsen.util: :nemesis	:info	:start-partition	[:isolated {"n2" #{"n1" "n4" "n0" "n3"}, "n1" #{"n2"}, "n4" #{"n2"}, "n0" #{"n2"}, "n3" #{"n2"}}]
2023-05-11 02:02:53,329{GMT}	INFO	[jepsen worker 2] jepsen.util: 2	:invoke	:broadcast	0
2023-05-11 02:02:53,332{GMT}	INFO	[jepsen worker 2] jepsen.util: 2	:ok	:broadcast	0
2023-05-11 02:02:53,424{GMT}	INFO	[jepsen worker 3] jepsen.util: 3	:invoke	:broadcast	1
2023-05-11 02:02:53,427{GMT}	INFO	[jepsen worker 3] jepsen.util: 3	:ok	:broadcast	1
2023-05-11 02:02:53,562{GMT}	INFO	[jepsen worker 4] jepsen.util: 4	:invoke	:broadcast	2
2023-05-11 02:02:53,565{GMT}	INFO	[jepsen worker 4] jepsen.util: 4	:ok	:broadcast	2
2023-05-11 02:02:53,645{GMT}	INFO	[jepsen worker 0] jepsen.util: 0	:invoke	:broadcast	3
2023-05-11 02:02:53,648{GMT}	INFO	[jepsen worker 0] jepsen.util: 0	:ok	:broadcast	3
2023-05-11 02:02:53,835{GMT}	INFO	[jepsen worker 0] jepsen.util: 0	:invoke	:read	nil
2023-05-11 02:02:53,836{GMT}	INFO	[jepsen worker 0] jepsen.util: 0	:ok	:read	[1 2 3]
2023-05-11 02:02:53,904{GMT}	INFO	[jepsen worker 1] jepsen.util: 1	:invoke	:broadcast	4
2023-05-11 02:02:53,906{GMT}	INFO	[jepsen worker 1] jepsen.util: 1	:ok	:broadcast	4
2023-05-11 02:02:53,919{GMT}	INFO	[jepsen worker 2] jepsen.util: 2	:invoke	:broadcast	5
2023-05-11 02:02:53,921{GMT}	INFO	[jepsen worker 2] jepsen.util: 2	:ok	:broadcast	5
2023-05-11 02:02:54,027{GMT}	INFO	[jepsen worker 3] jepsen.util: 3	:invoke	:broadcast	6
2023-05-11 02:02:54,029{GMT}	INFO	[jepsen worker 3] jepsen.util: 3	:ok	:broadcast	6
2023-05-11 02:02:54,079{GMT}	INFO	[jepsen worker 4] jepsen.util: 4	:invoke	:broadcast	7
2023-05-11 02:02:54,081{GMT}	INFO	[jepsen worker 4] jepsen.util: 4	:ok	:broadcast	7
2023-05-11 02:02:54,259{GMT}	INFO	[jepsen worker 0] jepsen.util: 0	:invoke	:read	nil
2023-05-11 02:02:54,260{GMT}	INFO	[jepsen worker 0] jepsen.util: 0	:ok	:read	[4 6 7 1 2 3]
2023-05-11 02:02:54,405{GMT}	INFO	[jepsen worker 0] jepsen.util: 0	:invoke	:broadcast	8
2023-05-11 02:02:54,407{GMT}	INFO	[jepsen worker 0] jepsen.util: 0	:ok	:broadcast	8
2023-05-11 02:02:54,444{GMT}	INFO	[jepsen worker 1] jepsen.util: 1	:invoke	:read	nil
2023-05-11 02:02:54,446{GMT}	INFO	[jepsen worker 1] jepsen.util: 1	:ok	:read	[8 6 1 3 2 7 4]
2023-05-11 02:02:54,619{GMT}	INFO	[jepsen worker 2] jepsen.util: 2	:invoke	:broadcast	9
2023-05-11 02:02:54,622{GMT}	INFO	[jepsen worker 2] jepsen.util: 2	:ok	:broadcast	9
2023-05-11 02:02:54,783{GMT}	INFO	[jepsen worker 3] jepsen.util: 3	:invoke	:broadcast	10
2023-05-11 02:02:54,785{GMT}	INFO	[jepsen worker 3] jepsen.util: 3	:ok	:broadcast	10
2023-05-11 02:02:54,812{GMT}	INFO	[jepsen worker 4] jepsen.util: 4	:invoke	:broadcast	11
2023-05-11 02:02:54,814{GMT}	INFO	[jepsen worker 4] jepsen.util: 4	:ok	:broadcast	11
2023-05-11 02:02:54,830{GMT}	INFO	[jepsen worker 0] jepsen.util: 0	:invoke	:broadcast	12
2023-05-11 02:02:54,832{GMT}	INFO	[jepsen worker 0] jepsen.util: 0	:ok	:broadcast	12
2023-05-11 02:02:54,879{GMT}	INFO	[jepsen worker 0] jepsen.util: 0	:invoke	:broadcast	13
2023-05-11 02:02:54,880{GMT}	INFO	[jepsen worker 0] jepsen.util: 0	:ok	:broadcast	13
2023-05-11 02:02:54,908{GMT}	INFO	[jepsen worker 1] jepsen.util: 1	:invoke	:broadcast	14
2023-05-11 02:02:54,910{GMT}	INFO	[jepsen worker 1] jepsen.util: 1	:ok	:broadcast	14
2023-05-11 02:02:55,047{GMT}	INFO	[jepsen worker 2] jepsen.util: 2	:invoke	:read	nil
2023-05-11 02:02:55,048{GMT}	INFO	[jepsen worker 2] jepsen.util: 2	:ok	:read	[9 0 5]
2023-05-11 02:02:55,241{GMT}	INFO	[jepsen worker 3] jepsen.util: 3	:invoke	:read	nil
2023-05-11 02:02:55,242{GMT}	INFO	[jepsen worker 3] jepsen.util: 3	:ok	:read	[13 10 2 11 4 8 12 1 6 7 3 14]
2023-05-11 02:02:55,310{GMT}	INFO	[jepsen worker 4] jepsen.util: 4	:invoke	:read	nil
2023-05-11 02:02:55,311{GMT}	INFO	[jepsen worker 4] jepsen.util: 4	:ok	:read	[8 11 1 12 10 4 6 2 13 3 7 14]
2023-05-11 02:02:55,379{GMT}	INFO	[jepsen worker 0] jepsen.util: 0	:invoke	:read	nil
2023-05-11 02:02:55,380{GMT}	INFO	[jepsen worker 0] jepsen.util: 0	:ok	:read	[7 1 14 4 8 6 10 2 3 11 12 13]
2023-05-11 02:02:55,524{GMT}	INFO	[jepsen worker 0] jepsen.util: 0	:invoke	:broadcast	15
2023-05-11 02:02:55,525{GMT}	INFO	[jepsen worker 0] jepsen.util: 0	:ok	:broadcast	15
2023-05-11 02:02:55,696{GMT}	INFO	[jepsen worker 1] jepsen.util: 1	:invoke	:broadcast	16
2023-05-11 02:02:55,698{GMT}	INFO	[jepsen worker 1] jepsen.util: 1	:ok	:broadcast	16
2023-05-11 02:02:55,823{GMT}	INFO	[jepsen worker 2] jepsen.util: 2	:invoke	:read	nil
2023-05-11 02:02:55,825{GMT}	INFO	[jepsen worker 2] jepsen.util: 2	:ok	:read	[9 0 5]
2023-05-11 02:02:55,945{GMT}	INFO	[jepsen worker 3] jepsen.util: 3	:invoke	:broadcast	17
2023-05-11 02:02:55,947{GMT}	INFO	[jepsen worker 3] jepsen.util: 3	:ok	:broadcast	17
2023-05-11 02:02:55,973{GMT}	INFO	[jepsen worker 4] jepsen.util: 4	:invoke	:broadcast	18
2023-05-11 02:02:55,974{GMT}	INFO	[jepsen worker 4] jepsen.util: 4	:ok	:broadcast	18
2023-05-11 02:02:56,118{GMT}	INFO	[jepsen worker 0] jepsen.util: 0	:invoke	:read	nil
2023-05-11 02:02:56,119{GMT}	INFO	[jepsen worker 0] jepsen.util: 0	:ok	:read	[15 7 1 14 4 8 18 6 10 16 2 3 11 12 13 17]
2023-05-11 02:02:56,161{GMT}	INFO	[jepsen worker 0] jepsen.util: 0	:invoke	:read	nil
2023-05-11 02:02:56,162{GMT}	INFO	[jepsen worker 0] jepsen.util: 0	:ok	:read	[15 7 1 14 4 8 18 6 10 16 2 3 11 12 13 17]
2023-05-11 02:02:56,272{GMT}	INFO	[jepsen worker 1] jepsen.util: 1	:invoke	:read	nil
2023-05-11 02:02:56,273{GMT}	INFO	[jepsen worker 1] jepsen.util: 1	:ok	:read	[8 10 3 18 7 13 15 14 16 6 17 1 2 12 4 11]
2023-05-11 02:02:56,396{GMT}	INFO	[jepsen worker 2] jepsen.util: 2	:invoke	:read	nil
2023-05-11 02:02:56,397{GMT}	INFO	[jepsen worker 2] jepsen.util: 2	:ok	:read	[9 0 5]
2023-05-11 02:02:56,437{GMT}	INFO	[jepsen worker 3] jepsen.util: 3	:invoke	:read	nil
2023-05-11 02:02:56,439{GMT}	INFO	[jepsen worker 3] jepsen.util: 3	:ok	:read	[13 10 16 2 11 4 8 12 1 6 7 17 18 3 14 15]
2023-05-11 02:02:56,518{GMT}	INFO	[jepsen worker 4] jepsen.util: 4	:invoke	:read	nil
2023-05-11 02:02:56,519{GMT}	INFO	[jepsen worker 4] jepsen.util: 4	:ok	:read	[8 11 1 15 12 10 4 16 6 18 2 17 13 3 7 14]
2023-05-11 02:02:56,652{GMT}	INFO	[jepsen worker 0] jepsen.util: 0	:invoke	:read	nil
2023-05-11 02:02:56,653{GMT}	INFO	[jepsen worker 0] jepsen.util: 0	:ok	:read	[15 7 1 14 4 8 18 6 10 16 2 3 11 12 13 17]
2023-05-11 02:02:56,719{GMT}	INFO	[jepsen worker 0] jepsen.util: 0	:invoke	:read	nil
2023-05-11 02:02:56,721{GMT}	INFO	[jepsen worker 0] jepsen.util: 0	:ok	:read	[15 7 1 14 4 8 18 6 10 16 2 3 11 12 13 17]
2023-05-11 02:02:56,732{GMT}	INFO	[jepsen worker 1] jepsen.util: 1	:invoke	:broadcast	19
2023-05-11 02:02:56,734{GMT}	INFO	[jepsen worker 1] jepsen.util: 1	:ok	:broadcast	19
2023-05-11 02:02:56,809{GMT}	INFO	[jepsen worker 2] jepsen.util: 2	:invoke	:broadcast	20
2023-05-11 02:02:56,811{GMT}	INFO	[jepsen worker 2] jepsen.util: 2	:ok	:broadcast	20
2023-05-11 02:02:56,918{GMT}	INFO	[jepsen worker 3] jepsen.util: 3	:invoke	:read	nil
2023-05-11 02:02:56,919{GMT}	INFO	[jepsen worker 3] jepsen.util: 3	:ok	:read	[13 10 16 19 2 11 4 8 12 1 6 7 17 18 3 14 15]
2023-05-11 02:02:57,110{GMT}	INFO	[jepsen worker 4] jepsen.util: 4	:invoke	:read	nil
2023-05-11 02:02:57,111{GMT}	INFO	[jepsen worker 4] jepsen.util: 4	:ok	:read	[8 11 1 15 12 10 4 16 6 18 19 2 17 13 3 7 14]
2023-05-11 02:02:57,175{GMT}	INFO	[jepsen worker 0] jepsen.util: 0	:invoke	:broadcast	21
2023-05-11 02:02:57,176{GMT}	INFO	[jepsen worker 0] jepsen.util: 0	:ok	:broadcast	21
2023-05-11 02:02:57,326{GMT}	INFO	[jepsen worker 0] jepsen.util: 0	:invoke	:read	nil
2023-05-11 02:02:57,327{GMT}	INFO	[jepsen worker 0] jepsen.util: 0	:ok	:read	[19 15 7 1 14 21 4 8 18 6 10 16 2 3 11 12 13 17]
2023-05-11 02:02:57,439{GMT}	INFO	[jepsen worker 1] jepsen.util: 1	:invoke	:read	nil
2023-05-11 02:02:57,440{GMT}	INFO	[jepsen worker 1] jepsen.util: 1	:ok	:read	[8 10 3 21 18 7 13 15 14 16 6 17 1 19 2 12 4 11]
2023-05-11 02:02:57,511{GMT}	INFO	[jepsen worker 2] jepsen.util: 2	:invoke	:read	nil
2023-05-11 02:02:57,512{GMT}	INFO	[jepsen worker 2] jepsen.util: 2	:ok	:read	[9 0 20 5]
2023-05-11 02:02:57,550{GMT}	INFO	[jepsen worker 3] jepsen.util: 3	:invoke	:broadcast	22
2023-05-11 02:02:57,552{GMT}	INFO	[jepsen worker 3] jepsen.util: 3	:ok	:broadcast	22
2023-05-11 02:02:57,552{GMT}	INFO	[jepsen worker 4] jepsen.util: 4	:invoke	:read	nil
2023-05-11 02:02:57,553{GMT}	INFO	[jepsen worker 4] jepsen.util: 4	:ok	:read	[8 11 22 1 15 12 10 4 16 6 18 19 2 21 17 13 3 7 14]
2023-05-11 02:02:57,598{GMT}	INFO	[jepsen worker 0] jepsen.util: 0	:invoke	:broadcast	23
2023-05-11 02:02:57,600{GMT}	INFO	[jepsen worker 0] jepsen.util: 0	:ok	:broadcast	23
2023-05-11 02:02:57,772{GMT}	INFO	[jepsen worker 0] jepsen.util: 0	:invoke	:broadcast	24
2023-05-11 02:02:57,774{GMT}	INFO	[jepsen worker 0] jepsen.util: 0	:ok	:broadcast	24
2023-05-11 02:02:57,873{GMT}	INFO	[jepsen worker 1] jepsen.util: 1	:invoke	:broadcast	25
2023-05-11 02:02:57,874{GMT}	INFO	[jepsen worker 1] jepsen.util: 1	:ok	:broadcast	25
2023-05-11 02:02:57,892{GMT}	INFO	[jepsen worker 2] jepsen.util: 2	:invoke	:broadcast	26
2023-05-11 02:02:57,893{GMT}	INFO	[jepsen worker 2] jepsen.util: 2	:ok	:broadcast	26
2023-05-11 02:02:57,997{GMT}	INFO	[jepsen worker 3] jepsen.util: 3	:invoke	:broadcast	27
2023-05-11 02:02:57,999{GMT}	INFO	[jepsen worker 3] jepsen.util: 3	:ok	:broadcast	27
2023-05-11 02:02:58,030{GMT}	INFO	[jepsen worker 4] jepsen.util: 4	:invoke	:read	nil
2023-05-11 02:02:58,031{GMT}	INFO	[jepsen worker 4] jepsen.util: 4	:ok	:read	[8 11 22 27 12 10 4 16 18 19 21 2 17 13 25 24 1 15 6 23 3 7 14]
2023-05-11 02:02:58,146{GMT}	INFO	[jepsen worker 0] jepsen.util: 0	:invoke	:broadcast	28
2023-05-11 02:02:58,147{GMT}	INFO	[jepsen worker 0] jepsen.util: 0	:ok	:broadcast	28
2023-05-11 02:02:58,313{GMT}	INFO	[jepsen worker 0] jepsen.util: 0	:invoke	:broadcast	29
2023-05-11 02:02:58,315{GMT}	INFO	[jepsen worker 0] jepsen.util: 0	:ok	:broadcast	29
2023-05-11 02:02:58,505{GMT}	INFO	[jepsen worker 1] jepsen.util: 1	:invoke	:broadcast	30
2023-05-11 02:02:58,506{GMT}	INFO	[jepsen worker 1] jepsen.util: 1	:ok	:broadcast	30
2023-05-11 02:02:58,552{GMT}	INFO	[jepsen worker 2] jepsen.util: 2	:invoke	:broadcast	31
2023-05-11 02:02:58,554{GMT}	INFO	[jepsen worker 2] jepsen.util: 2	:ok	:broadcast	31
2023-05-11 02:02:58,635{GMT}	INFO	[jepsen worker 3] jepsen.util: 3	:invoke	:read	nil
2023-05-11 02:02:58,636{GMT}	INFO	[jepsen worker 3] jepsen.util: 3	:ok	:read	[28 10 16 2 4 25 27 1 22 29 15 13 30 19 21 11 24 8 12 18 6 7 17 23 3 14]
2023-05-11 02:02:58,788{GMT}	INFO	[jepsen worker 4] jepsen.util: 4	:invoke	:read	nil
2023-05-11 02:02:58,789{GMT}	INFO	[jepsen worker 4] jepsen.util: 4	:ok	:read	[8 11 22 27 12 10 4 16 18 19 21 2 29 17 13 25 28 24 1 30 15 6 23 3 7 14]
2023-05-11 02:02:58,848{GMT}	INFO	[jepsen worker 0] jepsen.util: 0	:invoke	:broadcast	32
2023-05-11 02:02:58,849{GMT}	INFO	[jepsen worker 0] jepsen.util: 0	:ok	:broadcast	32
2023-05-11 02:02:58,921{GMT}	INFO	[jepsen worker 0] jepsen.util: 0	:invoke	:read	nil
2023-05-11 02:02:58,922{GMT}	INFO	[jepsen worker 0] jepsen.util: 0	:ok	:read	[29 15 22 14 21 28 18 25 10 16 3 11 24 13 17 19 7 1 23 4 8 27 6 2 32 12 30]
2023-05-11 02:02:58,973{GMT}	INFO	[jepsen worker 1] jepsen.util: 1	:invoke	:broadcast	33
2023-05-11 02:02:58,974{GMT}	INFO	[jepsen worker 1] jepsen.util: 1	:ok	:broadcast	33
2023-05-11 02:02:59,079{GMT}	INFO	[jepsen worker 2] jepsen.util: 2	:invoke	:read	nil
2023-05-11 02:02:59,080{GMT}	INFO	[jepsen worker 2] jepsen.util: 2	:ok	:read	[9 26 31 0 20 5]
2023-05-11 02:02:59,186{GMT}	INFO	[jepsen worker 3] jepsen.util: 3	:invoke	:read	nil
2023-05-11 02:02:59,187{GMT}	INFO	[jepsen worker 3] jepsen.util: 3	:ok	:read	[28 10 16 2 32 4 25 27 1 22 29 15 13 30 19 21 33 11 24 8 12 18 6 7 17 23 3 14]
2023-05-11 02:02:59,368{GMT}	INFO	[jepsen worker 4] jepsen.util: 4	:invoke	:read	nil
2023-05-11 02:02:59,369{GMT}	INFO	[jepsen worker 4] jepsen.util: 4	:ok	:read	[8 11 22 27 33 12 10 4 16 18 19 21 2 29 17 13 25 28 32 24 1 30 15 6 23 3 7 14]
2023-05-11 02:02:59,439{GMT}	INFO	[jepsen worker 0] jepsen.util: 0	:invoke	:read	nil
2023-05-11 02:02:59,440{GMT}	INFO	[jepsen worker 0] jepsen.util: 0	:ok	:read	[29 15 22 14 21 28 18 33 25 10 16 3 11 24 13 17 19 7 1 23 4 8 27 6 2 32 12 30]
2023-05-11 02:02:59,531{GMT}	INFO	[jepsen worker 0] jepsen.util: 0	:invoke	:read	nil
2023-05-11 02:02:59,532{GMT}	INFO	[jepsen worker 0] jepsen.util: 0	:ok	:read	[29 15 22 14 21 28 18 33 25 10 16 3 11 24 13 17 19 7 1 23 4 8 27 6 2 32 12 30]
2023-05-11 02:02:59,700{GMT}	INFO	[jepsen worker 1] jepsen.util: 1	:invoke	:read	nil
2023-05-11 02:02:59,701{GMT}	INFO	[jepsen worker 1] jepsen.util: 1	:ok	:read	[8 22 18 13 15 16 32 29 30 1 19 2 11 10 3 21 23 7 33 17 14 6 28 24 25 12 4 27]
2023-05-11 02:02:59,758{GMT}	INFO	[jepsen worker 2] jepsen.util: 2	:invoke	:broadcast	34
2023-05-11 02:02:59,759{GMT}	INFO	[jepsen worker 2] jepsen.util: 2	:ok	:broadcast	34
2023-05-11 02:02:59,812{GMT}	INFO	[jepsen worker 3] jepsen.util: 3	:invoke	:broadcast	35
2023-05-11 02:02:59,813{GMT}	INFO	[jepsen worker 3] jepsen.util: 3	:ok	:broadcast	35
2023-05-11 02:03:00,012{GMT}	INFO	[jepsen worker 4] jepsen.util: 4	:invoke	:broadcast	36
2023-05-11 02:03:00,014{GMT}	INFO	[jepsen worker 4] jepsen.util: 4	:ok	:broadcast	36
2023-05-11 02:03:00,071{GMT}	INFO	[jepsen worker 0] jepsen.util: 0	:invoke	:read	nil
2023-05-11 02:03:00,072{GMT}	INFO	[jepsen worker 0] jepsen.util: 0	:ok	:read	[29 15 35 22 14 21 28 18 33 25 10 16 3 11 24 13 17 19 36 7 1 23 4 8 27 6 2 32 12 30]
2023-05-11 02:03:00,215{GMT}	INFO	[jepsen worker 0] jepsen.util: 0	:invoke	:read	nil
2023-05-11 02:03:00,216{GMT}	INFO	[jepsen worker 0] jepsen.util: 0	:ok	:read	[29 15 35 22 14 21 28 18 33 25 10 16 3 11 24 13 17 19 36 7 1 23 4 8 27 6 2 32 12 30]
2023-05-11 02:03:00,247{GMT}	INFO	[jepsen worker 1] jepsen.util: 1	:invoke	:read	nil
2023-05-11 02:03:00,248{GMT}	INFO	[jepsen worker 1] jepsen.util: 1	:ok	:read	[8 22 18 13 15 16 32 35 29 30 1 19 2 11 36 10 3 21 23 7 33 17 14 6 28 24 25 12 4 27]
2023-05-11 02:03:00,410{GMT}	INFO	[jepsen worker 2] jepsen.util: 2	:invoke	:read	nil
2023-05-11 02:03:00,411{GMT}	INFO	[jepsen worker 2] jepsen.util: 2	:ok	:read	[9 26 31 34 0 20 5]
2023-05-11 02:03:00,468{GMT}	INFO	[jepsen worker 3] jepsen.util: 3	:invoke	:broadcast	37
2023-05-11 02:03:00,469{GMT}	INFO	[jepsen worker 3] jepsen.util: 3	:ok	:broadcast	37
2023-05-11 02:03:00,658{GMT}	INFO	[jepsen worker 4] jepsen.util: 4	:invoke	:broadcast	38
2023-05-11 02:03:00,660{GMT}	INFO	[jepsen worker 4] jepsen.util: 4	:ok	:broadcast	38
2023-05-11 02:03:00,813{GMT}	INFO	[jepsen worker 0] jepsen.util: 0	:invoke	:read	nil
2023-05-11 02:03:00,814{GMT}	INFO	[jepsen worker 0] jepsen.util: 0	:ok	:read	[29 15 35 22 14 38 21 28 18 33 25 10 16 3 11 24 13 17 37 19 36 7 1 23 4 8 27 6 2 32 12 30]
2023-05-11 02:03:00,898{GMT}	INFO	[jepsen worker 0] jepsen.util: 0	:invoke	:read	nil
2023-05-11 02:03:00,899{GMT}	INFO	[jepsen worker 0] jepsen.util: 0	:ok	:read	[29 15 35 22 14 38 21 28 18 33 25 10 16 3 11 24 13 17 37 19 36 7 1 23 4 8 27 6 2 32 12 30]
2023-05-11 02:03:00,997{GMT}	INFO	[jepsen worker 1] jepsen.util: 1	:invoke	:broadcast	39
2023-05-11 02:03:00,998{GMT}	INFO	[jepsen worker 1] jepsen.util: 1	:ok	:broadcast	39
2023-05-11 02:03:01,181{GMT}	INFO	[jepsen worker 2] jepsen.util: 2	:invoke	:broadcast	40
2023-05-11 02:03:01,182{GMT}	INFO	[jepsen worker 2] jepsen.util: 2	:ok	:broadcast	40
2023-05-11 02:03:01,209{GMT}	INFO	[jepsen worker 3] jepsen.util: 3	:invoke	:broadcast	41
2023-05-11 02:03:01,210{GMT}	INFO	[jepsen worker 3] jepsen.util: 3	:ok	:broadcast	41
2023-05-11 02:03:01,375{GMT}	INFO	[jepsen worker 4] jepsen.util: 4	:invoke	:broadcast	42
2023-05-11 02:03:01,377{GMT}	INFO	[jepsen worker 4] jepsen.util: 4	:ok	:broadcast	42
2023-05-11 02:03:01,462{GMT}	INFO	[jepsen worker 0] jepsen.util: 0	:invoke	:broadcast	43
2023-05-11 02:03:01,464{GMT}	INFO	[jepsen worker 0] jepsen.util: 0	:ok	:broadcast	43
2023-05-11 02:03:01,497{GMT}	INFO	[jepsen worker 0] jepsen.util: 0	:invoke	:broadcast	44
2023-05-11 02:03:01,498{GMT}	INFO	[jepsen worker 0] jepsen.util: 0	:ok	:broadcast	44
2023-05-11 02:03:01,571{GMT}	INFO	[jepsen worker 1] jepsen.util: 1	:invoke	:read	nil
2023-05-11 02:03:01,572{GMT}	INFO	[jepsen worker 1] jepsen.util: 1	:ok	:read	[8 43 22 18 13 15 16 32 35 29 30 1 19 44 2 38 11 36 10 3 21 23 7 33 17 14 39 6 28 42 24 25 37 12 41 4 27]
2023-05-11 02:03:01,735{GMT}	INFO	[jepsen worker 2] jepsen.util: 2	:invoke	:broadcast	45
2023-05-11 02:03:01,736{GMT}	INFO	[jepsen worker 2] jepsen.util: 2	:ok	:broadcast	45
2023-05-11 02:03:01,823{GMT}	INFO	[jepsen worker 3] jepsen.util: 3	:invoke	:read	nil
2023-05-11 02:03:01,824{GMT}	INFO	[jepsen worker 3] jepsen.util: 3	:ok	:read	[36 28 10 16 38 41 39 42 2 37 32 4 25 27 1 22 29 15 13 30 43 19 21 33 11 24 8 12 18 6 7 17 23 3 14 35 44]
2023-05-11 02:03:01,928{GMT}	INFO	[jepsen worker 4] jepsen.util: 4	:invoke	:read	nil
2023-05-11 02:03:01,929{GMT}	INFO	[jepsen worker 4] jepsen.util: 4	:ok	:read	[8 11 22 44 27 33 12 10 4 16 18 19 21 2 29 17 35 13 25 37 41 28 38 32 42 43 24 1 30 15 36 6 39 23 3 7 14]
2023-05-11 02:03:02,093{GMT}	INFO	[jepsen worker 0] jepsen.util: 0	:invoke	:broadcast	46
2023-05-11 02:03:02,094{GMT}	INFO	[jepsen worker 0] jepsen.util: 0	:ok	:broadcast	46
2023-05-11 02:03:02,234{GMT}	INFO	[jepsen worker 0] jepsen.util: 0	:invoke	:read	nil
2023-05-11 02:03:02,235{GMT}	INFO	[jepsen worker 0] jepsen.util: 0	:ok	:read	[29 15 35 22 14 43 38 21 42 28 18 33 25 10 16 3 11 24 13 17 37 19 36 46 44 7 1 41 23 4 8 27 6 39 2 32 12 30]
2023-05-11 02:03:02,393{GMT}	INFO	[jepsen worker 1] jepsen.util: 1	:invoke	:broadcast	47
2023-05-11 02:03:02,394{GMT}	INFO	[jepsen worker 1] jepsen.util: 1	:ok	:broadcast	47
2023-05-11 02:03:02,410{GMT}	INFO	[jepsen worker 2] jepsen.util: 2	:invoke	:read	nil
2023-05-11 02:03:02,411{GMT}	INFO	[jepsen worker 2] jepsen.util: 2	:ok	:read	[20 5 45 0 34 9 40 31 26]
2023-05-11 02:03:02,465{GMT}	INFO	[jepsen worker 3] jepsen.util: 3	:invoke	:broadcast	48
2023-05-11 02:03:02,466{GMT}	INFO	[jepsen worker 3] jepsen.util: 3	:ok	:broadcast	48
2023-05-11 02:03:02,507{GMT}	INFO	[jepsen worker 4] jepsen.util: 4	:invoke	:read	nil
2023-05-11 02:03:02,507{GMT}	INFO	[jepsen worker 4] jepsen.util: 4	:ok	:read	[8 22 44 27 48 16 29 18 46 17 38 42 1 30 36 6 7 11 33 12 10 4 19 21 37 2 41 35 13 25 28 32 43 24 15 47 39 23 3 14]
2023-05-11 02:03:02,703{GMT}	INFO	[jepsen worker 0] jepsen.util: 0	:invoke	:read	nil
2023-05-11 02:03:02,704{GMT}	INFO	[jepsen worker 0] jepsen.util: 0	:ok	:read	[48 15 35 22 14 38 21 42 28 33 25 10 16 3 24 17 44 7 1 41 23 8 27 2 32 12 47 29 43 18 11 13 37 19 36 46 4 6 39 30]
2023-05-11 02:03:02,880{GMT}	INFO	[jepsen worker 0] jepsen.util: 0	:invoke	:broadcast	49
2023-05-11 02:03:02,881{GMT}	INFO	[jepsen worker 0] jepsen.util: 0	:ok	:broadcast	49
2023-05-11 02:03:03,015{GMT}	INFO	[jepsen worker 1] jepsen.util: 1	:invoke	:read	nil
2023-05-11 02:03:03,015{GMT}	INFO	[jepsen worker 1] jepsen.util: 1	:ok	:read	[47 13 16 32 35 1 19 46 10 21 7 33 14 39 28 24 12 8 43 22 18 15 29 30 49 44 2 38 11 36 3 23 17 42 48 6 25 37 41 4 27]
2023-05-11 02:03:03,020{GMT}	INFO	[jepsen worker 2] jepsen.util: 2	:invoke	:broadcast	50
2023-05-11 02:03:03,021{GMT}	INFO	[jepsen worker 2] jepsen.util: 2	:ok	:broadcast	50
2023-05-11 02:03:03,172{GMT}	INFO	[jepsen worker 3] jepsen.util: 3	:invoke	:broadcast	51
2023-05-11 02:03:03,174{GMT}	INFO	[jepsen worker 3] jepsen.util: 3	:ok	:broadcast	51
2023-05-11 02:03:03,213{GMT}	INFO	[jepsen worker 4] jepsen.util: 4	:invoke	:broadcast	52
2023-05-11 02:03:03,215{GMT}	INFO	[jepsen worker 4] jepsen.util: 4	:ok	:broadcast	52
2023-05-11 02:03:03,256{GMT}	INFO	[jepsen worker 0] jepsen.util: 0	:invoke	:broadcast	53
2023-05-11 02:03:03,257{GMT}	INFO	[jepsen worker 0] jepsen.util: 0	:ok	:broadcast	53
2023-05-11 02:03:03,337{GMT}	INFO	[jepsen worker 0] jepsen.util: 0	:invoke	:broadcast	54
2023-05-11 02:03:03,338{GMT}	INFO	[jepsen worker 0] jepsen.util: 0	:ok	:broadcast	54
2023-05-11 02:03:03,536{GMT}	INFO	[jepsen worker 1] jepsen.util: 1	:invoke	:read	nil
2023-05-11 02:03:03,536{GMT}	INFO	[jepsen worker 1] jepsen.util: 1	:ok	:read	[47 13 16 32 35 1 19 46 10 21 53 7 33 14 39 28 24 12 52 8 43 22 18 51 15 29 30 49 44 2 38 11 36 3 23 54 17 42 48 6 25 37 41 4 27]
2023-05-11 02:03:03,618{GMT}	INFO	[jepsen worker 2] jepsen.util: 2	:invoke	:broadcast	55
2023-05-11 02:03:03,619{GMT}	INFO	[jepsen worker 2] jepsen.util: 2	:ok	:broadcast	55
2023-05-11 02:03:03,815{GMT}	INFO	[jepsen worker 3] jepsen.util: 3	:invoke	:read	nil
2023-05-11 02:03:03,816{GMT}	INFO	[jepsen worker 3] jepsen.util: 3	:ok	:read	[28 2 32 25 48 29 22 30 43 49 51 19 21 33 11 46 35 12 18 3 36 10 16 38 41 39 42 37 4 27 1 15 13 52 54 47 53 24 8 23 6 7 17 44 14]
2023-05-11 02:03:03,919{GMT}	INFO	[jepsen worker 4] jepsen.util: 4	:invoke	:broadcast	56
2023-05-11 02:03:03,921{GMT}	INFO	[jepsen worker 4] jepsen.util: 4	:ok	:broadcast	56
2023-05-11 02:03:03,935{GMT}	INFO	[jepsen worker 0] jepsen.util: 0	:invoke	:read	nil
2023-05-11 02:03:03,936{GMT}	INFO	[jepsen worker 0] jepsen.util: 0	:ok	:read	[48 15 35 22 14 38 21 42 28 33 25 10 16 3 24 52 17 44 7 1 41 23 8 27 2 32 12 47 29 43 51 53 18 54 11 13 37 19 36 46 49 4 6 39 56 30]
2023-05-11 02:03:03,953{GMT}	INFO	[jepsen worker 0] jepsen.util: 0	:invoke	:read	nil
2023-05-11 02:03:03,954{GMT}	INFO	[jepsen worker 0] jepsen.util: 0	:ok	:read	[48 15 35 22 14 38 21 42 28 33 25 10 16 3 24 52 17 44 7 1 41 23 8 27 2 32 12 47 29 43 51 53 18 54 11 13 37 19 36 46 49 4 6 39 56 30]
2023-05-11 02:03:04,090{GMT}	INFO	[jepsen worker 1] jepsen.util: 1	:invoke	:broadcast	57
2023-05-11 02:03:04,091{GMT}	INFO	[jepsen worker 1] jepsen.util: 1	:ok	:broadcast	57
2023-05-11 02:03:04,137{GMT}	INFO	[jepsen worker 2] jepsen.util: 2	:invoke	:broadcast	58
2023-05-11 02:03:04,139{GMT}	INFO	[jepsen worker 2] jepsen.util: 2	:ok	:broadcast	58
2023-05-11 02:03:04,195{GMT}	INFO	[jepsen worker 3] jepsen.util: 3	:invoke	:read	nil
2023-05-11 02:03:04,195{GMT}	INFO	[jepsen worker 3] jepsen.util: 3	:ok	:read	[28 2 32 25 48 57 29 22 56 30 43 49 51 19 21 33 11 46 35 12 18 3 36 10 16 38 41 39 42 37 4 27 1 15 13 52 54 47 53 24 8 23 6 7 17 44 14]
2023-05-11 02:03:04,263{GMT}	INFO	[jepsen worker 4] jepsen.util: 4	:invoke	:broadcast	59
2023-05-11 02:03:04,264{GMT}	INFO	[jepsen worker 4] jepsen.util: 4	:ok	:broadcast	59
2023-05-11 02:03:04,300{GMT}	INFO	[jepsen worker 0] jepsen.util: 0	:invoke	:broadcast	60
2023-05-11 02:03:04,301{GMT}	INFO	[jepsen worker 0] jepsen.util: 0	:ok	:broadcast	60
2023-05-11 02:03:04,322{GMT}	INFO	[jepsen worker 0] jepsen.util: 0	:invoke	:broadcast	61
2023-05-11 02:03:04,323{GMT}	INFO	[jepsen worker 0] jepsen.util: 0	:ok	:broadcast	61
2023-05-11 02:03:04,382{GMT}	INFO	[jepsen worker 1] jepsen.util: 1	:invoke	:read	nil
2023-05-11 02:03:04,383{GMT}	INFO	[jepsen worker 1] jepsen.util: 1	:ok	:read	[47 13 16 32 35 57 1 19 46 10 56 61 21 53 7 33 14 39 28 24 12 52 8 43 22 18 51 15 29 30 49 44 2 38 11 36 3 23 54 60 17 42 48 6 59 25 37 41 4 27]
2023-05-11 02:03:04,426{GMT}	INFO	[jepsen worker 2] jepsen.util: 2	:invoke	:broadcast	62
2023-05-11 02:03:04,427{GMT}	INFO	[jepsen worker 2] jepsen.util: 2	:ok	:broadcast	62
2023-05-11 02:03:04,556{GMT}	INFO	[jepsen worker 3] jepsen.util: 3	:invoke	:read	nil
2023-05-11 02:03:04,557{GMT}	INFO	[jepsen worker 3] jepsen.util: 3	:ok	:read	[28 2 32 25 48 57 29 22 56 30 43 49 51 19 21 33 11 46 35 12 18 3 36 10 16 38 41 59 39 42 37 4 27 1 15 13 52 54 61 60 47 53 24 8 23 6 7 17 44 14]
2023-05-11 02:03:04,574{GMT}	INFO	[jepsen worker 4] jepsen.util: 4	:invoke	:broadcast	63
2023-05-11 02:03:04,575{GMT}	INFO	[jepsen worker 4] jepsen.util: 4	:ok	:broadcast	63
2023-05-11 02:03:04,647{GMT}	INFO	[jepsen worker 0] jepsen.util: 0	:invoke	:broadcast	64
2023-05-11 02:03:04,648{GMT}	INFO	[jepsen worker 0] jepsen.util: 0	:ok	:broadcast	64
2023-05-11 02:03:04,828{GMT}	INFO	[jepsen worker 0] jepsen.util: 0	:invoke	:broadcast	65
2023-05-11 02:03:04,829{GMT}	INFO	[jepsen worker 0] jepsen.util: 0	:ok	:broadcast	65
2023-05-11 02:03:04,878{GMT}	INFO	[jepsen worker 1] jepsen.util: 1	:invoke	:broadcast	66
2023-05-11 02:03:04,879{GMT}	INFO	[jepsen worker 1] jepsen.util: 1	:ok	:broadcast	66
2023-05-11 02:03:04,958{GMT}	INFO	[jepsen worker 2] jepsen.util: 2	:invoke	:read	nil
2023-05-11 02:03:04,959{GMT}	INFO	[jepsen worker 2] jepsen.util: 2	:ok	:read	[20 5 50 45 55 0 58 34 9 40 62 31 26]
2023-05-11 02:03:04,977{GMT}	INFO	[jepsen worker 3] jepsen.util: 3	:invoke	:broadcast	67
2023-05-11 02:03:04,978{GMT}	INFO	[jepsen worker 3] jepsen.util: 3	:ok	:broadcast	67
2023-05-11 02:03:05,105{GMT}	INFO	[jepsen worker 4] jepsen.util: 4	:invoke	:broadcast	68
2023-05-11 02:03:05,106{GMT}	INFO	[jepsen worker 4] jepsen.util: 4	:ok	:broadcast	68
2023-05-11 02:03:05,209{GMT}	INFO	[jepsen worker 0] jepsen.util: 0	:invoke	:read	nil
2023-05-11 02:03:05,209{GMT}	INFO	[jepsen worker 0] jepsen.util: 0	:ok	:read	[63 57 48 15 35 22 14 38 21 42 28 33 25 10 16 3 24 52 17 44 68 7 1 41 23 8 27 67 2 32 12 47 60 29 43 51 53 18 54 66 11 13 37 19 36 46 65 49 59 4 6 39 61 64 56 30]
2023-05-11 02:03:05,391{GMT}	INFO	[jepsen worker 0] jepsen.util: 0	:invoke	:broadcast	69
2023-05-11 02:03:05,392{GMT}	INFO	[jepsen worker 0] jepsen.util: 0	:ok	:broadcast	69
2023-05-11 02:03:05,436{GMT}	INFO	[jepsen worker 1] jepsen.util: 1	:invoke	:broadcast	70
2023-05-11 02:03:05,437{GMT}	INFO	[jepsen worker 1] jepsen.util: 1	:ok	:broadcast	70
2023-05-11 02:03:05,589{GMT}	INFO	[jepsen worker 2] jepsen.util: 2	:invoke	:broadcast	71
2023-05-11 02:03:05,591{GMT}	INFO	[jepsen worker 2] jepsen.util: 2	:ok	:broadcast	71
2023-05-11 02:03:05,784{GMT}	INFO	[jepsen worker 3] jepsen.util: 3	:invoke	:read	nil
2023-05-11 02:03:05,785{GMT}	INFO	[jepsen worker 3] jepsen.util: 3	:ok	:read	[28 68 69 67 2 32 25 48 57 29 22 56 30 43 49 51 19 21 33 11 65 64 46 35 12 18 3 63 36 10 16 38 41 59 39 42 37 4 27 1 66 15 13 52 54 61 60 47 53 24 8 23 6 7 17 44 14 70]
2023-05-11 02:03:05,806{GMT}	INFO	[jepsen worker 4] jepsen.util: 4	:invoke	:read	nil
2023-05-11 02:03:05,807{GMT}	INFO	[jepsen worker 4] jepsen.util: 4	:ok	:read	[8 22 60 44 27 48 16 29 18 46 54 17 64 38 42 1 30 36 63 6 57 59 56 67 7 65 53 11 66 33 12 52 10 4 61 19 21 37 2 41 51 35 13 25 69 70 28 32 43 24 68 15 47 39 23 49 3 14]
2023-05-11 02:03:05,859{GMT}	INFO	[jepsen worker 0] jepsen.util: 0	:invoke	:read	nil
2023-05-11 02:03:05,860{GMT}	INFO	[jepsen worker 0] jepsen.util: 0	:ok	:read	[63 57 48 15 35 22 14 38 21 42 28 33 25 70 10 16 3 24 52 17 44 68 7 1 41 23 8 27 67 2 32 12 47 60 29 43 51 53 18 54 66 11 13 37 19 36 46 65 49 59 4 69 6 39 61 64 56 30]
2023-05-11 02:03:05,972{GMT}	INFO	[jepsen worker 0] jepsen.util: 0	:invoke	:broadcast	72
2023-05-11 02:03:05,973{GMT}	INFO	[jepsen worker 0] jepsen.util: 0	:ok	:broadcast	72
2023-05-11 02:03:06,138{GMT}	INFO	[jepsen worker 1] jepsen.util: 1	:invoke	:read	nil
2023-05-11 02:03:06,138{GMT}	INFO	[jepsen worker 1] jepsen.util: 1	:ok	:read	[47 63 13 16 32 35 57 72 69 1 19 46 10 56 61 68 21 53 70 7 33 14 39 28 66 24 12 52 8 65 43 22 18 51 64 15 29 30 49 44 2 38 11 36 3 23 54 67 60 17 42 48 6 59 25 37 41 4 27]
2023-05-11 02:03:06,246{GMT}	INFO	[jepsen worker 2] jepsen.util: 2	:invoke	:broadcast	73
2023-05-11 02:03:06,247{GMT}	INFO	[jepsen worker 2] jepsen.util: 2	:ok	:broadcast	73
2023-05-11 02:03:06,385{GMT}	INFO	[jepsen worker 3] jepsen.util: 3	:invoke	:read	nil
2023-05-11 02:03:06,385{GMT}	INFO	[jepsen worker 3] jepsen.util: 3	:ok	:read	[28 68 69 67 2 32 25 48 57 29 22 56 30 43 49 51 19 21 33 11 65 64 46 35 12 18 3 63 36 10 16 38 41 59 39 42 37 4 27 1 66 15 13 52 54 61 60 47 53 24 8 23 6 7 17 44 14 70 72]
2023-05-11 02:03:06,505{GMT}	INFO	[jepsen worker 4] jepsen.util: 4	:invoke	:read	nil
2023-05-11 02:03:06,506{GMT}	INFO	[jepsen worker 4] jepsen.util: 4	:ok	:read	[8 22 60 44 27 48 16 29 18 46 54 17 64 38 42 1 30 36 63 6 57 59 56 67 7 65 53 11 66 33 12 52 10 4 61 19 21 37 2 41 51 35 13 25 69 70 28 32 43 24 68 15 72 47 39 23 49 3 14]
2023-05-11 02:03:06,703{GMT}	INFO	[jepsen worker 0] jepsen.util: 0	:invoke	:broadcast	74
2023-05-11 02:03:06,704{GMT}	INFO	[jepsen worker 0] jepsen.util: 0	:ok	:broadcast	74
2023-05-11 02:03:06,847{GMT}	INFO	[jepsen worker 0] jepsen.util: 0	:invoke	:broadcast	75
2023-05-11 02:03:06,848{GMT}	INFO	[jepsen worker 0] jepsen.util: 0	:ok	:broadcast	75
2023-05-11 02:03:06,980{GMT}	INFO	[jepsen worker 1] jepsen.util: 1	:invoke	:read	nil
2023-05-11 02:03:06,981{GMT}	INFO	[jepsen worker 1] jepsen.util: 1	:ok	:read	[47 63 13 16 32 35 57 72 75 69 1 19 46 74 10 56 61 68 21 53 70 7 33 14 39 28 66 24 12 52 8 65 43 22 18 51 64 15 29 30 49 44 2 38 11 36 3 23 54 67 60 17 42 48 6 59 25 37 41 4 27]
2023-05-11 02:03:07,058{GMT}	INFO	[jepsen worker 2] jepsen.util: 2	:invoke	:read	nil
2023-05-11 02:03:07,059{GMT}	INFO	[jepsen worker 2] jepsen.util: 2	:ok	:read	[50 55 71 45 0 73 9 62 31 26 58 34 40 20 5]
2023-05-11 02:03:07,207{GMT}	INFO	[jepsen worker 3] jepsen.util: 3	:invoke	:broadcast	76
2023-05-11 02:03:07,208{GMT}	INFO	[jepsen worker 3] jepsen.util: 3	:ok	:broadcast	76
2023-05-11 02:03:07,299{GMT}	INFO	[jepsen worker 4] jepsen.util: 4	:invoke	:broadcast	77
2023-05-11 02:03:07,300{GMT}	INFO	[jepsen worker 4] jepsen.util: 4	:ok	:broadcast	77
2023-05-11 02:03:07,302{GMT}	INFO	[jepsen worker 0] jepsen.util: 0	:invoke	:broadcast	78
2023-05-11 02:03:07,303{GMT}	INFO	[jepsen worker 0] jepsen.util: 0	:ok	:broadcast	78
2023-05-11 02:03:07,481{GMT}	INFO	[jepsen worker 0] jepsen.util: 0	:invoke	:read	nil
2023-05-11 02:03:07,482{GMT}	INFO	[jepsen worker 0] jepsen.util: 0	:ok	:read	[63 57 48 15 35 22 14 76 38 21 42 78 28 33 25 70 10 16 3 24 52 17 44 68 7 1 41 23 8 27 67 2 32 12 47 60 29 72 75 43 51 53 18 54 66 11 13 37 19 36 46 65 49 74 59 4 69 6 39 77 61 64 56 30]
2023-05-11 02:03:07,572{GMT}	INFO	[jepsen worker 1] jepsen.util: 1	:invoke	:broadcast	79
2023-05-11 02:03:07,573{GMT}	INFO	[jepsen worker 1] jepsen.util: 1	:ok	:broadcast	79
2023-05-11 02:03:07,623{GMT}	INFO	[jepsen worker nemesis] jepsen.util: :nemesis	:info	:stop-partition	nil
2023-05-11 02:03:07,623{GMT}	INFO	[jepsen worker nemesis] jepsen.util: :nemesis	:info	:stop-partition	:network-healed
2023-05-11 02:03:07,727{GMT}	INFO	[jepsen worker 3] jepsen.util: 3	:invoke	:broadcast	80
2023-05-11 02:03:07,728{GMT}	INFO	[jepsen worker 3] jepsen.util: 3	:ok	:broadcast	80
2023-05-11 02:03:07,807{GMT}	INFO	[jepsen worker 4] jepsen.util: 4	:invoke	:read	nil
2023-05-11 02:03:07,808{GMT}	INFO	[jepsen worker 4] jepsen.util: 4	:ok	:read	[8 22 60 44 27 75 48 16 29 18 46 54 17 76 64 38 42 74 1 30 36 63 6 57 78 59 56 67 7 65 53 11 66 33 12 52 10 4 61 19 21 37 2 41 51 35 13 25 69 70 80 28 79 32 43 24 68 15 72 77 47 39 23 49 3 14]
2023-05-11 02:03:07,929{GMT}	INFO	[jepsen worker 0] jepsen.util: 0	:invoke	:broadcast	81
2023-05-11 02:03:07,930{GMT}	INFO	[jepsen worker 0] jepsen.util: 0	:ok	:broadcast	81
2023-05-11 02:03:08,084{GMT}	INFO	[jepsen worker 0] jepsen.util: 0	:invoke	:read	nil
2023-05-11 02:03:08,085{GMT}	INFO	[jepsen worker 0] jepsen.util: 0	:ok	:read	[63 57 48 15 79 35 22 14 76 38 21 42 78 28 33 25 70 10 16 3 80 24 52 17 44 68 7 1 41 23 8 27 67 2 32 12 47 60 29 72 81 75 43 51 53 18 54 66 11 13 37 19 36 46 65 49 74 59 4 69 6 39 77 61 64 56 30]
2023-05-11 02:03:08,151{GMT}	INFO	[jepsen worker 1] jepsen.util: 1	:invoke	:read	nil
2023-05-11 02:03:08,152{GMT}	INFO	[jepsen worker 1] jepsen.util: 1	:ok	:read	[79 47 63 13 16 32 35 57 72 75 69 1 19 46 74 81 10 56 61 68 21 53 70 7 33 14 39 28 66 80 24 78 12 52 76 8 65 43 22 18 51 64 15 29 30 49 44 2 38 11 36 3 23 54 67 60 77 17 42 48 6 59 25 37 41 4 27]
2023-05-11 02:03:08,328{GMT}	INFO	[jepsen worker 2] jepsen.util: 2	:invoke	:read	nil
2023-05-11 02:03:08,328{GMT}	INFO	[jepsen worker 2] jepsen.util: 2	:ok	:read	[8 4 34 6 15 50 63 29 66 51 17 35 3 14 68 57 72 73 9 77 67 44 42 41 79 19 45 60 80 12 33 10 13 49 40 74 21 81 76 20 16 37 75 36 28 62 2 54 7 31 69 70 30 59 32 11 25 48 61 39 27 56 5 65 43 26 52 18 23 1 46 78 55 24 53 0 64 22 58 47 38 71]
2023-05-11 02:03:08,338{GMT}	INFO	[jepsen worker 3] jepsen.util: 3	:invoke	:broadcast	82
2023-05-11 02:03:08,339{GMT}	INFO	[jepsen worker 3] jepsen.util: 3	:ok	:broadcast	82
2023-05-11 02:03:08,461{GMT}	INFO	[jepsen worker 4] jepsen.util: 4	:invoke	:broadcast	83
2023-05-11 02:03:08,462{GMT}	INFO	[jepsen worker 4] jepsen.util: 4	:ok	:broadcast	83
2023-05-11 02:03:08,505{GMT}	INFO	[jepsen worker 0] jepsen.util: 0	:invoke	:broadcast	84
2023-05-11 02:03:08,506{GMT}	INFO	[jepsen worker 0] jepsen.util: 0	:ok	:broadcast	84
2023-05-11 02:03:08,668{GMT}	INFO	[jepsen worker 0] jepsen.util: 0	:invoke	:broadcast	85
2023-05-11 02:03:08,670{GMT}	INFO	[jepsen worker 0] jepsen.util: 0	:ok	:broadcast	85
2023-05-11 02:03:08,718{GMT}	INFO	[jepsen worker 1] jepsen.util: 1	:invoke	:broadcast	86
2023-05-11 02:03:08,719{GMT}	INFO	[jepsen worker 1] jepsen.util: 1	:ok	:broadcast	86
2023-05-11 02:03:08,777{GMT}	INFO	[jepsen worker 2] jepsen.util: 2	:invoke	:broadcast	87
2023-05-11 02:03:08,779{GMT}	INFO	[jepsen worker 2] jepsen.util: 2	:ok	:broadcast	87
2023-05-11 02:03:08,841{GMT}	INFO	[jepsen worker 3] jepsen.util: 3	:invoke	:read	nil
2023-05-11 02:03:08,842{GMT}	INFO	[jepsen worker 3] jepsen.util: 3	:ok	:read	[28 68 58 67 80 5 57 22 30 43 87 33 31 50 85 75 65 86 9 46 12 34 3 84 38 16 41 59 42 77 37 40 4 27 1 83 15 26 13 52 76 0 79 53 6 7 72 44 69 2 32 71 25 48 29 20 56 74 49 51 19 21 11 64 35 18 81 63 36 10 39 62 66 54 61 60 82 55 47 24 78 8 23 73 17 45 14 70]
2023-05-11 02:03:08,880{GMT}	INFO	[jepsen worker 4] jepsen.util: 4	:invoke	:read	nil
2023-05-11 02:03:08,881{GMT}	INFO	[jepsen worker 4] jepsen.util: 4	:ok	:read	[44 27 46 34 17 82 64 38 42 30 6 55 71 56 67 65 11 84 26 83 61 10 70 2 45 35 13 25 9 32 43 85 77 47 73 3 20 8 22 60 75 48 16 29 18 54 40 76 81 74 1 36 63 57 78 59 7 87 53 0 66 33 12 52 4 19 21 37 41 51 69 62 5 80 28 79 31 24 58 68 15 72 39 23 49 50 14 86]
2023-05-11 02:03:09,027{GMT}	INFO	[jepsen worker 0] jepsen.util: 0	:invoke	:read	nil
2023-05-11 02:03:09,028{GMT}	INFO	[jepsen worker 0] jepsen.util: 0	:ok	:read	[34 50 26 79 35 22 84 21 5 78 33 25 83 10 16 3 24 44 68 82 7 41 55 23 87 27 2 47 29 9 54 73 11 13 20 37 19 36 65 40 74 59 31 6 39 77 61 64 63 57 48 15 14 76 38 42 28 70 80 52 62 17 1 8 0 67 32 12 85 60 86 72 81 75 43 51 45 53 71 18 66 46 49 4 69 58 56 30]
2023-05-11 02:03:09,073{GMT}	INFO	[jepsen worker 0] jepsen.util: 0	:invoke	:read	nil
2023-05-11 02:03:09,074{GMT}	INFO	[jepsen worker 0] jepsen.util: 0	:ok	:read	[34 50 26 79 35 22 84 21 5 78 33 25 83 10 16 3 24 44 68 82 7 41 55 23 87 27 2 47 29 9 54 73 11 13 20 37 19 36 65 40 74 59 31 6 39 77 61 64 63 57 48 15 14 76 38 42 28 70 80 52 62 17 1 8 0 67 32 12 85 60 86 72 81 75 43 51 45 53 71 18 66 46 49 4 69 58 56 30]
2023-05-11 02:03:09,253{GMT}	INFO	[jepsen worker 1] jepsen.util: 1	:invoke	:read	nil
2023-05-11 02:03:09,253{GMT}	INFO	[jepsen worker 1] jepsen.util: 1	:ok	:read	[79 63 13 32 72 69 31 1 74 40 61 56 68 9 70 7 14 39 28 80 84 78 12 52 85 65 43 34 64 51 26 82 49 62 50 36 45 55 60 58 17 59 6 37 41 87 47 35 16 57 75 83 19 46 81 10 86 21 53 33 66 24 76 8 73 22 18 15 29 30 0 44 2 5 38 20 11 3 23 54 67 77 42 48 71 25 4 27]
2023-05-11 02:03:09,285{GMT}	INFO	[jepsen worker 2] jepsen.util: 2	:invoke	:broadcast	88
2023-05-11 02:03:09,286{GMT}	INFO	[jepsen worker 2] jepsen.util: 2	:ok	:broadcast	88
2023-05-11 02:03:09,448{GMT}	INFO	[jepsen worker 3] jepsen.util: 3	:invoke	:read	nil
2023-05-11 02:03:09,449{GMT}	INFO	[jepsen worker 3] jepsen.util: 3	:ok	:read	[28 68 58 67 88 80 5 57 22 30 43 87 33 31 50 85 75 65 86 9 46 12 34 3 84 38 16 41 59 42 77 37 40 4 27 1 83 15 26 13 52 76 0 79 53 6 7 72 44 69 2 32 71 25 48 29 20 56 74 49 51 19 21 11 64 35 18 81 63 36 10 39 62 66 54 61 60 82 55 47 24 78 8 23 73 17 45 14 70]
2023-05-11 02:03:09,521{GMT}	INFO	[jepsen worker 4] jepsen.util: 4	:invoke	:broadcast	89
2023-05-11 02:03:09,522{GMT}	INFO	[jepsen worker 4] jepsen.util: 4	:ok	:broadcast	89
2023-05-11 02:03:09,691{GMT}	INFO	[jepsen worker 0] jepsen.util: 0	:invoke	:read	nil
2023-05-11 02:03:09,692{GMT}	INFO	[jepsen worker 0] jepsen.util: 0	:ok	:read	[34 50 26 79 35 22 84 21 5 78 33 25 83 10 16 3 24 44 68 82 7 41 55 23 87 27 2 89 47 29 9 54 73 11 13 20 37 19 36 65 40 74 59 31 6 39 77 61 64 63 57 48 15 14 76 38 42 28 70 80 52 62 17 1 8 0 67 32 12 85 60 86 72 81 75 43 51 45 53 71 18 88 66 46 49 4 69 58 56 30]
2023-05-11 02:03:09,714{GMT}	INFO	[jepsen worker 0] jepsen.util: 0	:invoke	:read	nil
2023-05-11 02:03:09,715{GMT}	INFO	[jepsen worker 0] jepsen.util: 0	:ok	:read	[34 50 26 79 35 22 84 21 5 78 33 25 83 10 16 3 24 44 68 82 7 41 55 23 87 27 2 89 47 29 9 54 73 11 13 20 37 19 36 65 40 74 59 31 6 39 77 61 64 63 57 48 15 14 76 38 42 28 70 80 52 62 17 1 8 0 67 32 12 85 60 86 72 81 75 43 51 45 53 71 18 88 66 46 49 4 69 58 56 30]
2023-05-11 02:03:09,851{GMT}	INFO	[jepsen worker 1] jepsen.util: 1	:invoke	:read	nil
2023-05-11 02:03:09,852{GMT}	INFO	[jepsen worker 1] jepsen.util: 1	:ok	:read	[79 63 13 32 72 69 31 1 74 40 61 56 68 9 70 7 14 39 28 80 84 78 12 52 85 65 43 34 64 51 26 82 49 62 50 36 45 55 60 58 17 59 6 37 41 87 47 35 16 89 57 75 83 19 46 81 10 86 21 53 33 66 24 76 8 73 22 18 15 29 30 0 44 2 5 38 20 11 3 23 54 67 77 42 48 88 71 25 4 27]
2023-05-11 02:03:09,944{GMT}	INFO	[jepsen worker 2] jepsen.util: 2	:invoke	:broadcast	90
2023-05-11 02:03:09,945{GMT}	INFO	[jepsen worker 2] jepsen.util: 2	:ok	:broadcast	90
2023-05-11 02:03:10,010{GMT}	INFO	[jepsen worker 3] jepsen.util: 3	:invoke	:read	nil
2023-05-11 02:03:10,011{GMT}	INFO	[jepsen worker 3] jepsen.util: 3	:ok	:read	[28 68 58 67 88 80 5 57 22 30 43 87 33 31 50 85 75 65 86 9 46 12 34 3 84 90 38 16 41 59 42 77 37 40 4 27 1 83 15 26 13 52 76 0 79 53 6 7 72 44 69 2 32 71 25 48 29 20 56 74 89 49 51 19 21 11 64 35 18 81 63 36 10 39 62 66 54 61 60 82 55 47 24 78 8 23 73 17 45 14 70]
2023-05-11 02:03:10,064{GMT}	INFO	[jepsen worker 4] jepsen.util: 4	:invoke	:broadcast	91
2023-05-11 02:03:10,065{GMT}	INFO	[jepsen worker 4] jepsen.util: 4	:ok	:broadcast	91
2023-05-11 02:03:10,129{GMT}	INFO	[jepsen worker 0] jepsen.util: 0	:invoke	:broadcast	92
2023-05-11 02:03:10,130{GMT}	INFO	[jepsen worker 0] jepsen.util: 0	:ok	:broadcast	92
2023-05-11 02:03:10,189{GMT}	INFO	[jepsen worker 0] jepsen.util: 0	:invoke	:read	nil
2023-05-11 02:03:10,190{GMT}	INFO	[jepsen worker 0] jepsen.util: 0	:ok	:read	[34 50 26 79 35 22 84 21 5 78 33 25 83 10 16 3 24 44 68 82 7 41 55 23 87 27 2 89 47 29 9 54 73 11 13 20 37 19 36 92 65 90 40 74 59 31 6 39 77 61 64 63 57 48 15 14 76 38 42 28 70 80 52 62 17 1 8 0 67 32 91 12 85 60 86 72 81 75 43 51 45 53 71 18 88 66 46 49 4 69 58 56 30]
2023-05-11 02:03:10,360{GMT}	INFO	[jepsen worker 1] jepsen.util: 1	:invoke	:read	nil
2023-05-11 02:03:10,361{GMT}	INFO	[jepsen worker 1] jepsen.util: 1	:ok	:read	[91 79 90 63 13 32 72 69 31 1 74 40 61 56 68 9 70 7 14 39 28 80 84 78 12 52 85 65 43 34 64 51 26 82 49 62 50 36 45 55 60 58 17 59 6 37 41 87 47 35 16 89 57 75 83 19 46 81 10 86 21 53 33 66 24 76 8 73 22 18 15 29 30 0 44 2 5 38 20 11 92 3 23 54 67 77 42 48 88 71 25 4 27]
2023-05-11 02:03:10,532{GMT}	INFO	[jepsen worker 2] jepsen.util: 2	:invoke	:broadcast	93
2023-05-11 02:03:10,533{GMT}	INFO	[jepsen worker 2] jepsen.util: 2	:ok	:broadcast	93
2023-05-11 02:03:10,670{GMT}	INFO	[jepsen worker 3] jepsen.util: 3	:invoke	:read	nil
2023-05-11 02:03:10,671{GMT}	INFO	[jepsen worker 3] jepsen.util: 3	:ok	:read	[28 68 58 67 88 80 5 57 22 93 30 43 87 33 31 50 85 75 65 86 9 46 12 34 3 84 90 38 16 41 59 42 77 37 40 92 4 27 1 83 15 26 13 52 76 0 79 53 6 7 72 44 69 2 32 71 25 48 29 20 91 56 74 89 49 51 19 21 11 64 35 18 81 63 36 10 39 62 66 54 61 60 82 55 47 24 78 8 23 73 17 45 14 70]
2023-05-11 02:03:10,857{GMT}	INFO	[jepsen worker 4] jepsen.util: 4	:invoke	:broadcast	94
2023-05-11 02:03:10,858{GMT}	INFO	[jepsen worker 4] jepsen.util: 4	:ok	:broadcast	94
2023-05-11 02:03:10,971{GMT}	INFO	[jepsen worker 0] jepsen.util: 0	:invoke	:broadcast	95
2023-05-11 02:03:10,972{GMT}	INFO	[jepsen worker 0] jepsen.util: 0	:ok	:broadcast	95
2023-05-11 02:03:10,985{GMT}	INFO	[jepsen worker 0] jepsen.util: 0	:invoke	:read	nil
2023-05-11 02:03:10,985{GMT}	INFO	[jepsen worker 0] jepsen.util: 0	:ok	:read	[34 50 26 79 35 22 84 21 5 78 33 25 83 10 16 3 24 44 68 82 7 41 55 23 87 27 2 89 47 29 9 54 73 11 13 20 37 19 36 92 65 90 40 74 59 31 6 39 77 61 64 63 57 48 15 95 14 76 38 42 28 70 93 80 52 62 17 1 8 0 67 32 91 12 85 60 86 72 81 75 43 51 45 53 71 18 88 66 46 49 4 69 94 58 56 30]
2023-05-11 02:03:10,993{GMT}	INFO	[jepsen worker 1] jepsen.util: 1	:invoke	:read	nil
2023-05-11 02:03:10,994{GMT}	INFO	[jepsen worker 1] jepsen.util: 1	:ok	:read	[91 79 90 63 13 32 72 69 31 1 74 40 61 56 68 9 70 7 14 39 28 80 84 78 12 52 85 65 43 34 64 51 26 82 49 62 50 36 93 45 55 60 58 17 59 6 37 41 87 47 35 16 89 57 75 83 19 46 95 81 10 86 21 53 33 66 24 94 76 8 73 22 18 15 29 30 0 44 2 5 38 20 11 92 3 23 54 67 77 42 48 88 71 25 4 27]
2023-05-11 02:03:11,089{GMT}	INFO	[jepsen worker 2] jepsen.util: 2	:invoke	:read	nil
2023-05-11 02:03:11,090{GMT}	INFO	[jepsen worker 2] jepsen.util: 2	:ok	:read	[8 4 34 6 15 50 63 84 29 66 51 17 35 3 14 68 57 72 73 9 91 77 67 44 42 41 79 19 94 45 60 80 12 33 10 13 49 40 74 21 81 76 20 16 37 75 36 28 62 2 54 7 31 69 85 70 82 93 95 90 30 59 32 11 25 48 61 39 27 56 5 86 65 43 26 52 18 23 1 46 88 78 83 55 24 53 0 64 92 22 58 47 87 89 38 71]
2023-05-11 02:03:11,099{GMT}	INFO	[jepsen worker 3] jepsen.util: 3	:invoke	:broadcast	96
2023-05-11 02:03:11,100{GMT}	INFO	[jepsen worker 3] jepsen.util: 3	:ok	:broadcast	96
2023-05-11 02:03:11,214{GMT}	INFO	[jepsen worker 4] jepsen.util: 4	:invoke	:broadcast	97
2023-05-11 02:03:11,215{GMT}	INFO	[jepsen worker 4] jepsen.util: 4	:ok	:broadcast	97
2023-05-11 02:03:11,351{GMT}	INFO	[jepsen worker 0] jepsen.util: 0	:invoke	:broadcast	98
2023-05-11 02:03:11,352{GMT}	INFO	[jepsen worker 0] jepsen.util: 0	:ok	:broadcast	98
2023-05-11 02:03:11,494{GMT}	INFO	[jepsen worker 0] jepsen.util: 0	:invoke	:broadcast	99
2023-05-11 02:03:11,495{GMT}	INFO	[jepsen worker 0] jepsen.util: 0	:ok	:broadcast	99
2023-05-11 02:03:11,526{GMT}	INFO	[jepsen worker 1] jepsen.util: 1	:invoke	:read	nil
2023-05-11 02:03:11,526{GMT}	INFO	[jepsen worker 1] jepsen.util: 1	:ok	:read	[91 79 90 63 13 32 72 69 31 1 74 40 61 56 68 9 70 7 14 39 28 80 84 78 12 52 85 65 43 34 64 51 26 96 82 49 62 50 36 93 45 55 60 58 17 59 6 37 41 87 47 99 35 16 97 89 57 75 83 19 46 95 81 10 86 21 53 33 66 24 94 76 8 73 22 18 15 98 29 30 0 44 2 5 38 20 11 92 3 23 54 67 77 42 48 88 71 25 4 27]
2023-05-11 02:03:11,698{GMT}	INFO	[jepsen worker 2] jepsen.util: 2	:invoke	:broadcast	100
2023-05-11 02:03:11,700{GMT}	INFO	[jepsen worker 2] jepsen.util: 2	:ok	:broadcast	100
2023-05-11 02:03:11,767{GMT}	INFO	[jepsen worker 3] jepsen.util: 3	:invoke	:broadcast	101
2023-05-11 02:03:11,768{GMT}	INFO	[jepsen worker 3] jepsen.util: 3	:ok	:broadcast	101
2023-05-11 02:03:11,865{GMT}	INFO	[jepsen worker 4] jepsen.util: 4	:invoke	:read	nil
2023-05-11 02:03:11,866{GMT}	INFO	[jepsen worker 4] jepsen.util: 4	:ok	:read	[44 27 46 34 17 82 64 38 42 30 6 55 71 101 56 67 65 95 11 84 26 83 61 10 70 2 45 35 13 25 9 32 43 100 85 88 77 47 73 99 3 20 8 22 60 75 48 16 29 18 54 40 91 76 81 74 1 36 63 57 78 59 92 90 7 87 98 53 0 66 33 12 89 52 96 4 19 21 37 41 51 69 62 5 80 93 28 79 31 24 58 68 94 15 72 97 39 23 49 50 14 86]
2023-05-11 02:03:12,034{GMT}	INFO	[jepsen worker 0] jepsen.util: 0	:invoke	:broadcast	102
2023-05-11 02:03:12,036{GMT}	INFO	[jepsen worker 0] jepsen.util: 0	:ok	:broadcast	102
2023-05-11 02:03:12,110{GMT}	INFO	[jepsen worker 0] jepsen.util: 0	:invoke	:broadcast	103
2023-05-11 02:03:12,111{GMT}	INFO	[jepsen worker 0] jepsen.util: 0	:ok	:broadcast	103
2023-05-11 02:03:12,263{GMT}	INFO	[jepsen worker 1] jepsen.util: 1	:invoke	:broadcast	104
2023-05-11 02:03:12,265{GMT}	INFO	[jepsen worker 1] jepsen.util: 1	:ok	:broadcast	104
2023-05-11 02:03:12,300{GMT}	INFO	[jepsen worker 2] jepsen.util: 2	:invoke	:read	nil
2023-05-11 02:03:12,301{GMT}	INFO	[jepsen worker 2] jepsen.util: 2	:ok	:read	[8 4 34 6 15 50 63 84 29 66 51 17 35 3 14 68 57 72 73 9 91 77 67 44 42 103 41 79 19 94 45 60 80 12 33 10 100 13 49 40 74 21 81 76 101 20 16 37 75 36 97 28 62 2 98 54 7 31 69 85 70 82 93 95 90 30 59 32 11 25 48 61 39 27 56 5 86 65 43 102 26 52 18 23 1 46 88 104 78 83 55 24 53 0 64 96 92 22 99 58 47 87 89 38 71]
2023-05-11 02:03:12,448{GMT}	INFO	[jepsen worker 3] jepsen.util: 3	:invoke	:read	nil
2023-05-11 02:03:12,449{GMT}	INFO	[jepsen worker 3] jepsen.util: 3	:ok	:read	[28 68 58 67 88 80 5 57 22 93 97 30 43 87 33 31 50 101 85 75 65 86 9 46 12 34 3 84 90 38 16 41 59 42 77 37 40 92 4 27 1 83 15 26 13 52 76 0 79 53 98 104 6 7 72 44 100 95 69 103 2 32 71 25 48 29 20 91 56 74 99 89 49 51 19 21 11 64 35 18 81 63 36 10 39 62 66 96 54 61 94 60 82 55 102 47 24 78 8 23 73 17 45 14 70]
2023-05-11 02:03:12,539{GMT}	INFO	[jepsen worker 4] jepsen.util: 4	:invoke	:read	nil
2023-05-11 02:03:12,540{GMT}	INFO	[jepsen worker 4] jepsen.util: 4	:ok	:read	[44 27 46 34 17 82 64 38 42 30 6 55 71 101 56 67 65 95 11 84 26 83 61 10 70 2 45 35 13 25 9 32 43 100 85 88 77 47 73 99 3 20 8 22 60 75 48 16 29 18 54 40 91 76 81 74 1 36 63 57 78 59 104 92 90 7 87 98 53 0 66 102 33 12 89 52 96 4 19 21 37 41 51 69 62 5 80 93 28 79 103 31 24 58 68 94 15 72 97 39 23 49 50 14 86]
2023-05-11 02:03:12,670{GMT}	INFO	[jepsen worker 0] jepsen.util: 0	:invoke	:read	nil
2023-05-11 02:03:12,671{GMT}	INFO	[jepsen worker 0] jepsen.util: 0	:ok	:read	[34 50 26 100 79 35 22 84 21 5 78 99 33 25 83 10 16 3 24 104 103 44 68 82 7 41 55 23 87 27 2 89 47 29 96 9 54 73 11 13 20 37 19 36 92 65 90 40 74 59 31 6 39 77 97 61 64 102 63 57 48 15 95 14 76 38 42 28 70 93 98 80 52 62 17 1 101 8 0 67 32 91 12 85 60 86 72 81 75 43 51 45 53 71 18 88 66 46 49 4 69 94 58 56 30]
2023-05-11 02:03:12,693{GMT}	INFO	[jepsen worker 0] jepsen.util: 0	:invoke	:broadcast	105
2023-05-11 02:03:12,694{GMT}	INFO	[jepsen worker 0] jepsen.util: 0	:ok	:broadcast	105
2023-05-11 02:03:12,875{GMT}	INFO	[jepsen worker 1] jepsen.util: 1	:invoke	:broadcast	106
2023-05-11 02:03:12,876{GMT}	INFO	[jepsen worker 1] jepsen.util: 1	:ok	:broadcast	106
2023-05-11 02:03:13,071{GMT}	INFO	[jepsen worker 2] jepsen.util: 2	:invoke	:broadcast	107
2023-05-11 02:03:13,073{GMT}	INFO	[jepsen worker 2] jepsen.util: 2	:ok	:broadcast	107
2023-05-11 02:03:13,073{GMT}	INFO	[jepsen worker nemesis] jepsen.util: :nemesis	:info	:stop-partition	nil
2023-05-11 02:03:13,074{GMT}	INFO	[jepsen worker nemesis] jepsen.util: :nemesis	:info	:stop-partition	:network-healed
2023-05-11 02:03:13,074{GMT}	INFO	[jepsen worker 4] jepsen.generator.interpreter: Waiting for recovery...
2023-05-11 02:03:23,075{GMT}	INFO	[jepsen worker 3] jepsen.util: 3	:invoke	:read	nil
2023-05-11 02:03:23,076{GMT}	INFO	[jepsen worker 4] jepsen.util: 4	:invoke	:read	nil
2023-05-11 02:03:23,076{GMT}	INFO	[jepsen worker 0] jepsen.util: 0	:invoke	:read	nil
2023-05-11 02:03:23,076{GMT}	INFO	[jepsen worker 1] jepsen.util: 1	:invoke	:read	nil
2023-05-11 02:03:23,077{GMT}	INFO	[jepsen worker 2] jepsen.util: 2	:invoke	:read	nil
2023-05-11 02:03:23,077{GMT}	INFO	[jepsen worker 1] jepsen.util: 1	:ok	:read	[106 91 79 90 63 13 32 72 69 31 1 74 40 61 56 68 9 70 105 7 14 39 28 80 84 78 12 52 85 65 43 34 100 64 51 26 96 82 104 49 62 50 103 36 93 45 55 60 58 17 59 6 37 41 87 107 47 99 35 16 97 89 57 75 83 19 46 95 81 10 86 21 53 33 66 24 94 76 8 102 101 73 22 18 15 98 29 30 0 44 2 5 38 20 11 92 3 23 54 67 77 42 48 88 71 25 4 27]
2023-05-11 02:03:23,077{GMT}	INFO	[jepsen worker 0] jepsen.util: 0	:ok	:read	[34 50 26 100 79 35 22 84 21 5 78 99 33 25 83 10 16 3 24 104 103 44 68 82 7 41 55 23 87 27 2 89 47 107 29 96 9 54 73 11 13 20 37 19 36 92 65 90 40 74 59 31 6 39 77 97 61 64 102 63 57 48 15 95 14 76 38 42 105 28 70 93 98 80 52 62 17 1 101 8 0 67 32 91 12 85 60 86 72 81 75 43 51 45 53 71 18 88 66 46 49 4 69 106 94 58 56 30]
2023-05-11 02:03:23,077{GMT}	INFO	[jepsen worker 3] jepsen.util: 3	:ok	:read	[105 28 68 58 67 88 80 5 57 22 93 97 30 43 87 106 33 31 50 101 85 75 65 86 9 46 12 34 3 84 90 38 16 41 59 42 77 37 40 92 4 27 1 83 15 26 13 52 76 0 79 53 98 104 6 7 72 44 100 95 69 103 2 32 71 25 48 29 20 91 56 74 99 89 49 51 19 21 11 64 35 18 81 63 36 10 39 62 66 96 54 61 94 60 82 55 102 47 24 78 8 23 73 17 45 107 14 70]
2023-05-11 02:03:23,077{GMT}	INFO	[jepsen worker 4] jepsen.util: 4	:ok	:read	[44 27 46 106 34 17 82 64 38 42 30 6 55 71 101 56 67 65 95 11 84 26 83 61 10 70 2 45 35 13 25 9 32 43 100 85 88 77 47 73 107 99 3 20 8 22 60 75 48 16 29 18 54 40 91 76 81 74 1 36 63 57 78 59 104 92 90 7 87 98 53 0 66 102 33 12 89 52 96 4 19 21 37 41 51 69 62 5 80 93 105 28 79 103 31 24 58 68 94 15 72 97 39 23 49 50 14 86]
2023-05-11 02:03:23,078{GMT}	INFO	[jepsen worker 2] jepsen.util: 2	:ok	:read	[8 105 107 4 34 6 15 50 63 84 29 66 51 17 35 3 14 68 57 72 73 9 91 77 67 44 42 103 41 79 19 94 45 60 80 12 33 10 100 13 49 40 74 21 81 76 101 20 16 37 75 36 97 28 62 2 98 54 7 31 69 85 70 82 93 95 90 30 59 32 11 25 48 61 39 27 56 5 86 65 43 102 106 26 52 18 23 1 46 88 104 78 83 55 24 53 0 64 96 92 22 99 58 47 87 89 38 71]
2023-05-11 02:03:23,089{GMT}	INFO	[jepsen test runner] jepsen.core: Run complete, writing
2023-05-11 02:03:23,126{GMT}	INFO	[jepsen node n0] maelstrom.db: Tearing down n0
2023-05-11 02:03:23,126{GMT}	INFO	[jepsen node n1] maelstrom.db: Tearing down n1
2023-05-11 02:03:23,126{GMT}	INFO	[jepsen node n2] maelstrom.db: Tearing down n2
2023-05-11 02:03:23,127{GMT}	INFO	[jepsen node n3] maelstrom.db: Tearing down n3
2023-05-11 02:03:23,127{GMT}	INFO	[jepsen node n4] maelstrom.db: Tearing down n4
2023-05-11 02:03:24,155{GMT}	INFO	[jepsen node n0] maelstrom.net: Shutting down Maelstrom network
2023-05-11 02:03:24,156{GMT}	INFO	[jepsen test runner] jepsen.core: Analyzing...
2023-05-11 02:03:24,324{GMT}	INFO	[jepsen test runner] jepsen.core: Analysis complete
2023-05-11 02:03:24,342{GMT}	INFO	[jepsen results] jepsen.store: Wrote /home/eman/gossip-glomers/maelstrom/store/broadcast/20230511T020251.745-0400/results.edn
2023-05-11 02:03:24,361{GMT}	INFO	[jepsen test runner] jepsen.core: {:perf {:latency-graph {:valid? true},
        :rate-graph {:valid? true},
        :valid? true},
 :timeline {:valid? true},
 :exceptions {:valid? true},
 :stats {:valid? true,
         :count 204,
         :ok-count 204,
         :fail-count 0,
         :info-count 0,
         :by-f {:broadcast {:valid? true,
                            :count 108,
                            :ok-count 108,
                            :fail-count 0,
                            :info-count 0},
                :read {:valid? true,
                       :count 96,
                       :ok-count 96,
                       :fail-count 0,
                       :info-count 0}}},
 :availability {:valid? true, :ok-fraction 1.0},
 :net {:all {:send-count 860,
             :recv-count 735,
             :msg-count 860,
             :msgs-per-op 4.2156863},
       :clients {:send-count 428, :recv-count 428, :msg-count 428},
       :servers {:send-count 432,
                 :recv-count 307,
                 :msg-count 432,
                 :msgs-per-op 2.1176472},
       :valid? true},
 :workload {:worst-stale ({:element 0,
                           :outcome :stable,
                           :stable-latency 14817,
                           :lost-latency nil,
                           :known #jepsen.history.Op{:index 5,
                                                     :time 165000041,
                                                     :type :ok,
                                                     :process 2,
                                                     :f :add,
                                                     :value 0},
                           :last-absent #jepsen.history.Op{:index 302,
                                                           :time 14982979043,
                                                           :type :invoke,
                                                           :process 1,
                                                           :f :read,
                                                           :value nil}}
                          {:element 5,
                           :outcome :stable,
                           :stable-latency 14229,
                           :lost-latency nil,
                           :known #jepsen.history.Op{:index 17,
                                                     :time 753785001,
                                                     :type :ok,
                                                     :process 2,
                                                     :f :add,
                                                     :value 5},
                           :last-absent #jepsen.history.Op{:index 302,
                                                           :time 14982979043,
                                                           :type :invoke,
                                                           :process 1,
                                                           :f :read,
                                                           :value nil}}
                          {:element 1,
                           :outcome :stable,
                           :stable-latency 13630,
                           :lost-latency nil,
                           :known #jepsen.history.Op{:index 7,
                                                     :time 259910921,
                                                     :type :ok,
                                                     :process 3,
                                                     :f :add,
                                                     :value 1},
                           :last-absent #jepsen.history.Op{:index 280,
                                                           :time 13890207617,
                                                           :type :invoke,
                                                           :process 2,
                                                           :f :read,
                                                           :value nil}}
                          {:element 9,
                           :outcome :stable,
                           :stable-latency 13528,
                           :lost-latency nil,
                           :known #jepsen.history.Op{:index 29,
                                                     :time 1454692789,
                                                     :type :ok,
                                                     :process 2,
                                                     :f :add,
                                                     :value 9},
                           :last-absent #jepsen.history.Op{:index 302,
                                                           :time 14982979043,
                                                           :type :invoke,
                                                           :process 1,
                                                           :f :read,
                                                           :value nil}}
                          {:element 2,
                           :outcome :stable,
                           :stable-latency 13492,
                           :lost-latency nil,
                           :known #jepsen.history.Op{:index 9,
                                                     :time 397249809,
                                                     :type :ok,
                                                     :process 4,
                                                     :f :add,
                                                     :value 2},
                           :last-absent #jepsen.history.Op{:index 280,
                                                           :time 13890207617,
                                                           :type :invoke,
                                                           :process 2,
                                                           :f :read,
                                                           :value nil}}
                          {:element 3,
                           :outcome :stable,
                           :stable-latency 13410,
                           :lost-latency nil,
                           :known #jepsen.history.Op{:index 11,
                                                     :time 480117841,
                                                     :type :ok,
                                                     :process 0,
                                                     :f :add,
                                                     :value 3},
                           :last-absent #jepsen.history.Op{:index 280,
                                                           :time 13890207617,
                                                           :type :invoke,
                                                           :process 2,
                                                           :f :read,
                                                           :value nil}}
                          {:element 4,
                           :outcome :stable,
                           :stable-latency 13151,
                           :lost-latency nil,
                           :known #jepsen.history.Op{:index 15,
                                                     :time 738436896,
                                                     :type :ok,
                                                     :process 1,
                                                     :f :add,
                                                     :value 4},
                           :last-absent #jepsen.history.Op{:index 280,
                                                           :time 13890207617,
                                                           :type :invoke,
                                                           :process 2,
                                                           :f :read,
                                                           :value nil}}
                          {:element 6,
                           :outcome :stable,
                           :stable-latency 13028,
                           :lost-latency nil,
                           :known #jepsen.history.Op{:index 19,
                                                     :time 861408527,
                                                     :type :ok,
                                                     :process 3,
                                                     :f :add,
                                                     :value 6},
                           :last-absent #jepsen.history.Op{:index 280,
                                                           :time 13890207617,
                                                           :type :invoke,
                                                           :process 2,
                                                           :f :read,
                                                           :value nil}}),
            :duplicated-count 0,
            :valid? true,
            :lost-count 0,
            :lost (),
            :stable-count 108,
            :stale-count 76,
            :stale (0
                    1
                    2
                    3
                    4
                    5
                    6
                    7
                    8
                    9
                    10
                    11
                    12
                    13
                    14
                    15
                    16
                    17
                    18
                    19
                    20
                    21
                    22
                    23
                    24
                    25
                    26
                    27
                    28
                    29
                    30
                    31
                    32
                    33
                    34
                    35
                    36
                    37
                    38
                    39
                    40
                    41
                    42
                    43
                    44
                    45
                    46
                    47
                    48
                    49
                    50
                    51
                    52
                    53
                    54
                    55
                    56
                    57
                    58
                    59
                    60
                    61
                    62
                    63
                    64
                    65
                    66
                    67
                    68
                    69
                    70
                    71
                    72
                    73
                    74
                    75),
            :never-read-count 0,
            :stable-latencies {0 0,
                               0.5 3884,
                               0.95 13410,
                               0.99 14229,
                               1 14817},
            :attempt-count 108,
            :never-read (),
            :duplicated {}},
 :valid? true}


Everything looks good! (`)
