2023-05-11 01:11:32,494{GMT}	INFO	[jepsen test runner] jepsen.core: Command line:
lein run test -w broadcast --bin ../maelstrom-echo/target/release/maelstrom-echo --node-count 1 --time-limit 20 --rate 10
2023-05-11 01:11:32,550{GMT}	INFO	[jepsen test runner] jepsen.core: Running test:
{:args []
 :remote
 #jepsen.control.retry.Remote{:remote #jepsen.control.scp.Remote{:cmd-remote #jepsen.control.sshj.SSHJRemote{:concurrency-limit 6,
                                                                                                             :conn-spec nil,
                                                                                                             :client nil,
                                                                                                             :semaphore nil},
                                                                 :conn-spec nil},
                              :conn nil}
 :log-net-send false
 :node-count 1
 :availability nil
 :max-txn-length 4
 :concurrency 1
 :db
 #object[maelstrom.db$db$reify__16142
         "0x5aad4194"
         "maelstrom.db$db$reify__16142@5aad4194"]
 :max-writes-per-key 16
 :leave-db-running? false
 :name "broadcast"
 :logging-json? false
 :start-time
 #object[org.joda.time.DateTime "0x6dd0e2f4" "2023-05-11T01:11:32.481-04:00"]
 :nemesis-interval 10
 :net
 #object[maelstrom.net$jepsen_net$reify__15251
         "0x333813e7"
         "maelstrom.net$jepsen_net$reify__15251@333813e7"]
 :client
 #object[maelstrom.workload.broadcast$client$reify__16644
         "0x292237cd"
         "maelstrom.workload.broadcast$client$reify__16644@292237cd"]
 :barrier
 #object[java.util.concurrent.CyclicBarrier
         "0x797a5b31"
         "java.util.concurrent.CyclicBarrier@797a5b31"]
 :log-stderr false
 :pure-generators true
 :ssh {:dummy? true}
 :rate 10.0
 :checker
 #object[jepsen.checker$compose$reify__11881
         "0x13d7d1a8"
         "jepsen.checker$compose$reify__11881@13d7d1a8"]
 :argv
 ("test"
  "-w"
  "broadcast"
  "--bin"
  "../maelstrom-echo/target/release/maelstrom-echo"
  "--node-count"
  "1"
  "--time-limit"
  "20"
  "--rate"
  "10")
 :nemesis
 (jepsen.nemesis.ReflCompose
  {:fm {:start-partition 0,
        :stop-partition 0,
        :kill 1,
        :start 1,
        :pause 1,
        :resume 1},
   :nemeses [#unprintable "jepsen.nemesis.combined$partition_nemesis$reify__16416@60035f1e"
             #unprintable "jepsen.nemesis.combined$db_nemesis$reify__16397@5827908c"]})
 :nodes ["n0"]
 :test-count 1
 :latency {:mean 0, :dist :constant}
 :bin "../maelstrom-echo/target/release/maelstrom-echo"
 :generator
 ((jepsen.generator.Synchronize
   {:gen (jepsen.generator.TimeLimit
          {:limit 20000000000,
           :cutoff nil,
           :gen (jepsen.generator.Any
                 {:gens [(jepsen.generator.OnThreads
                          {:f #{:nemesis},
                           :context-filter #object[jepsen.generator.context$make_thread_filter$lazy_filter__9167
                                                   "0x7f9083b4"
                                                   "jepsen.generator.context$make_thread_filter$lazy_filter__9167@7f9083b4"],
                           :gen nil})
                         (jepsen.generator.OnThreads
                          {:f #jepsen.generator.context.AllBut{:element :nemesis},
                           :context-filter #object[jepsen.generator.context$make_thread_filter$lazy_filter__9167
                                                   "0x40f40221"
                                                   "jepsen.generator.context$make_thread_filter$lazy_filter__9167@40f40221"],
                           :gen (jepsen.generator.Stagger
                                 {:dt 200000000,
                                  :next-time nil,
                                  :gen (jepsen.generator.Mix
                                        {:i 0,
                                         :gens [({:f :broadcast, :value 0}
                                                 {:f :broadcast, :value 1}
                                                 {:f :broadcast, :value 2}
                                                 {:f :broadcast, :value 3}
                                                 {:f :broadcast, :value 4}
                                                 {:f :broadcast, :value 5}
                                                 {:f :broadcast, :value 6}
                                                 {:f :broadcast, :value 7}
                                                 ...)
                                                ({:f :read}
                                                 {:f :read}
                                                 {:f :read}
                                                 {:f :read}
                                                 {:f :read}
                                                 {:f :read}
                                                 {:f :read}
                                                 {:f :read}
                                                 ...)]})})})]})})})
  (jepsen.generator.Synchronize
   {:gen (jepsen.generator.OnThreads
          {:f #{:nemesis},
           :context-filter #object[jepsen.generator.context$make_thread_filter$lazy_filter__9167
                                   "0x6d3b59e2"
                                   "jepsen.generator.context$make_thread_filter$lazy_filter__9167@6d3b59e2"],
           :gen ()})})
  (jepsen.generator.Synchronize
   {:gen {:type :log, :value "Waiting for recovery..."}})
  (jepsen.generator.Synchronize {:gen {:type :sleep, :value 10}})
  (jepsen.generator.Synchronize
   {:gen (jepsen.generator.OnThreads
          {:f #jepsen.generator.context.AllBut{:element :nemesis},
           :context-filter #object[jepsen.generator.context$make_thread_filter$lazy_filter__9167
                                   "0x164dfad2"
                                   "jepsen.generator.context$make_thread_filter$lazy_filter__9167@164dfad2"],
           :gen (jepsen.generator.EachThread
                 {:fresh-gen {:f :read, :final? true},
                  :context-filters #object[clojure.core$promise$reify__8591
                                           "0x76480730"
                                           {:status :pending, :val nil}],
                  :gens {}})})}))
 :log-net-recv false
 :os
 #object[maelstrom.net$jepsen_os$reify__15254
         "0x405a296e"
         "maelstrom.net$jepsen_os$reify__15254@405a296e"]
 :time-limit 20
 :workload :broadcast
 :consistency-models [:strict-serializable]
 :topology :grid}

2023-05-11 01:11:33,990{GMT}	INFO	[jepsen node n0] maelstrom.net: Starting Maelstrom network
2023-05-11 01:11:33,992{GMT}	INFO	[jepsen test runner] jepsen.db: Tearing down DB
2023-05-11 01:11:33,994{GMT}	INFO	[jepsen test runner] jepsen.db: Setting up DB
2023-05-11 01:11:33,996{GMT}	INFO	[jepsen node n0] maelstrom.service: Starting services: (lin-kv lin-tso lww-kv seq-kv)
2023-05-11 01:11:33,999{GMT}	INFO	[jepsen node n0] maelstrom.db: Setting up n0
2023-05-11 01:11:34,000{GMT}	INFO	[jepsen node n0] maelstrom.process: launching ../maelstrom-echo/target/release/maelstrom-echo []
2023-05-11 01:11:34,021{GMT}	INFO	[jepsen test runner] jepsen.core: Relative time begins now
2023-05-11 01:11:34,039{GMT}	INFO	[jepsen worker 0] jepsen.util: 0	:invoke	:broadcast	0
2023-05-11 01:11:39,042{GMT}	INFO	[jepsen worker 0] jepsen.util: 0	:info	:broadcast	0	:net-timeout
2023-05-11 01:11:39,042{GMT}	INFO	[jepsen worker 0] jepsen.util: 1	:invoke	:broadcast	1
2023-05-11 01:11:44,043{GMT}	INFO	[jepsen worker 0] jepsen.util: 1	:info	:broadcast	1	:net-timeout
2023-05-11 01:11:44,044{GMT}	INFO	[jepsen worker 0] jepsen.util: 2	:invoke	:broadcast	2
2023-05-11 01:11:49,044{GMT}	INFO	[jepsen worker 0] jepsen.util: 2	:info	:broadcast	2	:net-timeout
2023-05-11 01:11:49,045{GMT}	INFO	[jepsen worker 0] jepsen.util: 3	:invoke	:broadcast	3
2023-05-11 01:11:54,046{GMT}	INFO	[jepsen worker 0] jepsen.util: 3	:info	:broadcast	3	:net-timeout
2023-05-11 01:11:54,046{GMT}	INFO	[jepsen worker 0] jepsen.generator.interpreter: Waiting for recovery...
2023-05-11 01:12:04,048{GMT}	INFO	[jepsen worker 0] jepsen.util: 4	:invoke	:read	nil
2023-05-11 01:12:09,049{GMT}	INFO	[jepsen worker 0] jepsen.util: 4	:fail	:read	nil	:net-timeout
2023-05-11 01:12:09,060{GMT}	INFO	[jepsen test runner] jepsen.core: Run complete, writing
2023-05-11 01:12:09,091{GMT}	INFO	[jepsen node n0] maelstrom.db: Tearing down n0
2023-05-11 01:12:11,004{GMT}	INFO	[jepsen node n0] maelstrom.net: Shutting down Maelstrom network
2023-05-11 01:12:11,004{GMT}	INFO	[jepsen test runner] jepsen.core: Analyzing...
2023-05-11 01:12:11,122{GMT}	INFO	[jepsen test runner] jepsen.core: Analysis complete
2023-05-11 01:12:11,133{GMT}	INFO	[jepsen results] jepsen.store: Wrote /home/eman/gossip-glomers/maelstrom/store/broadcast/20230511T011132.481-0400/results.edn
2023-05-11 01:12:11,141{GMT}	INFO	[jepsen test runner] jepsen.core: {:perf {:latency-graph {:valid? true},
        :rate-graph {:valid? true},
        :valid? true},
 :timeline {:valid? true},
 :exceptions {:valid? true},
 :stats {:valid? false,
         :count 5,
         :ok-count 0,
         :fail-count 1,
         :info-count 4,
         :by-f {:broadcast {:valid? false,
                            :count 4,
                            :ok-count 0,
                            :fail-count 0,
                            :info-count 4},
                :read {:valid? false,
                       :count 1,
                       :ok-count 0,
                       :fail-count 1,
                       :info-count 0}}},
 :availability {:valid? true, :ok-fraction 0.0},
 :net {:all {:send-count 14,
             :recv-count 14,
             :msg-count 14,
             :msgs-per-op 2.8},
       :clients {:send-count 14, :recv-count 14, :msg-count 14},
       :servers {:send-count 0,
                 :recv-count 0,
                 :msg-count 0,
                 :msgs-per-op 0.0},
       :valid? true},
 :workload {:worst-stale (),
            :duplicated-count 0,
            :valid? :unknown,
            :lost-count 0,
            :lost (),
            :stable-count 0,
            :stale-count 0,
            :stale (),
            :never-read-count 4,
            :attempt-count 4,
            :never-read (0 1 2 3),
            :duplicated {}},
 :valid? false}


Analysis invalid! (ﾉಥ益ಥ）ﾉ ┻━┻
