2023-05-11 01:39:29,527{GMT}	INFO	[jepsen test runner] jepsen.core: Command line:
lein run test -w broadcast --bin ../maelstrom-echo/target/release/maelstrom-echo --node-count 5 --time-limit 20 --rate 10
2023-05-11 01:39:29,588{GMT}	INFO	[jepsen test runner] jepsen.core: Running test:
{:args []
 :remote
 #jepsen.control.retry.Remote{:remote #jepsen.control.scp.Remote{:cmd-remote #jepsen.control.sshj.SSHJRemote{:concurrency-limit 6,
                                                                                                             :conn-spec nil,
                                                                                                             :client nil,
                                                                                                             :semaphore nil},
                                                                 :conn-spec nil},
                              :conn nil}
 :log-net-send false
 :node-count 5
 :availability nil
 :max-txn-length 4
 :concurrency 5
 :db
 #object[maelstrom.db$db$reify__16142
         "0x50a1c2f3"
         "maelstrom.db$db$reify__16142@50a1c2f3"]
 :max-writes-per-key 16
 :leave-db-running? false
 :name "broadcast"
 :logging-json? false
 :start-time
 #object[org.joda.time.DateTime "0x333813e7" "2023-05-11T01:39:29.514-04:00"]
 :nemesis-interval 10
 :net
 #object[maelstrom.net$jepsen_net$reify__15251
         "0x292237cd"
         "maelstrom.net$jepsen_net$reify__15251@292237cd"]
 :client
 #object[maelstrom.workload.broadcast$client$reify__16644
         "0x797a5b31"
         "maelstrom.workload.broadcast$client$reify__16644@797a5b31"]
 :barrier
 #object[java.util.concurrent.CyclicBarrier
         "0x13d7d1a8"
         "java.util.concurrent.CyclicBarrier@13d7d1a8"]
 :log-stderr false
 :pure-generators true
 :ssh {:dummy? true}
 :rate 10.0
 :checker
 #object[jepsen.checker$compose$reify__11881
         "0x60035f1e"
         "jepsen.checker$compose$reify__11881@60035f1e"]
 :argv
 ("test"
  "-w"
  "broadcast"
  "--bin"
  "../maelstrom-echo/target/release/maelstrom-echo"
  "--node-count"
  "5"
  "--time-limit"
  "20"
  "--rate"
  "10")
 :nemesis
 (jepsen.nemesis.ReflCompose
  {:fm {:start-partition 0,
        :stop-partition 0,
        :kill 1,
        :start 1,
        :pause 1,
        :resume 1},
   :nemeses [#unprintable "jepsen.nemesis.combined$partition_nemesis$reify__16416@5827908c"
             #unprintable "jepsen.nemesis.combined$db_nemesis$reify__16397@732ffb6a"]})
 :nodes ["n0" "n1" "n2" "n3" "n4"]
 :test-count 1
 :latency {:mean 0, :dist :constant}
 :bin "../maelstrom-echo/target/release/maelstrom-echo"
 :generator
 ((jepsen.generator.Synchronize
   {:gen (jepsen.generator.TimeLimit
          {:limit 20000000000,
           :cutoff nil,
           :gen (jepsen.generator.Any
                 {:gens [(jepsen.generator.OnThreads
                          {:f #{:nemesis},
                           :context-filter #object[jepsen.generator.context$make_thread_filter$lazy_filter__9167
                                                   "0x40f40221"
                                                   "jepsen.generator.context$make_thread_filter$lazy_filter__9167@40f40221"],
                           :gen nil})
                         (jepsen.generator.OnThreads
                          {:f #jepsen.generator.context.AllBut{:element :nemesis},
                           :context-filter #object[jepsen.generator.context$make_thread_filter$lazy_filter__9167
                                                   "0x16441c13"
                                                   "jepsen.generator.context$make_thread_filter$lazy_filter__9167@16441c13"],
                           :gen (jepsen.generator.Stagger
                                 {:dt 200000000,
                                  :next-time nil,
                                  :gen (jepsen.generator.Mix
                                        {:i 1,
                                         :gens [({:f :broadcast, :value 0}
                                                 {:f :broadcast, :value 1}
                                                 {:f :broadcast, :value 2}
                                                 {:f :broadcast, :value 3}
                                                 {:f :broadcast, :value 4}
                                                 {:f :broadcast, :value 5}
                                                 {:f :broadcast, :value 6}
                                                 {:f :broadcast, :value 7}
                                                 ...)
                                                ({:f :read}
                                                 {:f :read}
                                                 {:f :read}
                                                 {:f :read}
                                                 {:f :read}
                                                 {:f :read}
                                                 {:f :read}
                                                 {:f :read}
                                                 ...)]})})})]})})})
  (jepsen.generator.Synchronize
   {:gen (jepsen.generator.OnThreads
          {:f #{:nemesis},
           :context-filter #object[jepsen.generator.context$make_thread_filter$lazy_filter__9167
                                   "0x164dfad2"
                                   "jepsen.generator.context$make_thread_filter$lazy_filter__9167@164dfad2"],
           :gen ()})})
  (jepsen.generator.Synchronize
   {:gen {:type :log, :value "Waiting for recovery..."}})
  (jepsen.generator.Synchronize {:gen {:type :sleep, :value 10}})
  (jepsen.generator.Synchronize
   {:gen (jepsen.generator.OnThreads
          {:f #jepsen.generator.context.AllBut{:element :nemesis},
           :context-filter #object[jepsen.generator.context$make_thread_filter$lazy_filter__9167
                                   "0x76480730"
                                   "jepsen.generator.context$make_thread_filter$lazy_filter__9167@76480730"],
           :gen (jepsen.generator.EachThread
                 {:fresh-gen {:f :read, :final? true},
                  :context-filters #object[clojure.core$promise$reify__8591
                                           "0x405a296e"
                                           {:status :pending, :val nil}],
                  :gens {}})})}))
 :log-net-recv false
 :os
 #object[maelstrom.net$jepsen_os$reify__15254
         "0x77198cce"
         "maelstrom.net$jepsen_os$reify__15254@77198cce"]
 :time-limit 20
 :workload :broadcast
 :consistency-models [:strict-serializable]
 :topology :grid}

2023-05-11 01:39:31,037{GMT}	INFO	[jepsen node n0] maelstrom.net: Starting Maelstrom network
2023-05-11 01:39:31,039{GMT}	INFO	[jepsen test runner] jepsen.db: Tearing down DB
2023-05-11 01:39:31,041{GMT}	INFO	[jepsen test runner] jepsen.db: Setting up DB
2023-05-11 01:39:31,042{GMT}	INFO	[jepsen node n1] maelstrom.db: Setting up n1
2023-05-11 01:39:31,042{GMT}	INFO	[jepsen node n3] maelstrom.db: Setting up n3
2023-05-11 01:39:31,042{GMT}	INFO	[jepsen node n2] maelstrom.db: Setting up n2
2023-05-11 01:39:31,042{GMT}	INFO	[jepsen node n4] maelstrom.db: Setting up n4
2023-05-11 01:39:31,042{GMT}	INFO	[jepsen node n2] maelstrom.process: launching ../maelstrom-echo/target/release/maelstrom-echo []
2023-05-11 01:39:31,042{GMT}	INFO	[jepsen node n3] maelstrom.process: launching ../maelstrom-echo/target/release/maelstrom-echo []
2023-05-11 01:39:31,042{GMT}	INFO	[jepsen node n1] maelstrom.process: launching ../maelstrom-echo/target/release/maelstrom-echo []
2023-05-11 01:39:31,042{GMT}	INFO	[jepsen node n4] maelstrom.process: launching ../maelstrom-echo/target/release/maelstrom-echo []
2023-05-11 01:39:31,044{GMT}	INFO	[jepsen node n0] maelstrom.service: Starting services: (lin-kv lin-tso lww-kv seq-kv)
2023-05-11 01:39:31,046{GMT}	INFO	[jepsen node n0] maelstrom.db: Setting up n0
2023-05-11 01:39:31,047{GMT}	INFO	[jepsen node n0] maelstrom.process: launching ../maelstrom-echo/target/release/maelstrom-echo []
2023-05-11 01:39:31,067{GMT}	INFO	[jepsen test runner] jepsen.core: Relative time begins now
2023-05-11 01:39:31,087{GMT}	INFO	[jepsen worker 0] jepsen.util: 0	:invoke	:read	nil
2023-05-11 01:39:31,090{GMT}	INFO	[jepsen worker 0] jepsen.util: 0	:ok	:read	[]
2023-05-11 01:39:31,220{GMT}	INFO	[jepsen worker 1] jepsen.util: 1	:invoke	:broadcast	0
2023-05-11 01:39:31,222{GMT}	INFO	[jepsen worker 1] jepsen.util: 1	:ok	:broadcast	0
2023-05-11 01:39:31,402{GMT}	INFO	[jepsen worker 2] jepsen.util: 2	:invoke	:read	nil
2023-05-11 01:39:31,404{GMT}	INFO	[jepsen worker 2] jepsen.util: 2	:ok	:read	[]
2023-05-11 01:39:31,499{GMT}	INFO	[jepsen worker 3] jepsen.util: 3	:invoke	:broadcast	1
2023-05-11 01:39:31,501{GMT}	INFO	[jepsen worker 3] jepsen.util: 3	:ok	:broadcast	1
2023-05-11 01:39:31,644{GMT}	INFO	[jepsen worker 4] jepsen.util: 4	:invoke	:broadcast	2
2023-05-11 01:39:31,646{GMT}	INFO	[jepsen worker 4] jepsen.util: 4	:ok	:broadcast	2
2023-05-11 01:39:31,743{GMT}	INFO	[jepsen worker 0] jepsen.util: 0	:invoke	:broadcast	3
2023-05-11 01:39:31,745{GMT}	INFO	[jepsen worker 0] jepsen.util: 0	:ok	:broadcast	3
2023-05-11 01:39:31,833{GMT}	INFO	[jepsen worker 0] jepsen.util: 0	:invoke	:read	nil
2023-05-11 01:39:31,834{GMT}	INFO	[jepsen worker 0] jepsen.util: 0	:ok	:read	[3]
2023-05-11 01:39:31,874{GMT}	INFO	[jepsen worker 1] jepsen.util: 1	:invoke	:broadcast	4
2023-05-11 01:39:31,876{GMT}	INFO	[jepsen worker 1] jepsen.util: 1	:ok	:broadcast	4
2023-05-11 01:39:32,029{GMT}	INFO	[jepsen worker 2] jepsen.util: 2	:invoke	:read	nil
2023-05-11 01:39:32,030{GMT}	INFO	[jepsen worker 2] jepsen.util: 2	:ok	:read	[]
2023-05-11 01:39:32,145{GMT}	INFO	[jepsen worker 3] jepsen.util: 3	:invoke	:broadcast	5
2023-05-11 01:39:32,146{GMT}	INFO	[jepsen worker 4] jepsen.util: 4	:invoke	:broadcast	6
2023-05-11 01:39:32,146{GMT}	INFO	[jepsen worker 3] jepsen.util: 3	:ok	:broadcast	5
2023-05-11 01:39:32,147{GMT}	INFO	[jepsen worker 4] jepsen.util: 4	:ok	:broadcast	6
2023-05-11 01:39:32,319{GMT}	INFO	[jepsen worker 0] jepsen.util: 0	:invoke	:broadcast	7
2023-05-11 01:39:32,321{GMT}	INFO	[jepsen worker 0] jepsen.util: 0	:ok	:broadcast	7
2023-05-11 01:39:32,390{GMT}	INFO	[jepsen worker 0] jepsen.util: 0	:invoke	:read	nil
2023-05-11 01:39:32,391{GMT}	INFO	[jepsen worker 0] jepsen.util: 0	:ok	:read	[3 7]
2023-05-11 01:39:32,457{GMT}	INFO	[jepsen worker 1] jepsen.util: 1	:invoke	:read	nil
2023-05-11 01:39:32,459{GMT}	INFO	[jepsen worker 1] jepsen.util: 1	:ok	:read	[0 4]
2023-05-11 01:39:32,599{GMT}	INFO	[jepsen worker 2] jepsen.util: 2	:invoke	:read	nil
2023-05-11 01:39:32,600{GMT}	INFO	[jepsen worker 2] jepsen.util: 2	:ok	:read	[]
2023-05-11 01:39:32,782{GMT}	INFO	[jepsen worker 3] jepsen.util: 3	:invoke	:read	nil
2023-05-11 01:39:32,783{GMT}	INFO	[jepsen worker 3] jepsen.util: 3	:ok	:read	[1 5]
2023-05-11 01:39:32,856{GMT}	INFO	[jepsen worker 4] jepsen.util: 4	:invoke	:broadcast	8
2023-05-11 01:39:32,857{GMT}	INFO	[jepsen worker 4] jepsen.util: 4	:ok	:broadcast	8
2023-05-11 01:39:32,891{GMT}	INFO	[jepsen worker 0] jepsen.util: 0	:invoke	:broadcast	9
2023-05-11 01:39:32,892{GMT}	INFO	[jepsen worker 0] jepsen.util: 0	:ok	:broadcast	9
2023-05-11 01:39:32,946{GMT}	INFO	[jepsen worker 0] jepsen.util: 0	:invoke	:broadcast	10
2023-05-11 01:39:32,948{GMT}	INFO	[jepsen worker 0] jepsen.util: 0	:ok	:broadcast	10
2023-05-11 01:39:32,978{GMT}	INFO	[jepsen worker 1] jepsen.util: 1	:invoke	:read	nil
2023-05-11 01:39:32,979{GMT}	INFO	[jepsen worker 1] jepsen.util: 1	:ok	:read	[0 4]
2023-05-11 01:39:33,014{GMT}	INFO	[jepsen worker 2] jepsen.util: 2	:invoke	:read	nil
2023-05-11 01:39:33,015{GMT}	INFO	[jepsen worker 2] jepsen.util: 2	:ok	:read	[]
2023-05-11 01:39:33,059{GMT}	INFO	[jepsen worker 3] jepsen.util: 3	:invoke	:read	nil
2023-05-11 01:39:33,060{GMT}	INFO	[jepsen worker 3] jepsen.util: 3	:ok	:read	[1 5]
2023-05-11 01:39:33,119{GMT}	INFO	[jepsen worker 4] jepsen.util: 4	:invoke	:broadcast	11
2023-05-11 01:39:33,120{GMT}	INFO	[jepsen worker 4] jepsen.util: 4	:ok	:broadcast	11
2023-05-11 01:39:33,143{GMT}	INFO	[jepsen worker 0] jepsen.util: 0	:invoke	:read	nil
2023-05-11 01:39:33,145{GMT}	INFO	[jepsen worker 0] jepsen.util: 0	:ok	:read	[3 7 9 10]
2023-05-11 01:39:33,338{GMT}	INFO	[jepsen worker 0] jepsen.util: 0	:invoke	:read	nil
2023-05-11 01:39:33,340{GMT}	INFO	[jepsen worker 0] jepsen.util: 0	:ok	:read	[3 7 9 10]
2023-05-11 01:39:33,395{GMT}	INFO	[jepsen worker 1] jepsen.util: 1	:invoke	:read	nil
2023-05-11 01:39:33,397{GMT}	INFO	[jepsen worker 1] jepsen.util: 1	:ok	:read	[0 4]
2023-05-11 01:39:33,544{GMT}	INFO	[jepsen worker 2] jepsen.util: 2	:invoke	:broadcast	12
2023-05-11 01:39:33,545{GMT}	INFO	[jepsen worker 2] jepsen.util: 2	:ok	:broadcast	12
2023-05-11 01:39:33,718{GMT}	INFO	[jepsen worker 3] jepsen.util: 3	:invoke	:read	nil
2023-05-11 01:39:33,720{GMT}	INFO	[jepsen worker 3] jepsen.util: 3	:ok	:read	[1 5]
2023-05-11 01:39:33,805{GMT}	INFO	[jepsen worker 4] jepsen.util: 4	:invoke	:read	nil
2023-05-11 01:39:33,806{GMT}	INFO	[jepsen worker 4] jepsen.util: 4	:ok	:read	[2 6 8 11]
2023-05-11 01:39:33,808{GMT}	INFO	[jepsen worker 0] jepsen.util: 0	:invoke	:read	nil
2023-05-11 01:39:33,809{GMT}	INFO	[jepsen worker 0] jepsen.util: 0	:ok	:read	[3 7 9 10]
2023-05-11 01:39:33,952{GMT}	INFO	[jepsen worker 0] jepsen.util: 0	:invoke	:broadcast	13
2023-05-11 01:39:33,953{GMT}	INFO	[jepsen worker 0] jepsen.util: 0	:ok	:broadcast	13
2023-05-11 01:39:34,110{GMT}	INFO	[jepsen worker 1] jepsen.util: 1	:invoke	:broadcast	14
2023-05-11 01:39:34,111{GMT}	INFO	[jepsen worker 1] jepsen.util: 1	:ok	:broadcast	14
2023-05-11 01:39:34,233{GMT}	INFO	[jepsen worker 2] jepsen.util: 2	:invoke	:read	nil
2023-05-11 01:39:34,234{GMT}	INFO	[jepsen worker 2] jepsen.util: 2	:ok	:read	[12]
2023-05-11 01:39:34,315{GMT}	INFO	[jepsen worker 3] jepsen.util: 3	:invoke	:read	nil
2023-05-11 01:39:34,316{GMT}	INFO	[jepsen worker 3] jepsen.util: 3	:ok	:read	[1 5]
2023-05-11 01:39:34,416{GMT}	INFO	[jepsen worker 4] jepsen.util: 4	:invoke	:read	nil
2023-05-11 01:39:34,417{GMT}	INFO	[jepsen worker 4] jepsen.util: 4	:ok	:read	[2 6 8 11]
2023-05-11 01:39:34,445{GMT}	INFO	[jepsen worker 0] jepsen.util: 0	:invoke	:read	nil
2023-05-11 01:39:34,446{GMT}	INFO	[jepsen worker 0] jepsen.util: 0	:ok	:read	[3 7 9 10 13]
2023-05-11 01:39:34,462{GMT}	INFO	[jepsen worker 0] jepsen.util: 0	:invoke	:broadcast	15
2023-05-11 01:39:34,463{GMT}	INFO	[jepsen worker 0] jepsen.util: 0	:ok	:broadcast	15
2023-05-11 01:39:34,558{GMT}	INFO	[jepsen worker 1] jepsen.util: 1	:invoke	:broadcast	16
2023-05-11 01:39:34,559{GMT}	INFO	[jepsen worker 1] jepsen.util: 1	:ok	:broadcast	16
2023-05-11 01:39:34,722{GMT}	INFO	[jepsen worker 2] jepsen.util: 2	:invoke	:read	nil
2023-05-11 01:39:34,723{GMT}	INFO	[jepsen worker 2] jepsen.util: 2	:ok	:read	[12]
2023-05-11 01:39:34,910{GMT}	INFO	[jepsen worker 3] jepsen.util: 3	:invoke	:read	nil
2023-05-11 01:39:34,911{GMT}	INFO	[jepsen worker 3] jepsen.util: 3	:ok	:read	[1 5]
2023-05-11 01:39:34,976{GMT}	INFO	[jepsen worker 4] jepsen.util: 4	:invoke	:broadcast	17
2023-05-11 01:39:34,977{GMT}	INFO	[jepsen worker 4] jepsen.util: 4	:ok	:broadcast	17
2023-05-11 01:39:35,020{GMT}	INFO	[jepsen worker 0] jepsen.util: 0	:invoke	:broadcast	18
2023-05-11 01:39:35,021{GMT}	INFO	[jepsen worker 0] jepsen.util: 0	:ok	:broadcast	18
2023-05-11 01:39:35,083{GMT}	INFO	[jepsen worker 0] jepsen.util: 0	:invoke	:read	nil
2023-05-11 01:39:35,084{GMT}	INFO	[jepsen worker 0] jepsen.util: 0	:ok	:read	[3 7 9 10 13 15 18]
2023-05-11 01:39:35,278{GMT}	INFO	[jepsen worker 1] jepsen.util: 1	:invoke	:broadcast	19
2023-05-11 01:39:35,279{GMT}	INFO	[jepsen worker 1] jepsen.util: 1	:ok	:broadcast	19
2023-05-11 01:39:35,352{GMT}	INFO	[jepsen worker 2] jepsen.util: 2	:invoke	:broadcast	20
2023-05-11 01:39:35,353{GMT}	INFO	[jepsen worker 2] jepsen.util: 2	:ok	:broadcast	20
2023-05-11 01:39:35,519{GMT}	INFO	[jepsen worker 3] jepsen.util: 3	:invoke	:read	nil
2023-05-11 01:39:35,520{GMT}	INFO	[jepsen worker 3] jepsen.util: 3	:ok	:read	[1 5]
2023-05-11 01:39:35,591{GMT}	INFO	[jepsen worker 4] jepsen.util: 4	:invoke	:broadcast	21
2023-05-11 01:39:35,592{GMT}	INFO	[jepsen worker 4] jepsen.util: 4	:ok	:broadcast	21
2023-05-11 01:39:35,628{GMT}	INFO	[jepsen worker 0] jepsen.util: 0	:invoke	:read	nil
2023-05-11 01:39:35,629{GMT}	INFO	[jepsen worker 0] jepsen.util: 0	:ok	:read	[3 7 9 10 13 15 18]
2023-05-11 01:39:35,764{GMT}	INFO	[jepsen worker 0] jepsen.util: 0	:invoke	:read	nil
2023-05-11 01:39:35,765{GMT}	INFO	[jepsen worker 0] jepsen.util: 0	:ok	:read	[3 7 9 10 13 15 18]
2023-05-11 01:39:35,791{GMT}	INFO	[jepsen worker 1] jepsen.util: 1	:invoke	:read	nil
2023-05-11 01:39:35,792{GMT}	INFO	[jepsen worker 1] jepsen.util: 1	:ok	:read	[0 4 14 16 19]
2023-05-11 01:39:35,804{GMT}	INFO	[jepsen worker 2] jepsen.util: 2	:invoke	:read	nil
2023-05-11 01:39:35,805{GMT}	INFO	[jepsen worker 2] jepsen.util: 2	:ok	:read	[12 20]
2023-05-11 01:39:35,847{GMT}	INFO	[jepsen worker 3] jepsen.util: 3	:invoke	:broadcast	22
2023-05-11 01:39:35,847{GMT}	INFO	[jepsen worker 3] jepsen.util: 3	:ok	:broadcast	22
2023-05-11 01:39:35,910{GMT}	INFO	[jepsen worker 4] jepsen.util: 4	:invoke	:broadcast	23
2023-05-11 01:39:35,911{GMT}	INFO	[jepsen worker 4] jepsen.util: 4	:ok	:broadcast	23
2023-05-11 01:39:35,969{GMT}	INFO	[jepsen worker 0] jepsen.util: 0	:invoke	:read	nil
2023-05-11 01:39:35,970{GMT}	INFO	[jepsen worker 0] jepsen.util: 0	:ok	:read	[3 7 9 10 13 15 18]
2023-05-11 01:39:36,075{GMT}	INFO	[jepsen worker 0] jepsen.util: 0	:invoke	:broadcast	24
2023-05-11 01:39:36,076{GMT}	INFO	[jepsen worker 0] jepsen.util: 0	:ok	:broadcast	24
2023-05-11 01:39:36,124{GMT}	INFO	[jepsen worker 1] jepsen.util: 1	:invoke	:read	nil
2023-05-11 01:39:36,125{GMT}	INFO	[jepsen worker 1] jepsen.util: 1	:ok	:read	[0 4 14 16 19]
2023-05-11 01:39:36,184{GMT}	INFO	[jepsen worker 2] jepsen.util: 2	:invoke	:read	nil
2023-05-11 01:39:36,185{GMT}	INFO	[jepsen worker 2] jepsen.util: 2	:ok	:read	[12 20]
2023-05-11 01:39:36,342{GMT}	INFO	[jepsen worker 3] jepsen.util: 3	:invoke	:read	nil
2023-05-11 01:39:36,343{GMT}	INFO	[jepsen worker 3] jepsen.util: 3	:ok	:read	[1 5 22]
2023-05-11 01:39:36,415{GMT}	INFO	[jepsen worker 4] jepsen.util: 4	:invoke	:broadcast	25
2023-05-11 01:39:36,416{GMT}	INFO	[jepsen worker 4] jepsen.util: 4	:ok	:broadcast	25
2023-05-11 01:39:36,434{GMT}	INFO	[jepsen worker 0] jepsen.util: 0	:invoke	:broadcast	26
2023-05-11 01:39:36,435{GMT}	INFO	[jepsen worker 0] jepsen.util: 0	:ok	:broadcast	26
2023-05-11 01:39:36,489{GMT}	INFO	[jepsen worker 0] jepsen.util: 0	:invoke	:read	nil
2023-05-11 01:39:36,490{GMT}	INFO	[jepsen worker 0] jepsen.util: 0	:ok	:read	[3 7 9 10 13 15 18 24 26]
2023-05-11 01:39:36,608{GMT}	INFO	[jepsen worker 1] jepsen.util: 1	:invoke	:broadcast	27
2023-05-11 01:39:36,609{GMT}	INFO	[jepsen worker 1] jepsen.util: 1	:ok	:broadcast	27
2023-05-11 01:39:36,702{GMT}	INFO	[jepsen worker 2] jepsen.util: 2	:invoke	:read	nil
2023-05-11 01:39:36,703{GMT}	INFO	[jepsen worker 2] jepsen.util: 2	:ok	:read	[12 20]
2023-05-11 01:39:36,805{GMT}	INFO	[jepsen worker 3] jepsen.util: 3	:invoke	:read	nil
2023-05-11 01:39:36,806{GMT}	INFO	[jepsen worker 3] jepsen.util: 3	:ok	:read	[1 5 22]
2023-05-11 01:39:36,884{GMT}	INFO	[jepsen worker 4] jepsen.util: 4	:invoke	:read	nil
2023-05-11 01:39:36,885{GMT}	INFO	[jepsen worker 4] jepsen.util: 4	:ok	:read	[2 6 8 11 17 21 23 25]
2023-05-11 01:39:37,011{GMT}	INFO	[jepsen worker 0] jepsen.util: 0	:invoke	:broadcast	28
2023-05-11 01:39:37,012{GMT}	INFO	[jepsen worker 0] jepsen.util: 0	:ok	:broadcast	28
2023-05-11 01:39:37,018{GMT}	INFO	[jepsen worker 0] jepsen.util: 0	:invoke	:broadcast	29
2023-05-11 01:39:37,019{GMT}	INFO	[jepsen worker 0] jepsen.util: 0	:ok	:broadcast	29
2023-05-11 01:39:37,174{GMT}	INFO	[jepsen worker 1] jepsen.util: 1	:invoke	:broadcast	30
2023-05-11 01:39:37,175{GMT}	INFO	[jepsen worker 1] jepsen.util: 1	:ok	:broadcast	30
2023-05-11 01:39:37,267{GMT}	INFO	[jepsen worker 2] jepsen.util: 2	:invoke	:read	nil
2023-05-11 01:39:37,268{GMT}	INFO	[jepsen worker 2] jepsen.util: 2	:ok	:read	[12 20]
2023-05-11 01:39:37,368{GMT}	INFO	[jepsen worker 3] jepsen.util: 3	:invoke	:read	nil
2023-05-11 01:39:37,369{GMT}	INFO	[jepsen worker 3] jepsen.util: 3	:ok	:read	[1 5 22]
2023-05-11 01:39:37,532{GMT}	INFO	[jepsen worker 4] jepsen.util: 4	:invoke	:read	nil
2023-05-11 01:39:37,533{GMT}	INFO	[jepsen worker 4] jepsen.util: 4	:ok	:read	[2 6 8 11 17 21 23 25]
2023-05-11 01:39:37,640{GMT}	INFO	[jepsen worker 0] jepsen.util: 0	:invoke	:broadcast	31
2023-05-11 01:39:37,641{GMT}	INFO	[jepsen worker 0] jepsen.util: 0	:ok	:broadcast	31
2023-05-11 01:39:37,703{GMT}	INFO	[jepsen worker 0] jepsen.util: 0	:invoke	:broadcast	32
2023-05-11 01:39:37,704{GMT}	INFO	[jepsen worker 0] jepsen.util: 0	:ok	:broadcast	32
2023-05-11 01:39:37,787{GMT}	INFO	[jepsen worker 1] jepsen.util: 1	:invoke	:read	nil
2023-05-11 01:39:37,788{GMT}	INFO	[jepsen worker 1] jepsen.util: 1	:ok	:read	[0 4 14 16 19 27 30]
2023-05-11 01:39:37,918{GMT}	INFO	[jepsen worker 2] jepsen.util: 2	:invoke	:read	nil
2023-05-11 01:39:37,919{GMT}	INFO	[jepsen worker 2] jepsen.util: 2	:ok	:read	[12 20]
2023-05-11 01:39:38,092{GMT}	INFO	[jepsen worker 3] jepsen.util: 3	:invoke	:broadcast	33
2023-05-11 01:39:38,093{GMT}	INFO	[jepsen worker 3] jepsen.util: 3	:ok	:broadcast	33
2023-05-11 01:39:38,187{GMT}	INFO	[jepsen worker 4] jepsen.util: 4	:invoke	:broadcast	34
2023-05-11 01:39:38,188{GMT}	INFO	[jepsen worker 4] jepsen.util: 4	:ok	:broadcast	34
2023-05-11 01:39:38,267{GMT}	INFO	[jepsen worker 0] jepsen.util: 0	:invoke	:read	nil
2023-05-11 01:39:38,268{GMT}	INFO	[jepsen worker 0] jepsen.util: 0	:ok	:read	[3 7 9 10 13 15 18 24 26 28 29 31 32]
2023-05-11 01:39:38,313{GMT}	INFO	[jepsen worker 0] jepsen.util: 0	:invoke	:read	nil
2023-05-11 01:39:38,314{GMT}	INFO	[jepsen worker 0] jepsen.util: 0	:ok	:read	[3 7 9 10 13 15 18 24 26 28 29 31 32]
2023-05-11 01:39:38,435{GMT}	INFO	[jepsen worker 1] jepsen.util: 1	:invoke	:broadcast	35
2023-05-11 01:39:38,436{GMT}	INFO	[jepsen worker 1] jepsen.util: 1	:ok	:broadcast	35
2023-05-11 01:39:38,445{GMT}	INFO	[jepsen worker 2] jepsen.util: 2	:invoke	:read	nil
2023-05-11 01:39:38,445{GMT}	INFO	[jepsen worker 2] jepsen.util: 2	:ok	:read	[12 20]
2023-05-11 01:39:38,594{GMT}	INFO	[jepsen worker 3] jepsen.util: 3	:invoke	:broadcast	36
2023-05-11 01:39:38,594{GMT}	INFO	[jepsen worker 3] jepsen.util: 3	:ok	:broadcast	36
2023-05-11 01:39:38,612{GMT}	INFO	[jepsen worker 4] jepsen.util: 4	:invoke	:broadcast	37
2023-05-11 01:39:38,612{GMT}	INFO	[jepsen worker 4] jepsen.util: 4	:ok	:broadcast	37
2023-05-11 01:39:38,801{GMT}	INFO	[jepsen worker 0] jepsen.util: 0	:invoke	:read	nil
2023-05-11 01:39:38,802{GMT}	INFO	[jepsen worker 0] jepsen.util: 0	:ok	:read	[3 7 9 10 13 15 18 24 26 28 29 31 32]
2023-05-11 01:39:38,970{GMT}	INFO	[jepsen worker 0] jepsen.util: 0	:invoke	:read	nil
2023-05-11 01:39:38,971{GMT}	INFO	[jepsen worker 0] jepsen.util: 0	:ok	:read	[3 7 9 10 13 15 18 24 26 28 29 31 32]
2023-05-11 01:39:39,118{GMT}	INFO	[jepsen worker 1] jepsen.util: 1	:invoke	:read	nil
2023-05-11 01:39:39,119{GMT}	INFO	[jepsen worker 1] jepsen.util: 1	:ok	:read	[0 4 14 16 19 27 30 35]
2023-05-11 01:39:39,301{GMT}	INFO	[jepsen worker 2] jepsen.util: 2	:invoke	:broadcast	38
2023-05-11 01:39:39,302{GMT}	INFO	[jepsen worker 2] jepsen.util: 2	:ok	:broadcast	38
2023-05-11 01:39:39,348{GMT}	INFO	[jepsen worker 3] jepsen.util: 3	:invoke	:read	nil
2023-05-11 01:39:39,349{GMT}	INFO	[jepsen worker 3] jepsen.util: 3	:ok	:read	[1 5 22 33 36]
2023-05-11 01:39:39,505{GMT}	INFO	[jepsen worker 4] jepsen.util: 4	:invoke	:read	nil
2023-05-11 01:39:39,506{GMT}	INFO	[jepsen worker 4] jepsen.util: 4	:ok	:read	[2 6 8 11 17 21 23 25 34 37]
2023-05-11 01:39:39,623{GMT}	INFO	[jepsen worker 0] jepsen.util: 0	:invoke	:broadcast	39
2023-05-11 01:39:39,623{GMT}	INFO	[jepsen worker 0] jepsen.util: 0	:ok	:broadcast	39
2023-05-11 01:39:39,629{GMT}	INFO	[jepsen worker 0] jepsen.util: 0	:invoke	:broadcast	40
2023-05-11 01:39:39,629{GMT}	INFO	[jepsen worker 0] jepsen.util: 0	:ok	:broadcast	40
2023-05-11 01:39:39,648{GMT}	INFO	[jepsen worker 1] jepsen.util: 1	:invoke	:broadcast	41
2023-05-11 01:39:39,649{GMT}	INFO	[jepsen worker 1] jepsen.util: 1	:ok	:broadcast	41
2023-05-11 01:39:39,757{GMT}	INFO	[jepsen worker 2] jepsen.util: 2	:invoke	:broadcast	42
2023-05-11 01:39:39,758{GMT}	INFO	[jepsen worker 2] jepsen.util: 2	:ok	:broadcast	42
2023-05-11 01:39:39,884{GMT}	INFO	[jepsen worker 3] jepsen.util: 3	:invoke	:broadcast	43
2023-05-11 01:39:39,885{GMT}	INFO	[jepsen worker 3] jepsen.util: 3	:ok	:broadcast	43
2023-05-11 01:39:39,919{GMT}	INFO	[jepsen worker 4] jepsen.util: 4	:invoke	:read	nil
2023-05-11 01:39:39,920{GMT}	INFO	[jepsen worker 4] jepsen.util: 4	:ok	:read	[2 6 8 11 17 21 23 25 34 37]
2023-05-11 01:39:40,063{GMT}	INFO	[jepsen worker 0] jepsen.util: 0	:invoke	:read	nil
2023-05-11 01:39:40,064{GMT}	INFO	[jepsen worker 0] jepsen.util: 0	:ok	:read	[3 7 9 10 13 15 18 24 26 28 29 31 32 39 40]
2023-05-11 01:39:40,147{GMT}	INFO	[jepsen worker 0] jepsen.util: 0	:invoke	:broadcast	44
2023-05-11 01:39:40,148{GMT}	INFO	[jepsen worker 0] jepsen.util: 0	:ok	:broadcast	44
2023-05-11 01:39:40,313{GMT}	INFO	[jepsen worker 1] jepsen.util: 1	:invoke	:broadcast	45
2023-05-11 01:39:40,314{GMT}	INFO	[jepsen worker 1] jepsen.util: 1	:ok	:broadcast	45
2023-05-11 01:39:40,416{GMT}	INFO	[jepsen worker 2] jepsen.util: 2	:invoke	:read	nil
2023-05-11 01:39:40,417{GMT}	INFO	[jepsen worker 2] jepsen.util: 2	:ok	:read	[12 20 38 42]
2023-05-11 01:39:40,508{GMT}	INFO	[jepsen worker 3] jepsen.util: 3	:invoke	:read	nil
2023-05-11 01:39:40,509{GMT}	INFO	[jepsen worker 3] jepsen.util: 3	:ok	:read	[1 5 22 33 36 43]
2023-05-11 01:39:40,612{GMT}	INFO	[jepsen worker 4] jepsen.util: 4	:invoke	:read	nil
2023-05-11 01:39:40,613{GMT}	INFO	[jepsen worker 4] jepsen.util: 4	:ok	:read	[2 6 8 11 17 21 23 25 34 37]
2023-05-11 01:39:40,691{GMT}	INFO	[jepsen worker 0] jepsen.util: 0	:invoke	:read	nil
2023-05-11 01:39:40,691{GMT}	INFO	[jepsen worker 0] jepsen.util: 0	:ok	:read	[3 7 9 10 13 15 18 24 26 28 29 31 32 39 40 44]
2023-05-11 01:39:40,873{GMT}	INFO	[jepsen worker 0] jepsen.util: 0	:invoke	:read	nil
2023-05-11 01:39:40,874{GMT}	INFO	[jepsen worker 0] jepsen.util: 0	:ok	:read	[3 7 9 10 13 15 18 24 26 28 29 31 32 39 40 44]
2023-05-11 01:39:41,006{GMT}	INFO	[jepsen worker 1] jepsen.util: 1	:invoke	:read	nil
2023-05-11 01:39:41,007{GMT}	INFO	[jepsen worker 1] jepsen.util: 1	:ok	:read	[0 4 14 16 19 27 30 35 41 45]
2023-05-11 01:39:41,026{GMT}	INFO	[jepsen worker 2] jepsen.util: 2	:invoke	:broadcast	46
2023-05-11 01:39:41,027{GMT}	INFO	[jepsen worker 2] jepsen.util: 2	:ok	:broadcast	46
2023-05-11 01:39:41,187{GMT}	INFO	[jepsen worker 3] jepsen.util: 3	:invoke	:read	nil
2023-05-11 01:39:41,188{GMT}	INFO	[jepsen worker 3] jepsen.util: 3	:ok	:read	[1 5 22 33 36 43]
2023-05-11 01:39:41,278{GMT}	INFO	[jepsen worker 4] jepsen.util: 4	:invoke	:read	nil
2023-05-11 01:39:41,278{GMT}	INFO	[jepsen worker 4] jepsen.util: 4	:ok	:read	[2 6 8 11 17 21 23 25 34 37]
2023-05-11 01:39:41,426{GMT}	INFO	[jepsen worker 0] jepsen.util: 0	:invoke	:broadcast	47
2023-05-11 01:39:41,427{GMT}	INFO	[jepsen worker 0] jepsen.util: 0	:ok	:broadcast	47
2023-05-11 01:39:41,477{GMT}	INFO	[jepsen worker 0] jepsen.util: 0	:invoke	:read	nil
2023-05-11 01:39:41,479{GMT}	INFO	[jepsen worker 0] jepsen.util: 0	:ok	:read	[3 7 9 10 13 15 18 24 26 28 29 31 32 39 40 44 47]
2023-05-11 01:39:41,676{GMT}	INFO	[jepsen worker 1] jepsen.util: 1	:invoke	:read	nil
2023-05-11 01:39:41,677{GMT}	INFO	[jepsen worker 1] jepsen.util: 1	:ok	:read	[0 4 14 16 19 27 30 35 41 45]
2023-05-11 01:39:41,714{GMT}	INFO	[jepsen worker 2] jepsen.util: 2	:invoke	:broadcast	48
2023-05-11 01:39:41,716{GMT}	INFO	[jepsen worker 2] jepsen.util: 2	:ok	:broadcast	48
2023-05-11 01:39:41,816{GMT}	INFO	[jepsen worker 3] jepsen.util: 3	:invoke	:read	nil
2023-05-11 01:39:41,817{GMT}	INFO	[jepsen worker 3] jepsen.util: 3	:ok	:read	[1 5 22 33 36 43]
2023-05-11 01:39:41,968{GMT}	INFO	[jepsen worker 4] jepsen.util: 4	:invoke	:broadcast	49
2023-05-11 01:39:41,969{GMT}	INFO	[jepsen worker 4] jepsen.util: 4	:ok	:broadcast	49
2023-05-11 01:39:42,128{GMT}	INFO	[jepsen worker 0] jepsen.util: 0	:invoke	:broadcast	50
2023-05-11 01:39:42,129{GMT}	INFO	[jepsen worker 0] jepsen.util: 0	:ok	:broadcast	50
2023-05-11 01:39:42,165{GMT}	INFO	[jepsen worker 0] jepsen.util: 0	:invoke	:broadcast	51
2023-05-11 01:39:42,166{GMT}	INFO	[jepsen worker 0] jepsen.util: 0	:ok	:broadcast	51
2023-05-11 01:39:42,315{GMT}	INFO	[jepsen worker 1] jepsen.util: 1	:invoke	:read	nil
2023-05-11 01:39:42,316{GMT}	INFO	[jepsen worker 1] jepsen.util: 1	:ok	:read	[0 4 14 16 19 27 30 35 41 45]
2023-05-11 01:39:42,368{GMT}	INFO	[jepsen worker 2] jepsen.util: 2	:invoke	:broadcast	52
2023-05-11 01:39:42,369{GMT}	INFO	[jepsen worker 2] jepsen.util: 2	:ok	:broadcast	52
2023-05-11 01:39:42,502{GMT}	INFO	[jepsen worker 3] jepsen.util: 3	:invoke	:broadcast	53
2023-05-11 01:39:42,503{GMT}	INFO	[jepsen worker 3] jepsen.util: 3	:ok	:broadcast	53
2023-05-11 01:39:42,651{GMT}	INFO	[jepsen worker 4] jepsen.util: 4	:invoke	:broadcast	54
2023-05-11 01:39:42,653{GMT}	INFO	[jepsen worker 4] jepsen.util: 4	:ok	:broadcast	54
2023-05-11 01:39:42,665{GMT}	INFO	[jepsen worker 0] jepsen.util: 0	:invoke	:broadcast	55
2023-05-11 01:39:42,666{GMT}	INFO	[jepsen worker 0] jepsen.util: 0	:ok	:broadcast	55
2023-05-11 01:39:42,792{GMT}	INFO	[jepsen worker 0] jepsen.util: 0	:invoke	:read	nil
2023-05-11 01:39:42,793{GMT}	INFO	[jepsen worker 0] jepsen.util: 0	:ok	:read	[3 7 9 10 13 15 18 24 26 28 29 31 32 39 40 44 47 50 51 55]
2023-05-11 01:39:42,916{GMT}	INFO	[jepsen worker 1] jepsen.util: 1	:invoke	:broadcast	56
2023-05-11 01:39:42,917{GMT}	INFO	[jepsen worker 1] jepsen.util: 1	:ok	:broadcast	56
2023-05-11 01:39:43,112{GMT}	INFO	[jepsen worker 2] jepsen.util: 2	:invoke	:broadcast	57
2023-05-11 01:39:43,113{GMT}	INFO	[jepsen worker 2] jepsen.util: 2	:ok	:broadcast	57
2023-05-11 01:39:43,299{GMT}	INFO	[jepsen worker 3] jepsen.util: 3	:invoke	:read	nil
2023-05-11 01:39:43,300{GMT}	INFO	[jepsen worker 3] jepsen.util: 3	:ok	:read	[1 5 22 33 36 43 53]
2023-05-11 01:39:43,426{GMT}	INFO	[jepsen worker 4] jepsen.util: 4	:invoke	:broadcast	58
2023-05-11 01:39:43,427{GMT}	INFO	[jepsen worker 4] jepsen.util: 4	:ok	:broadcast	58
2023-05-11 01:39:43,513{GMT}	INFO	[jepsen worker 0] jepsen.util: 0	:invoke	:broadcast	59
2023-05-11 01:39:43,513{GMT}	INFO	[jepsen worker 0] jepsen.util: 0	:ok	:broadcast	59
2023-05-11 01:39:43,617{GMT}	INFO	[jepsen worker 0] jepsen.util: 0	:invoke	:read	nil
2023-05-11 01:39:43,618{GMT}	INFO	[jepsen worker 0] jepsen.util: 0	:ok	:read	[3 7 9 10 13 15 18 24 26 28 29 31 32 39 40 44 47 50 51 55 59]
2023-05-11 01:39:43,627{GMT}	INFO	[jepsen worker 1] jepsen.util: 1	:invoke	:read	nil
2023-05-11 01:39:43,628{GMT}	INFO	[jepsen worker 1] jepsen.util: 1	:ok	:read	[0 4 14 16 19 27 30 35 41 45 56]
2023-05-11 01:39:43,788{GMT}	INFO	[jepsen worker 2] jepsen.util: 2	:invoke	:read	nil
2023-05-11 01:39:43,789{GMT}	INFO	[jepsen worker 2] jepsen.util: 2	:ok	:read	[12 20 38 42 46 48 52 57]
2023-05-11 01:39:43,808{GMT}	INFO	[jepsen worker 3] jepsen.util: 3	:invoke	:broadcast	60
2023-05-11 01:39:43,809{GMT}	INFO	[jepsen worker 3] jepsen.util: 3	:ok	:broadcast	60
2023-05-11 01:39:43,926{GMT}	INFO	[jepsen worker 4] jepsen.util: 4	:invoke	:read	nil
2023-05-11 01:39:43,927{GMT}	INFO	[jepsen worker 4] jepsen.util: 4	:ok	:read	[2 6 8 11 17 21 23 25 34 37 49 54 58]
2023-05-11 01:39:44,106{GMT}	INFO	[jepsen worker 0] jepsen.util: 0	:invoke	:read	nil
2023-05-11 01:39:44,107{GMT}	INFO	[jepsen worker 0] jepsen.util: 0	:ok	:read	[3 7 9 10 13 15 18 24 26 28 29 31 32 39 40 44 47 50 51 55 59]
2023-05-11 01:39:44,222{GMT}	INFO	[jepsen worker 0] jepsen.util: 0	:invoke	:read	nil
2023-05-11 01:39:44,223{GMT}	INFO	[jepsen worker 0] jepsen.util: 0	:ok	:read	[3 7 9 10 13 15 18 24 26 28 29 31 32 39 40 44 47 50 51 55 59]
2023-05-11 01:39:44,337{GMT}	INFO	[jepsen worker 1] jepsen.util: 1	:invoke	:broadcast	61
2023-05-11 01:39:44,337{GMT}	INFO	[jepsen worker 1] jepsen.util: 1	:ok	:broadcast	61
2023-05-11 01:39:44,378{GMT}	INFO	[jepsen worker 2] jepsen.util: 2	:invoke	:broadcast	62
2023-05-11 01:39:44,379{GMT}	INFO	[jepsen worker 2] jepsen.util: 2	:ok	:broadcast	62
2023-05-11 01:39:44,499{GMT}	INFO	[jepsen worker 3] jepsen.util: 3	:invoke	:broadcast	63
2023-05-11 01:39:44,500{GMT}	INFO	[jepsen worker 3] jepsen.util: 3	:ok	:broadcast	63
2023-05-11 01:39:44,643{GMT}	INFO	[jepsen worker 4] jepsen.util: 4	:invoke	:broadcast	64
2023-05-11 01:39:44,644{GMT}	INFO	[jepsen worker 4] jepsen.util: 4	:ok	:broadcast	64
2023-05-11 01:39:44,772{GMT}	INFO	[jepsen worker 0] jepsen.util: 0	:invoke	:read	nil
2023-05-11 01:39:44,773{GMT}	INFO	[jepsen worker 0] jepsen.util: 0	:ok	:read	[3 7 9 10 13 15 18 24 26 28 29 31 32 39 40 44 47 50 51 55 59]
2023-05-11 01:39:44,926{GMT}	INFO	[jepsen worker 0] jepsen.util: 0	:invoke	:broadcast	65
2023-05-11 01:39:44,926{GMT}	INFO	[jepsen worker 0] jepsen.util: 0	:ok	:broadcast	65
2023-05-11 01:39:45,119{GMT}	INFO	[jepsen worker 1] jepsen.util: 1	:invoke	:read	nil
2023-05-11 01:39:45,120{GMT}	INFO	[jepsen worker 1] jepsen.util: 1	:ok	:read	[0 4 14 16 19 27 30 35 41 45 56 61]
2023-05-11 01:39:45,305{GMT}	INFO	[jepsen worker 2] jepsen.util: 2	:invoke	:read	nil
2023-05-11 01:39:45,306{GMT}	INFO	[jepsen worker 2] jepsen.util: 2	:ok	:read	[12 20 38 42 46 48 52 57 62]
2023-05-11 01:39:45,349{GMT}	INFO	[jepsen worker 3] jepsen.util: 3	:invoke	:read	nil
2023-05-11 01:39:45,350{GMT}	INFO	[jepsen worker 3] jepsen.util: 3	:ok	:read	[1 5 22 33 36 43 53 60 63]
2023-05-11 01:39:45,501{GMT}	INFO	[jepsen worker 4] jepsen.util: 4	:invoke	:broadcast	66
2023-05-11 01:39:45,502{GMT}	INFO	[jepsen worker 4] jepsen.util: 4	:ok	:broadcast	66
2023-05-11 01:39:45,668{GMT}	INFO	[jepsen worker 0] jepsen.util: 0	:invoke	:broadcast	67
2023-05-11 01:39:45,669{GMT}	INFO	[jepsen worker 0] jepsen.util: 0	:ok	:broadcast	67
2023-05-11 01:39:45,819{GMT}	INFO	[jepsen worker 0] jepsen.util: 0	:invoke	:read	nil
2023-05-11 01:39:45,819{GMT}	INFO	[jepsen worker 0] jepsen.util: 0	:ok	:read	[3 7 9 10 13 15 18 24 26 28 29 31 32 39 40 44 47 50 51 55 59 65 67]
2023-05-11 01:39:45,965{GMT}	INFO	[jepsen worker 1] jepsen.util: 1	:invoke	:broadcast	68
2023-05-11 01:39:45,966{GMT}	INFO	[jepsen worker 1] jepsen.util: 1	:ok	:broadcast	68
2023-05-11 01:39:46,128{GMT}	INFO	[jepsen worker 2] jepsen.util: 2	:invoke	:read	nil
2023-05-11 01:39:46,128{GMT}	INFO	[jepsen worker 2] jepsen.util: 2	:ok	:read	[12 20 38 42 46 48 52 57 62]
2023-05-11 01:39:46,261{GMT}	INFO	[jepsen worker 3] jepsen.util: 3	:invoke	:broadcast	69
2023-05-11 01:39:46,262{GMT}	INFO	[jepsen worker 3] jepsen.util: 3	:ok	:broadcast	69
2023-05-11 01:39:46,402{GMT}	INFO	[jepsen worker 4] jepsen.util: 4	:invoke	:read	nil
2023-05-11 01:39:46,403{GMT}	INFO	[jepsen worker 4] jepsen.util: 4	:ok	:read	[2 6 8 11 17 21 23 25 34 37 49 54 58 64 66]
2023-05-11 01:39:46,575{GMT}	INFO	[jepsen worker 0] jepsen.util: 0	:invoke	:broadcast	70
2023-05-11 01:39:46,576{GMT}	INFO	[jepsen worker 0] jepsen.util: 0	:ok	:broadcast	70
2023-05-11 01:39:46,764{GMT}	INFO	[jepsen worker 0] jepsen.util: 0	:invoke	:read	nil
2023-05-11 01:39:46,765{GMT}	INFO	[jepsen worker 0] jepsen.util: 0	:ok	:read	[3 7 9 10 13 15 18 24 26 28 29 31 32 39 40 44 47 50 51 55 59 65 67 70]
2023-05-11 01:39:46,834{GMT}	INFO	[jepsen worker 1] jepsen.util: 1	:invoke	:broadcast	71
2023-05-11 01:39:46,835{GMT}	INFO	[jepsen worker 1] jepsen.util: 1	:ok	:broadcast	71
2023-05-11 01:39:46,971{GMT}	INFO	[jepsen worker 2] jepsen.util: 2	:invoke	:broadcast	72
2023-05-11 01:39:46,972{GMT}	INFO	[jepsen worker 2] jepsen.util: 2	:ok	:broadcast	72
2023-05-11 01:39:47,070{GMT}	INFO	[jepsen worker 3] jepsen.util: 3	:invoke	:broadcast	73
2023-05-11 01:39:47,071{GMT}	INFO	[jepsen worker 3] jepsen.util: 3	:ok	:broadcast	73
2023-05-11 01:39:47,087{GMT}	INFO	[jepsen worker 4] jepsen.util: 4	:invoke	:broadcast	74
2023-05-11 01:39:47,088{GMT}	INFO	[jepsen worker 4] jepsen.util: 4	:ok	:broadcast	74
2023-05-11 01:39:47,148{GMT}	INFO	[jepsen worker 0] jepsen.util: 0	:invoke	:broadcast	75
2023-05-11 01:39:47,149{GMT}	INFO	[jepsen worker 0] jepsen.util: 0	:ok	:broadcast	75
2023-05-11 01:39:47,270{GMT}	INFO	[jepsen worker 0] jepsen.util: 0	:invoke	:broadcast	76
2023-05-11 01:39:47,272{GMT}	INFO	[jepsen worker 0] jepsen.util: 0	:ok	:broadcast	76
2023-05-11 01:39:47,450{GMT}	INFO	[jepsen worker 1] jepsen.util: 1	:invoke	:broadcast	77
2023-05-11 01:39:47,451{GMT}	INFO	[jepsen worker 1] jepsen.util: 1	:ok	:broadcast	77
2023-05-11 01:39:47,620{GMT}	INFO	[jepsen worker 2] jepsen.util: 2	:invoke	:broadcast	78
2023-05-11 01:39:47,621{GMT}	INFO	[jepsen worker 2] jepsen.util: 2	:ok	:broadcast	78
2023-05-11 01:39:47,776{GMT}	INFO	[jepsen worker 3] jepsen.util: 3	:invoke	:read	nil
2023-05-11 01:39:47,777{GMT}	INFO	[jepsen worker 3] jepsen.util: 3	:ok	:read	[1 5 22 33 36 43 53 60 63 69 73]
2023-05-11 01:39:47,834{GMT}	INFO	[jepsen worker 4] jepsen.util: 4	:invoke	:read	nil
2023-05-11 01:39:47,835{GMT}	INFO	[jepsen worker 4] jepsen.util: 4	:ok	:read	[2 6 8 11 17 21 23 25 34 37 49 54 58 64 66 74]
2023-05-11 01:39:47,877{GMT}	INFO	[jepsen worker 0] jepsen.util: 0	:invoke	:broadcast	79
2023-05-11 01:39:47,877{GMT}	INFO	[jepsen worker 0] jepsen.util: 0	:ok	:broadcast	79
2023-05-11 01:39:47,986{GMT}	INFO	[jepsen worker 0] jepsen.util: 0	:invoke	:read	nil
2023-05-11 01:39:47,987{GMT}	INFO	[jepsen worker 0] jepsen.util: 0	:ok	:read	[3 7 9 10 13 15 18 24 26 28 29 31 32 39 40 44 47 50 51 55 59 65 67 70 75 76 79]
2023-05-11 01:39:48,079{GMT}	INFO	[jepsen worker 1] jepsen.util: 1	:invoke	:broadcast	80
2023-05-11 01:39:48,080{GMT}	INFO	[jepsen worker 1] jepsen.util: 1	:ok	:broadcast	80
2023-05-11 01:39:48,198{GMT}	INFO	[jepsen worker 2] jepsen.util: 2	:invoke	:broadcast	81
2023-05-11 01:39:48,199{GMT}	INFO	[jepsen worker 2] jepsen.util: 2	:ok	:broadcast	81
2023-05-11 01:39:48,224{GMT}	INFO	[jepsen worker 3] jepsen.util: 3	:invoke	:read	nil
2023-05-11 01:39:48,225{GMT}	INFO	[jepsen worker 3] jepsen.util: 3	:ok	:read	[1 5 22 33 36 43 53 60 63 69 73]
2023-05-11 01:39:48,314{GMT}	INFO	[jepsen worker 4] jepsen.util: 4	:invoke	:read	nil
2023-05-11 01:39:48,314{GMT}	INFO	[jepsen worker 4] jepsen.util: 4	:ok	:read	[2 6 8 11 17 21 23 25 34 37 49 54 58 64 66 74]
2023-05-11 01:39:48,373{GMT}	INFO	[jepsen worker 0] jepsen.util: 0	:invoke	:broadcast	82
2023-05-11 01:39:48,374{GMT}	INFO	[jepsen worker 0] jepsen.util: 0	:ok	:broadcast	82
2023-05-11 01:39:48,539{GMT}	INFO	[jepsen worker 0] jepsen.util: 0	:invoke	:read	nil
2023-05-11 01:39:48,540{GMT}	INFO	[jepsen worker 0] jepsen.util: 0	:ok	:read	[3 7 9 10 13 15 18 24 26 28 29 31 32 39 40 44 47 50 51 55 59 65 67 70 75 76 79 82]
2023-05-11 01:39:48,710{GMT}	INFO	[jepsen worker 1] jepsen.util: 1	:invoke	:broadcast	83
2023-05-11 01:39:48,711{GMT}	INFO	[jepsen worker 1] jepsen.util: 1	:ok	:broadcast	83
2023-05-11 01:39:48,770{GMT}	INFO	[jepsen worker 2] jepsen.util: 2	:invoke	:read	nil
2023-05-11 01:39:48,770{GMT}	INFO	[jepsen worker 2] jepsen.util: 2	:ok	:read	[12 20 38 42 46 48 52 57 62 72 78 81]
2023-05-11 01:39:48,883{GMT}	INFO	[jepsen worker 3] jepsen.util: 3	:invoke	:read	nil
2023-05-11 01:39:48,883{GMT}	INFO	[jepsen worker 3] jepsen.util: 3	:ok	:read	[1 5 22 33 36 43 53 60 63 69 73]
2023-05-11 01:39:48,956{GMT}	INFO	[jepsen worker 4] jepsen.util: 4	:invoke	:read	nil
2023-05-11 01:39:48,957{GMT}	INFO	[jepsen worker 4] jepsen.util: 4	:ok	:read	[2 6 8 11 17 21 23 25 34 37 49 54 58 64 66 74]
2023-05-11 01:39:49,021{GMT}	INFO	[jepsen worker 0] jepsen.util: 0	:invoke	:read	nil
2023-05-11 01:39:49,021{GMT}	INFO	[jepsen worker 0] jepsen.util: 0	:ok	:read	[3 7 9 10 13 15 18 24 26 28 29 31 32 39 40 44 47 50 51 55 59 65 67 70 75 76 79 82]
2023-05-11 01:39:49,039{GMT}	INFO	[jepsen worker 0] jepsen.util: 0	:invoke	:read	nil
2023-05-11 01:39:49,040{GMT}	INFO	[jepsen worker 0] jepsen.util: 0	:ok	:read	[3 7 9 10 13 15 18 24 26 28 29 31 32 39 40 44 47 50 51 55 59 65 67 70 75 76 79 82]
2023-05-11 01:39:49,077{GMT}	INFO	[jepsen worker 1] jepsen.util: 1	:invoke	:broadcast	84
2023-05-11 01:39:49,078{GMT}	INFO	[jepsen worker 1] jepsen.util: 1	:ok	:broadcast	84
2023-05-11 01:39:49,194{GMT}	INFO	[jepsen worker 2] jepsen.util: 2	:invoke	:read	nil
2023-05-11 01:39:49,195{GMT}	INFO	[jepsen worker 2] jepsen.util: 2	:ok	:read	[12 20 38 42 46 48 52 57 62 72 78 81]
2023-05-11 01:39:49,318{GMT}	INFO	[jepsen worker 3] jepsen.util: 3	:invoke	:broadcast	85
2023-05-11 01:39:49,319{GMT}	INFO	[jepsen worker 3] jepsen.util: 3	:ok	:broadcast	85
2023-05-11 01:39:49,335{GMT}	INFO	[jepsen worker 4] jepsen.util: 4	:invoke	:broadcast	86
2023-05-11 01:39:49,336{GMT}	INFO	[jepsen worker 4] jepsen.util: 4	:ok	:broadcast	86
2023-05-11 01:39:49,410{GMT}	INFO	[jepsen worker 0] jepsen.util: 0	:invoke	:read	nil
2023-05-11 01:39:49,411{GMT}	INFO	[jepsen worker 0] jepsen.util: 0	:ok	:read	[3 7 9 10 13 15 18 24 26 28 29 31 32 39 40 44 47 50 51 55 59 65 67 70 75 76 79 82]
2023-05-11 01:39:49,598{GMT}	INFO	[jepsen worker 0] jepsen.util: 0	:invoke	:broadcast	87
2023-05-11 01:39:49,599{GMT}	INFO	[jepsen worker 0] jepsen.util: 0	:ok	:broadcast	87
2023-05-11 01:39:49,743{GMT}	INFO	[jepsen worker 1] jepsen.util: 1	:invoke	:broadcast	88
2023-05-11 01:39:49,744{GMT}	INFO	[jepsen worker 1] jepsen.util: 1	:ok	:broadcast	88
2023-05-11 01:39:49,757{GMT}	INFO	[jepsen worker 2] jepsen.util: 2	:invoke	:read	nil
2023-05-11 01:39:49,759{GMT}	INFO	[jepsen worker 2] jepsen.util: 2	:ok	:read	[12 20 38 42 46 48 52 57 62 72 78 81]
2023-05-11 01:39:49,828{GMT}	INFO	[jepsen worker 3] jepsen.util: 3	:invoke	:read	nil
2023-05-11 01:39:49,829{GMT}	INFO	[jepsen worker 3] jepsen.util: 3	:ok	:read	[1 5 22 33 36 43 53 60 63 69 73 85]
2023-05-11 01:39:49,912{GMT}	INFO	[jepsen worker 4] jepsen.util: 4	:invoke	:broadcast	89
2023-05-11 01:39:49,912{GMT}	INFO	[jepsen worker 4] jepsen.util: 4	:ok	:broadcast	89
2023-05-11 01:39:50,000{GMT}	INFO	[jepsen worker 0] jepsen.util: 0	:invoke	:broadcast	90
2023-05-11 01:39:50,001{GMT}	INFO	[jepsen worker 0] jepsen.util: 0	:ok	:broadcast	90
2023-05-11 01:39:50,174{GMT}	INFO	[jepsen worker 0] jepsen.util: 0	:invoke	:broadcast	91
2023-05-11 01:39:50,175{GMT}	INFO	[jepsen worker 0] jepsen.util: 0	:ok	:broadcast	91
2023-05-11 01:39:50,282{GMT}	INFO	[jepsen worker 1] jepsen.util: 1	:invoke	:broadcast	92
2023-05-11 01:39:50,283{GMT}	INFO	[jepsen worker 1] jepsen.util: 1	:ok	:broadcast	92
2023-05-11 01:39:50,310{GMT}	INFO	[jepsen worker 2] jepsen.util: 2	:invoke	:broadcast	93
2023-05-11 01:39:50,311{GMT}	INFO	[jepsen worker 2] jepsen.util: 2	:ok	:broadcast	93
2023-05-11 01:39:50,433{GMT}	INFO	[jepsen worker 3] jepsen.util: 3	:invoke	:read	nil
2023-05-11 01:39:50,433{GMT}	INFO	[jepsen worker 3] jepsen.util: 3	:ok	:read	[1 5 22 33 36 43 53 60 63 69 73 85]
2023-05-11 01:39:50,459{GMT}	INFO	[jepsen worker 4] jepsen.util: 4	:invoke	:broadcast	94
2023-05-11 01:39:50,460{GMT}	INFO	[jepsen worker 4] jepsen.util: 4	:ok	:broadcast	94
2023-05-11 01:39:50,623{GMT}	INFO	[jepsen worker 0] jepsen.util: 0	:invoke	:broadcast	95
2023-05-11 01:39:50,624{GMT}	INFO	[jepsen worker 0] jepsen.util: 0	:ok	:broadcast	95
2023-05-11 01:39:50,678{GMT}	INFO	[jepsen worker 0] jepsen.util: 0	:invoke	:read	nil
2023-05-11 01:39:50,679{GMT}	INFO	[jepsen worker 0] jepsen.util: 0	:ok	:read	[3 7 9 10 13 15 18 24 26 28 29 31 32 39 40 44 47 50 51 55 59 65 67 70 75 76 79 82 87 90 91 95]
2023-05-11 01:39:50,789{GMT}	INFO	[jepsen worker 1] jepsen.util: 1	:invoke	:broadcast	96
2023-05-11 01:39:50,790{GMT}	INFO	[jepsen worker 1] jepsen.util: 1	:ok	:broadcast	96
2023-05-11 01:39:50,854{GMT}	INFO	[jepsen worker 2] jepsen.util: 2	:invoke	:read	nil
2023-05-11 01:39:50,855{GMT}	INFO	[jepsen worker 2] jepsen.util: 2	:ok	:read	[12 20 38 42 46 48 52 57 62 72 78 81 93]
2023-05-11 01:39:50,882{GMT}	INFO	[jepsen worker 3] jepsen.util: 3	:invoke	:broadcast	97
2023-05-11 01:39:50,883{GMT}	INFO	[jepsen worker 3] jepsen.util: 3	:ok	:broadcast	97
2023-05-11 01:39:50,914{GMT}	INFO	[jepsen worker 4] jepsen.util: 4	:invoke	:broadcast	98
2023-05-11 01:39:50,915{GMT}	INFO	[jepsen worker 4] jepsen.util: 4	:ok	:broadcast	98
2023-05-11 01:39:51,074{GMT}	INFO	[jepsen worker 0] jepsen.util: 0	:invoke	:broadcast	99
2023-05-11 01:39:51,075{GMT}	INFO	[jepsen worker 0] jepsen.util: 0	:ok	:broadcast	99
2023-05-11 01:39:51,077{GMT}	INFO	[jepsen worker 0] jepsen.util: 0	:invoke	:broadcast	100
2023-05-11 01:39:51,077{GMT}	INFO	[jepsen worker 0] jepsen.util: 0	:ok	:broadcast	100
2023-05-11 01:39:51,078{GMT}	INFO	[jepsen worker 1] jepsen.generator.interpreter: Waiting for recovery...
2023-05-11 01:40:01,079{GMT}	INFO	[jepsen worker 3] jepsen.util: 3	:invoke	:read	nil
2023-05-11 01:40:01,080{GMT}	INFO	[jepsen worker 2] jepsen.util: 2	:invoke	:read	nil
2023-05-11 01:40:01,080{GMT}	INFO	[jepsen worker 4] jepsen.util: 4	:invoke	:read	nil
2023-05-11 01:40:01,080{GMT}	INFO	[jepsen worker 0] jepsen.util: 0	:invoke	:read	nil
2023-05-11 01:40:01,080{GMT}	INFO	[jepsen worker 1] jepsen.util: 1	:invoke	:read	nil
2023-05-11 01:40:01,081{GMT}	INFO	[jepsen worker 2] jepsen.util: 2	:ok	:read	[12 20 38 42 46 48 52 57 62 72 78 81 93]
2023-05-11 01:40:01,081{GMT}	INFO	[jepsen worker 3] jepsen.util: 3	:ok	:read	[1 5 22 33 36 43 53 60 63 69 73 85 97]
2023-05-11 01:40:01,081{GMT}	INFO	[jepsen worker 1] jepsen.util: 1	:ok	:read	[0 4 14 16 19 27 30 35 41 45 56 61 68 71 77 80 83 84 88 92 96]
2023-05-11 01:40:01,081{GMT}	INFO	[jepsen worker 4] jepsen.util: 4	:ok	:read	[2 6 8 11 17 21 23 25 34 37 49 54 58 64 66 74 86 89 94 98]
2023-05-11 01:40:01,081{GMT}	INFO	[jepsen worker 0] jepsen.util: 0	:ok	:read	[3 7 9 10 13 15 18 24 26 28 29 31 32 39 40 44 47 50 51 55 59 65 67 70 75 76 79 82 87 90 91 95 99 100]
2023-05-11 01:40:01,092{GMT}	INFO	[jepsen test runner] jepsen.core: Run complete, writing
2023-05-11 01:40:01,135{GMT}	INFO	[jepsen node n0] maelstrom.db: Tearing down n0
2023-05-11 01:40:01,135{GMT}	INFO	[jepsen node n1] maelstrom.db: Tearing down n1
2023-05-11 01:40:01,135{GMT}	INFO	[jepsen node n2] maelstrom.db: Tearing down n2
2023-05-11 01:40:01,135{GMT}	INFO	[jepsen node n3] maelstrom.db: Tearing down n3
2023-05-11 01:40:01,135{GMT}	INFO	[jepsen node n4] maelstrom.db: Tearing down n4
2023-05-11 01:40:03,052{GMT}	INFO	[jepsen node n0] maelstrom.net: Shutting down Maelstrom network
2023-05-11 01:40:03,053{GMT}	INFO	[jepsen test runner] jepsen.core: Analyzing...
2023-05-11 01:40:03,177{GMT}	INFO	[jepsen test runner] jepsen.core: Analysis complete
2023-05-11 01:40:03,204{GMT}	INFO	[jepsen results] jepsen.store: Wrote /home/eman/gossip-glomers/maelstrom/store/broadcast/20230511T013929.514-0400/results.edn
2023-05-11 01:40:03,223{GMT}	INFO	[jepsen test runner] jepsen.core: {:perf {:latency-graph {:valid? true},
        :rate-graph {:valid? true},
        :valid? true},
 :timeline {:valid? true},
 :exceptions {:valid? true},
 :stats {:valid? true,
         :count 204,
         :ok-count 204,
         :fail-count 0,
         :info-count 0,
         :by-f {:broadcast {:valid? true,
                            :count 101,
                            :ok-count 101,
                            :fail-count 0,
                            :info-count 0},
                :read {:valid? true,
                       :count 103,
                       :ok-count 103,
                       :fail-count 0,
                       :info-count 0}}},
 :availability {:valid? true, :ok-fraction 1.0},
 :net {:all {:send-count 428,
             :recv-count 428,
             :msg-count 428,
             :msgs-per-op 2.0980392},
       :clients {:send-count 428, :recv-count 428, :msg-count 428},
       :servers {:send-count 0,
                 :recv-count 0,
                 :msg-count 0,
                 :msgs-per-op 0.0},
       :valid? true},
 :workload {:worst-stale ({:element 0,
                           :outcome :stable,
                           :stable-latency 29857,
                           :lost-latency nil,
                           :known #jepsen.history.Op{:index 3,
                                                     :time 155299560,
                                                     :type :ok,
                                                     :process 1,
                                                     :f :add,
                                                     :value 0},
                           :last-absent #jepsen.history.Op{:index 401,
                                                           :time 30013265918,
                                                           :type :invoke,
                                                           :process 0,
                                                           :f :read,
                                                           :value nil,
                                                           :final? true}}
                          {:element 4,
                           :outcome :stable,
                           :stable-latency 29204,
                           :lost-latency nil,
                           :known #jepsen.history.Op{:index 15,
                                                     :time 809047575,
                                                     :type :ok,
                                                     :process 1,
                                                     :f :add,
                                                     :value 4},
                           :last-absent #jepsen.history.Op{:index 401,
                                                           :time 30013265918,
                                                           :type :invoke,
                                                           :process 0,
                                                           :f :read,
                                                           :value nil,
                                                           :final? true}}
                          {:element 14,
                           :outcome :stable,
                           :stable-latency 26968,
                           :lost-latency nil,
                           :known #jepsen.history.Op{:index 63,
                                                     :time 3044811843,
                                                     :type :ok,
                                                     :process 1,
                                                     :f :add,
                                                     :value 14},
                           :last-absent #jepsen.history.Op{:index 401,
                                                           :time 30013265918,
                                                           :type :invoke,
                                                           :process 0,
                                                           :f :read,
                                                           :value nil,
                                                           :final? true}}
                          {:element 16,
                           :outcome :stable,
                           :stable-latency 26520,
                           :lost-latency nil,
                           :known #jepsen.history.Op{:index 75,
                                                     :time 3492527476,
                                                     :type :ok,
                                                     :process 1,
                                                     :f :add,
                                                     :value 16},
                           :last-absent #jepsen.history.Op{:index 401,
                                                           :time 30013265918,
                                                           :type :invoke,
                                                           :process 0,
                                                           :f :read,
                                                           :value nil,
                                                           :final? true}}
                          {:element 19,
                           :outcome :stable,
                           :stable-latency 25800,
                           :lost-latency nil,
                           :known #jepsen.history.Op{:index 87,
                                                     :time 4212870678,
                                                     :type :ok,
                                                     :process 1,
                                                     :f :add,
                                                     :value 19},
                           :last-absent #jepsen.history.Op{:index 401,
                                                           :time 30013265918,
                                                           :type :invoke,
                                                           :process 0,
                                                           :f :read,
                                                           :value nil,
                                                           :final? true}}
                          {:element 27,
                           :outcome :stable,
                           :stable-latency 24470,
                           :lost-latency nil,
                           :known #jepsen.history.Op{:index 123,
                                                     :time 5542947839,
                                                     :type :ok,
                                                     :process 1,
                                                     :f :add,
                                                     :value 27},
                           :last-absent #jepsen.history.Op{:index 401,
                                                           :time 30013265918,
                                                           :type :invoke,
                                                           :process 0,
                                                           :f :read,
                                                           :value nil,
                                                           :final? true}}
                          {:element 30,
                           :outcome :stable,
                           :stable-latency 23904,
                           :lost-latency nil,
                           :known #jepsen.history.Op{:index 135,
                                                     :time 6108884801,
                                                     :type :ok,
                                                     :process 1,
                                                     :f :add,
                                                     :value 30},
                           :last-absent #jepsen.history.Op{:index 401,
                                                           :time 30013265918,
                                                           :type :invoke,
                                                           :process 0,
                                                           :f :read,
                                                           :value nil,
                                                           :final? true}}
                          {:element 35,
                           :outcome :stable,
                           :stable-latency 22643,
                           :lost-latency nil,
                           :known #jepsen.history.Op{:index 159,
                                                     :time 7369434512,
                                                     :type :ok,
                                                     :process 1,
                                                     :f :add,
                                                     :value 35},
                           :last-absent #jepsen.history.Op{:index 401,
                                                           :time 30013265918,
                                                           :type :invoke,
                                                           :process 0,
                                                           :f :read,
                                                           :value nil,
                                                           :final? true}}),
            :duplicated-count 0,
            :valid? false,
            :lost-count 80,
            :lost (1
                   2
                   3
                   5
                   6
                   7
                   8
                   9
                   10
                   11
                   12
                   13
                   15
                   17
                   18
                   20
                   21
                   22
                   23
                   24
                   25
                   26
                   28
                   29
                   31
                   32
                   33
                   34
                   36
                   37
                   38
                   39
                   40
                   42
                   43
                   44
                   46
                   47
                   48
                   49
                   50
                   51
                   52
                   53
                   54
                   55
                   57
                   58
                   59
                   60
                   62
                   63
                   64
                   65
                   66
                   67
                   69
                   70
                   72
                   73
                   74
                   75
                   76
                   78
                   79
                   81
                   82
                   85
                   86
                   87
                   89
                   90
                   91
                   93
                   94
                   95
                   97
                   98
                   99
                   100),
            :stable-count 21,
            :stale-count 21,
            :stale (0
                    4
                    14
                    16
                    19
                    27
                    30
                    35
                    41
                    45
                    56
                    61
                    68
                    71
                    77
                    80
                    83
                    84
                    88
                    92
                    96),
            :never-read-count 0,
            :stable-latencies {0 10289,
                               0.5 18162,
                               0.95 29204,
                               0.99 29857,
                               1 29857},
            :attempt-count 101,
            :lost-latencies {0 10002,
                             0.5 19110,
                             0.95 28932,
                             0.99 29577,
                             1 29577},
            :never-read (),
            :duplicated {}},
 :valid? false}


Analysis invalid! ( 
