2023-05-10 22:20:32,281{GMT}	INFO	[jepsen test runner] jepsen.core: Command line:
lein run test -w unique-ids --bin ../maelstrom-echo/target/debug/maelstrom-echo --time-limit 30 --rate 1000 --node-count 3 --availability total --nemesis partition
2023-05-10 22:20:32,339{GMT}	INFO	[jepsen test runner] jepsen.core: Running test:
{:args []
 :remote
 #jepsen.control.retry.Remote{:remote #jepsen.control.scp.Remote{:cmd-remote #jepsen.control.sshj.SSHJRemote{:concurrency-limit 6,
                                                                                                             :conn-spec nil,
                                                                                                             :client nil,
                                                                                                             :semaphore nil},
                                                                 :conn-spec nil},
                              :conn nil}
 :log-net-send false
 :node-count 3
 :availability :total
 :max-txn-length 4
 :concurrency 3
 :db
 #object[maelstrom.db$db$reify__16142
         "0x68f67bbd"
         "maelstrom.db$db$reify__16142@68f67bbd"]
 :max-writes-per-key 16
 :leave-db-running? false
 :name "unique-ids"
 :logging-json? false
 :start-time
 #object[org.joda.time.DateTime "0x4a03c4bc" "2023-05-10T22:20:32.267-04:00"]
 :nemesis-interval 10
 :net
 #object[maelstrom.net$jepsen_net$reify__15251
         "0x3d0c88f4"
         "maelstrom.net$jepsen_net$reify__15251@3d0c88f4"]
 :client
 #object[maelstrom.workload.unique_ids$client$reify__20074
         "0x5aad4194"
         "maelstrom.workload.unique_ids$client$reify__20074@5aad4194"]
 :barrier
 #object[java.util.concurrent.CyclicBarrier
         "0x50a1c2f3"
         "java.util.concurrent.CyclicBarrier@50a1c2f3"]
 :log-stderr false
 :pure-generators true
 :ssh {:dummy? true}
 :rate 1000.0
 :checker
 #object[jepsen.checker$compose$reify__11881
         "0x453ca7f"
         "jepsen.checker$compose$reify__11881@453ca7f"]
 :argv
 ("test"
  "-w"
  "unique-ids"
  "--bin"
  "../maelstrom-echo/target/debug/maelstrom-echo"
  "--time-limit"
  "30"
  "--rate"
  "1000"
  "--node-count"
  "3"
  "--availability"
  "total"
  "--nemesis"
  "partition")
 :nemesis
 (jepsen.nemesis.ReflCompose
  {:fm {:start-partition 0,
        :stop-partition 0,
        :kill 1,
        :start 1,
        :pause 1,
        :resume 1},
   :nemeses [#unprintable "jepsen.nemesis.combined$partition_nemesis$reify__16416@5d41b929"
             #unprintable "jepsen.nemesis.combined$db_nemesis$reify__16397@6dd0e2f4"]})
 :nodes ["n0" "n1" "n2"]
 :test-count 1
 :latency {:mean 0, :dist :constant}
 :bin "../maelstrom-echo/target/debug/maelstrom-echo"
 :generator
 (jepsen.generator.TimeLimit
  {:limit 30000000000,
   :cutoff nil,
   :gen (jepsen.generator.Any
         {:gens [(jepsen.generator.OnThreads
                  {:f #{:nemesis},
                   :context-filter #object[jepsen.generator.context$make_thread_filter$lazy_filter__9167
                                           "0x4ce66169"
                                           "jepsen.generator.context$make_thread_filter$lazy_filter__9167@4ce66169"],
                   :gen (jepsen.generator.Stagger
                         {:dt 20000000000,
                          :next-time nil,
                          :gen (jepsen.generator.FlipFlop
                                {:gens [#object[jepsen.nemesis.combined$partition_package$start__16420
                                                "0x53d0cf4d"
                                                "jepsen.nemesis.combined$partition_package$start__16420@53d0cf4d"]
                                        ({:type :info,
                                          :f :stop-partition,
                                          :value nil}
                                         {:type :info,
                                          :f :stop-partition,
                                          :value nil}
                                         {:type :info,
                                          :f :stop-partition,
                                          :value nil}
                                         {:type :info,
                                          :f :stop-partition,
                                          :value nil}
                                         {:type :info,
                                          :f :stop-partition,
                                          :value nil}
                                         {:type :info,
                                          :f :stop-partition,
                                          :value nil}
                                         {:type :info,
                                          :f :stop-partition,
                                          :value nil}
                                         {:type :info,
                                          :f :stop-partition,
                                          :value nil}
                                         ...)],
                                 :i 0})})})
                 (jepsen.generator.OnThreads
                  {:f #jepsen.generator.context.AllBut{:element :nemesis},
                   :context-filter #object[jepsen.generator.context$make_thread_filter$lazy_filter__9167
                                           "0xd7645b2"
                                           "jepsen.generator.context$make_thread_filter$lazy_filter__9167@d7645b2"],
                   :gen (jepsen.generator.Stagger
                         {:dt 2000000,
                          :next-time nil,
                          :gen (jepsen.generator.Repeat
                                {:remaining -1, :gen {:f :generate}})})})]})})
 :log-net-recv false
 :os
 #object[maelstrom.net$jepsen_os$reify__15254
         "0x72e4905c"
         "maelstrom.net$jepsen_os$reify__15254@72e4905c"]
 :time-limit 30
 :workload :unique-ids
 :consistency-models [:strict-serializable]
 :topology :grid}

2023-05-10 22:20:33,742{GMT}	INFO	[jepsen node n0] maelstrom.net: Starting Maelstrom network
2023-05-10 22:20:33,744{GMT}	INFO	[jepsen test runner] jepsen.db: Tearing down DB
2023-05-10 22:20:33,745{GMT}	INFO	[jepsen test runner] jepsen.db: Setting up DB
2023-05-10 22:20:33,746{GMT}	INFO	[jepsen node n1] maelstrom.db: Setting up n1
2023-05-10 22:20:33,746{GMT}	INFO	[jepsen node n2] maelstrom.db: Setting up n2
2023-05-10 22:20:33,747{GMT}	INFO	[jepsen node n2] maelstrom.process: launching ../maelstrom-echo/target/debug/maelstrom-echo []
2023-05-10 22:20:33,747{GMT}	INFO	[jepsen node n1] maelstrom.process: launching ../maelstrom-echo/target/debug/maelstrom-echo []
2023-05-10 22:20:33,748{GMT}	INFO	[jepsen node n0] maelstrom.service: Starting services: (lin-kv lin-tso lww-kv seq-kv)
2023-05-10 22:20:33,749{GMT}	INFO	[jepsen node n0] maelstrom.db: Setting up n0
2023-05-10 22:20:33,750{GMT}	INFO	[jepsen node n0] maelstrom.process: launching ../maelstrom-echo/target/debug/maelstrom-echo []
2023-05-10 22:20:33,767{GMT}	INFO	[jepsen test runner] jepsen.core: Relative time begins now
2023-05-10 22:20:33,779{GMT}	INFO	[jepsen worker nemesis] jepsen.util: :nemesis	:info	:start-partition	:majorities-ring
2023-05-10 22:20:33,779{GMT}	INFO	[jepsen worker 1] jepsen.util: 1	:invoke	:generate	nil
2023-05-10 22:20:33,779{GMT}	INFO	[jepsen worker 2] jepsen.util: 2	:invoke	:generate	nil
2023-05-10 22:20:33,780{GMT}	INFO	[jepsen worker 0] jepsen.util: 0	:invoke	:generate	nil
2023-05-10 22:20:33,781{GMT}	INFO	[jepsen worker 1] jepsen.util: 1	:ok	:generate	4294967296
2023-05-10 22:20:33,781{GMT}	INFO	[jepsen worker 2] jepsen.util: 2	:ok	:generate	8589934592
2023-05-10 22:20:33,782{GMT}	INFO	[jepsen worker 1] jepsen.util: 1	:invoke	:generate	nil
2023-05-10 22:20:33,782{GMT}	INFO	[jepsen worker nemesis] jepsen.util: :nemesis	:info	:start-partition	[:isolated {"n0" #{"n2"}, "n2" #{"n1"}, "n1" #{"n0"}}]
2023-05-10 22:20:33,782{GMT}	INFO	[jepsen worker 0] jepsen.util: 0	:ok	:generate	0
2023-05-10 22:20:33,783{GMT}	INFO	[jepsen worker 1] jepsen.util: 1	:ok	:generate	8589934592
2023-05-10 22:20:33,783{GMT}	INFO	[jepsen worker 1] jepsen.util: 1	:invoke	:generate	nil
2023-05-10 22:20:33,784{GMT}	INFO	[jepsen worker 1] jepsen.util: 1	:ok	:generate	17179869184
2023-05-10 22:20:33,784{GMT}	INFO	[jepsen worker 2] jepsen.util: 2	:invoke	:generate	nil
2023-05-10 22:20:33,785{GMT}	INFO	[jepsen worker 0] jepsen.util: 0	:invoke	:generate	nil
2023-05-10 22:20:33,786{GMT}	INFO	[jepsen worker 2] jepsen.util: 2	:ok	:generate	17179869184
2023-05-10 22:20:33,786{GMT}	INFO	[jepsen worker 0] jepsen.util: 0	:ok	:generate	0
2023-05-10 22:20:33,787{GMT}	INFO	[jepsen worker 0] jepsen.util: 0	:invoke	:generate	nil
2023-05-10 22:20:33,788{GMT}	INFO	[jepsen worker 0] jepsen.util: 0	:ok	:generate	0
2023-05-10 22:20:33,788{GMT}	INFO	[jepsen worker 1] jepsen.util: 1	:invoke	:generate	nil
2023-05-10 22:20:33,789{GMT}	INFO	[jepsen worker 1] jepsen.util: 1	:ok	:generate	34359738368
2023-05-10 22:20:33,790{GMT}	INFO	[jepsen worker 2] jepsen.util: 2	:invoke	:generate	nil
2023-05-10 22:20:33,791{GMT}	INFO	[jepsen worker 2] jepsen.util: 2	:ok	:generate	34359738368
2023-05-10 22:20:33,792{GMT}	INFO	[jepsen worker 0] jepsen.util: 0	:invoke	:generate	nil
2023-05-10 22:20:33,792{GMT}	INFO	[jepsen worker 1] jepsen.util: 1	:invoke	:generate	nil
2023-05-10 22:20:33,793{GMT}	INFO	[jepsen worker 1] jepsen.util: 1	:ok	:generate	68719476736
2023-05-10 22:20:33,793{GMT}	INFO	[jepsen worker 0] jepsen.util: 0	:ok	:generate	0
2023-05-10 22:20:33,794{GMT}	INFO	[jepsen worker 1] jepsen.util: 1	:invoke	:generate	nil
2023-05-10 22:20:33,795{GMT}	INFO	[jepsen worker 1] jepsen.util: 1	:ok	:generate	137438953472
2023-05-10 22:20:33,796{GMT}	INFO	[jepsen worker 2] jepsen.util: 2	:invoke	:generate	nil
2023-05-10 22:20:33,796{GMT}	INFO	[jepsen worker 0] jepsen.util: 0	:invoke	:generate	nil
2023-05-10 22:20:33,797{GMT}	INFO	[jepsen worker 2] jepsen.util: 2	:ok	:generate	68719476736
2023-05-10 22:20:33,797{GMT}	INFO	[jepsen worker 0] jepsen.util: 0	:ok	:generate	0
2023-05-10 22:20:33,798{GMT}	INFO	[jepsen worker 0] jepsen.util: 0	:invoke	:generate	nil
2023-05-10 22:20:33,799{GMT}	INFO	[jepsen worker 0] jepsen.util: 0	:ok	:generate	0
2023-05-10 22:20:33,801{GMT}	INFO	[jepsen worker 1] jepsen.util: 1	:invoke	:generate	nil
2023-05-10 22:20:33,802{GMT}	INFO	[jepsen worker 1] jepsen.util: 1	:ok	:generate	274877906944
2023-05-10 22:20:33,802{GMT}	INFO	[jepsen worker 2] jepsen.util: 2	:invoke	:generate	nil
2023-05-10 22:20:33,803{GMT}	INFO	[jepsen worker 2] jepsen.util: 2	:ok	:generate	137438953472
2023-05-10 22:20:33,804{GMT}	INFO	[jepsen worker 0] jepsen.util: 0	:invoke	:generate	nil
2023-05-10 22:20:33,804{GMT}	INFO	[jepsen worker 1] jepsen.util: 1	:invoke	:generate	nil
2023-05-10 22:20:33,805{GMT}	INFO	[jepsen worker 0] jepsen.util: 0	:ok	:generate	0
2023-05-10 22:20:33,805{GMT}	INFO	[jepsen worker 2] jepsen.util: 2	:invoke	:generate	nil
2023-05-10 22:20:33,805{GMT}	INFO	[jepsen worker 1] jepsen.util: 1	:ok	:generate	549755813888
2023-05-10 22:20:33,806{GMT}	INFO	[jepsen worker 0] jepsen.util: 0	:invoke	:generate	nil
2023-05-10 22:20:33,806{GMT}	INFO	[jepsen worker 2] jepsen.util: 2	:ok	:generate	274877906944
2023-05-10 22:20:33,807{GMT}	INFO	[jepsen worker 1] jepsen.util: 1	:invoke	:generate	nil
2023-05-10 22:20:33,807{GMT}	INFO	[jepsen worker 0] jepsen.util: 0	:ok	:generate	0
2023-05-10 22:20:33,807{GMT}	INFO	[jepsen worker 0] jepsen.util: 0	:invoke	:generate	nil
2023-05-10 22:20:33,808{GMT}	INFO	[jepsen worker 1] jepsen.util: 1	:ok	:generate	1099511627776
2023-05-10 22:20:33,808{GMT}	INFO	[jepsen worker 2] jepsen.util: 2	:invoke	:generate	nil
2023-05-10 22:20:33,808{GMT}	INFO	[jepsen worker 0] jepsen.util: 0	:ok	:generate	0
2023-05-10 22:20:33,808{GMT}	INFO	[jepsen worker 2] jepsen.util: 2	:ok	:generate	549755813888
2023-05-10 22:20:33,809{GMT}	INFO	[jepsen worker 2] jepsen.util: 2	:invoke	:generate	nil
2023-05-10 22:20:33,810{GMT}	INFO	[jepsen worker 0] jepsen.util: 0	:invoke	:generate	nil
2023-05-10 22:20:33,810{GMT}	INFO	[jepsen worker 2] jepsen.util: 2	:ok	:generate	1099511627776
2023-05-10 22:20:33,811{GMT}	INFO	[jepsen worker 0] jepsen.util: 0	:ok	:generate	0
2023-05-10 22:20:33,811{GMT}	INFO	[jepsen worker 0] jepsen.util: 0	:invoke	:generate	nil
2023-05-10 22:20:33,812{GMT}	INFO	[jepsen worker 0] jepsen.util: 0	:ok	:generate	0
2023-05-10 22:20:33,813{GMT}	INFO	[jepsen worker 1] jepsen.util: 1	:invoke	:generate	nil
2023-05-10 22:20:33,814{GMT}	INFO	[jepsen worker 1] jepsen.util: 1	:ok	:generate	2199023255552
2023-05-10 22:20:33,815{GMT}	INFO	[jepsen worker 2] jepsen.util: 2	:invoke	:generate	nil
2023-05-10 22:20:33,817{GMT}	INFO	[jepsen worker 2] jepsen.util: 2	:ok	:generate	2199023255552
2023-05-10 22:20:33,817{GMT}	INFO	[jepsen worker 0] jepsen.util: 0	:invoke	:generate	nil
2023-05-10 22:20:33,818{GMT}	INFO	[jepsen worker 0] jepsen.util: 0	:ok	:generate	0
2023-05-10 22:20:33,818{GMT}	INFO	[jepsen worker 0] jepsen.util: 0	:invoke	:generate	nil
2023-05-10 22:20:33,818{GMT}	INFO	[jepsen worker 1] jepsen.util: 1	:invoke	:generate	nil
2023-05-10 22:20:33,819{GMT}	INFO	[jepsen worker 0] jepsen.util: 0	:ok	:generate	0
2023-05-10 22:20:33,819{GMT}	INFO	[jepsen worker 1] jepsen.util: 1	:ok	:generate	4398046511104
2023-05-10 22:20:33,819{GMT}	INFO	[jepsen worker 2] jepsen.util: 2	:invoke	:generate	nil
2023-05-10 22:20:33,819{GMT}	INFO	[jepsen worker 0] jepsen.util: 0	:invoke	:generate	nil
2023-05-10 22:20:33,820{GMT}	INFO	[jepsen worker 2] jepsen.util: 2	:ok	:generate	4398046511104
2023-05-10 22:20:33,821{GMT}	INFO	[jepsen worker 0] jepsen.util: 0	:ok	:generate	0
2023-05-10 22:20:33,821{GMT}	INFO	[jepsen worker 0] jepsen.util: 0	:invoke	:generate	nil
2023-05-10 22:20:33,821{GMT}	INFO	[jepsen worker 1] jepsen.util: 1	:invoke	:generate	nil
2023-05-10 22:20:33,822{GMT}	INFO	[jepsen worker 0] jepsen.util: 0	:ok	:generate	0
2023-05-10 22:20:33,822{GMT}	INFO	[jepsen worker 1] jepsen.util: 1	:ok	:generate	8796093022208
2023-05-10 22:20:33,823{GMT}	INFO	[jepsen worker 2] jepsen.util: 2	:invoke	:generate	nil
2023-05-10 22:20:33,824{GMT}	INFO	[jepsen worker 2] jepsen.util: 2	:ok	:generate	8796093022208
2023-05-10 22:20:33,825{GMT}	INFO	[jepsen worker 0] jepsen.util: 0	:invoke	:generate	nil
2023-05-10 22:20:33,826{GMT}	INFO	[jepsen worker 0] jepsen.util: 0	:ok	:generate	0
2023-05-10 22:20:33,826{GMT}	INFO	[jepsen worker 0] jepsen.util: 0	:invoke	:generate	nil
2023-05-10 22:20:33,827{GMT}	INFO	[jepsen worker 1] jepsen.util: 1	:invoke	:generate	nil
2023-05-10 22:20:33,828{GMT}	INFO	[jepsen worker 0] jepsen.util: 0	:ok	:generate	0
2023-05-10 22:20:33,828{GMT}	INFO	[jepsen worker 2] jepsen.util: 2	:invoke	:generate	nil
2023-05-10 22:20:33,828{GMT}	INFO	[jepsen worker 1] jepsen.util: 1	:ok	:generate	17592186044416
2023-05-10 22:20:33,829{GMT}	INFO	[jepsen worker 0] jepsen.util: 0	:invoke	:generate	nil
2023-05-10 22:20:33,829{GMT}	INFO	[jepsen worker 2] jepsen.util: 2	:ok	:generate	17592186044416
2023-05-10 22:20:33,830{GMT}	INFO	[jepsen worker 0] jepsen.util: 0	:ok	:generate	0
2023-05-10 22:20:33,830{GMT}	INFO	[jepsen worker 1] jepsen.util: 1	:invoke	:generate	nil
2023-05-10 22:20:33,831{GMT}	INFO	[jepsen worker 1] jepsen.util: 1	:ok	:generate	35184372088832
2023-05-10 22:20:33,832{GMT}	INFO	[jepsen worker 1] jepsen.util: 1	:invoke	:generate	nil
2023-05-10 22:20:33,833{GMT}	INFO	[jepsen worker 1] jepsen.util: 1	:ok	:generate	70368744177664
2023-05-10 22:20:33,834{GMT}	INFO	[jepsen worker 2] jepsen.util: 2	:invoke	:generate	nil
2023-05-10 22:20:33,834{GMT}	INFO	[jepsen worker 2] jepsen.util: 2	:ok	:generate	35184372088832
2023-05-10 22:20:33,835{GMT}	INFO	[jepsen worker 0] jepsen.util: 0	:invoke	:generate	nil
2023-05-10 22:20:33,835{GMT}	INFO	[jepsen worker 1] jepsen.util: 1	:invoke	:generate	nil
2023-05-10 22:20:33,836{GMT}	INFO	[jepsen worker 0] jepsen.util: 0	:ok	:generate	0
2023-05-10 22:20:33,836{GMT}	INFO	[jepsen worker 2] jepsen.util: 2	:invoke	:generate	nil
2023-05-10 22:20:33,836{GMT}	INFO	[jepsen worker 1] jepsen.util: 1	:ok	:generate	140737488355328
2023-05-10 22:20:33,837{GMT}	INFO	[jepsen worker 2] jepsen.util: 2	:ok	:generate	70368744177664
2023-05-10 22:20:33,838{GMT}	INFO	[jepsen worker 2] jepsen.util: 2	:invoke	:generate	nil
2023-05-10 22:20:33,839{GMT}	INFO	[jepsen worker 2] jepsen.util: 2	:ok	:generate	140737488355328
2023-05-10 22:20:33,840{GMT}	INFO	[jepsen worker 0] jepsen.util: 0	:invoke	:generate	nil
2023-05-10 22:20:33,841{GMT}	INFO	[jepsen worker 0] jepsen.util: 0	:ok	:generate	0
2023-05-10 22:20:33,841{GMT}	INFO	[jepsen worker 1] jepsen.util: 1	:invoke	:generate	nil
2023-05-10 22:20:33,841{GMT}	INFO	[jepsen worker 1] jepsen.util: 1	:ok	:generate	281474976710656
2023-05-10 22:20:33,843{GMT}	INFO	[jepsen worker 1] jepsen.util: 1	:invoke	:generate	nil
2023-05-10 22:20:33,843{GMT}	INFO	[jepsen worker 2] jepsen.util: 2	:invoke	:generate	nil
2023-05-10 22:20:33,844{GMT}	INFO	[jepsen worker 1] jepsen.util: 1	:ok	:generate	562949953421312
2023-05-10 22:20:33,844{GMT}	INFO	[jepsen worker 2] jepsen.util: 2	:ok	:generate	281474976710656
2023-05-10 22:20:33,845{GMT}	INFO	[jepsen worker 0] jepsen.util: 0	:invoke	:generate	nil
2023-05-10 22:20:33,845{GMT}	INFO	[jepsen worker 1] jepsen.util: 1	:invoke	:generate	nil
2023-05-10 22:20:33,846{GMT}	INFO	[jepsen worker 0] jepsen.util: 0	:ok	:generate	0
2023-05-10 22:20:33,846{GMT}	INFO	[jepsen worker 1] jepsen.util: 1	:ok	:generate	1125899906842624
2023-05-10 22:20:33,847{GMT}	INFO	[jepsen worker 1] jepsen.util: 1	:invoke	:generate	nil
2023-05-10 22:20:33,848{GMT}	INFO	[jepsen worker 1] jepsen.util: 1	:ok	:generate	2251799813685248
2023-05-10 22:20:33,849{GMT}	INFO	[jepsen worker 2] jepsen.util: 2	:invoke	:generate	nil
2023-05-10 22:20:33,849{GMT}	INFO	[jepsen worker 0] jepsen.util: 0	:invoke	:generate	nil
2023-05-10 22:20:33,850{GMT}	INFO	[jepsen worker 1] jepsen.util: 1	:invoke	:generate	nil
2023-05-10 22:20:33,850{GMT}	INFO	[jepsen worker 2] jepsen.util: 2	:ok	:generate	562949953421312
2023-05-10 22:20:33,850{GMT}	INFO	[jepsen worker 0] jepsen.util: 0	:ok	:generate	0
2023-05-10 22:20:33,850{GMT}	INFO	[jepsen worker 1] jepsen.util: 1	:ok	:generate	4503599627370496
2023-05-10 22:20:33,851{GMT}	INFO	[jepsen worker 1] jepsen.util: 1	:invoke	:generate	nil
2023-05-10 22:20:33,852{GMT}	INFO	[jepsen worker 2] jepsen.util: 2	:invoke	:generate	nil
2023-05-10 22:20:33,852{GMT}	INFO	[jepsen worker 1] jepsen.util: 1	:ok	:generate	9007199254740992
2023-05-10 22:20:33,852{GMT}	INFO	[jepsen worker 2] jepsen.util: 2	:ok	:generate	1125899906842624
2023-05-10 22:20:33,853{GMT}	INFO	[jepsen worker 0] jepsen.util: 0	:invoke	:generate	nil
2023-05-10 22:20:33,854{GMT}	INFO	[jepsen worker 0] jepsen.util: 0	:ok	:generate	0
2023-05-10 22:20:33,854{GMT}	INFO	[jepsen worker 1] jepsen.util: 1	:invoke	:generate	nil
2023-05-10 22:20:33,854{GMT}	INFO	[jepsen worker 2] jepsen.util: 2	:invoke	:generate	nil
2023-05-10 22:20:33,854{GMT}	INFO	[jepsen worker 1] jepsen.util: 1	:ok	:generate	18014398509481984
2023-05-10 22:20:33,855{GMT}	INFO	[jepsen worker 2] jepsen.util: 2	:ok	:generate	2251799813685248
2023-05-10 22:20:33,856{GMT}	INFO	[jepsen worker 2] jepsen.util: 2	:invoke	:generate	nil
2023-05-10 22:20:33,857{GMT}	INFO	[jepsen worker 2] jepsen.util: 2	:ok	:generate	4503599627370496
2023-05-10 22:20:33,858{GMT}	INFO	[jepsen worker 0] jepsen.util: 0	:invoke	:generate	nil
2023-05-10 22:20:33,858{GMT}	INFO	[jepsen worker 0] jepsen.util: 0	:ok	:generate	0
2023-05-10 22:20:33,859{GMT}	INFO	[jepsen worker 0] jepsen.util: 0	:invoke	:generate	nil
2023-05-10 22:20:33,860{GMT}	INFO	[jepsen worker 1] jepsen.util: 1	:invoke	:generate	nil
2023-05-10 22:20:33,860{GMT}	INFO	[jepsen worker 0] jepsen.util: 0	:ok	:generate	0
2023-05-10 22:20:33,861{GMT}	INFO	[jepsen worker 2] jepsen.util: 2	:invoke	:generate	nil
2023-05-10 22:20:33,861{GMT}	INFO	[jepsen worker 1] jepsen.util: 1	:ok	:generate	36028797018963968
2023-05-10 22:20:33,862{GMT}	INFO	[jepsen worker 2] jepsen.util: 2	:ok	:generate	9007199254740992
2023-05-10 22:20:33,862{GMT}	INFO	[jepsen worker 0] jepsen.util: 0	:invoke	:generate	nil
2023-05-10 22:20:33,863{GMT}	INFO	[jepsen worker 0] jepsen.util: 0	:ok	:generate	0
2023-05-10 22:20:33,864{GMT}	INFO	[jepsen worker 0] jepsen.util: 0	:invoke	:generate	nil
2023-05-10 22:20:33,865{GMT}	INFO	[jepsen worker 0] jepsen.util: 0	:ok	:generate	0
2023-05-10 22:20:33,866{GMT}	INFO	[jepsen worker 1] jepsen.util: 1	:invoke	:generate	nil
2023-05-10 22:20:33,866{GMT}	INFO	[jepsen worker 2] jepsen.util: 2	:invoke	:generate	nil
2023-05-10 22:20:33,867{GMT}	INFO	[jepsen worker 1] jepsen.util: 1	:ok	:generate	72057594037927936
2023-05-10 22:20:33,867{GMT}	INFO	[jepsen worker 0] jepsen.util: 0	:invoke	:generate	nil
2023-05-10 22:20:33,867{GMT}	INFO	[jepsen worker 2] jepsen.util: 2	:ok	:generate	18014398509481984
2023-05-10 22:20:33,867{GMT}	INFO	[jepsen worker 1] jepsen.util: 1	:invoke	:generate	nil
2023-05-10 22:20:33,868{GMT}	INFO	[jepsen worker 0] jepsen.util: 0	:ok	:generate	0
2023-05-10 22:20:33,868{GMT}	INFO	[jepsen worker 1] jepsen.util: 1	:ok	:generate	144115188075855872
2023-05-10 22:20:33,869{GMT}	INFO	[jepsen worker 1] jepsen.util: 1	:invoke	:generate	nil
2023-05-10 22:20:33,869{GMT}	INFO	[jepsen worker 2] jepsen.util: 2	:invoke	:generate	nil
2023-05-10 22:20:33,870{GMT}	INFO	[jepsen worker 1] jepsen.util: 1	:ok	:generate	288230376151711744
2023-05-10 22:20:33,870{GMT}	INFO	[jepsen worker 2] jepsen.util: 2	:ok	:generate	36028797018963968
2023-05-10 22:20:33,871{GMT}	INFO	[jepsen worker 0] jepsen.util: 0	:invoke	:generate	nil
2023-05-10 22:20:33,871{GMT}	INFO	[jepsen worker 1] jepsen.util: 1	:invoke	:generate	nil
2023-05-10 22:20:33,871{GMT}	INFO	[jepsen worker 2] jepsen.util: 2	:invoke	:generate	nil
2023-05-10 22:20:33,871{GMT}	INFO	[jepsen worker 0] jepsen.util: 0	:ok	:generate	0
2023-05-10 22:20:33,871{GMT}	INFO	[jepsen worker 1] jepsen.util: 1	:ok	:generate	576460752303423488
2023-05-10 22:20:33,871{GMT}	INFO	[jepsen worker 2] jepsen.util: 2	:ok	:generate	72057594037927936
2023-05-10 22:20:33,872{GMT}	INFO	[jepsen worker 2] jepsen.util: 2	:invoke	:generate	nil
2023-05-10 22:20:33,872{GMT}	INFO	[jepsen worker 2] jepsen.util: 2	:ok	:generate	144115188075855872
2023-05-10 22:20:33,872{GMT}	INFO	[jepsen worker 0] jepsen.util: 0	:invoke	:generate	nil
2023-05-10 22:20:33,873{GMT}	INFO	[jepsen worker 1] jepsen.util: 1	:invoke	:generate	nil
2023-05-10 22:20:33,873{GMT}	INFO	[jepsen worker 0] jepsen.util: 0	:ok	:generate	0
2023-05-10 22:20:33,874{GMT}	INFO	[jepsen worker 1] jepsen.util: 1	:ok	:generate	1152921504606846976
2023-05-10 22:20:33,874{GMT}	INFO	[jepsen worker 2] jepsen.util: 2	:invoke	:generate	nil
2023-05-10 22:20:33,874{GMT}	INFO	[jepsen worker 2] jepsen.util: 2	:ok	:generate	288230376151711744
2023-05-10 22:20:33,875{GMT}	INFO	[jepsen worker 2] jepsen.util: 2	:invoke	:generate	nil
2023-05-10 22:20:33,875{GMT}	INFO	[jepsen worker 0] jepsen.util: 0	:invoke	:generate	nil
2023-05-10 22:20:33,876{GMT}	INFO	[jepsen worker 2] jepsen.util: 2	:ok	:generate	576460752303423488
2023-05-10 22:20:33,876{GMT}	INFO	[jepsen worker 0] jepsen.util: 0	:ok	:generate	0
2023-05-10 22:20:33,878{GMT}	INFO	[jepsen worker 0] jepsen.util: 0	:invoke	:generate	nil
2023-05-10 22:20:33,878{GMT}	INFO	[jepsen worker 1] jepsen.util: 1	:invoke	:generate	nil
2023-05-10 22:20:33,879{GMT}	INFO	[jepsen worker 0] jepsen.util: 0	:ok	:generate	0
2023-05-10 22:20:33,879{GMT}	INFO	[jepsen worker 2] jepsen.util: 2	:invoke	:generate	nil
2023-05-10 22:20:33,880{GMT}	INFO	[jepsen worker 1] jepsen.util: 1	:ok	:generate	2305843009213693952
2023-05-10 22:20:33,880{GMT}	INFO	[jepsen worker 2] jepsen.util: 2	:ok	:generate	1152921504606846976
2023-05-10 22:20:33,880{GMT}	INFO	[jepsen worker 0] jepsen.util: 0	:invoke	:generate	nil
2023-05-10 22:20:33,881{GMT}	INFO	[jepsen worker 1] jepsen.util: 1	:invoke	:generate	nil
2023-05-10 22:20:33,882{GMT}	INFO	[jepsen worker 1] jepsen.util: 1	:ok	:generate	4611686018427387904
2023-05-10 22:20:33,883{GMT}	INFO	[jepsen worker 1] jepsen.util: 1	:invoke	:generate	nil
2023-05-10 22:20:33,884{GMT}	INFO	[jepsen worker 2] jepsen.util: 2	:invoke	:generate	nil
2023-05-10 22:20:33,884{GMT}	INFO	[jepsen worker 2] jepsen.util: 2	:ok	:generate	2305843009213693952
2023-05-10 22:20:33,885{GMT}	INFO	[jepsen worker 1] jepsen.util: 1	:ok	:generate	9223372036854775808
2023-05-10 22:20:33,886{GMT}	INFO	[jepsen worker 1] jepsen.util: 1	:invoke	:generate	nil
2023-05-10 22:20:33,887{GMT}	INFO	[jepsen worker 2] jepsen.util: 2	:invoke	:generate	nil
2023-05-10 22:20:33,888{GMT}	INFO	[jepsen worker 2] jepsen.util: 2	:ok	:generate	4611686018427387904
2023-05-10 22:20:33,889{GMT}	INFO	[jepsen worker 2] jepsen.util: 2	:invoke	:generate	nil
2023-05-10 22:20:33,890{GMT}	INFO	[jepsen worker 2] jepsen.util: 2	:ok	:generate	9223372036854775808
2023-05-10 22:20:33,890{GMT}	INFO	[jepsen worker 2] jepsen.util: 2	:invoke	:generate	nil
2023-05-10 22:20:33,891{GMT}	INFO	[jepsen worker 2] jepsen.util: 2	:ok	:generate	0
2023-05-10 22:20:33,891{GMT}	INFO	[jepsen worker 2] jepsen.util: 2	:invoke	:generate	nil
2023-05-10 22:20:35,262{GMT}	INFO	[jepsen worker nemesis] jepsen.util: :nemesis	:info	:stop-partition	nil
2023-05-10 22:20:35,263{GMT}	INFO	[jepsen worker nemesis] jepsen.util: :nemesis	:info	:stop-partition	:network-healed
2023-05-10 22:20:38,882{GMT}	INFO	[jepsen worker 0] jepsen.util: 0	:info	:generate	nil	:net-timeout
2023-05-10 22:20:38,883{GMT}	INFO	[jepsen worker 0] jepsen.util: 3	:invoke	:generate	nil
2023-05-10 22:20:38,886{GMT}	INFO	[jepsen worker 1] jepsen.util: 1	:info	:generate	nil	:net-timeout
2023-05-10 22:20:38,886{GMT}	INFO	[jepsen worker 1] jepsen.util: 4	:invoke	:generate	nil
2023-05-10 22:20:38,891{GMT}	INFO	[jepsen worker 2] jepsen.util: 2	:info	:generate	nil	:net-timeout
2023-05-10 22:20:38,891{GMT}	INFO	[jepsen worker 2] jepsen.util: 5	:invoke	:generate	nil
2023-05-10 22:20:43,884{GMT}	INFO	[jepsen worker 0] jepsen.util: 3	:info	:generate	nil	:net-timeout
2023-05-10 22:20:43,885{GMT}	INFO	[jepsen worker 0] jepsen.util: 6	:invoke	:generate	nil
2023-05-10 22:20:43,886{GMT}	INFO	[jepsen worker 1] jepsen.util: 4	:info	:generate	nil	:net-timeout
2023-05-10 22:20:43,887{GMT}	INFO	[jepsen worker 1] jepsen.util: 7	:invoke	:generate	nil
2023-05-10 22:20:43,891{GMT}	INFO	[jepsen worker 2] jepsen.util: 5	:info	:generate	nil	:net-timeout
2023-05-10 22:20:43,891{GMT}	INFO	[jepsen worker 2] jepsen.util: 8	:invoke	:generate	nil
2023-05-10 22:20:48,885{GMT}	INFO	[jepsen worker 0] jepsen.util: 6	:info	:generate	nil	:net-timeout
2023-05-10 22:20:48,887{GMT}	INFO	[jepsen worker 0] jepsen.util: 9	:invoke	:generate	nil
2023-05-10 22:20:48,887{GMT}	INFO	[jepsen worker 1] jepsen.util: 7	:info	:generate	nil	:net-timeout
2023-05-10 22:20:48,888{GMT}	INFO	[jepsen worker 1] jepsen.util: 10	:invoke	:generate	nil
2023-05-10 22:20:48,892{GMT}	INFO	[jepsen worker 2] jepsen.util: 8	:info	:generate	nil	:net-timeout
2023-05-10 22:20:48,892{GMT}	INFO	[jepsen worker 2] jepsen.util: 11	:invoke	:generate	nil
2023-05-10 22:20:51,161{GMT}	INFO	[jepsen worker nemesis] jepsen.util: :nemesis	:info	:start-partition	:majority
2023-05-10 22:20:51,165{GMT}	INFO	[jepsen worker nemesis] jepsen.util: :nemesis	:info	:start-partition	[:isolated {"n0" #{"n2" "n1"}, "n2" #{"n0"}, "n1" #{"n0"}}]
2023-05-10 22:20:53,888{GMT}	INFO	[jepsen worker 1] jepsen.util: 10	:info	:generate	nil	:net-timeout
2023-05-10 22:20:53,888{GMT}	INFO	[jepsen worker 0] jepsen.util: 9	:info	:generate	nil	:net-timeout
2023-05-10 22:20:53,889{GMT}	INFO	[jepsen worker 0] jepsen.util: 12	:invoke	:generate	nil
2023-05-10 22:20:53,890{GMT}	INFO	[jepsen worker 1] jepsen.util: 13	:invoke	:generate	nil
2023-05-10 22:20:53,892{GMT}	INFO	[jepsen worker 2] jepsen.util: 11	:info	:generate	nil	:net-timeout
2023-05-10 22:20:53,892{GMT}	INFO	[jepsen worker 2] jepsen.util: 14	:invoke	:generate	nil
2023-05-10 22:20:55,970{GMT}	INFO	[jepsen worker nemesis] jepsen.util: :nemesis	:info	:stop-partition	nil
2023-05-10 22:20:55,970{GMT}	INFO	[jepsen worker nemesis] jepsen.util: :nemesis	:info	:stop-partition	:network-healed
2023-05-10 22:20:56,480{GMT}	INFO	[jepsen worker nemesis] jepsen.util: :nemesis	:info	:start-partition	:majority
2023-05-10 22:20:56,483{GMT}	INFO	[jepsen worker nemesis] jepsen.util: :nemesis	:info	:start-partition	[:isolated {"n0" #{"n2" "n1"}, "n2" #{"n0"}, "n1" #{"n0"}}]
2023-05-10 22:20:58,889{GMT}	INFO	[jepsen worker 0] jepsen.util: 12	:info	:generate	nil	:net-timeout
2023-05-10 22:20:58,890{GMT}	INFO	[jepsen worker 0] jepsen.util: 15	:invoke	:generate	nil
2023-05-10 22:20:58,890{GMT}	INFO	[jepsen worker 1] jepsen.util: 13	:info	:generate	nil	:net-timeout
2023-05-10 22:20:58,890{GMT}	INFO	[jepsen worker 1] jepsen.util: 16	:invoke	:generate	nil
2023-05-10 22:20:58,892{GMT}	INFO	[jepsen worker 2] jepsen.util: 14	:info	:generate	nil	:net-timeout
2023-05-10 22:20:58,893{GMT}	INFO	[jepsen worker 2] jepsen.util: 17	:invoke	:generate	nil
2023-05-10 22:21:03,891{GMT}	INFO	[jepsen worker 0] jepsen.util: 15	:info	:generate	nil	:net-timeout
2023-05-10 22:21:03,891{GMT}	INFO	[jepsen worker 1] jepsen.util: 16	:info	:generate	nil	:net-timeout
2023-05-10 22:21:03,894{GMT}	INFO	[jepsen worker 2] jepsen.util: 17	:info	:generate	nil	:net-timeout
2023-05-10 22:21:03,913{GMT}	INFO	[jepsen test runner] jepsen.core: Run complete, writing
2023-05-10 22:21:03,972{GMT}	INFO	[jepsen node n0] maelstrom.db: Tearing down n0
2023-05-10 22:21:03,972{GMT}	INFO	[jepsen node n1] maelstrom.db: Tearing down n1
2023-05-10 22:21:03,973{GMT}	INFO	[jepsen node n2] maelstrom.db: Tearing down n2
2023-05-10 22:21:04,896{GMT}	INFO	[jepsen node n0] maelstrom.net: Shutting down Maelstrom network
2023-05-10 22:21:04,898{GMT}	WARN	[jepsen test runner] jepsen.core: Test crashed!
clojure.lang.ExceptionInfo: Node n0 crashed with exit status 101. Before crashing, it wrote to STDOUT:

{"src":"n0","dest":"c8","body":{"type":"generate_ok","msg_id":1,"in_reply_to":1,"id":0}}
{"src":"n0","dest":"c8","body":{"type":"generate_ok","msg_id":2,"in_reply_to":2,"id":0}}
{"src":"n0","dest":"c8","body":{"type":"generate_ok","msg_id":3,"in_reply_to":3,"id":0}}
{"src":"n0","dest":"c8","body":{"type":"generate_ok","msg_id":4,"in_reply_to":4,"id":0}}
{"src":"n0","dest":"c8","body":{"type":"generate_ok","msg_id":5,"in_reply_to":5,"id":0}}
{"src":"n0","dest":"c8","body":{"type":"generate_ok","msg_id":6,"in_reply_to":6,"id":0}}
{"src":"n0","dest":"c8","body":{"type":"generate_ok","msg_id":7,"in_reply_to":7,"id":0}}
{"src":"n0","dest":"c8","body":{"type":"generate_ok","msg_id":8,"in_reply_to":8,"id":0}}
{"src":"n0","dest":"c8","body":{"type":"generate_ok","msg_id":9,"in_reply_to":9,"id":0}}
{"src":"n0","dest":"c8","body":{"type":"generate_ok","msg_id":10,"in_reply_to":10,"id":0}}
{"src":"n0","dest":"c8","body":{"type":"generate_ok","msg_id":11,"in_reply_to":11,"id":0}}
{"src":"n0","dest":"c8","body":{"type":"generate_ok","msg_id":12,"in_reply_to":12,"id":0}}
{"src":"n0","dest":"c8","body":{"type":"generate_ok","msg_id":13,"in_reply_to":13,"id":0}}
{"src":"n0","dest":"c8","body":{"type":"generate_ok","msg_id":14,"in_reply_to":14,"id":0}}
{"src":"n0","dest":"c8","body":{"type":"generate_ok","msg_id":15,"in_reply_to":15,"id":0}}
{"src":"n0","dest":"c8","body":{"type":"generate_ok","msg_id":16,"in_reply_to":16,"id":0}}
{"src":"n0","dest":"c8","body":{"type":"generate_ok","msg_id":17,"in_reply_to":17,"id":0}}
{"src":"n0","dest":"c8","body":{"type":"generate_ok","msg_id":18,"in_reply_to":18,"id":0}}
{"src":"n0","dest":"c8","body":{"type":"generate_ok","msg_id":19,"in_reply_to":19,"id":0}}
{"src":"n0","dest":"c8","body":{"type":"generate_ok","msg_id":20,"in_reply_to":20,"id":0}}
{"src":"n0","dest":"c8","body":{"type":"generate_ok","msg_id":21,"in_reply_to":21,"id":0}}
{"src":"n0","dest":"c8","body":{"type":"generate_ok","msg_id":22,"in_reply_to":22,"id":0}}
{"src":"n0","dest":"c8","body":{"type":"generate_ok","msg_id":23,"in_reply_to":23,"id":0}}
{"src":"n0","dest":"c8","body":{"type":"generate_ok","msg_id":24,"in_reply_to":24,"id":0}}
{"src":"n0","dest":"c8","body":{"type":"generate_ok","msg_id":25,"in_reply_to":25,"id":0}}
{"src":"n0","dest":"c8","body":{"type":"generate_ok","msg_id":26,"in_reply_to":26,"id":0}}
{"src":"n0","dest":"c8","body":{"type":"generate_ok","msg_id":27,"in_reply_to":27,"id":0}}
{"src":"n0","dest":"c8","body":{"type":"generate_ok","msg_id":28,"in_reply_to":28,"id":0}}
{"src":"n0","dest":"c8","body":{"type":"generate_ok","msg_id":29,"in_reply_to":29,"id":0}}
{"src":"n0","dest":"c8","body":{"type":"generate_ok","msg_id":30,"in_reply_to":30,"id":0}}
{"src":"n0","dest":"c8","body":{"type":"generate_ok","msg_id":31,"in_reply_to":31,"id":0}}
{"src":"n0","dest":"c8","body":{"type":"generate_ok","msg_id":32,"in_reply_to":32,"id":0}}

And to STDERR:

thread 'main' panicked at 'attempt to shift left with overflow', src/main.rs:52:26
note: run with `RUST_BACKTRACE=1` environment variable to display a backtrace

Full STDERR logs are available in /home/eman/gossip-glomers/maelstrom/store/unique-ids/20230510T222032.267-0400/node-logs/n0.log
	at slingshot.support$stack_trace.invoke(support.clj:201)
	at maelstrom.process$stop_node_BANG_.invokeStatic(process.clj:239)
	at maelstrom.process$stop_node_BANG_.invoke(process.clj:217)
	at maelstrom.db$db$reify__16142.teardown_BANG_(db.clj:75)
	at jepsen.db$fn__8744$G__8725__8748.invoke(db.clj:12)
	at jepsen.db$fn__8744$G__8724__8753.invoke(db.clj:12)
	at clojure.core$partial$fn__5908.invoke(core.clj:2642)
	at jepsen.control$on_nodes$fn__8599.invoke(control.clj:314)
	at clojure.lang.AFn.applyToHelper(AFn.java:154)
	at clojure.lang.AFn.applyTo(AFn.java:144)
	at clojure.core$apply.invokeStatic(core.clj:667)
	at clojure.core$with_bindings_STAR_.invokeStatic(core.clj:1990)
	at clojure.core$with_bindings_STAR_.doInvoke(core.clj:1990)
	at clojure.lang.RestFn.applyTo(RestFn.java:142)
	at clojure.core$apply.invokeStatic(core.clj:671)
	at clojure.core$bound_fn_STAR_$fn__5818.doInvoke(core.clj:2020)
	at clojure.lang.RestFn.invoke(RestFn.java:408)
	at dom_top.core$real_pmap_helper$build_thread__211$fn__212.invoke(core.clj:163)
	at clojure.lang.AFn.applyToHelper(AFn.java:152)
	at clojure.lang.AFn.applyTo(AFn.java:144)
	at clojure.core$apply.invokeStatic(core.clj:667)
	at clojure.core$with_bindings_STAR_.invokeStatic(core.clj:1990)
	at clojure.core$with_bindings_STAR_.doInvoke(core.clj:1990)
	at clojure.lang.RestFn.invoke(RestFn.java:425)
	at clojure.lang.AFn.applyToHelper(AFn.java:156)
	at clojure.lang.RestFn.applyTo(RestFn.java:132)
	at clojure.core$apply.invokeStatic(core.clj:671)
	at clojure.core$bound_fn_STAR_$fn__5818.doInvoke(core.clj:2020)
	at clojure.lang.RestFn.invoke(RestFn.java:397)
	at clojure.lang.AFn.run(AFn.java:22)
	at java.base/java.lang.Thread.run(Thread.java:833)
