2023-05-10 01:31:45,732{GMT}	INFO	[jepsen test runner] jepsen.core: Command line:
lein run test -w echo --bin /home/eman/go/bin/maelstrom-echo --node-count 1 --time-limit 10
2023-05-10 01:31:45,780{GMT}	INFO	[jepsen test runner] jepsen.core: Running test:
{:args []
 :remote
 #jepsen.control.retry.Remote{:remote #jepsen.control.scp.Remote{:cmd-remote #jepsen.control.sshj.SSHJRemote{:concurrency-limit 6,
                                                                                                             :conn-spec nil,
                                                                                                             :client nil,
                                                                                                             :semaphore nil},
                                                                 :conn-spec nil},
                              :conn nil}
 :log-net-send false
 :node-count 1
 :availability nil
 :max-txn-length 4
 :concurrency 1
 :db
 #object[maelstrom.db$db$reify__16142
         "0x11736ebc"
         "maelstrom.db$db$reify__16142@11736ebc"]
 :max-writes-per-key 16
 :leave-db-running? false
 :name "echo"
 :logging-json? false
 :start-time
 #object[org.joda.time.DateTime "0x50a1c2f3" "2023-05-10T01:31:45.719-04:00"]
 :nemesis-interval 10
 :net
 #object[maelstrom.net$jepsen_net$reify__15251
         "0x453ca7f"
         "maelstrom.net$jepsen_net$reify__15251@453ca7f"]
 :client
 #object[maelstrom.workload.echo$client$reify__16863
         "0x5d41b929"
         "maelstrom.workload.echo$client$reify__16863@5d41b929"]
 :barrier
 #object[java.util.concurrent.CyclicBarrier
         "0x6dd0e2f4"
         "java.util.concurrent.CyclicBarrier@6dd0e2f4"]
 :log-stderr false
 :pure-generators true
 :ssh {:dummy? true}
 :rate 5
 :checker
 #object[jepsen.checker$compose$reify__11881
         "0x333813e7"
         "jepsen.checker$compose$reify__11881@333813e7"]
 :argv
 ("test"
  "-w"
  "echo"
  "--bin"
  "/home/eman/go/bin/maelstrom-echo"
  "--node-count"
  "1"
  "--time-limit"
  "10")
 :nemesis
 (jepsen.nemesis.ReflCompose
  {:fm {:start-partition 0,
        :stop-partition 0,
        :kill 1,
        :start 1,
        :pause 1,
        :resume 1},
   :nemeses [#unprintable "jepsen.nemesis.combined$partition_nemesis$reify__16416@292237cd"
             #unprintable "jepsen.nemesis.combined$db_nemesis$reify__16397@797a5b31"]})
 :nodes ["n0"]
 :test-count 1
 :latency {:mean 0, :dist :constant}
 :bin "/home/eman/go/bin/maelstrom-echo"
 :generator
 (jepsen.generator.TimeLimit
  {:limit 10000000000,
   :cutoff nil,
   :gen (jepsen.generator.Any
         {:gens [(jepsen.generator.OnThreads
                  {:f #{:nemesis},
                   :context-filter #object[jepsen.generator.context$make_thread_filter$lazy_filter__9167
                                           "0xd7645b2"
                                           "jepsen.generator.context$make_thread_filter$lazy_filter__9167@d7645b2"],
                   :gen nil})
                 (jepsen.generator.OnThreads
                  {:f #jepsen.generator.context.AllBut{:element :nemesis},
                   :context-filter #object[jepsen.generator.context$make_thread_filter$lazy_filter__9167
                                           "0x72e4905c"
                                           "jepsen.generator.context$make_thread_filter$lazy_filter__9167@72e4905c"],
                   :gen (jepsen.generator.Stagger
                         {:dt 400000000,
                          :next-time nil,
                          :gen (jepsen.generator.EachThread
                                {:fresh-gen #object[maelstrom.workload.echo$workload$fn__16882
                                                    "0x279b83ea"
                                                    "maelstrom.workload.echo$workload$fn__16882@279b83ea"],
                                 :context-filters #object[clojure.core$promise$reify__8591
                                                          "0x7f9083b4"
                                                          {:status :pending,
                                                           :val nil}],
                                 :gens {}})})})]})})
 :log-net-recv false
 :os
 #object[maelstrom.net$jepsen_os$reify__15254
         "0x40f40221"
         "maelstrom.net$jepsen_os$reify__15254@40f40221"]
 :time-limit 10
 :workload :echo
 :consistency-models [:strict-serializable]
 :topology :grid}

2023-05-10 01:31:47,208{GMT}	INFO	[jepsen node n0] maelstrom.net: Starting Maelstrom network
2023-05-10 01:31:47,209{GMT}	INFO	[jepsen test runner] jepsen.db: Tearing down DB
2023-05-10 01:31:47,210{GMT}	INFO	[jepsen test runner] jepsen.db: Setting up DB
2023-05-10 01:31:47,212{GMT}	INFO	[jepsen node n0] maelstrom.service: Starting services: (lin-kv lin-tso lww-kv seq-kv)
2023-05-10 01:31:47,214{GMT}	INFO	[jepsen node n0] maelstrom.db: Setting up n0
2023-05-10 01:31:47,214{GMT}	INFO	[jepsen node n0] maelstrom.process: launching /home/eman/go/bin/maelstrom-echo []
2023-05-10 01:31:47,230{GMT}	INFO	[jepsen test runner] jepsen.core: Relative time begins now
2023-05-10 01:31:47,242{GMT}	INFO	[jepsen worker 0] jepsen.util: 0	:invoke	:echo	"Please echo 78"
2023-05-10 01:31:47,247{GMT}	INFO	[jepsen worker 0] jepsen.util: 0	:ok	:echo	{:echo "Please echo 78", :in_reply_to 1, :msg_id 1, :type "echo_ok"}
2023-05-10 01:31:47,267{GMT}	INFO	[jepsen worker 0] jepsen.util: 0	:invoke	:echo	"Please echo 63"
2023-05-10 01:31:47,269{GMT}	INFO	[jepsen worker 0] jepsen.util: 0	:ok	:echo	{:echo "Please echo 63", :in_reply_to 2, :msg_id 2, :type "echo_ok"}
2023-05-10 01:31:47,407{GMT}	INFO	[jepsen worker 0] jepsen.util: 0	:invoke	:echo	"Please echo 10"
2023-05-10 01:31:47,409{GMT}	INFO	[jepsen worker 0] jepsen.util: 0	:ok	:echo	{:echo "Please echo 10", :in_reply_to 3, :msg_id 3, :type "echo_ok"}
2023-05-10 01:31:47,469{GMT}	INFO	[jepsen worker 0] jepsen.util: 0	:invoke	:echo	"Please echo 103"
2023-05-10 01:31:47,471{GMT}	INFO	[jepsen worker 0] jepsen.util: 0	:ok	:echo	{:echo "Please echo 103", :in_reply_to 4, :msg_id 4, :type "echo_ok"}
2023-05-10 01:31:47,475{GMT}	INFO	[jepsen worker 0] jepsen.util: 0	:invoke	:echo	"Please echo 54"
2023-05-10 01:31:47,477{GMT}	INFO	[jepsen worker 0] jepsen.util: 0	:ok	:echo	{:echo "Please echo 54", :in_reply_to 5, :msg_id 5, :type "echo_ok"}
2023-05-10 01:31:47,708{GMT}	INFO	[jepsen worker 0] jepsen.util: 0	:invoke	:echo	"Please echo 54"
2023-05-10 01:31:47,710{GMT}	INFO	[jepsen worker 0] jepsen.util: 0	:ok	:echo	{:echo "Please echo 54", :in_reply_to 6, :msg_id 6, :type "echo_ok"}
2023-05-10 01:31:47,994{GMT}	INFO	[jepsen worker 0] jepsen.util: 0	:invoke	:echo	"Please echo 8"
2023-05-10 01:31:47,996{GMT}	INFO	[jepsen worker 0] jepsen.util: 0	:ok	:echo	{:echo "Please echo 8", :in_reply_to 7, :msg_id 7, :type "echo_ok"}
2023-05-10 01:31:48,319{GMT}	INFO	[jepsen worker 0] jepsen.util: 0	:invoke	:echo	"Please echo 58"
2023-05-10 01:31:48,321{GMT}	INFO	[jepsen worker 0] jepsen.util: 0	:ok	:echo	{:echo "Please echo 58", :in_reply_to 8, :msg_id 8, :type "echo_ok"}
2023-05-10 01:31:48,368{GMT}	INFO	[jepsen worker 0] jepsen.util: 0	:invoke	:echo	"Please echo 91"
2023-05-10 01:31:48,369{GMT}	INFO	[jepsen worker 0] jepsen.util: 0	:ok	:echo	{:echo "Please echo 91", :in_reply_to 9, :msg_id 9, :type "echo_ok"}
2023-05-10 01:31:48,698{GMT}	INFO	[jepsen worker 0] jepsen.util: 0	:invoke	:echo	"Please echo 81"
2023-05-10 01:31:48,699{GMT}	INFO	[jepsen worker 0] jepsen.util: 0	:ok	:echo	{:echo "Please echo 81", :in_reply_to 10, :msg_id 10, :type "echo_ok"}
2023-05-10 01:31:48,954{GMT}	INFO	[jepsen worker 0] jepsen.util: 0	:invoke	:echo	"Please echo 1"
2023-05-10 01:31:48,956{GMT}	INFO	[jepsen worker 0] jepsen.util: 0	:ok	:echo	{:echo "Please echo 1", :in_reply_to 11, :msg_id 11, :type "echo_ok"}
2023-05-10 01:31:49,206{GMT}	INFO	[jepsen worker 0] jepsen.util: 0	:invoke	:echo	"Please echo 63"
2023-05-10 01:31:49,207{GMT}	INFO	[jepsen worker 0] jepsen.util: 0	:ok	:echo	{:echo "Please echo 63", :in_reply_to 12, :msg_id 12, :type "echo_ok"}
2023-05-10 01:31:49,229{GMT}	INFO	[jepsen worker 0] jepsen.util: 0	:invoke	:echo	"Please echo 51"
2023-05-10 01:31:49,230{GMT}	INFO	[jepsen worker 0] jepsen.util: 0	:ok	:echo	{:echo "Please echo 51", :in_reply_to 13, :msg_id 13, :type "echo_ok"}
2023-05-10 01:31:49,256{GMT}	INFO	[jepsen worker 0] jepsen.util: 0	:invoke	:echo	"Please echo 82"
2023-05-10 01:31:49,258{GMT}	INFO	[jepsen worker 0] jepsen.util: 0	:ok	:echo	{:echo "Please echo 82", :in_reply_to 14, :msg_id 14, :type "echo_ok"}
2023-05-10 01:31:49,294{GMT}	INFO	[jepsen worker 0] jepsen.util: 0	:invoke	:echo	"Please echo 59"
2023-05-10 01:31:49,295{GMT}	INFO	[jepsen worker 0] jepsen.util: 0	:ok	:echo	{:echo "Please echo 59", :in_reply_to 15, :msg_id 15, :type "echo_ok"}
2023-05-10 01:31:49,457{GMT}	INFO	[jepsen worker 0] jepsen.util: 0	:invoke	:echo	"Please echo 53"
2023-05-10 01:31:49,458{GMT}	INFO	[jepsen worker 0] jepsen.util: 0	:ok	:echo	{:echo "Please echo 53", :in_reply_to 16, :msg_id 16, :type "echo_ok"}
2023-05-10 01:31:49,686{GMT}	INFO	[jepsen worker 0] jepsen.util: 0	:invoke	:echo	"Please echo 92"
2023-05-10 01:31:49,687{GMT}	INFO	[jepsen worker 0] jepsen.util: 0	:ok	:echo	{:echo "Please echo 92", :in_reply_to 17, :msg_id 17, :type "echo_ok"}
2023-05-10 01:31:49,987{GMT}	INFO	[jepsen worker 0] jepsen.util: 0	:invoke	:echo	"Please echo 93"
2023-05-10 01:31:49,988{GMT}	INFO	[jepsen worker 0] jepsen.util: 0	:ok	:echo	{:echo "Please echo 93", :in_reply_to 18, :msg_id 18, :type "echo_ok"}
2023-05-10 01:31:50,143{GMT}	INFO	[jepsen worker 0] jepsen.util: 0	:invoke	:echo	"Please echo 16"
2023-05-10 01:31:50,144{GMT}	INFO	[jepsen worker 0] jepsen.util: 0	:ok	:echo	{:echo "Please echo 16", :in_reply_to 19, :msg_id 19, :type "echo_ok"}
2023-05-10 01:31:50,171{GMT}	INFO	[jepsen worker 0] jepsen.util: 0	:invoke	:echo	"Please echo 121"
2023-05-10 01:31:50,172{GMT}	INFO	[jepsen worker 0] jepsen.util: 0	:ok	:echo	{:echo "Please echo 121", :in_reply_to 20, :msg_id 20, :type "echo_ok"}
2023-05-10 01:31:50,437{GMT}	INFO	[jepsen worker 0] jepsen.util: 0	:invoke	:echo	"Please echo 12"
2023-05-10 01:31:50,439{GMT}	INFO	[jepsen worker 0] jepsen.util: 0	:ok	:echo	{:echo "Please echo 12", :in_reply_to 21, :msg_id 21, :type "echo_ok"}
2023-05-10 01:31:50,665{GMT}	INFO	[jepsen worker 0] jepsen.util: 0	:invoke	:echo	"Please echo 42"
2023-05-10 01:31:50,667{GMT}	INFO	[jepsen worker 0] jepsen.util: 0	:ok	:echo	{:echo "Please echo 42", :in_reply_to 22, :msg_id 22, :type "echo_ok"}
2023-05-10 01:31:50,859{GMT}	INFO	[jepsen worker 0] jepsen.util: 0	:invoke	:echo	"Please echo 94"
2023-05-10 01:31:50,861{GMT}	INFO	[jepsen worker 0] jepsen.util: 0	:ok	:echo	{:echo "Please echo 94", :in_reply_to 23, :msg_id 23, :type "echo_ok"}
2023-05-10 01:31:50,982{GMT}	INFO	[jepsen worker 0] jepsen.util: 0	:invoke	:echo	"Please echo 19"
2023-05-10 01:31:50,983{GMT}	INFO	[jepsen worker 0] jepsen.util: 0	:ok	:echo	{:echo "Please echo 19", :in_reply_to 24, :msg_id 24, :type "echo_ok"}
2023-05-10 01:31:51,064{GMT}	INFO	[jepsen worker 0] jepsen.util: 0	:invoke	:echo	"Please echo 34"
2023-05-10 01:31:51,066{GMT}	INFO	[jepsen worker 0] jepsen.util: 0	:ok	:echo	{:echo "Please echo 34", :in_reply_to 25, :msg_id 25, :type "echo_ok"}
2023-05-10 01:31:51,214{GMT}	INFO	[jepsen worker 0] jepsen.util: 0	:invoke	:echo	"Please echo 52"
2023-05-10 01:31:51,216{GMT}	INFO	[jepsen worker 0] jepsen.util: 0	:ok	:echo	{:echo "Please echo 52", :in_reply_to 26, :msg_id 26, :type "echo_ok"}
2023-05-10 01:31:51,521{GMT}	INFO	[jepsen worker 0] jepsen.util: 0	:invoke	:echo	"Please echo 73"
2023-05-10 01:31:51,522{GMT}	INFO	[jepsen worker 0] jepsen.util: 0	:ok	:echo	{:echo "Please echo 73", :in_reply_to 27, :msg_id 27, :type "echo_ok"}
2023-05-10 01:31:51,744{GMT}	INFO	[jepsen worker 0] jepsen.util: 0	:invoke	:echo	"Please echo 103"
2023-05-10 01:31:51,746{GMT}	INFO	[jepsen worker 0] jepsen.util: 0	:ok	:echo	{:echo "Please echo 103", :in_reply_to 28, :msg_id 28, :type "echo_ok"}
2023-05-10 01:31:51,928{GMT}	INFO	[jepsen worker 0] jepsen.util: 0	:invoke	:echo	"Please echo 62"
2023-05-10 01:31:51,929{GMT}	INFO	[jepsen worker 0] jepsen.util: 0	:ok	:echo	{:echo "Please echo 62", :in_reply_to 29, :msg_id 29, :type "echo_ok"}
2023-05-10 01:31:52,015{GMT}	INFO	[jepsen worker 0] jepsen.util: 0	:invoke	:echo	"Please echo 124"
2023-05-10 01:31:52,017{GMT}	INFO	[jepsen worker 0] jepsen.util: 0	:ok	:echo	{:echo "Please echo 124", :in_reply_to 30, :msg_id 30, :type "echo_ok"}
2023-05-10 01:31:52,222{GMT}	INFO	[jepsen worker 0] jepsen.util: 0	:invoke	:echo	"Please echo 51"
2023-05-10 01:31:52,224{GMT}	INFO	[jepsen worker 0] jepsen.util: 0	:ok	:echo	{:echo "Please echo 51", :in_reply_to 31, :msg_id 31, :type "echo_ok"}
2023-05-10 01:31:52,318{GMT}	INFO	[jepsen worker 0] jepsen.util: 0	:invoke	:echo	"Please echo 110"
2023-05-10 01:31:52,320{GMT}	INFO	[jepsen worker 0] jepsen.util: 0	:ok	:echo	{:echo "Please echo 110", :in_reply_to 32, :msg_id 32, :type "echo_ok"}
2023-05-10 01:31:52,448{GMT}	INFO	[jepsen worker 0] jepsen.util: 0	:invoke	:echo	"Please echo 4"
2023-05-10 01:31:52,450{GMT}	INFO	[jepsen worker 0] jepsen.util: 0	:ok	:echo	{:echo "Please echo 4", :in_reply_to 33, :msg_id 33, :type "echo_ok"}
2023-05-10 01:31:52,474{GMT}	INFO	[jepsen worker 0] jepsen.util: 0	:invoke	:echo	"Please echo 65"
2023-05-10 01:31:52,476{GMT}	INFO	[jepsen worker 0] jepsen.util: 0	:ok	:echo	{:echo "Please echo 65", :in_reply_to 34, :msg_id 34, :type "echo_ok"}
2023-05-10 01:31:52,635{GMT}	INFO	[jepsen worker 0] jepsen.util: 0	:invoke	:echo	"Please echo 63"
2023-05-10 01:31:52,637{GMT}	INFO	[jepsen worker 0] jepsen.util: 0	:ok	:echo	{:echo "Please echo 63", :in_reply_to 35, :msg_id 35, :type "echo_ok"}
2023-05-10 01:31:52,805{GMT}	INFO	[jepsen worker 0] jepsen.util: 0	:invoke	:echo	"Please echo 18"
2023-05-10 01:31:52,806{GMT}	INFO	[jepsen worker 0] jepsen.util: 0	:ok	:echo	{:echo "Please echo 18", :in_reply_to 36, :msg_id 36, :type "echo_ok"}
2023-05-10 01:31:52,890{GMT}	INFO	[jepsen worker 0] jepsen.util: 0	:invoke	:echo	"Please echo 76"
2023-05-10 01:31:52,892{GMT}	INFO	[jepsen worker 0] jepsen.util: 0	:ok	:echo	{:echo "Please echo 76", :in_reply_to 37, :msg_id 37, :type "echo_ok"}
2023-05-10 01:31:52,899{GMT}	INFO	[jepsen worker 0] jepsen.util: 0	:invoke	:echo	"Please echo 109"
2023-05-10 01:31:52,901{GMT}	INFO	[jepsen worker 0] jepsen.util: 0	:ok	:echo	{:echo "Please echo 109", :in_reply_to 38, :msg_id 38, :type "echo_ok"}
2023-05-10 01:31:53,133{GMT}	INFO	[jepsen worker 0] jepsen.util: 0	:invoke	:echo	"Please echo 126"
2023-05-10 01:31:53,135{GMT}	INFO	[jepsen worker 0] jepsen.util: 0	:ok	:echo	{:echo "Please echo 126", :in_reply_to 39, :msg_id 39, :type "echo_ok"}
2023-05-10 01:31:53,281{GMT}	INFO	[jepsen worker 0] jepsen.util: 0	:invoke	:echo	"Please echo 93"
2023-05-10 01:31:53,283{GMT}	INFO	[jepsen worker 0] jepsen.util: 0	:ok	:echo	{:echo "Please echo 93", :in_reply_to 40, :msg_id 40, :type "echo_ok"}
2023-05-10 01:31:53,635{GMT}	INFO	[jepsen worker 0] jepsen.util: 0	:invoke	:echo	"Please echo 15"
2023-05-10 01:31:53,636{GMT}	INFO	[jepsen worker 0] jepsen.util: 0	:ok	:echo	{:echo "Please echo 15", :in_reply_to 41, :msg_id 41, :type "echo_ok"}
2023-05-10 01:31:53,685{GMT}	INFO	[jepsen worker 0] jepsen.util: 0	:invoke	:echo	"Please echo 88"
2023-05-10 01:31:53,686{GMT}	INFO	[jepsen worker 0] jepsen.util: 0	:ok	:echo	{:echo "Please echo 88", :in_reply_to 42, :msg_id 42, :type "echo_ok"}
2023-05-10 01:31:53,832{GMT}	INFO	[jepsen worker 0] jepsen.util: 0	:invoke	:echo	"Please echo 95"
2023-05-10 01:31:53,834{GMT}	INFO	[jepsen worker 0] jepsen.util: 0	:ok	:echo	{:echo "Please echo 95", :in_reply_to 43, :msg_id 43, :type "echo_ok"}
2023-05-10 01:31:54,082{GMT}	INFO	[jepsen worker 0] jepsen.util: 0	:invoke	:echo	"Please echo 80"
2023-05-10 01:31:54,084{GMT}	INFO	[jepsen worker 0] jepsen.util: 0	:ok	:echo	{:echo "Please echo 80", :in_reply_to 44, :msg_id 44, :type "echo_ok"}
2023-05-10 01:31:54,360{GMT}	INFO	[jepsen worker 0] jepsen.util: 0	:invoke	:echo	"Please echo 15"
2023-05-10 01:31:54,361{GMT}	INFO	[jepsen worker 0] jepsen.util: 0	:ok	:echo	{:echo "Please echo 15", :in_reply_to 45, :msg_id 45, :type "echo_ok"}
2023-05-10 01:31:54,743{GMT}	INFO	[jepsen worker 0] jepsen.util: 0	:invoke	:echo	"Please echo 117"
2023-05-10 01:31:54,745{GMT}	INFO	[jepsen worker 0] jepsen.util: 0	:ok	:echo	{:echo "Please echo 117", :in_reply_to 46, :msg_id 46, :type "echo_ok"}
2023-05-10 01:31:54,946{GMT}	INFO	[jepsen worker 0] jepsen.util: 0	:invoke	:echo	"Please echo 58"
2023-05-10 01:31:54,948{GMT}	INFO	[jepsen worker 0] jepsen.util: 0	:ok	:echo	{:echo "Please echo 58", :in_reply_to 47, :msg_id 47, :type "echo_ok"}
2023-05-10 01:31:55,184{GMT}	INFO	[jepsen worker 0] jepsen.util: 0	:invoke	:echo	"Please echo 84"
2023-05-10 01:31:55,186{GMT}	INFO	[jepsen worker 0] jepsen.util: 0	:ok	:echo	{:echo "Please echo 84", :in_reply_to 48, :msg_id 48, :type "echo_ok"}
2023-05-10 01:31:55,580{GMT}	INFO	[jepsen worker 0] jepsen.util: 0	:invoke	:echo	"Please echo 101"
2023-05-10 01:31:55,582{GMT}	INFO	[jepsen worker 0] jepsen.util: 0	:ok	:echo	{:echo "Please echo 101", :in_reply_to 49, :msg_id 49, :type "echo_ok"}
2023-05-10 01:31:55,881{GMT}	INFO	[jepsen worker 0] jepsen.util: 0	:invoke	:echo	"Please echo 42"
2023-05-10 01:31:55,883{GMT}	INFO	[jepsen worker 0] jepsen.util: 0	:ok	:echo	{:echo "Please echo 42", :in_reply_to 50, :msg_id 50, :type "echo_ok"}
2023-05-10 01:31:56,064{GMT}	INFO	[jepsen worker 0] jepsen.util: 0	:invoke	:echo	"Please echo 96"
2023-05-10 01:31:56,065{GMT}	INFO	[jepsen worker 0] jepsen.util: 0	:ok	:echo	{:echo "Please echo 96", :in_reply_to 51, :msg_id 51, :type "echo_ok"}
2023-05-10 01:31:56,392{GMT}	INFO	[jepsen worker 0] jepsen.util: 0	:invoke	:echo	"Please echo 96"
2023-05-10 01:31:56,393{GMT}	INFO	[jepsen worker 0] jepsen.util: 0	:ok	:echo	{:echo "Please echo 96", :in_reply_to 52, :msg_id 52, :type "echo_ok"}
2023-05-10 01:31:56,672{GMT}	INFO	[jepsen worker 0] jepsen.util: 0	:invoke	:echo	"Please echo 16"
2023-05-10 01:31:56,674{GMT}	INFO	[jepsen worker 0] jepsen.util: 0	:ok	:echo	{:echo "Please echo 16", :in_reply_to 53, :msg_id 53, :type "echo_ok"}
2023-05-10 01:31:56,937{GMT}	INFO	[jepsen worker 0] jepsen.util: 0	:invoke	:echo	"Please echo 76"
2023-05-10 01:31:56,939{GMT}	INFO	[jepsen worker 0] jepsen.util: 0	:ok	:echo	{:echo "Please echo 76", :in_reply_to 54, :msg_id 54, :type "echo_ok"}
2023-05-10 01:31:57,065{GMT}	INFO	[jepsen worker 0] jepsen.util: 0	:invoke	:echo	"Please echo 54"
2023-05-10 01:31:57,067{GMT}	INFO	[jepsen worker 0] jepsen.util: 0	:ok	:echo	{:echo "Please echo 54", :in_reply_to 55, :msg_id 55, :type "echo_ok"}
2023-05-10 01:31:57,188{GMT}	INFO	[jepsen worker 0] jepsen.util: 0	:invoke	:echo	"Please echo 118"
2023-05-10 01:31:57,189{GMT}	INFO	[jepsen worker 0] jepsen.util: 0	:ok	:echo	{:echo "Please echo 118", :in_reply_to 56, :msg_id 56, :type "echo_ok"}
2023-05-10 01:31:57,201{GMT}	INFO	[jepsen test runner] jepsen.core: Run complete, writing
2023-05-10 01:31:57,234{GMT}	INFO	[jepsen node n0] maelstrom.db: Tearing down n0
2023-05-10 01:31:58,217{GMT}	INFO	[jepsen node n0] maelstrom.net: Shutting down Maelstrom network
2023-05-10 01:31:58,217{GMT}	INFO	[jepsen test runner] jepsen.core: Analyzing...
2023-05-10 01:31:58,348{GMT}	INFO	[jepsen test runner] jepsen.core: Analysis complete
2023-05-10 01:31:58,355{GMT}	INFO	[jepsen results] jepsen.store: Wrote /home/eman/gossip-glomers/maelstrom-echo/maelstrom/store/echo/20230510T013145.719-0400/results.edn
2023-05-10 01:31:58,365{GMT}	INFO	[jepsen test runner] jepsen.core: {:perf {:latency-graph {:valid? true},
        :rate-graph {:valid? true},
        :valid? true},
 :timeline {:valid? true},
 :exceptions {:valid? true},
 :stats {:valid? true,
         :count 56,
         :ok-count 56,
         :fail-count 0,
         :info-count 0,
         :by-f {:echo {:valid? true,
                       :count 56,
                       :ok-count 56,
                       :fail-count 0,
                       :info-count 0}}},
 :availability {:valid? true, :ok-fraction 1.0},
 :net {:all {:send-count 114,
             :recv-count 114,
             :msg-count 114,
             :msgs-per-op 2.0357144},
       :clients {:send-count 114, :recv-count 114, :msg-count 114},
       :servers {:send-count 0,
                 :recv-count 0,
                 :msg-count 0,
                 :msgs-per-op 0.0},
       :valid? true},
 :workload {:valid? true, :errors ()},
 :valid? true}


Everything looks good! ヽ(‘ー`)ノ
