2023-05-11 01:40:21,061{GMT}	INFO	[jepsen test runner] jepsen.core: Command line:
lein run test -w broadcast --bin ../maelstrom-echo/target/release/maelstrom-echo --node-count 5 --time-limit 20 --rate 10
2023-05-11 01:40:21,120{GMT}	INFO	[jepsen test runner] jepsen.core: Running test:
{:args []
 :remote
 #jepsen.control.retry.Remote{:remote #jepsen.control.scp.Remote{:cmd-remote #jepsen.control.sshj.SSHJRemote{:concurrency-limit 6,
                                                                                                             :conn-spec nil,
                                                                                                             :client nil,
                                                                                                             :semaphore nil},
                                                                 :conn-spec nil},
                              :conn nil}
 :log-net-send false
 :node-count 5
 :availability nil
 :max-txn-length 4
 :concurrency 5
 :db
 #object[maelstrom.db$db$reify__16142
         "0x50a1c2f3"
         "maelstrom.db$db$reify__16142@50a1c2f3"]
 :max-writes-per-key 16
 :leave-db-running? false
 :name "broadcast"
 :logging-json? false
 :start-time
 #object[org.joda.time.DateTime "0x333813e7" "2023-05-11T01:40:21.047-04:00"]
 :nemesis-interval 10
 :net
 #object[maelstrom.net$jepsen_net$reify__15251
         "0x292237cd"
         "maelstrom.net$jepsen_net$reify__15251@292237cd"]
 :client
 #object[maelstrom.workload.broadcast$client$reify__16644
         "0x797a5b31"
         "maelstrom.workload.broadcast$client$reify__16644@797a5b31"]
 :barrier
 #object[java.util.concurrent.CyclicBarrier
         "0x13d7d1a8"
         "java.util.concurrent.CyclicBarrier@13d7d1a8"]
 :log-stderr false
 :pure-generators true
 :ssh {:dummy? true}
 :rate 10.0
 :checker
 #object[jepsen.checker$compose$reify__11881
         "0x60035f1e"
         "jepsen.checker$compose$reify__11881@60035f1e"]
 :argv
 ("test"
  "-w"
  "broadcast"
  "--bin"
  "../maelstrom-echo/target/release/maelstrom-echo"
  "--node-count"
  "5"
  "--time-limit"
  "20"
  "--rate"
  "10")
 :nemesis
 (jepsen.nemesis.ReflCompose
  {:fm {:start-partition 0,
        :stop-partition 0,
        :kill 1,
        :start 1,
        :pause 1,
        :resume 1},
   :nemeses [#unprintable "jepsen.nemesis.combined$partition_nemesis$reify__16416@5827908c"
             #unprintable "jepsen.nemesis.combined$db_nemesis$reify__16397@732ffb6a"]})
 :nodes ["n0" "n1" "n2" "n3" "n4"]
 :test-count 1
 :latency {:mean 0, :dist :constant}
 :bin "../maelstrom-echo/target/release/maelstrom-echo"
 :generator
 ((jepsen.generator.Synchronize
   {:gen (jepsen.generator.TimeLimit
          {:limit 20000000000,
           :cutoff nil,
           :gen (jepsen.generator.Any
                 {:gens [(jepsen.generator.OnThreads
                          {:f #{:nemesis},
                           :context-filter #object[jepsen.generator.context$make_thread_filter$lazy_filter__9167
                                                   "0x40f40221"
                                                   "jepsen.generator.context$make_thread_filter$lazy_filter__9167@40f40221"],
                           :gen nil})
                         (jepsen.generator.OnThreads
                          {:f #jepsen.generator.context.AllBut{:element :nemesis},
                           :context-filter #object[jepsen.generator.context$make_thread_filter$lazy_filter__9167
                                                   "0x16441c13"
                                                   "jepsen.generator.context$make_thread_filter$lazy_filter__9167@16441c13"],
                           :gen (jepsen.generator.Stagger
                                 {:dt 200000000,
                                  :next-time nil,
                                  :gen (jepsen.generator.Mix
                                        {:i 0,
                                         :gens [({:f :broadcast, :value 0}
                                                 {:f :broadcast, :value 1}
                                                 {:f :broadcast, :value 2}
                                                 {:f :broadcast, :value 3}
                                                 {:f :broadcast, :value 4}
                                                 {:f :broadcast, :value 5}
                                                 {:f :broadcast, :value 6}
                                                 {:f :broadcast, :value 7}
                                                 ...)
                                                ({:f :read}
                                                 {:f :read}
                                                 {:f :read}
                                                 {:f :read}
                                                 {:f :read}
                                                 {:f :read}
                                                 {:f :read}
                                                 {:f :read}
                                                 ...)]})})})]})})})
  (jepsen.generator.Synchronize
   {:gen (jepsen.generator.OnThreads
          {:f #{:nemesis},
           :context-filter #object[jepsen.generator.context$make_thread_filter$lazy_filter__9167
                                   "0x164dfad2"
                                   "jepsen.generator.context$make_thread_filter$lazy_filter__9167@164dfad2"],
           :gen ()})})
  (jepsen.generator.Synchronize
   {:gen {:type :log, :value "Waiting for recovery..."}})
  (jepsen.generator.Synchronize {:gen {:type :sleep, :value 10}})
  (jepsen.generator.Synchronize
   {:gen (jepsen.generator.OnThreads
          {:f #jepsen.generator.context.AllBut{:element :nemesis},
           :context-filter #object[jepsen.generator.context$make_thread_filter$lazy_filter__9167
                                   "0x76480730"
                                   "jepsen.generator.context$make_thread_filter$lazy_filter__9167@76480730"],
           :gen (jepsen.generator.EachThread
                 {:fresh-gen {:f :read, :final? true},
                  :context-filters #object[clojure.core$promise$reify__8591
                                           "0x405a296e"
                                           {:status :pending, :val nil}],
                  :gens {}})})}))
 :log-net-recv false
 :os
 #object[maelstrom.net$jepsen_os$reify__15254
         "0x77198cce"
         "maelstrom.net$jepsen_os$reify__15254@77198cce"]
 :time-limit 20
 :workload :broadcast
 :consistency-models [:strict-serializable]
 :topology :grid}

2023-05-11 01:40:22,471{GMT}	INFO	[jepsen node n0] maelstrom.net: Starting Maelstrom network
2023-05-11 01:40:22,472{GMT}	INFO	[jepsen test runner] jepsen.db: Tearing down DB
2023-05-11 01:40:22,474{GMT}	INFO	[jepsen test runner] jepsen.db: Setting up DB
2023-05-11 01:40:22,474{GMT}	INFO	[jepsen node n1] maelstrom.db: Setting up n1
2023-05-11 01:40:22,474{GMT}	INFO	[jepsen node n2] maelstrom.db: Setting up n2
2023-05-11 01:40:22,474{GMT}	INFO	[jepsen node n3] maelstrom.db: Setting up n3
2023-05-11 01:40:22,475{GMT}	INFO	[jepsen node n4] maelstrom.db: Setting up n4
2023-05-11 01:40:22,475{GMT}	INFO	[jepsen node n1] maelstrom.process: launching ../maelstrom-echo/target/release/maelstrom-echo []
2023-05-11 01:40:22,475{GMT}	INFO	[jepsen node n3] maelstrom.process: launching ../maelstrom-echo/target/release/maelstrom-echo []
2023-05-11 01:40:22,475{GMT}	INFO	[jepsen node n2] maelstrom.process: launching ../maelstrom-echo/target/release/maelstrom-echo []
2023-05-11 01:40:22,475{GMT}	INFO	[jepsen node n4] maelstrom.process: launching ../maelstrom-echo/target/release/maelstrom-echo []
2023-05-11 01:40:22,476{GMT}	INFO	[jepsen node n0] maelstrom.service: Starting services: (lin-kv lin-tso lww-kv seq-kv)
2023-05-11 01:40:22,478{GMT}	INFO	[jepsen node n0] maelstrom.db: Setting up n0
2023-05-11 01:40:22,478{GMT}	INFO	[jepsen node n0] maelstrom.process: launching ../maelstrom-echo/target/release/maelstrom-echo []
2023-05-11 01:40:22,492{GMT}	INFO	[jepsen test runner] jepsen.core: Relative time begins now
2023-05-11 01:40:22,509{GMT}	INFO	[jepsen worker 0] jepsen.util: 0	:invoke	:broadcast	0
2023-05-11 01:40:22,512{GMT}	INFO	[jepsen worker 0] jepsen.util: 0	:ok	:broadcast	0
2023-05-11 01:40:22,591{GMT}	INFO	[jepsen worker 1] jepsen.util: 1	:invoke	:read	nil
2023-05-11 01:40:22,594{GMT}	INFO	[jepsen worker 1] jepsen.util: 1	:ok	:read	[]
2023-05-11 01:40:22,610{GMT}	INFO	[jepsen worker 2] jepsen.util: 2	:invoke	:read	nil
2023-05-11 01:40:22,612{GMT}	INFO	[jepsen worker 2] jepsen.util: 2	:ok	:read	[]
2023-05-11 01:40:22,672{GMT}	INFO	[jepsen worker 3] jepsen.util: 3	:invoke	:broadcast	1
2023-05-11 01:40:22,674{GMT}	INFO	[jepsen worker 3] jepsen.util: 3	:ok	:broadcast	1
2023-05-11 01:40:22,741{GMT}	INFO	[jepsen worker 4] jepsen.util: 4	:invoke	:read	nil
2023-05-11 01:40:22,743{GMT}	INFO	[jepsen worker 4] jepsen.util: 4	:ok	:read	[]
2023-05-11 01:40:22,797{GMT}	INFO	[jepsen worker 0] jepsen.util: 0	:invoke	:broadcast	2
2023-05-11 01:40:22,799{GMT}	INFO	[jepsen worker 0] jepsen.util: 0	:ok	:broadcast	2
2023-05-11 01:40:22,870{GMT}	INFO	[jepsen worker 0] jepsen.util: 0	:invoke	:broadcast	3
2023-05-11 01:40:22,871{GMT}	INFO	[jepsen worker 0] jepsen.util: 0	:ok	:broadcast	3
2023-05-11 01:40:23,016{GMT}	INFO	[jepsen worker 1] jepsen.util: 1	:invoke	:broadcast	4
2023-05-11 01:40:23,017{GMT}	INFO	[jepsen worker 1] jepsen.util: 1	:ok	:broadcast	4
2023-05-11 01:40:23,083{GMT}	INFO	[jepsen worker 2] jepsen.util: 2	:invoke	:broadcast	5
2023-05-11 01:40:23,084{GMT}	INFO	[jepsen worker 2] jepsen.util: 2	:ok	:broadcast	5
2023-05-11 01:40:23,174{GMT}	INFO	[jepsen worker 3] jepsen.util: 3	:invoke	:broadcast	6
2023-05-11 01:40:23,175{GMT}	INFO	[jepsen worker 3] jepsen.util: 3	:ok	:broadcast	6
2023-05-11 01:40:23,224{GMT}	INFO	[jepsen worker 4] jepsen.util: 4	:invoke	:broadcast	7
2023-05-11 01:40:23,225{GMT}	INFO	[jepsen worker 4] jepsen.util: 4	:ok	:broadcast	7
2023-05-11 01:40:23,247{GMT}	INFO	[jepsen worker 0] jepsen.util: 0	:invoke	:broadcast	8
2023-05-11 01:40:23,249{GMT}	INFO	[jepsen worker 0] jepsen.util: 0	:ok	:broadcast	8
2023-05-11 01:40:23,438{GMT}	INFO	[jepsen worker 0] jepsen.util: 0	:invoke	:read	nil
2023-05-11 01:40:23,439{GMT}	INFO	[jepsen worker 0] jepsen.util: 0	:ok	:read	[0 2 3 8]
2023-05-11 01:40:23,537{GMT}	INFO	[jepsen worker 1] jepsen.util: 1	:invoke	:read	nil
2023-05-11 01:40:23,538{GMT}	INFO	[jepsen worker 1] jepsen.util: 1	:ok	:read	[4]
2023-05-11 01:40:23,597{GMT}	INFO	[jepsen worker 2] jepsen.util: 2	:invoke	:read	nil
2023-05-11 01:40:23,599{GMT}	INFO	[jepsen worker 2] jepsen.util: 2	:ok	:read	[5]
2023-05-11 01:40:23,630{GMT}	INFO	[jepsen worker 3] jepsen.util: 3	:invoke	:broadcast	9
2023-05-11 01:40:23,631{GMT}	INFO	[jepsen worker 3] jepsen.util: 3	:ok	:broadcast	9
2023-05-11 01:40:23,817{GMT}	INFO	[jepsen worker 4] jepsen.util: 4	:invoke	:broadcast	10
2023-05-11 01:40:23,818{GMT}	INFO	[jepsen worker 4] jepsen.util: 4	:ok	:broadcast	10
2023-05-11 01:40:23,819{GMT}	INFO	[jepsen worker 0] jepsen.util: 0	:invoke	:broadcast	11
2023-05-11 01:40:23,820{GMT}	INFO	[jepsen worker 0] jepsen.util: 0	:ok	:broadcast	11
2023-05-11 01:40:23,848{GMT}	INFO	[jepsen worker 0] jepsen.util: 0	:invoke	:broadcast	12
2023-05-11 01:40:23,850{GMT}	INFO	[jepsen worker 0] jepsen.util: 0	:ok	:broadcast	12
2023-05-11 01:40:23,869{GMT}	INFO	[jepsen worker 1] jepsen.util: 1	:invoke	:read	nil
2023-05-11 01:40:23,870{GMT}	INFO	[jepsen worker 1] jepsen.util: 1	:ok	:read	[4]
2023-05-11 01:40:23,954{GMT}	INFO	[jepsen worker 2] jepsen.util: 2	:invoke	:read	nil
2023-05-11 01:40:23,955{GMT}	INFO	[jepsen worker 2] jepsen.util: 2	:ok	:read	[5]
2023-05-11 01:40:24,039{GMT}	INFO	[jepsen worker 3] jepsen.util: 3	:invoke	:broadcast	13
2023-05-11 01:40:24,041{GMT}	INFO	[jepsen worker 3] jepsen.util: 3	:ok	:broadcast	13
2023-05-11 01:40:24,042{GMT}	INFO	[jepsen worker 4] jepsen.util: 4	:invoke	:broadcast	14
2023-05-11 01:40:24,043{GMT}	INFO	[jepsen worker 4] jepsen.util: 4	:ok	:broadcast	14
2023-05-11 01:40:24,045{GMT}	INFO	[jepsen worker 0] jepsen.util: 0	:invoke	:read	nil
2023-05-11 01:40:24,046{GMT}	INFO	[jepsen worker 0] jepsen.util: 0	:ok	:read	[0 2 3 8 11 12]
2023-05-11 01:40:24,079{GMT}	INFO	[jepsen worker 0] jepsen.util: 0	:invoke	:read	nil
2023-05-11 01:40:24,080{GMT}	INFO	[jepsen worker 0] jepsen.util: 0	:ok	:read	[0 2 3 8 11 12]
2023-05-11 01:40:24,259{GMT}	INFO	[jepsen worker 1] jepsen.util: 1	:invoke	:broadcast	15
2023-05-11 01:40:24,260{GMT}	INFO	[jepsen worker 1] jepsen.util: 1	:ok	:broadcast	15
2023-05-11 01:40:24,358{GMT}	INFO	[jepsen worker 2] jepsen.util: 2	:invoke	:read	nil
2023-05-11 01:40:24,359{GMT}	INFO	[jepsen worker 2] jepsen.util: 2	:ok	:read	[5]
2023-05-11 01:40:24,446{GMT}	INFO	[jepsen worker 3] jepsen.util: 3	:invoke	:broadcast	16
2023-05-11 01:40:24,447{GMT}	INFO	[jepsen worker 3] jepsen.util: 3	:ok	:broadcast	16
2023-05-11 01:40:24,622{GMT}	INFO	[jepsen worker 4] jepsen.util: 4	:invoke	:read	nil
2023-05-11 01:40:24,623{GMT}	INFO	[jepsen worker 4] jepsen.util: 4	:ok	:read	[7 10 14]
2023-05-11 01:40:24,730{GMT}	INFO	[jepsen worker 0] jepsen.util: 0	:invoke	:broadcast	17
2023-05-11 01:40:24,731{GMT}	INFO	[jepsen worker 0] jepsen.util: 0	:ok	:broadcast	17
2023-05-11 01:40:24,846{GMT}	INFO	[jepsen worker 0] jepsen.util: 0	:invoke	:broadcast	18
2023-05-11 01:40:24,847{GMT}	INFO	[jepsen worker 0] jepsen.util: 0	:ok	:broadcast	18
2023-05-11 01:40:24,884{GMT}	INFO	[jepsen worker 1] jepsen.util: 1	:invoke	:read	nil
2023-05-11 01:40:24,885{GMT}	INFO	[jepsen worker 1] jepsen.util: 1	:ok	:read	[4 15]
2023-05-11 01:40:25,061{GMT}	INFO	[jepsen worker 2] jepsen.util: 2	:invoke	:broadcast	19
2023-05-11 01:40:25,062{GMT}	INFO	[jepsen worker 2] jepsen.util: 2	:ok	:broadcast	19
2023-05-11 01:40:25,237{GMT}	INFO	[jepsen worker 3] jepsen.util: 3	:invoke	:broadcast	20
2023-05-11 01:40:25,239{GMT}	INFO	[jepsen worker 3] jepsen.util: 3	:ok	:broadcast	20
2023-05-11 01:40:25,421{GMT}	INFO	[jepsen worker 4] jepsen.util: 4	:invoke	:read	nil
2023-05-11 01:40:25,423{GMT}	INFO	[jepsen worker 4] jepsen.util: 4	:ok	:read	[7 10 14]
2023-05-11 01:40:25,508{GMT}	INFO	[jepsen worker 0] jepsen.util: 0	:invoke	:read	nil
2023-05-11 01:40:25,509{GMT}	INFO	[jepsen worker 0] jepsen.util: 0	:ok	:read	[0 2 3 8 11 12 17 18]
2023-05-11 01:40:25,514{GMT}	INFO	[jepsen worker 0] jepsen.util: 0	:invoke	:read	nil
2023-05-11 01:40:25,515{GMT}	INFO	[jepsen worker 0] jepsen.util: 0	:ok	:read	[0 2 3 8 11 12 17 18]
2023-05-11 01:40:25,630{GMT}	INFO	[jepsen worker 1] jepsen.util: 1	:invoke	:read	nil
2023-05-11 01:40:25,631{GMT}	INFO	[jepsen worker 1] jepsen.util: 1	:ok	:read	[4 15]
2023-05-11 01:40:25,697{GMT}	INFO	[jepsen worker 2] jepsen.util: 2	:invoke	:broadcast	21
2023-05-11 01:40:25,698{GMT}	INFO	[jepsen worker 2] jepsen.util: 2	:ok	:broadcast	21
2023-05-11 01:40:25,705{GMT}	INFO	[jepsen worker 3] jepsen.util: 3	:invoke	:broadcast	22
2023-05-11 01:40:25,707{GMT}	INFO	[jepsen worker 3] jepsen.util: 3	:ok	:broadcast	22
2023-05-11 01:40:25,870{GMT}	INFO	[jepsen worker 4] jepsen.util: 4	:invoke	:broadcast	23
2023-05-11 01:40:25,872{GMT}	INFO	[jepsen worker 4] jepsen.util: 4	:ok	:broadcast	23
2023-05-11 01:40:25,942{GMT}	INFO	[jepsen worker 0] jepsen.util: 0	:invoke	:broadcast	24
2023-05-11 01:40:25,943{GMT}	INFO	[jepsen worker 0] jepsen.util: 0	:ok	:broadcast	24
2023-05-11 01:40:26,066{GMT}	INFO	[jepsen worker 0] jepsen.util: 0	:invoke	:read	nil
2023-05-11 01:40:26,067{GMT}	INFO	[jepsen worker 0] jepsen.util: 0	:ok	:read	[0 2 3 8 11 12 17 18 24]
2023-05-11 01:40:26,097{GMT}	INFO	[jepsen worker 1] jepsen.util: 1	:invoke	:broadcast	25
2023-05-11 01:40:26,098{GMT}	INFO	[jepsen worker 1] jepsen.util: 1	:ok	:broadcast	25
2023-05-11 01:40:26,262{GMT}	INFO	[jepsen worker 2] jepsen.util: 2	:invoke	:broadcast	26
2023-05-11 01:40:26,264{GMT}	INFO	[jepsen worker 2] jepsen.util: 2	:ok	:broadcast	26
2023-05-11 01:40:26,310{GMT}	INFO	[jepsen worker 3] jepsen.util: 3	:invoke	:read	nil
2023-05-11 01:40:26,311{GMT}	INFO	[jepsen worker 3] jepsen.util: 3	:ok	:read	[1 6 9 13 16 20 22]
2023-05-11 01:40:26,413{GMT}	INFO	[jepsen worker 4] jepsen.util: 4	:invoke	:read	nil
2023-05-11 01:40:26,415{GMT}	INFO	[jepsen worker 4] jepsen.util: 4	:ok	:read	[7 10 14 23]
2023-05-11 01:40:26,422{GMT}	INFO	[jepsen worker 0] jepsen.util: 0	:invoke	:read	nil
2023-05-11 01:40:26,423{GMT}	INFO	[jepsen worker 0] jepsen.util: 0	:ok	:read	[0 2 3 8 11 12 17 18 24]
2023-05-11 01:40:26,482{GMT}	INFO	[jepsen worker 0] jepsen.util: 0	:invoke	:read	nil
2023-05-11 01:40:26,483{GMT}	INFO	[jepsen worker 0] jepsen.util: 0	:ok	:read	[0 2 3 8 11 12 17 18 24]
2023-05-11 01:40:26,679{GMT}	INFO	[jepsen worker 1] jepsen.util: 1	:invoke	:broadcast	27
2023-05-11 01:40:26,680{GMT}	INFO	[jepsen worker 1] jepsen.util: 1	:ok	:broadcast	27
2023-05-11 01:40:26,684{GMT}	INFO	[jepsen worker 2] jepsen.util: 2	:invoke	:read	nil
2023-05-11 01:40:26,685{GMT}	INFO	[jepsen worker 2] jepsen.util: 2	:ok	:read	[5 19 21 26]
2023-05-11 01:40:26,713{GMT}	INFO	[jepsen worker 3] jepsen.util: 3	:invoke	:read	nil
2023-05-11 01:40:26,714{GMT}	INFO	[jepsen worker 3] jepsen.util: 3	:ok	:read	[1 6 9 13 16 20 22]
2023-05-11 01:40:26,733{GMT}	INFO	[jepsen worker 4] jepsen.util: 4	:invoke	:broadcast	28
2023-05-11 01:40:26,734{GMT}	INFO	[jepsen worker 4] jepsen.util: 4	:ok	:broadcast	28
2023-05-11 01:40:26,897{GMT}	INFO	[jepsen worker 0] jepsen.util: 0	:invoke	:broadcast	29
2023-05-11 01:40:26,898{GMT}	INFO	[jepsen worker 0] jepsen.util: 0	:ok	:broadcast	29
2023-05-11 01:40:27,079{GMT}	INFO	[jepsen worker 0] jepsen.util: 0	:invoke	:broadcast	30
2023-05-11 01:40:27,081{GMT}	INFO	[jepsen worker 0] jepsen.util: 0	:ok	:broadcast	30
2023-05-11 01:40:27,167{GMT}	INFO	[jepsen worker 1] jepsen.util: 1	:invoke	:read	nil
2023-05-11 01:40:27,168{GMT}	INFO	[jepsen worker 1] jepsen.util: 1	:ok	:read	[4 15 25 27]
2023-05-11 01:40:27,335{GMT}	INFO	[jepsen worker 2] jepsen.util: 2	:invoke	:read	nil
2023-05-11 01:40:27,336{GMT}	INFO	[jepsen worker 2] jepsen.util: 2	:ok	:read	[5 19 21 26]
2023-05-11 01:40:27,407{GMT}	INFO	[jepsen worker 3] jepsen.util: 3	:invoke	:read	nil
2023-05-11 01:40:27,408{GMT}	INFO	[jepsen worker 3] jepsen.util: 3	:ok	:read	[1 6 9 13 16 20 22]
2023-05-11 01:40:27,499{GMT}	INFO	[jepsen worker 4] jepsen.util: 4	:invoke	:read	nil
2023-05-11 01:40:27,501{GMT}	INFO	[jepsen worker 4] jepsen.util: 4	:ok	:read	[7 10 14 23 28]
2023-05-11 01:40:27,501{GMT}	INFO	[jepsen worker 0] jepsen.util: 0	:invoke	:read	nil
2023-05-11 01:40:27,502{GMT}	INFO	[jepsen worker 0] jepsen.util: 0	:ok	:read	[0 2 3 8 11 12 17 18 24 29 30]
2023-05-11 01:40:27,556{GMT}	INFO	[jepsen worker 0] jepsen.util: 0	:invoke	:broadcast	31
2023-05-11 01:40:27,557{GMT}	INFO	[jepsen worker 0] jepsen.util: 0	:ok	:broadcast	31
2023-05-11 01:40:27,639{GMT}	INFO	[jepsen worker 1] jepsen.util: 1	:invoke	:broadcast	32
2023-05-11 01:40:27,640{GMT}	INFO	[jepsen worker 1] jepsen.util: 1	:ok	:broadcast	32
2023-05-11 01:40:27,768{GMT}	INFO	[jepsen worker 2] jepsen.util: 2	:invoke	:read	nil
2023-05-11 01:40:27,770{GMT}	INFO	[jepsen worker 2] jepsen.util: 2	:ok	:read	[5 19 21 26]
2023-05-11 01:40:27,915{GMT}	INFO	[jepsen worker 3] jepsen.util: 3	:invoke	:broadcast	33
2023-05-11 01:40:27,916{GMT}	INFO	[jepsen worker 3] jepsen.util: 3	:ok	:broadcast	33
2023-05-11 01:40:28,004{GMT}	INFO	[jepsen worker 4] jepsen.util: 4	:invoke	:read	nil
2023-05-11 01:40:28,005{GMT}	INFO	[jepsen worker 0] jepsen.util: 0	:invoke	:read	nil
2023-05-11 01:40:28,005{GMT}	INFO	[jepsen worker 4] jepsen.util: 4	:ok	:read	[7 10 14 23 28]
2023-05-11 01:40:28,006{GMT}	INFO	[jepsen worker 0] jepsen.util: 0	:ok	:read	[0 2 3 8 11 12 17 18 24 29 30 31]
2023-05-11 01:40:28,091{GMT}	INFO	[jepsen worker 0] jepsen.util: 0	:invoke	:read	nil
2023-05-11 01:40:28,092{GMT}	INFO	[jepsen worker 0] jepsen.util: 0	:ok	:read	[0 2 3 8 11 12 17 18 24 29 30 31]
2023-05-11 01:40:28,202{GMT}	INFO	[jepsen worker 1] jepsen.util: 1	:invoke	:broadcast	34
2023-05-11 01:40:28,204{GMT}	INFO	[jepsen worker 1] jepsen.util: 1	:ok	:broadcast	34
2023-05-11 01:40:28,255{GMT}	INFO	[jepsen worker 2] jepsen.util: 2	:invoke	:broadcast	35
2023-05-11 01:40:28,255{GMT}	INFO	[jepsen worker 2] jepsen.util: 2	:ok	:broadcast	35
2023-05-11 01:40:28,442{GMT}	INFO	[jepsen worker 3] jepsen.util: 3	:invoke	:read	nil
2023-05-11 01:40:28,443{GMT}	INFO	[jepsen worker 3] jepsen.util: 3	:ok	:read	[1 6 9 13 16 20 22 33]
2023-05-11 01:40:28,504{GMT}	INFO	[jepsen worker 4] jepsen.util: 4	:invoke	:read	nil
2023-05-11 01:40:28,505{GMT}	INFO	[jepsen worker 4] jepsen.util: 4	:ok	:read	[7 10 14 23 28]
2023-05-11 01:40:28,556{GMT}	INFO	[jepsen worker 0] jepsen.util: 0	:invoke	:read	nil
2023-05-11 01:40:28,557{GMT}	INFO	[jepsen worker 0] jepsen.util: 0	:ok	:read	[0 2 3 8 11 12 17 18 24 29 30 31]
2023-05-11 01:40:28,579{GMT}	INFO	[jepsen worker 0] jepsen.util: 0	:invoke	:broadcast	36
2023-05-11 01:40:28,579{GMT}	INFO	[jepsen worker 0] jepsen.util: 0	:ok	:broadcast	36
2023-05-11 01:40:28,694{GMT}	INFO	[jepsen worker 1] jepsen.util: 1	:invoke	:read	nil
2023-05-11 01:40:28,695{GMT}	INFO	[jepsen worker 1] jepsen.util: 1	:ok	:read	[4 15 25 27 32 34]
2023-05-11 01:40:28,852{GMT}	INFO	[jepsen worker 2] jepsen.util: 2	:invoke	:read	nil
2023-05-11 01:40:28,853{GMT}	INFO	[jepsen worker 2] jepsen.util: 2	:ok	:read	[5 19 21 26 35]
2023-05-11 01:40:29,011{GMT}	INFO	[jepsen worker 3] jepsen.util: 3	:invoke	:read	nil
2023-05-11 01:40:29,012{GMT}	INFO	[jepsen worker 3] jepsen.util: 3	:ok	:read	[1 6 9 13 16 20 22 33]
2023-05-11 01:40:29,042{GMT}	INFO	[jepsen worker 4] jepsen.util: 4	:invoke	:read	nil
2023-05-11 01:40:29,043{GMT}	INFO	[jepsen worker 4] jepsen.util: 4	:ok	:read	[7 10 14 23 28]
2023-05-11 01:40:29,182{GMT}	INFO	[jepsen worker 0] jepsen.util: 0	:invoke	:broadcast	37
2023-05-11 01:40:29,183{GMT}	INFO	[jepsen worker 0] jepsen.util: 0	:ok	:broadcast	37
2023-05-11 01:40:29,311{GMT}	INFO	[jepsen worker 0] jepsen.util: 0	:invoke	:read	nil
2023-05-11 01:40:29,312{GMT}	INFO	[jepsen worker 0] jepsen.util: 0	:ok	:read	[0 2 3 8 11 12 17 18 24 29 30 31 36 37]
2023-05-11 01:40:29,398{GMT}	INFO	[jepsen worker 1] jepsen.util: 1	:invoke	:read	nil
2023-05-11 01:40:29,399{GMT}	INFO	[jepsen worker 1] jepsen.util: 1	:ok	:read	[4 15 25 27 32 34]
2023-05-11 01:40:29,422{GMT}	INFO	[jepsen worker 2] jepsen.util: 2	:invoke	:broadcast	38
2023-05-11 01:40:29,423{GMT}	INFO	[jepsen worker 2] jepsen.util: 2	:ok	:broadcast	38
2023-05-11 01:40:29,451{GMT}	INFO	[jepsen worker 3] jepsen.util: 3	:invoke	:read	nil
2023-05-11 01:40:29,452{GMT}	INFO	[jepsen worker 3] jepsen.util: 3	:ok	:read	[1 6 9 13 16 20 22 33]
2023-05-11 01:40:29,621{GMT}	INFO	[jepsen worker 4] jepsen.util: 4	:invoke	:broadcast	39
2023-05-11 01:40:29,622{GMT}	INFO	[jepsen worker 4] jepsen.util: 4	:ok	:broadcast	39
2023-05-11 01:40:29,631{GMT}	INFO	[jepsen worker 0] jepsen.util: 0	:invoke	:broadcast	40
2023-05-11 01:40:29,632{GMT}	INFO	[jepsen worker 0] jepsen.util: 0	:ok	:broadcast	40
2023-05-11 01:40:29,713{GMT}	INFO	[jepsen worker 0] jepsen.util: 0	:invoke	:broadcast	41
2023-05-11 01:40:29,714{GMT}	INFO	[jepsen worker 0] jepsen.util: 0	:ok	:broadcast	41
2023-05-11 01:40:29,849{GMT}	INFO	[jepsen worker 1] jepsen.util: 1	:invoke	:broadcast	42
2023-05-11 01:40:29,850{GMT}	INFO	[jepsen worker 1] jepsen.util: 1	:ok	:broadcast	42
2023-05-11 01:40:30,010{GMT}	INFO	[jepsen worker 2] jepsen.util: 2	:invoke	:read	nil
2023-05-11 01:40:30,011{GMT}	INFO	[jepsen worker 2] jepsen.util: 2	:ok	:read	[5 19 21 26 35 38]
2023-05-11 01:40:30,126{GMT}	INFO	[jepsen worker 3] jepsen.util: 3	:invoke	:broadcast	43
2023-05-11 01:40:30,127{GMT}	INFO	[jepsen worker 3] jepsen.util: 3	:ok	:broadcast	43
2023-05-11 01:40:30,207{GMT}	INFO	[jepsen worker 4] jepsen.util: 4	:invoke	:read	nil
2023-05-11 01:40:30,208{GMT}	INFO	[jepsen worker 4] jepsen.util: 4	:ok	:read	[7 10 14 23 28 39]
2023-05-11 01:40:30,233{GMT}	INFO	[jepsen worker 0] jepsen.util: 0	:invoke	:read	nil
2023-05-11 01:40:30,234{GMT}	INFO	[jepsen worker 0] jepsen.util: 0	:ok	:read	[0 2 3 8 11 12 17 18 24 29 30 31 36 37 40 41]
2023-05-11 01:40:30,281{GMT}	INFO	[jepsen worker 0] jepsen.util: 0	:invoke	:broadcast	44
2023-05-11 01:40:30,282{GMT}	INFO	[jepsen worker 0] jepsen.util: 0	:ok	:broadcast	44
2023-05-11 01:40:30,449{GMT}	INFO	[jepsen worker 1] jepsen.util: 1	:invoke	:read	nil
2023-05-11 01:40:30,450{GMT}	INFO	[jepsen worker 1] jepsen.util: 1	:ok	:read	[4 15 25 27 32 34 42]
2023-05-11 01:40:30,451{GMT}	INFO	[jepsen worker 2] jepsen.util: 2	:invoke	:read	nil
2023-05-11 01:40:30,452{GMT}	INFO	[jepsen worker 2] jepsen.util: 2	:ok	:read	[5 19 21 26 35 38]
2023-05-11 01:40:30,605{GMT}	INFO	[jepsen worker 3] jepsen.util: 3	:invoke	:read	nil
2023-05-11 01:40:30,606{GMT}	INFO	[jepsen worker 3] jepsen.util: 3	:ok	:read	[1 6 9 13 16 20 22 33 43]
2023-05-11 01:40:30,697{GMT}	INFO	[jepsen worker 4] jepsen.util: 4	:invoke	:read	nil
2023-05-11 01:40:30,698{GMT}	INFO	[jepsen worker 4] jepsen.util: 4	:ok	:read	[7 10 14 23 28 39]
2023-05-11 01:40:30,789{GMT}	INFO	[jepsen worker 0] jepsen.util: 0	:invoke	:broadcast	45
2023-05-11 01:40:30,790{GMT}	INFO	[jepsen worker 0] jepsen.util: 0	:ok	:broadcast	45
2023-05-11 01:40:30,891{GMT}	INFO	[jepsen worker 0] jepsen.util: 0	:invoke	:broadcast	46
2023-05-11 01:40:30,891{GMT}	INFO	[jepsen worker 0] jepsen.util: 0	:ok	:broadcast	46
2023-05-11 01:40:31,076{GMT}	INFO	[jepsen worker 1] jepsen.util: 1	:invoke	:read	nil
2023-05-11 01:40:31,077{GMT}	INFO	[jepsen worker 1] jepsen.util: 1	:ok	:read	[4 15 25 27 32 34 42]
2023-05-11 01:40:31,222{GMT}	INFO	[jepsen worker 2] jepsen.util: 2	:invoke	:broadcast	47
2023-05-11 01:40:31,224{GMT}	INFO	[jepsen worker 2] jepsen.util: 2	:ok	:broadcast	47
2023-05-11 01:40:31,263{GMT}	INFO	[jepsen worker 3] jepsen.util: 3	:invoke	:read	nil
2023-05-11 01:40:31,264{GMT}	INFO	[jepsen worker 3] jepsen.util: 3	:ok	:read	[1 6 9 13 16 20 22 33 43]
2023-05-11 01:40:31,381{GMT}	INFO	[jepsen worker 4] jepsen.util: 4	:invoke	:broadcast	48
2023-05-11 01:40:31,382{GMT}	INFO	[jepsen worker 4] jepsen.util: 4	:ok	:broadcast	48
2023-05-11 01:40:31,563{GMT}	INFO	[jepsen worker 0] jepsen.util: 0	:invoke	:broadcast	49
2023-05-11 01:40:31,563{GMT}	INFO	[jepsen worker 0] jepsen.util: 0	:ok	:broadcast	49
2023-05-11 01:40:31,564{GMT}	INFO	[jepsen worker 0] jepsen.util: 0	:invoke	:broadcast	50
2023-05-11 01:40:31,565{GMT}	INFO	[jepsen worker 0] jepsen.util: 0	:ok	:broadcast	50
2023-05-11 01:40:31,650{GMT}	INFO	[jepsen worker 1] jepsen.util: 1	:invoke	:read	nil
2023-05-11 01:40:31,651{GMT}	INFO	[jepsen worker 1] jepsen.util: 1	:ok	:read	[4 15 25 27 32 34 42]
2023-05-11 01:40:31,790{GMT}	INFO	[jepsen worker 2] jepsen.util: 2	:invoke	:read	nil
2023-05-11 01:40:31,791{GMT}	INFO	[jepsen worker 2] jepsen.util: 2	:ok	:read	[5 19 21 26 35 38 47]
2023-05-11 01:40:31,806{GMT}	INFO	[jepsen worker 3] jepsen.util: 3	:invoke	:broadcast	51
2023-05-11 01:40:31,807{GMT}	INFO	[jepsen worker 3] jepsen.util: 3	:ok	:broadcast	51
2023-05-11 01:40:31,979{GMT}	INFO	[jepsen worker 4] jepsen.util: 4	:invoke	:read	nil
2023-05-11 01:40:31,980{GMT}	INFO	[jepsen worker 4] jepsen.util: 4	:ok	:read	[7 10 14 23 28 39 48]
2023-05-11 01:40:32,151{GMT}	INFO	[jepsen worker 0] jepsen.util: 0	:invoke	:read	nil
2023-05-11 01:40:32,152{GMT}	INFO	[jepsen worker 0] jepsen.util: 0	:ok	:read	[0 2 3 8 11 12 17 18 24 29 30 31 36 37 40 41 44 45 46 49 50]
2023-05-11 01:40:32,271{GMT}	INFO	[jepsen worker 0] jepsen.util: 0	:invoke	:broadcast	52
2023-05-11 01:40:32,272{GMT}	INFO	[jepsen worker 0] jepsen.util: 0	:ok	:broadcast	52
2023-05-11 01:40:32,324{GMT}	INFO	[jepsen worker 1] jepsen.util: 1	:invoke	:read	nil
2023-05-11 01:40:32,325{GMT}	INFO	[jepsen worker 1] jepsen.util: 1	:ok	:read	[4 15 25 27 32 34 42]
2023-05-11 01:40:32,462{GMT}	INFO	[jepsen worker 2] jepsen.util: 2	:invoke	:read	nil
2023-05-11 01:40:32,463{GMT}	INFO	[jepsen worker 2] jepsen.util: 2	:ok	:read	[5 19 21 26 35 38 47]
2023-05-11 01:40:32,583{GMT}	INFO	[jepsen worker 3] jepsen.util: 3	:invoke	:broadcast	53
2023-05-11 01:40:32,584{GMT}	INFO	[jepsen worker 3] jepsen.util: 3	:ok	:broadcast	53
2023-05-11 01:40:32,615{GMT}	INFO	[jepsen worker 4] jepsen.util: 4	:invoke	:broadcast	54
2023-05-11 01:40:32,615{GMT}	INFO	[jepsen worker 4] jepsen.util: 4	:ok	:broadcast	54
2023-05-11 01:40:32,696{GMT}	INFO	[jepsen worker 0] jepsen.util: 0	:invoke	:broadcast	55
2023-05-11 01:40:32,696{GMT}	INFO	[jepsen worker 0] jepsen.util: 0	:ok	:broadcast	55
2023-05-11 01:40:32,720{GMT}	INFO	[jepsen worker 0] jepsen.util: 0	:invoke	:broadcast	56
2023-05-11 01:40:32,721{GMT}	INFO	[jepsen worker 0] jepsen.util: 0	:ok	:broadcast	56
2023-05-11 01:40:32,795{GMT}	INFO	[jepsen worker 1] jepsen.util: 1	:invoke	:broadcast	57
2023-05-11 01:40:32,796{GMT}	INFO	[jepsen worker 1] jepsen.util: 1	:ok	:broadcast	57
2023-05-11 01:40:32,887{GMT}	INFO	[jepsen worker 2] jepsen.util: 2	:invoke	:read	nil
2023-05-11 01:40:32,888{GMT}	INFO	[jepsen worker 2] jepsen.util: 2	:ok	:read	[5 19 21 26 35 38 47]
2023-05-11 01:40:32,963{GMT}	INFO	[jepsen worker 3] jepsen.util: 3	:invoke	:read	nil
2023-05-11 01:40:32,965{GMT}	INFO	[jepsen worker 3] jepsen.util: 3	:ok	:read	[1 6 9 13 16 20 22 33 43 51 53]
2023-05-11 01:40:33,116{GMT}	INFO	[jepsen worker 4] jepsen.util: 4	:invoke	:broadcast	58
2023-05-11 01:40:33,117{GMT}	INFO	[jepsen worker 4] jepsen.util: 4	:ok	:broadcast	58
2023-05-11 01:40:33,119{GMT}	INFO	[jepsen worker 0] jepsen.util: 0	:invoke	:broadcast	59
2023-05-11 01:40:33,120{GMT}	INFO	[jepsen worker 0] jepsen.util: 0	:ok	:broadcast	59
2023-05-11 01:40:33,140{GMT}	INFO	[jepsen worker 0] jepsen.util: 0	:invoke	:broadcast	60
2023-05-11 01:40:33,140{GMT}	INFO	[jepsen worker 0] jepsen.util: 0	:ok	:broadcast	60
2023-05-11 01:40:33,177{GMT}	INFO	[jepsen worker 1] jepsen.util: 1	:invoke	:broadcast	61
2023-05-11 01:40:33,178{GMT}	INFO	[jepsen worker 1] jepsen.util: 1	:ok	:broadcast	61
2023-05-11 01:40:33,195{GMT}	INFO	[jepsen worker 2] jepsen.util: 2	:invoke	:read	nil
2023-05-11 01:40:33,196{GMT}	INFO	[jepsen worker 2] jepsen.util: 2	:ok	:read	[5 19 21 26 35 38 47]
2023-05-11 01:40:33,248{GMT}	INFO	[jepsen worker 3] jepsen.util: 3	:invoke	:broadcast	62
2023-05-11 01:40:33,249{GMT}	INFO	[jepsen worker 3] jepsen.util: 3	:ok	:broadcast	62
2023-05-11 01:40:33,398{GMT}	INFO	[jepsen worker 4] jepsen.util: 4	:invoke	:read	nil
2023-05-11 01:40:33,399{GMT}	INFO	[jepsen worker 4] jepsen.util: 4	:ok	:read	[7 10 14 23 28 39 48 54 58]
2023-05-11 01:40:33,458{GMT}	INFO	[jepsen worker 0] jepsen.util: 0	:invoke	:read	nil
2023-05-11 01:40:33,459{GMT}	INFO	[jepsen worker 0] jepsen.util: 0	:ok	:read	[0 2 3 8 11 12 17 18 24 29 30 31 36 37 40 41 44 45 46 49 50 52 55 56 59 60]
2023-05-11 01:40:33,592{GMT}	INFO	[jepsen worker 0] jepsen.util: 0	:invoke	:read	nil
2023-05-11 01:40:33,593{GMT}	INFO	[jepsen worker 0] jepsen.util: 0	:ok	:read	[0 2 3 8 11 12 17 18 24 29 30 31 36 37 40 41 44 45 46 49 50 52 55 56 59 60]
2023-05-11 01:40:33,741{GMT}	INFO	[jepsen worker 1] jepsen.util: 1	:invoke	:broadcast	63
2023-05-11 01:40:33,743{GMT}	INFO	[jepsen worker 1] jepsen.util: 1	:ok	:broadcast	63
2023-05-11 01:40:33,937{GMT}	INFO	[jepsen worker 2] jepsen.util: 2	:invoke	:read	nil
2023-05-11 01:40:33,938{GMT}	INFO	[jepsen worker 2] jepsen.util: 2	:ok	:read	[5 19 21 26 35 38 47]
2023-05-11 01:40:33,997{GMT}	INFO	[jepsen worker 3] jepsen.util: 3	:invoke	:read	nil
2023-05-11 01:40:33,998{GMT}	INFO	[jepsen worker 3] jepsen.util: 3	:ok	:read	[1 6 9 13 16 20 22 33 43 51 53 62]
2023-05-11 01:40:34,116{GMT}	INFO	[jepsen worker 4] jepsen.util: 4	:invoke	:read	nil
2023-05-11 01:40:34,117{GMT}	INFO	[jepsen worker 4] jepsen.util: 4	:ok	:read	[7 10 14 23 28 39 48 54 58]
2023-05-11 01:40:34,161{GMT}	INFO	[jepsen worker 0] jepsen.util: 0	:invoke	:read	nil
2023-05-11 01:40:34,162{GMT}	INFO	[jepsen worker 0] jepsen.util: 0	:ok	:read	[0 2 3 8 11 12 17 18 24 29 30 31 36 37 40 41 44 45 46 49 50 52 55 56 59 60]
2023-05-11 01:40:34,224{GMT}	INFO	[jepsen worker 0] jepsen.util: 0	:invoke	:broadcast	64
2023-05-11 01:40:34,225{GMT}	INFO	[jepsen worker 0] jepsen.util: 0	:ok	:broadcast	64
2023-05-11 01:40:34,378{GMT}	INFO	[jepsen worker 1] jepsen.util: 1	:invoke	:read	nil
2023-05-11 01:40:34,379{GMT}	INFO	[jepsen worker 1] jepsen.util: 1	:ok	:read	[4 15 25 27 32 34 42 57 61 63]
2023-05-11 01:40:34,412{GMT}	INFO	[jepsen worker 2] jepsen.util: 2	:invoke	:broadcast	65
2023-05-11 01:40:34,413{GMT}	INFO	[jepsen worker 2] jepsen.util: 2	:ok	:broadcast	65
2023-05-11 01:40:34,435{GMT}	INFO	[jepsen worker 3] jepsen.util: 3	:invoke	:broadcast	66
2023-05-11 01:40:34,436{GMT}	INFO	[jepsen worker 3] jepsen.util: 3	:ok	:broadcast	66
2023-05-11 01:40:34,552{GMT}	INFO	[jepsen worker 4] jepsen.util: 4	:invoke	:read	nil
2023-05-11 01:40:34,553{GMT}	INFO	[jepsen worker 4] jepsen.util: 4	:ok	:read	[7 10 14 23 28 39 48 54 58]
2023-05-11 01:40:34,631{GMT}	INFO	[jepsen worker 0] jepsen.util: 0	:invoke	:broadcast	67
2023-05-11 01:40:34,632{GMT}	INFO	[jepsen worker 0] jepsen.util: 0	:ok	:broadcast	67
2023-05-11 01:40:34,804{GMT}	INFO	[jepsen worker 0] jepsen.util: 0	:invoke	:read	nil
2023-05-11 01:40:34,805{GMT}	INFO	[jepsen worker 0] jepsen.util: 0	:ok	:read	[0 2 3 8 11 12 17 18 24 29 30 31 36 37 40 41 44 45 46 49 50 52 55 56 59 60 64 67]
2023-05-11 01:40:34,851{GMT}	INFO	[jepsen worker 1] jepsen.util: 1	:invoke	:read	nil
2023-05-11 01:40:34,852{GMT}	INFO	[jepsen worker 1] jepsen.util: 1	:ok	:read	[4 15 25 27 32 34 42 57 61 63]
2023-05-11 01:40:34,942{GMT}	INFO	[jepsen worker 2] jepsen.util: 2	:invoke	:broadcast	68
2023-05-11 01:40:34,942{GMT}	INFO	[jepsen worker 2] jepsen.util: 2	:ok	:broadcast	68
2023-05-11 01:40:35,016{GMT}	INFO	[jepsen worker 3] jepsen.util: 3	:invoke	:broadcast	69
2023-05-11 01:40:35,017{GMT}	INFO	[jepsen worker 3] jepsen.util: 3	:ok	:broadcast	69
2023-05-11 01:40:35,117{GMT}	INFO	[jepsen worker 4] jepsen.util: 4	:invoke	:broadcast	70
2023-05-11 01:40:35,118{GMT}	INFO	[jepsen worker 4] jepsen.util: 4	:ok	:broadcast	70
2023-05-11 01:40:35,280{GMT}	INFO	[jepsen worker 0] jepsen.util: 0	:invoke	:broadcast	71
2023-05-11 01:40:35,281{GMT}	INFO	[jepsen worker 0] jepsen.util: 0	:ok	:broadcast	71
2023-05-11 01:40:35,330{GMT}	INFO	[jepsen worker 0] jepsen.util: 0	:invoke	:read	nil
2023-05-11 01:40:35,331{GMT}	INFO	[jepsen worker 0] jepsen.util: 0	:ok	:read	[0 2 3 8 11 12 17 18 24 29 30 31 36 37 40 41 44 45 46 49 50 52 55 56 59 60 64 67 71]
2023-05-11 01:40:35,336{GMT}	INFO	[jepsen worker 1] jepsen.util: 1	:invoke	:broadcast	72
2023-05-11 01:40:35,336{GMT}	INFO	[jepsen worker 1] jepsen.util: 1	:ok	:broadcast	72
2023-05-11 01:40:35,476{GMT}	INFO	[jepsen worker 2] jepsen.util: 2	:invoke	:read	nil
2023-05-11 01:40:35,477{GMT}	INFO	[jepsen worker 2] jepsen.util: 2	:ok	:read	[5 19 21 26 35 38 47 65 68]
2023-05-11 01:40:35,623{GMT}	INFO	[jepsen worker 3] jepsen.util: 3	:invoke	:broadcast	73
2023-05-11 01:40:35,624{GMT}	INFO	[jepsen worker 3] jepsen.util: 3	:ok	:broadcast	73
2023-05-11 01:40:35,635{GMT}	INFO	[jepsen worker 4] jepsen.util: 4	:invoke	:read	nil
2023-05-11 01:40:35,636{GMT}	INFO	[jepsen worker 4] jepsen.util: 4	:ok	:read	[7 10 14 23 28 39 48 54 58 70]
2023-05-11 01:40:35,774{GMT}	INFO	[jepsen worker 0] jepsen.util: 0	:invoke	:broadcast	74
2023-05-11 01:40:35,775{GMT}	INFO	[jepsen worker 0] jepsen.util: 0	:ok	:broadcast	74
2023-05-11 01:40:35,886{GMT}	INFO	[jepsen worker 0] jepsen.util: 0	:invoke	:read	nil
2023-05-11 01:40:35,887{GMT}	INFO	[jepsen worker 0] jepsen.util: 0	:ok	:read	[0 2 3 8 11 12 17 18 24 29 30 31 36 37 40 41 44 45 46 49 50 52 55 56 59 60 64 67 71 74]
2023-05-11 01:40:35,899{GMT}	INFO	[jepsen worker 1] jepsen.util: 1	:invoke	:read	nil
2023-05-11 01:40:35,900{GMT}	INFO	[jepsen worker 1] jepsen.util: 1	:ok	:read	[4 15 25 27 32 34 42 57 61 63 72]
2023-05-11 01:40:36,098{GMT}	INFO	[jepsen worker 2] jepsen.util: 2	:invoke	:read	nil
2023-05-11 01:40:36,099{GMT}	INFO	[jepsen worker 2] jepsen.util: 2	:ok	:read	[5 19 21 26 35 38 47 65 68]
2023-05-11 01:40:36,265{GMT}	INFO	[jepsen worker 3] jepsen.util: 3	:invoke	:broadcast	75
2023-05-11 01:40:36,266{GMT}	INFO	[jepsen worker 3] jepsen.util: 3	:ok	:broadcast	75
2023-05-11 01:40:36,389{GMT}	INFO	[jepsen worker 4] jepsen.util: 4	:invoke	:read	nil
2023-05-11 01:40:36,389{GMT}	INFO	[jepsen worker 4] jepsen.util: 4	:ok	:read	[7 10 14 23 28 39 48 54 58 70]
2023-05-11 01:40:36,544{GMT}	INFO	[jepsen worker 0] jepsen.util: 0	:invoke	:read	nil
2023-05-11 01:40:36,545{GMT}	INFO	[jepsen worker 0] jepsen.util: 0	:ok	:read	[0 2 3 8 11 12 17 18 24 29 30 31 36 37 40 41 44 45 46 49 50 52 55 56 59 60 64 67 71 74]
2023-05-11 01:40:36,704{GMT}	INFO	[jepsen worker 0] jepsen.util: 0	:invoke	:broadcast	76
2023-05-11 01:40:36,705{GMT}	INFO	[jepsen worker 0] jepsen.util: 0	:ok	:broadcast	76
2023-05-11 01:40:36,795{GMT}	INFO	[jepsen worker 1] jepsen.util: 1	:invoke	:broadcast	77
2023-05-11 01:40:36,796{GMT}	INFO	[jepsen worker 1] jepsen.util: 1	:ok	:broadcast	77
2023-05-11 01:40:36,799{GMT}	INFO	[jepsen worker 2] jepsen.util: 2	:invoke	:broadcast	78
2023-05-11 01:40:36,800{GMT}	INFO	[jepsen worker 2] jepsen.util: 2	:ok	:broadcast	78
2023-05-11 01:40:36,957{GMT}	INFO	[jepsen worker 3] jepsen.util: 3	:invoke	:broadcast	79
2023-05-11 01:40:36,958{GMT}	INFO	[jepsen worker 3] jepsen.util: 3	:ok	:broadcast	79
2023-05-11 01:40:37,087{GMT}	INFO	[jepsen worker 4] jepsen.util: 4	:invoke	:broadcast	80
2023-05-11 01:40:37,088{GMT}	INFO	[jepsen worker 4] jepsen.util: 4	:ok	:broadcast	80
2023-05-11 01:40:37,225{GMT}	INFO	[jepsen worker 0] jepsen.util: 0	:invoke	:read	nil
2023-05-11 01:40:37,226{GMT}	INFO	[jepsen worker 0] jepsen.util: 0	:ok	:read	[0 2 3 8 11 12 17 18 24 29 30 31 36 37 40 41 44 45 46 49 50 52 55 56 59 60 64 67 71 74 76]
2023-05-11 01:40:37,424{GMT}	INFO	[jepsen worker 0] jepsen.util: 0	:invoke	:read	nil
2023-05-11 01:40:37,425{GMT}	INFO	[jepsen worker 0] jepsen.util: 0	:ok	:read	[0 2 3 8 11 12 17 18 24 29 30 31 36 37 40 41 44 45 46 49 50 52 55 56 59 60 64 67 71 74 76]
2023-05-11 01:40:37,462{GMT}	INFO	[jepsen worker 1] jepsen.util: 1	:invoke	:broadcast	81
2023-05-11 01:40:37,463{GMT}	INFO	[jepsen worker 1] jepsen.util: 1	:ok	:broadcast	81
2023-05-11 01:40:37,509{GMT}	INFO	[jepsen worker 2] jepsen.util: 2	:invoke	:read	nil
2023-05-11 01:40:37,509{GMT}	INFO	[jepsen worker 2] jepsen.util: 2	:ok	:read	[5 19 21 26 35 38 47 65 68 78]
2023-05-11 01:40:37,649{GMT}	INFO	[jepsen worker 3] jepsen.util: 3	:invoke	:broadcast	82
2023-05-11 01:40:37,650{GMT}	INFO	[jepsen worker 3] jepsen.util: 3	:ok	:broadcast	82
2023-05-11 01:40:37,754{GMT}	INFO	[jepsen worker 4] jepsen.util: 4	:invoke	:broadcast	83
2023-05-11 01:40:37,755{GMT}	INFO	[jepsen worker 4] jepsen.util: 4	:ok	:broadcast	83
2023-05-11 01:40:37,905{GMT}	INFO	[jepsen worker 0] jepsen.util: 0	:invoke	:broadcast	84
2023-05-11 01:40:37,905{GMT}	INFO	[jepsen worker 0] jepsen.util: 0	:ok	:broadcast	84
2023-05-11 01:40:37,915{GMT}	INFO	[jepsen worker 0] jepsen.util: 0	:invoke	:broadcast	85
2023-05-11 01:40:37,915{GMT}	INFO	[jepsen worker 0] jepsen.util: 0	:ok	:broadcast	85
2023-05-11 01:40:38,081{GMT}	INFO	[jepsen worker 1] jepsen.util: 1	:invoke	:broadcast	86
2023-05-11 01:40:38,082{GMT}	INFO	[jepsen worker 1] jepsen.util: 1	:ok	:broadcast	86
2023-05-11 01:40:38,135{GMT}	INFO	[jepsen worker 2] jepsen.util: 2	:invoke	:read	nil
2023-05-11 01:40:38,136{GMT}	INFO	[jepsen worker 2] jepsen.util: 2	:ok	:read	[5 19 21 26 35 38 47 65 68 78]
2023-05-11 01:40:38,278{GMT}	INFO	[jepsen worker 3] jepsen.util: 3	:invoke	:broadcast	87
2023-05-11 01:40:38,279{GMT}	INFO	[jepsen worker 4] jepsen.util: 4	:invoke	:read	nil
2023-05-11 01:40:38,279{GMT}	INFO	[jepsen worker 3] jepsen.util: 3	:ok	:broadcast	87
2023-05-11 01:40:38,279{GMT}	INFO	[jepsen worker 4] jepsen.util: 4	:ok	:read	[7 10 14 23 28 39 48 54 58 70 80 83]
2023-05-11 01:40:38,339{GMT}	INFO	[jepsen worker 0] jepsen.util: 0	:invoke	:broadcast	88
2023-05-11 01:40:38,340{GMT}	INFO	[jepsen worker 0] jepsen.util: 0	:ok	:broadcast	88
2023-05-11 01:40:38,501{GMT}	INFO	[jepsen worker 0] jepsen.util: 0	:invoke	:broadcast	89
2023-05-11 01:40:38,502{GMT}	INFO	[jepsen worker 0] jepsen.util: 0	:ok	:broadcast	89
2023-05-11 01:40:38,647{GMT}	INFO	[jepsen worker 1] jepsen.util: 1	:invoke	:read	nil
2023-05-11 01:40:38,648{GMT}	INFO	[jepsen worker 1] jepsen.util: 1	:ok	:read	[4 15 25 27 32 34 42 57 61 63 72 77 81 86]
2023-05-11 01:40:38,685{GMT}	INFO	[jepsen worker 2] jepsen.util: 2	:invoke	:broadcast	90
2023-05-11 01:40:38,685{GMT}	INFO	[jepsen worker 2] jepsen.util: 2	:ok	:broadcast	90
2023-05-11 01:40:38,696{GMT}	INFO	[jepsen worker 3] jepsen.util: 3	:invoke	:read	nil
2023-05-11 01:40:38,696{GMT}	INFO	[jepsen worker 3] jepsen.util: 3	:ok	:read	[1 6 9 13 16 20 22 33 43 51 53 62 66 69 73 75 79 82 87]
2023-05-11 01:40:38,705{GMT}	INFO	[jepsen worker 4] jepsen.util: 4	:invoke	:broadcast	91
2023-05-11 01:40:38,705{GMT}	INFO	[jepsen worker 4] jepsen.util: 4	:ok	:broadcast	91
2023-05-11 01:40:38,741{GMT}	INFO	[jepsen worker 0] jepsen.util: 0	:invoke	:broadcast	92
2023-05-11 01:40:38,741{GMT}	INFO	[jepsen worker 0] jepsen.util: 0	:ok	:broadcast	92
2023-05-11 01:40:38,937{GMT}	INFO	[jepsen worker 0] jepsen.util: 0	:invoke	:broadcast	93
2023-05-11 01:40:38,938{GMT}	INFO	[jepsen worker 0] jepsen.util: 0	:ok	:broadcast	93
2023-05-11 01:40:38,993{GMT}	INFO	[jepsen worker 1] jepsen.util: 1	:invoke	:read	nil
2023-05-11 01:40:38,994{GMT}	INFO	[jepsen worker 1] jepsen.util: 1	:ok	:read	[4 15 25 27 32 34 42 57 61 63 72 77 81 86]
2023-05-11 01:40:39,172{GMT}	INFO	[jepsen worker 2] jepsen.util: 2	:invoke	:broadcast	94
2023-05-11 01:40:39,173{GMT}	INFO	[jepsen worker 2] jepsen.util: 2	:ok	:broadcast	94
2023-05-11 01:40:39,300{GMT}	INFO	[jepsen worker 3] jepsen.util: 3	:invoke	:broadcast	95
2023-05-11 01:40:39,301{GMT}	INFO	[jepsen worker 3] jepsen.util: 3	:ok	:broadcast	95
2023-05-11 01:40:39,370{GMT}	INFO	[jepsen worker 4] jepsen.util: 4	:invoke	:broadcast	96
2023-05-11 01:40:39,370{GMT}	INFO	[jepsen worker 4] jepsen.util: 4	:ok	:broadcast	96
2023-05-11 01:40:39,543{GMT}	INFO	[jepsen worker 0] jepsen.util: 0	:invoke	:broadcast	97
2023-05-11 01:40:39,544{GMT}	INFO	[jepsen worker 0] jepsen.util: 0	:ok	:broadcast	97
2023-05-11 01:40:39,596{GMT}	INFO	[jepsen worker 0] jepsen.util: 0	:invoke	:broadcast	98
2023-05-11 01:40:39,596{GMT}	INFO	[jepsen worker 0] jepsen.util: 0	:ok	:broadcast	98
2023-05-11 01:40:39,727{GMT}	INFO	[jepsen worker 1] jepsen.util: 1	:invoke	:broadcast	99
2023-05-11 01:40:39,728{GMT}	INFO	[jepsen worker 1] jepsen.util: 1	:ok	:broadcast	99
2023-05-11 01:40:39,810{GMT}	INFO	[jepsen worker 2] jepsen.util: 2	:invoke	:read	nil
2023-05-11 01:40:39,811{GMT}	INFO	[jepsen worker 2] jepsen.util: 2	:ok	:read	[5 19 21 26 35 38 47 65 68 78 90 94]
2023-05-11 01:40:39,938{GMT}	INFO	[jepsen worker 3] jepsen.util: 3	:invoke	:broadcast	100
2023-05-11 01:40:39,939{GMT}	INFO	[jepsen worker 3] jepsen.util: 3	:ok	:broadcast	100
2023-05-11 01:40:39,979{GMT}	INFO	[jepsen worker 4] jepsen.util: 4	:invoke	:broadcast	101
2023-05-11 01:40:39,980{GMT}	INFO	[jepsen worker 4] jepsen.util: 4	:ok	:broadcast	101
2023-05-11 01:40:40,126{GMT}	INFO	[jepsen worker 0] jepsen.util: 0	:invoke	:broadcast	102
2023-05-11 01:40:40,127{GMT}	INFO	[jepsen worker 0] jepsen.util: 0	:ok	:broadcast	102
2023-05-11 01:40:40,182{GMT}	INFO	[jepsen worker 0] jepsen.util: 0	:invoke	:read	nil
2023-05-11 01:40:40,183{GMT}	INFO	[jepsen worker 0] jepsen.util: 0	:ok	:read	[0 2 3 8 11 12 17 18 24 29 30 31 36 37 40 41 44 45 46 49 50 52 55 56 59 60 64 67 71 74 76 84 85 88 89 92 93 97 98 102]
2023-05-11 01:40:40,304{GMT}	INFO	[jepsen worker 1] jepsen.util: 1	:invoke	:read	nil
2023-05-11 01:40:40,304{GMT}	INFO	[jepsen worker 1] jepsen.util: 1	:ok	:read	[4 15 25 27 32 34 42 57 61 63 72 77 81 86 99]
2023-05-11 01:40:40,380{GMT}	INFO	[jepsen worker 2] jepsen.util: 2	:invoke	:broadcast	103
2023-05-11 01:40:40,381{GMT}	INFO	[jepsen worker 2] jepsen.util: 2	:ok	:broadcast	103
2023-05-11 01:40:40,502{GMT}	INFO	[jepsen worker 3] jepsen.util: 3	:invoke	:read	nil
2023-05-11 01:40:40,503{GMT}	INFO	[jepsen worker 3] jepsen.util: 3	:ok	:read	[1 6 9 13 16 20 22 33 43 51 53 62 66 69 73 75 79 82 87 95 100]
2023-05-11 01:40:40,520{GMT}	INFO	[jepsen worker 4] jepsen.util: 4	:invoke	:broadcast	104
2023-05-11 01:40:40,520{GMT}	INFO	[jepsen worker 4] jepsen.util: 4	:ok	:broadcast	104
2023-05-11 01:40:40,689{GMT}	INFO	[jepsen worker 0] jepsen.util: 0	:invoke	:read	nil
2023-05-11 01:40:40,690{GMT}	INFO	[jepsen worker 0] jepsen.util: 0	:ok	:read	[0 2 3 8 11 12 17 18 24 29 30 31 36 37 40 41 44 45 46 49 50 52 55 56 59 60 64 67 71 74 76 84 85 88 89 92 93 97 98 102]
2023-05-11 01:40:40,840{GMT}	INFO	[jepsen worker 0] jepsen.util: 0	:invoke	:read	nil
2023-05-11 01:40:40,841{GMT}	INFO	[jepsen worker 0] jepsen.util: 0	:ok	:read	[0 2 3 8 11 12 17 18 24 29 30 31 36 37 40 41 44 45 46 49 50 52 55 56 59 60 64 67 71 74 76 84 85 88 89 92 93 97 98 102]
2023-05-11 01:40:40,987{GMT}	INFO	[jepsen worker 1] jepsen.util: 1	:invoke	:read	nil
2023-05-11 01:40:40,988{GMT}	INFO	[jepsen worker 1] jepsen.util: 1	:ok	:read	[4 15 25 27 32 34 42 57 61 63 72 77 81 86 99]
2023-05-11 01:40:41,056{GMT}	INFO	[jepsen worker 2] jepsen.util: 2	:invoke	:read	nil
2023-05-11 01:40:41,057{GMT}	INFO	[jepsen worker 2] jepsen.util: 2	:ok	:read	[5 19 21 26 35 38 47 65 68 78 90 94 103]
2023-05-11 01:40:41,184{GMT}	INFO	[jepsen worker 3] jepsen.util: 3	:invoke	:broadcast	105
2023-05-11 01:40:41,184{GMT}	INFO	[jepsen worker 3] jepsen.util: 3	:ok	:broadcast	105
2023-05-11 01:40:41,286{GMT}	INFO	[jepsen worker 4] jepsen.util: 4	:invoke	:read	nil
2023-05-11 01:40:41,287{GMT}	INFO	[jepsen worker 4] jepsen.util: 4	:ok	:read	[7 10 14 23 28 39 48 54 58 70 80 83 91 96 101 104]
2023-05-11 01:40:41,296{GMT}	INFO	[jepsen worker 0] jepsen.util: 0	:invoke	:broadcast	106
2023-05-11 01:40:41,296{GMT}	INFO	[jepsen worker 0] jepsen.util: 0	:ok	:broadcast	106
2023-05-11 01:40:41,393{GMT}	INFO	[jepsen worker 0] jepsen.util: 0	:invoke	:read	nil
2023-05-11 01:40:41,394{GMT}	INFO	[jepsen worker 0] jepsen.util: 0	:ok	:read	[0 2 3 8 11 12 17 18 24 29 30 31 36 37 40 41 44 45 46 49 50 52 55 56 59 60 64 67 71 74 76 84 85 88 89 92 93 97 98 102 106]
2023-05-11 01:40:41,559{GMT}	INFO	[jepsen worker 1] jepsen.util: 1	:invoke	:read	nil
2023-05-11 01:40:41,560{GMT}	INFO	[jepsen worker 1] jepsen.util: 1	:ok	:read	[4 15 25 27 32 34 42 57 61 63 72 77 81 86 99]
2023-05-11 01:40:41,616{GMT}	INFO	[jepsen worker 2] jepsen.util: 2	:invoke	:broadcast	107
2023-05-11 01:40:41,617{GMT}	INFO	[jepsen worker 2] jepsen.util: 2	:ok	:broadcast	107
2023-05-11 01:40:41,812{GMT}	INFO	[jepsen worker 3] jepsen.util: 3	:invoke	:read	nil
2023-05-11 01:40:41,813{GMT}	INFO	[jepsen worker 3] jepsen.util: 3	:ok	:read	[1 6 9 13 16 20 22 33 43 51 53 62 66 69 73 75 79 82 87 95 100 105]
2023-05-11 01:40:41,950{GMT}	INFO	[jepsen worker 4] jepsen.util: 4	:invoke	:broadcast	108
2023-05-11 01:40:41,951{GMT}	INFO	[jepsen worker 4] jepsen.util: 4	:ok	:broadcast	108
2023-05-11 01:40:42,048{GMT}	INFO	[jepsen worker 0] jepsen.util: 0	:invoke	:read	nil
2023-05-11 01:40:42,049{GMT}	INFO	[jepsen worker 0] jepsen.util: 0	:ok	:read	[0 2 3 8 11 12 17 18 24 29 30 31 36 37 40 41 44 45 46 49 50 52 55 56 59 60 64 67 71 74 76 84 85 88 89 92 93 97 98 102 106]
2023-05-11 01:40:42,161{GMT}	INFO	[jepsen worker 0] jepsen.util: 0	:invoke	:read	nil
2023-05-11 01:40:42,162{GMT}	INFO	[jepsen worker 0] jepsen.util: 0	:ok	:read	[0 2 3 8 11 12 17 18 24 29 30 31 36 37 40 41 44 45 46 49 50 52 55 56 59 60 64 67 71 74 76 84 85 88 89 92 93 97 98 102 106]
2023-05-11 01:40:42,300{GMT}	INFO	[jepsen worker 1] jepsen.util: 1	:invoke	:broadcast	109
2023-05-11 01:40:42,301{GMT}	INFO	[jepsen worker 1] jepsen.util: 1	:ok	:broadcast	109
2023-05-11 01:40:42,490{GMT}	INFO	[jepsen worker 2] jepsen.util: 2	:invoke	:read	nil
2023-05-11 01:40:42,491{GMT}	INFO	[jepsen worker 2] jepsen.util: 2	:ok	:read	[5 19 21 26 35 38 47 65 68 78 90 94 103 107]
2023-05-11 01:40:42,491{GMT}	INFO	[jepsen worker 3] jepsen.generator.interpreter: Waiting for recovery...
2023-05-11 01:40:52,493{GMT}	INFO	[jepsen worker 0] jepsen.util: 0	:invoke	:read	nil
2023-05-11 01:40:52,493{GMT}	INFO	[jepsen worker 1] jepsen.util: 1	:invoke	:read	nil
2023-05-11 01:40:52,493{GMT}	INFO	[jepsen worker 2] jepsen.util: 2	:invoke	:read	nil
2023-05-11 01:40:52,493{GMT}	INFO	[jepsen worker 3] jepsen.util: 3	:invoke	:read	nil
2023-05-11 01:40:52,494{GMT}	INFO	[jepsen worker 4] jepsen.util: 4	:invoke	:read	nil
2023-05-11 01:40:52,494{GMT}	INFO	[jepsen worker 1] jepsen.util: 1	:ok	:read	[4 15 25 27 32 34 42 57 61 63 72 77 81 86 99 109]
2023-05-11 01:40:52,494{GMT}	INFO	[jepsen worker 3] jepsen.util: 3	:ok	:read	[1 6 9 13 16 20 22 33 43 51 53 62 66 69 73 75 79 82 87 95 100 105]
2023-05-11 01:40:52,494{GMT}	INFO	[jepsen worker 2] jepsen.util: 2	:ok	:read	[5 19 21 26 35 38 47 65 68 78 90 94 103 107]
2023-05-11 01:40:52,494{GMT}	INFO	[jepsen worker 0] jepsen.util: 0	:ok	:read	[0 2 3 8 11 12 17 18 24 29 30 31 36 37 40 41 44 45 46 49 50 52 55 56 59 60 64 67 71 74 76 84 85 88 89 92 93 97 98 102 106]
2023-05-11 01:40:52,494{GMT}	INFO	[jepsen worker 4] jepsen.util: 4	:ok	:read	[7 10 14 23 28 39 48 54 58 70 80 83 91 96 101 104 108]
2023-05-11 01:40:52,506{GMT}	INFO	[jepsen test runner] jepsen.core: Run complete, writing
2023-05-11 01:40:52,544{GMT}	INFO	[jepsen node n0] maelstrom.db: Tearing down n0
2023-05-11 01:40:52,544{GMT}	INFO	[jepsen node n1] maelstrom.db: Tearing down n1
2023-05-11 01:40:52,544{GMT}	INFO	[jepsen node n2] maelstrom.db: Tearing down n2
2023-05-11 01:40:52,545{GMT}	INFO	[jepsen node n3] maelstrom.db: Tearing down n3
2023-05-11 01:40:52,545{GMT}	INFO	[jepsen node n4] maelstrom.db: Tearing down n4
2023-05-11 01:40:54,483{GMT}	INFO	[jepsen node n0] maelstrom.net: Shutting down Maelstrom network
2023-05-11 01:40:54,483{GMT}	INFO	[jepsen test runner] jepsen.core: Analyzing...
2023-05-11 01:40:54,618{GMT}	INFO	[jepsen test runner] jepsen.core: Analysis complete
2023-05-11 01:40:54,643{GMT}	INFO	[jepsen results] jepsen.store: Wrote /home/eman/gossip-glomers/maelstrom/store/broadcast/20230511T014021.047-0400/results.edn
2023-05-11 01:40:54,664{GMT}	INFO	[jepsen test runner] jepsen.core: {:perf {:latency-graph {:valid? true},
        :rate-graph {:valid? true},
        :valid? true},
 :timeline {:valid? true},
 :exceptions {:valid? true},
 :stats {:valid? true,
         :count 218,
         :ok-count 218,
         :fail-count 0,
         :info-count 0,
         :by-f {:broadcast {:valid? true,
                            :count 110,
                            :ok-count 110,
                            :fail-count 0,
                            :info-count 0},
                :read {:valid? true,
                       :count 108,
                       :ok-count 108,
                       :fail-count 0,
                       :info-count 0}}},
 :availability {:valid? true, :ok-fraction 1.0},
 :net {:all {:send-count 456,
             :recv-count 456,
             :msg-count 456,
             :msgs-per-op 2.0917432},
       :clients {:send-count 456, :recv-count 456, :msg-count 456},
       :servers {:send-count 0,
                 :recv-count 0,
                 :msg-count 0,
                 :msgs-per-op 0.0},
       :valid? true},
 :workload {:worst-stale ({:element 7,
                           :outcome :stable,
                           :stable-latency 29268,
                           :lost-latency nil,
                           :known #jepsen.history.Op{:index 21,
                                                     :time 733289984,
                                                     :type :ok,
                                                     :process 4,
                                                     :f :add,
                                                     :value 7},
                           :last-absent #jepsen.history.Op{:index 429,
                                                           :time 30001414449,
                                                           :type :invoke,
                                                           :process 3,
                                                           :f :read,
                                                           :value nil,
                                                           :final? true}}
                          {:element 10,
                           :outcome :stable,
                           :stable-latency 28675,
                           :lost-latency nil,
                           :known #jepsen.history.Op{:index 33,
                                                     :time 1325932066,
                                                     :type :ok,
                                                     :process 4,
                                                     :f :add,
                                                     :value 10},
                           :last-absent #jepsen.history.Op{:index 429,
                                                           :time 30001414449,
                                                           :type :invoke,
                                                           :process 3,
                                                           :f :read,
                                                           :value nil,
                                                           :final? true}}
                          {:element 14,
                           :outcome :stable,
                           :stable-latency 28450,
                           :lost-latency nil,
                           :known #jepsen.history.Op{:index 45,
                                                     :time 1550675371,
                                                     :type :ok,
                                                     :process 4,
                                                     :f :add,
                                                     :value 14},
                           :last-absent #jepsen.history.Op{:index 429,
                                                           :time 30001414449,
                                                           :type :invoke,
                                                           :process 3,
                                                           :f :read,
                                                           :value nil,
                                                           :final? true}}
                          {:element 23,
                           :outcome :stable,
                           :stable-latency 26621,
                           :lost-latency nil,
                           :known #jepsen.history.Op{:index 81,
                                                     :time 3379673027,
                                                     :type :ok,
                                                     :process 4,
                                                     :f :add,
                                                     :value 23},
                           :last-absent #jepsen.history.Op{:index 429,
                                                           :time 30001414449,
                                                           :type :invoke,
                                                           :process 3,
                                                           :f :read,
                                                           :value nil,
                                                           :final? true}}
                          {:element 28,
                           :outcome :stable,
                           :stable-latency 25758,
                           :lost-latency nil,
                           :known #jepsen.history.Op{:index 105,
                                                     :time 4242462631,
                                                     :type :ok,
                                                     :process 4,
                                                     :f :add,
                                                     :value 28},
                           :last-absent #jepsen.history.Op{:index 429,
                                                           :time 30001414449,
                                                           :type :invoke,
                                                           :process 3,
                                                           :f :read,
                                                           :value nil,
                                                           :final? true}}
                          {:element 39,
                           :outcome :stable,
                           :stable-latency 22871,
                           :lost-latency nil,
                           :known #jepsen.history.Op{:index 165,
                                                     :time 7129902497,
                                                     :type :ok,
                                                     :process 4,
                                                     :f :add,
                                                     :value 39},
                           :last-absent #jepsen.history.Op{:index 429,
                                                           :time 30001414449,
                                                           :type :invoke,
                                                           :process 3,
                                                           :f :read,
                                                           :value nil,
                                                           :final? true}}
                          {:element 48,
                           :outcome :stable,
                           :stable-latency 21111,
                           :lost-latency nil,
                           :known #jepsen.history.Op{:index 201,
                                                     :time 8890138760,
                                                     :type :ok,
                                                     :process 4,
                                                     :f :add,
                                                     :value 48},
                           :last-absent #jepsen.history.Op{:index 429,
                                                           :time 30001414449,
                                                           :type :invoke,
                                                           :process 3,
                                                           :f :read,
                                                           :value nil,
                                                           :final? true}}
                          {:element 54,
                           :outcome :stable,
                           :stable-latency 19877,
                           :lost-latency nil,
                           :known #jepsen.history.Op{:index 225,
                                                     :time 10123441673,
                                                     :type :ok,
                                                     :process 4,
                                                     :f :add,
                                                     :value 54},
                           :last-absent #jepsen.history.Op{:index 429,
                                                           :time 30001414449,
                                                           :type :invoke,
                                                           :process 3,
                                                           :f :read,
                                                           :value nil,
                                                           :final? true}}),
            :duplicated-count 0,
            :valid? false,
            :lost-count 93,
            :lost (0
                   1
                   2
                   3
                   4
                   5
                   6
                   8
                   9
                   11
                   12
                   13
                   15
                   16
                   17
                   18
                   19
                   20
                   21
                   22
                   24
                   25
                   26
                   27
                   29
                   30
                   31
                   32
                   33
                   34
                   35
                   36
                   37
                   38
                   40
                   41
                   42
                   43
                   44
                   45
                   46
                   47
                   49
                   50
                   51
                   52
                   53
                   55
                   56
                   57
                   59
                   60
                   61
                   62
                   63
                   64
                   65
                   66
                   67
                   68
                   69
                   71
                   72
                   73
                   74
                   75
                   76
                   77
                   78
                   79
                   81
                   82
                   84
                   85
                   86
                   87
                   88
                   89
                   90
                   92
                   93
                   94
                   95
                   97
                   98
                   99
                   100
                   102
                   103
                   105
                   106
                   107
                   109),
            :stable-count 17,
            :stale-count 17,
            :stale (7
                    10
                    14
                    23
                    28
                    39
                    48
                    54
                    58
                    70
                    80
                    83
                    91
                    96
                    101
                    104
                    108),
            :never-read-count 0,
            :stable-latencies {0 10542,
                               0.5 19375,
                               0.95 29268,
                               0.99 29268,
                               1 29268},
            :attempt-count 110,
            :lost-latencies {0 10191,
                             0.5 19909,
                             0.95 29476,
                             0.99 29979,
                             1 29979},
            :never-read (),
            :duplicated {}},
 :valid? false}


Analysis invalid! ( 
