2023-05-11 01:48:17,282{GMT}	INFO	[jepsen test runner] jepsen.core: Command line:
lein run test -w broadcast --bin ../maelstrom-echo/target/release/maelstrom-echo --node-count 5 --time-limit 20 --rate 10 --nemesis partition
2023-05-11 01:48:17,348{GMT}	INFO	[jepsen test runner] jepsen.core: Running test:
{:args []
 :remote
 #jepsen.control.retry.Remote{:remote #jepsen.control.scp.Remote{:cmd-remote #jepsen.control.sshj.SSHJRemote{:concurrency-limit 6,
                                                                                                             :conn-spec nil,
                                                                                                             :client nil,
                                                                                                             :semaphore nil},
                                                                 :conn-spec nil},
                              :conn nil}
 :log-net-send false
 :node-count 5
 :availability nil
 :max-txn-length 4
 :concurrency 5
 :db
 #object[maelstrom.db$db$reify__16142
         "0x50a1c2f3"
         "maelstrom.db$db$reify__16142@50a1c2f3"]
 :max-writes-per-key 16
 :leave-db-running? false
 :name "broadcast"
 :logging-json? false
 :start-time
 #object[org.joda.time.DateTime "0x333813e7" "2023-05-11T01:48:17.269-04:00"]
 :nemesis-interval 10
 :net
 #object[maelstrom.net$jepsen_net$reify__15251
         "0x292237cd"
         "maelstrom.net$jepsen_net$reify__15251@292237cd"]
 :client
 #object[maelstrom.workload.broadcast$client$reify__16644
         "0x797a5b31"
         "maelstrom.workload.broadcast$client$reify__16644@797a5b31"]
 :barrier
 #object[java.util.concurrent.CyclicBarrier
         "0x13d7d1a8"
         "java.util.concurrent.CyclicBarrier@13d7d1a8"]
 :log-stderr false
 :pure-generators true
 :ssh {:dummy? true}
 :rate 10.0
 :checker
 #object[jepsen.checker$compose$reify__11881
         "0x60035f1e"
         "jepsen.checker$compose$reify__11881@60035f1e"]
 :argv
 ("test"
  "-w"
  "broadcast"
  "--bin"
  "../maelstrom-echo/target/release/maelstrom-echo"
  "--node-count"
  "5"
  "--time-limit"
  "20"
  "--rate"
  "10"
  "--nemesis"
  "partition")
 :nemesis
 (jepsen.nemesis.ReflCompose
  {:fm {:start-partition 0,
        :stop-partition 0,
        :kill 1,
        :start 1,
        :pause 1,
        :resume 1},
   :nemeses [#unprintable "jepsen.nemesis.combined$partition_nemesis$reify__16416@5827908c"
             #unprintable "jepsen.nemesis.combined$db_nemesis$reify__16397@732ffb6a"]})
 :nodes ["n0" "n1" "n2" "n3" "n4"]
 :test-count 1
 :latency {:mean 0, :dist :constant}
 :bin "../maelstrom-echo/target/release/maelstrom-echo"
 :generator
 ((jepsen.generator.Synchronize
   {:gen (jepsen.generator.TimeLimit
          {:limit 20000000000,
           :cutoff nil,
           :gen (jepsen.generator.Any
                 {:gens [(jepsen.generator.OnThreads
                          {:f #{:nemesis},
                           :context-filter #object[jepsen.generator.context$make_thread_filter$lazy_filter__9167
                                                   "0x40f40221"
                                                   "jepsen.generator.context$make_thread_filter$lazy_filter__9167@40f40221"],
                           :gen (jepsen.generator.Stagger
                                 {:dt 20000000000,
                                  :next-time nil,
                                  :gen (jepsen.generator.FlipFlop
                                        {:gens [#object[jepsen.nemesis.combined$partition_package$start__16420
                                                        "0x16441c13"
                                                        "jepsen.nemesis.combined$partition_package$start__16420@16441c13"]
                                                ({:type :info,
                                                  :f :stop-partition,
                                                  :value nil}
                                                 {:type :info,
                                                  :f :stop-partition,
                                                  :value nil}
                                                 {:type :info,
                                                  :f :stop-partition,
                                                  :value nil}
                                                 {:type :info,
                                                  :f :stop-partition,
                                                  :value nil}
                                                 {:type :info,
                                                  :f :stop-partition,
                                                  :value nil}
                                                 {:type :info,
                                                  :f :stop-partition,
                                                  :value nil}
                                                 {:type :info,
                                                  :f :stop-partition,
                                                  :value nil}
                                                 {:type :info,
                                                  :f :stop-partition,
                                                  :value nil}
                                                 ...)],
                                         :i 0})})})
                         (jepsen.generator.OnThreads
                          {:f #jepsen.generator.context.AllBut{:element :nemesis},
                           :context-filter #object[jepsen.generator.context$make_thread_filter$lazy_filter__9167
                                                   "0x164dfad2"
                                                   "jepsen.generator.context$make_thread_filter$lazy_filter__9167@164dfad2"],
                           :gen (jepsen.generator.Stagger
                                 {:dt 200000000,
                                  :next-time nil,
                                  :gen (jepsen.generator.Mix
                                        {:i 0,
                                         :gens [({:f :broadcast, :value 0}
                                                 {:f :broadcast, :value 1}
                                                 {:f :broadcast, :value 2}
                                                 {:f :broadcast, :value 3}
                                                 {:f :broadcast, :value 4}
                                                 {:f :broadcast, :value 5}
                                                 {:f :broadcast, :value 6}
                                                 {:f :broadcast, :value 7}
                                                 ...)
                                                ({:f :read}
                                                 {:f :read}
                                                 {:f :read}
                                                 {:f :read}
                                                 {:f :read}
                                                 {:f :read}
                                                 {:f :read}
                                                 {:f :read}
                                                 ...)]})})})]})})})
  (jepsen.generator.Synchronize
   {:gen (jepsen.generator.OnThreads
          {:f #{:nemesis},
           :context-filter #object[jepsen.generator.context$make_thread_filter$lazy_filter__9167
                                   "0x76480730"
                                   "jepsen.generator.context$make_thread_filter$lazy_filter__9167@76480730"],
           :gen ({:type :info, :f :stop-partition, :value nil})})})
  (jepsen.generator.Synchronize
   {:gen {:type :log, :value "Waiting for recovery..."}})
  (jepsen.generator.Synchronize {:gen {:type :sleep, :value 10}})
  (jepsen.generator.Synchronize
   {:gen (jepsen.generator.OnThreads
          {:f #jepsen.generator.context.AllBut{:element :nemesis},
           :context-filter #object[jepsen.generator.context$make_thread_filter$lazy_filter__9167
                                   "0x405a296e"
                                   "jepsen.generator.context$make_thread_filter$lazy_filter__9167@405a296e"],
           :gen (jepsen.generator.EachThread
                 {:fresh-gen {:f :read, :final? true},
                  :context-filters #object[clojure.core$promise$reify__8591
                                           "0x77198cce"
                                           {:status :pending, :val nil}],
                  :gens {}})})}))
 :log-net-recv false
 :os
 #object[maelstrom.net$jepsen_os$reify__15254
         "0xe7b7395"
         "maelstrom.net$jepsen_os$reify__15254@e7b7395"]
 :time-limit 20
 :workload :broadcast
 :consistency-models [:strict-serializable]
 :topology :grid}

2023-05-11 01:48:18,694{GMT}	INFO	[jepsen node n0] maelstrom.net: Starting Maelstrom network
2023-05-11 01:48:18,695{GMT}	INFO	[jepsen test runner] jepsen.db: Tearing down DB
2023-05-11 01:48:18,697{GMT}	INFO	[jepsen test runner] jepsen.db: Setting up DB
2023-05-11 01:48:18,698{GMT}	INFO	[jepsen node n1] maelstrom.db: Setting up n1
2023-05-11 01:48:18,698{GMT}	INFO	[jepsen node n2] maelstrom.db: Setting up n2
2023-05-11 01:48:18,698{GMT}	INFO	[jepsen node n3] maelstrom.db: Setting up n3
2023-05-11 01:48:18,698{GMT}	INFO	[jepsen node n4] maelstrom.db: Setting up n4
2023-05-11 01:48:18,699{GMT}	INFO	[jepsen node n1] maelstrom.process: launching ../maelstrom-echo/target/release/maelstrom-echo []
2023-05-11 01:48:18,699{GMT}	INFO	[jepsen node n3] maelstrom.process: launching ../maelstrom-echo/target/release/maelstrom-echo []
2023-05-11 01:48:18,699{GMT}	INFO	[jepsen node n2] maelstrom.process: launching ../maelstrom-echo/target/release/maelstrom-echo []
2023-05-11 01:48:18,699{GMT}	INFO	[jepsen node n4] maelstrom.process: launching ../maelstrom-echo/target/release/maelstrom-echo []
2023-05-11 01:48:18,699{GMT}	INFO	[jepsen node n0] maelstrom.service: Starting services: (lin-kv lin-tso lww-kv seq-kv)
2023-05-11 01:48:18,702{GMT}	INFO	[jepsen node n0] maelstrom.db: Setting up n0
2023-05-11 01:48:18,702{GMT}	INFO	[jepsen node n0] maelstrom.process: launching ../maelstrom-echo/target/release/maelstrom-echo []
2023-05-11 01:48:18,720{GMT}	INFO	[jepsen test runner] jepsen.core: Relative time begins now
2023-05-11 01:48:18,737{GMT}	INFO	[jepsen worker 1] jepsen.util: 1	:invoke	:broadcast	0
2023-05-11 01:48:18,737{GMT}	INFO	[jepsen worker nemesis] jepsen.util: :nemesis	:info	:start-partition	:minority-third
2023-05-11 01:48:18,740{GMT}	INFO	[jepsen worker 1] jepsen.util: 1	:ok	:broadcast	0
2023-05-11 01:48:18,741{GMT}	INFO	[jepsen worker nemesis] jepsen.util: :nemesis	:info	:start-partition	[:isolated {"n2" #{"n1" "n4" "n0" "n3"}, "n1" #{"n2"}, "n4" #{"n2"}, "n0" #{"n2"}, "n3" #{"n2"}}]
2023-05-11 01:48:18,874{GMT}	INFO	[jepsen worker 2] jepsen.util: 2	:invoke	:broadcast	1
2023-05-11 01:48:18,876{GMT}	INFO	[jepsen worker 2] jepsen.util: 2	:ok	:broadcast	1
2023-05-11 01:48:18,964{GMT}	INFO	[jepsen worker 3] jepsen.util: 3	:invoke	:read	nil
2023-05-11 01:48:18,965{GMT}	INFO	[jepsen worker 3] jepsen.util: 3	:ok	:read	[0]
2023-05-11 01:48:19,163{GMT}	INFO	[jepsen worker 4] jepsen.util: 4	:invoke	:read	nil
2023-05-11 01:48:19,165{GMT}	INFO	[jepsen worker 4] jepsen.util: 4	:ok	:read	[0]
2023-05-11 01:48:19,199{GMT}	INFO	[jepsen worker 0] jepsen.util: 0	:invoke	:broadcast	2
2023-05-11 01:48:19,202{GMT}	INFO	[jepsen worker 0] jepsen.util: 0	:ok	:broadcast	2
2023-05-11 01:48:19,256{GMT}	INFO	[jepsen worker 0] jepsen.util: 0	:invoke	:read	nil
2023-05-11 01:48:19,257{GMT}	INFO	[jepsen worker 0] jepsen.util: 0	:ok	:read	[0 2]
2023-05-11 01:48:19,325{GMT}	INFO	[jepsen worker 1] jepsen.util: 1	:invoke	:read	nil
2023-05-11 01:48:19,327{GMT}	INFO	[jepsen worker 1] jepsen.util: 1	:ok	:read	[0 2]
2023-05-11 01:48:19,474{GMT}	INFO	[jepsen worker 2] jepsen.util: 2	:invoke	:broadcast	3
2023-05-11 01:48:19,476{GMT}	INFO	[jepsen worker 2] jepsen.util: 2	:ok	:broadcast	3
2023-05-11 01:48:19,561{GMT}	INFO	[jepsen worker 3] jepsen.util: 3	:invoke	:read	nil
2023-05-11 01:48:19,562{GMT}	INFO	[jepsen worker 3] jepsen.util: 3	:ok	:read	[0 2]
2023-05-11 01:48:19,665{GMT}	INFO	[jepsen worker 4] jepsen.util: 4	:invoke	:broadcast	4
2023-05-11 01:48:19,668{GMT}	INFO	[jepsen worker 4] jepsen.util: 4	:ok	:broadcast	4
2023-05-11 01:48:19,810{GMT}	INFO	[jepsen worker 0] jepsen.util: 0	:invoke	:broadcast	5
2023-05-11 01:48:19,812{GMT}	INFO	[jepsen worker 0] jepsen.util: 0	:ok	:broadcast	5
2023-05-11 01:48:19,817{GMT}	INFO	[jepsen worker 0] jepsen.util: 0	:invoke	:broadcast	6
2023-05-11 01:48:19,819{GMT}	INFO	[jepsen worker 0] jepsen.util: 0	:ok	:broadcast	6
2023-05-11 01:48:19,865{GMT}	INFO	[jepsen worker 1] jepsen.util: 1	:invoke	:broadcast	7
2023-05-11 01:48:19,867{GMT}	INFO	[jepsen worker 1] jepsen.util: 1	:ok	:broadcast	7
2023-05-11 01:48:19,975{GMT}	INFO	[jepsen worker 2] jepsen.util: 2	:invoke	:read	nil
2023-05-11 01:48:19,977{GMT}	INFO	[jepsen worker 2] jepsen.util: 2	:ok	:read	[1 3]
2023-05-11 01:48:20,019{GMT}	INFO	[jepsen worker 3] jepsen.util: 3	:invoke	:broadcast	8
2023-05-11 01:48:20,021{GMT}	INFO	[jepsen worker 3] jepsen.util: 3	:ok	:broadcast	8
2023-05-11 01:48:20,169{GMT}	INFO	[jepsen worker 4] jepsen.util: 4	:invoke	:broadcast	9
2023-05-11 01:48:20,171{GMT}	INFO	[jepsen worker 4] jepsen.util: 4	:ok	:broadcast	9
2023-05-11 01:48:20,234{GMT}	INFO	[jepsen worker 0] jepsen.util: 0	:invoke	:read	nil
2023-05-11 01:48:20,235{GMT}	INFO	[jepsen worker 0] jepsen.util: 0	:ok	:read	[0 2 4 5 6 7 8 9]
2023-05-11 01:48:20,417{GMT}	INFO	[jepsen worker 0] jepsen.util: 0	:invoke	:broadcast	10
2023-05-11 01:48:20,419{GMT}	INFO	[jepsen worker 0] jepsen.util: 0	:ok	:broadcast	10
2023-05-11 01:48:20,583{GMT}	INFO	[jepsen worker 1] jepsen.util: 1	:invoke	:broadcast	11
2023-05-11 01:48:20,585{GMT}	INFO	[jepsen worker 1] jepsen.util: 1	:ok	:broadcast	11
2023-05-11 01:48:20,682{GMT}	INFO	[jepsen worker 2] jepsen.util: 2	:invoke	:read	nil
2023-05-11 01:48:20,683{GMT}	INFO	[jepsen worker 2] jepsen.util: 2	:ok	:read	[1 3]
2023-05-11 01:48:20,718{GMT}	INFO	[jepsen worker 3] jepsen.util: 3	:invoke	:read	nil
2023-05-11 01:48:20,719{GMT}	INFO	[jepsen worker 3] jepsen.util: 3	:ok	:read	[0 2 4 5 6 7 8 9 10 11]
2023-05-11 01:48:20,828{GMT}	INFO	[jepsen worker 4] jepsen.util: 4	:invoke	:read	nil
2023-05-11 01:48:20,830{GMT}	INFO	[jepsen worker 4] jepsen.util: 4	:ok	:read	[0 2 4 5 6 7 8 9 10 11]
2023-05-11 01:48:20,844{GMT}	INFO	[jepsen worker 0] jepsen.util: 0	:invoke	:broadcast	12
2023-05-11 01:48:20,845{GMT}	INFO	[jepsen worker 0] jepsen.util: 0	:ok	:broadcast	12
2023-05-11 01:48:20,872{GMT}	INFO	[jepsen worker 0] jepsen.util: 0	:invoke	:read	nil
2023-05-11 01:48:20,873{GMT}	INFO	[jepsen worker 0] jepsen.util: 0	:ok	:read	[0 2 4 5 6 7 8 9 10 11 12]
2023-05-11 01:48:20,881{GMT}	INFO	[jepsen worker 1] jepsen.util: 1	:invoke	:broadcast	13
2023-05-11 01:48:20,883{GMT}	INFO	[jepsen worker 1] jepsen.util: 1	:ok	:broadcast	13
2023-05-11 01:48:20,980{GMT}	INFO	[jepsen worker 2] jepsen.util: 2	:invoke	:broadcast	14
2023-05-11 01:48:20,982{GMT}	INFO	[jepsen worker 2] jepsen.util: 2	:ok	:broadcast	14
2023-05-11 01:48:21,069{GMT}	INFO	[jepsen worker 3] jepsen.util: 3	:invoke	:read	nil
2023-05-11 01:48:21,070{GMT}	INFO	[jepsen worker 3] jepsen.util: 3	:ok	:read	[0 2 4 5 6 7 8 9 10 11 12 13]
2023-05-11 01:48:21,219{GMT}	INFO	[jepsen worker 4] jepsen.util: 4	:invoke	:broadcast	15
2023-05-11 01:48:21,220{GMT}	INFO	[jepsen worker 4] jepsen.util: 4	:ok	:broadcast	15
2023-05-11 01:48:21,270{GMT}	INFO	[jepsen worker 0] jepsen.util: 0	:invoke	:broadcast	16
2023-05-11 01:48:21,271{GMT}	INFO	[jepsen worker 0] jepsen.util: 0	:ok	:broadcast	16
2023-05-11 01:48:21,322{GMT}	INFO	[jepsen worker 0] jepsen.util: 0	:invoke	:broadcast	17
2023-05-11 01:48:21,323{GMT}	INFO	[jepsen worker 0] jepsen.util: 0	:ok	:broadcast	17
2023-05-11 01:48:21,489{GMT}	INFO	[jepsen worker 1] jepsen.util: 1	:invoke	:read	nil
2023-05-11 01:48:21,490{GMT}	INFO	[jepsen worker 1] jepsen.util: 1	:ok	:read	[0 2 4 5 6 7 8 9 10 11 12 13 15 16 17]
2023-05-11 01:48:21,524{GMT}	INFO	[jepsen worker 2] jepsen.util: 2	:invoke	:read	nil
2023-05-11 01:48:21,525{GMT}	INFO	[jepsen worker 2] jepsen.util: 2	:ok	:read	[1 3 14]
2023-05-11 01:48:21,645{GMT}	INFO	[jepsen worker 3] jepsen.util: 3	:invoke	:broadcast	18
2023-05-11 01:48:21,646{GMT}	INFO	[jepsen worker 3] jepsen.util: 3	:ok	:broadcast	18
2023-05-11 01:48:21,777{GMT}	INFO	[jepsen worker 4] jepsen.util: 4	:invoke	:read	nil
2023-05-11 01:48:21,778{GMT}	INFO	[jepsen worker 4] jepsen.util: 4	:ok	:read	[0 2 4 5 6 7 8 9 10 11 12 13 15 16 17 18]
2023-05-11 01:48:21,910{GMT}	INFO	[jepsen worker 0] jepsen.util: 0	:invoke	:read	nil
2023-05-11 01:48:21,911{GMT}	INFO	[jepsen worker 0] jepsen.util: 0	:ok	:read	[0 2 4 5 6 7 8 9 10 11 12 13 15 16 17 18]
2023-05-11 01:48:22,091{GMT}	INFO	[jepsen worker 0] jepsen.util: 0	:invoke	:broadcast	19
2023-05-11 01:48:22,093{GMT}	INFO	[jepsen worker 0] jepsen.util: 0	:ok	:broadcast	19
2023-05-11 01:48:22,215{GMT}	INFO	[jepsen worker 1] jepsen.util: 1	:invoke	:read	nil
2023-05-11 01:48:22,216{GMT}	INFO	[jepsen worker 1] jepsen.util: 1	:ok	:read	[0 2 4 5 6 7 8 9 10 11 12 13 15 16 17 18 19]
2023-05-11 01:48:22,245{GMT}	INFO	[jepsen worker 2] jepsen.util: 2	:invoke	:read	nil
2023-05-11 01:48:22,246{GMT}	INFO	[jepsen worker 2] jepsen.util: 2	:ok	:read	[1 3 14]
2023-05-11 01:48:22,364{GMT}	INFO	[jepsen worker 3] jepsen.util: 3	:invoke	:read	nil
2023-05-11 01:48:22,365{GMT}	INFO	[jepsen worker 3] jepsen.util: 3	:ok	:read	[0 2 4 5 6 7 8 9 10 11 12 13 15 16 17 18 19]
2023-05-11 01:48:22,559{GMT}	INFO	[jepsen worker 4] jepsen.util: 4	:invoke	:broadcast	20
2023-05-11 01:48:22,561{GMT}	INFO	[jepsen worker 4] jepsen.util: 4	:ok	:broadcast	20
2023-05-11 01:48:22,674{GMT}	INFO	[jepsen worker 0] jepsen.util: 0	:invoke	:broadcast	21
2023-05-11 01:48:22,675{GMT}	INFO	[jepsen worker 0] jepsen.util: 0	:ok	:broadcast	21
2023-05-11 01:48:22,680{GMT}	INFO	[jepsen worker 0] jepsen.util: 0	:invoke	:broadcast	22
2023-05-11 01:48:22,681{GMT}	INFO	[jepsen worker 0] jepsen.util: 0	:ok	:broadcast	22
2023-05-11 01:48:22,739{GMT}	INFO	[jepsen worker 1] jepsen.util: 1	:invoke	:read	nil
2023-05-11 01:48:22,740{GMT}	INFO	[jepsen worker 1] jepsen.util: 1	:ok	:read	[0 2 4 5 6 7 8 9 10 11 12 13 15 16 17 18 19 20 21 22]
2023-05-11 01:48:22,835{GMT}	INFO	[jepsen worker 2] jepsen.util: 2	:invoke	:broadcast	23
2023-05-11 01:48:22,836{GMT}	INFO	[jepsen worker 2] jepsen.util: 2	:ok	:broadcast	23
2023-05-11 01:48:22,941{GMT}	INFO	[jepsen worker 3] jepsen.util: 3	:invoke	:broadcast	24
2023-05-11 01:48:22,943{GMT}	INFO	[jepsen worker 3] jepsen.util: 3	:ok	:broadcast	24
2023-05-11 01:48:23,137{GMT}	INFO	[jepsen worker 4] jepsen.util: 4	:invoke	:broadcast	25
2023-05-11 01:48:23,139{GMT}	INFO	[jepsen worker 4] jepsen.util: 4	:ok	:broadcast	25
2023-05-11 01:48:23,234{GMT}	INFO	[jepsen worker 0] jepsen.util: 0	:invoke	:read	nil
2023-05-11 01:48:23,235{GMT}	INFO	[jepsen worker 0] jepsen.util: 0	:ok	:read	[0 2 4 5 6 7 8 9 10 11 12 13 15 16 17 18 19 20 21 22 24 25]
2023-05-11 01:48:23,386{GMT}	INFO	[jepsen worker 0] jepsen.util: 0	:invoke	:broadcast	26
2023-05-11 01:48:23,387{GMT}	INFO	[jepsen worker 0] jepsen.util: 0	:ok	:broadcast	26
2023-05-11 01:48:23,547{GMT}	INFO	[jepsen worker 1] jepsen.util: 1	:invoke	:broadcast	27
2023-05-11 01:48:23,548{GMT}	INFO	[jepsen worker 1] jepsen.util: 1	:ok	:broadcast	27
2023-05-11 01:48:23,641{GMT}	INFO	[jepsen worker 2] jepsen.util: 2	:invoke	:read	nil
2023-05-11 01:48:23,643{GMT}	INFO	[jepsen worker 2] jepsen.util: 2	:ok	:read	[1 3 14 23]
2023-05-11 01:48:23,674{GMT}	INFO	[jepsen worker 3] jepsen.util: 3	:invoke	:broadcast	28
2023-05-11 01:48:23,676{GMT}	INFO	[jepsen worker 3] jepsen.util: 3	:ok	:broadcast	28
2023-05-11 01:48:23,706{GMT}	INFO	[jepsen worker 4] jepsen.util: 4	:invoke	:broadcast	29
2023-05-11 01:48:23,708{GMT}	INFO	[jepsen worker 4] jepsen.util: 4	:ok	:broadcast	29
2023-05-11 01:48:23,821{GMT}	INFO	[jepsen worker 0] jepsen.util: 0	:invoke	:broadcast	30
2023-05-11 01:48:23,822{GMT}	INFO	[jepsen worker 0] jepsen.util: 0	:ok	:broadcast	30
2023-05-11 01:48:23,845{GMT}	INFO	[jepsen worker 0] jepsen.util: 0	:invoke	:broadcast	31
2023-05-11 01:48:23,846{GMT}	INFO	[jepsen worker 0] jepsen.util: 0	:ok	:broadcast	31
2023-05-11 01:48:23,962{GMT}	INFO	[jepsen worker 1] jepsen.util: 1	:invoke	:broadcast	32
2023-05-11 01:48:23,963{GMT}	INFO	[jepsen worker 1] jepsen.util: 1	:ok	:broadcast	32
2023-05-11 01:48:24,046{GMT}	INFO	[jepsen worker 2] jepsen.util: 2	:invoke	:read	nil
2023-05-11 01:48:24,047{GMT}	INFO	[jepsen worker 2] jepsen.util: 2	:ok	:read	[1 3 14 23]
2023-05-11 01:48:24,213{GMT}	INFO	[jepsen worker 3] jepsen.util: 3	:invoke	:broadcast	33
2023-05-11 01:48:24,214{GMT}	INFO	[jepsen worker 3] jepsen.util: 3	:ok	:broadcast	33
2023-05-11 01:48:24,367{GMT}	INFO	[jepsen worker 4] jepsen.util: 4	:invoke	:read	nil
2023-05-11 01:48:24,369{GMT}	INFO	[jepsen worker 4] jepsen.util: 4	:ok	:read	[0 2 4 5 6 7 8 9 10 11 12 13 15 16 17 18 19 20 21 22 24 25 26 27 28 29 30 31 32 33]
2023-05-11 01:48:24,420{GMT}	INFO	[jepsen worker 0] jepsen.util: 0	:invoke	:broadcast	34
2023-05-11 01:48:24,422{GMT}	INFO	[jepsen worker 0] jepsen.util: 0	:ok	:broadcast	34
2023-05-11 01:48:24,607{GMT}	INFO	[jepsen worker 0] jepsen.util: 0	:invoke	:read	nil
2023-05-11 01:48:24,608{GMT}	INFO	[jepsen worker 0] jepsen.util: 0	:ok	:read	[0 2 4 5 6 7 8 9 10 11 12 13 15 16 17 18 19 20 21 22 24 25 26 27 28 29 30 31 32 33 34]
2023-05-11 01:48:24,651{GMT}	INFO	[jepsen worker 1] jepsen.util: 1	:invoke	:read	nil
2023-05-11 01:48:24,652{GMT}	INFO	[jepsen worker 1] jepsen.util: 1	:ok	:read	[0 2 4 5 6 7 8 9 10 11 12 13 15 16 17 18 19 20 21 22 24 25 26 27 28 29 30 31 32 33 34]
2023-05-11 01:48:24,678{GMT}	INFO	[jepsen worker 2] jepsen.util: 2	:invoke	:broadcast	35
2023-05-11 01:48:24,679{GMT}	INFO	[jepsen worker 2] jepsen.util: 2	:ok	:broadcast	35
2023-05-11 01:48:24,830{GMT}	INFO	[jepsen worker 3] jepsen.util: 3	:invoke	:broadcast	36
2023-05-11 01:48:24,831{GMT}	INFO	[jepsen worker 3] jepsen.util: 3	:ok	:broadcast	36
2023-05-11 01:48:24,915{GMT}	INFO	[jepsen worker 4] jepsen.util: 4	:invoke	:read	nil
2023-05-11 01:48:24,916{GMT}	INFO	[jepsen worker 4] jepsen.util: 4	:ok	:read	[0 2 4 5 6 7 8 9 10 11 12 13 15 16 17 18 19 20 21 22 24 25 26 27 28 29 30 31 32 33 34 36]
2023-05-11 01:48:25,018{GMT}	INFO	[jepsen worker 0] jepsen.util: 0	:invoke	:read	nil
2023-05-11 01:48:25,019{GMT}	INFO	[jepsen worker 0] jepsen.util: 0	:ok	:read	[0 2 4 5 6 7 8 9 10 11 12 13 15 16 17 18 19 20 21 22 24 25 26 27 28 29 30 31 32 33 34 36]
2023-05-11 01:48:25,145{GMT}	INFO	[jepsen worker 0] jepsen.util: 0	:invoke	:broadcast	37
2023-05-11 01:48:25,147{GMT}	INFO	[jepsen worker 0] jepsen.util: 0	:ok	:broadcast	37
2023-05-11 01:48:25,205{GMT}	INFO	[jepsen worker 1] jepsen.util: 1	:invoke	:read	nil
2023-05-11 01:48:25,205{GMT}	INFO	[jepsen worker 1] jepsen.util: 1	:ok	:read	[0 2 4 5 6 7 8 9 10 11 12 13 15 16 17 18 19 20 21 22 24 25 26 27 28 29 30 31 32 33 34 36 37]
2023-05-11 01:48:25,287{GMT}	INFO	[jepsen worker 2] jepsen.util: 2	:invoke	:broadcast	38
2023-05-11 01:48:25,288{GMT}	INFO	[jepsen worker 2] jepsen.util: 2	:ok	:broadcast	38
2023-05-11 01:48:25,459{GMT}	INFO	[jepsen worker 3] jepsen.util: 3	:invoke	:read	nil
2023-05-11 01:48:25,460{GMT}	INFO	[jepsen worker 3] jepsen.util: 3	:ok	:read	[0 2 4 5 6 7 8 9 10 11 12 13 15 16 17 18 19 20 21 22 24 25 26 27 28 29 30 31 32 33 34 36 37]
2023-05-11 01:48:25,546{GMT}	INFO	[jepsen worker 4] jepsen.util: 4	:invoke	:broadcast	39
2023-05-11 01:48:25,547{GMT}	INFO	[jepsen worker 4] jepsen.util: 4	:ok	:broadcast	39
2023-05-11 01:48:25,713{GMT}	INFO	[jepsen worker 0] jepsen.util: 0	:invoke	:broadcast	40
2023-05-11 01:48:25,714{GMT}	INFO	[jepsen worker 0] jepsen.util: 0	:ok	:broadcast	40
2023-05-11 01:48:25,894{GMT}	INFO	[jepsen worker 0] jepsen.util: 0	:invoke	:broadcast	41
2023-05-11 01:48:25,896{GMT}	INFO	[jepsen worker 0] jepsen.util: 0	:ok	:broadcast	41
2023-05-11 01:48:25,994{GMT}	INFO	[jepsen worker 1] jepsen.util: 1	:invoke	:broadcast	42
2023-05-11 01:48:25,996{GMT}	INFO	[jepsen worker 1] jepsen.util: 1	:ok	:broadcast	42
2023-05-11 01:48:26,111{GMT}	INFO	[jepsen worker 2] jepsen.util: 2	:invoke	:broadcast	43
2023-05-11 01:48:26,112{GMT}	INFO	[jepsen worker 2] jepsen.util: 2	:ok	:broadcast	43
2023-05-11 01:48:26,305{GMT}	INFO	[jepsen worker 3] jepsen.util: 3	:invoke	:broadcast	44
2023-05-11 01:48:26,307{GMT}	INFO	[jepsen worker 3] jepsen.util: 3	:ok	:broadcast	44
2023-05-11 01:48:26,490{GMT}	INFO	[jepsen worker 4] jepsen.util: 4	:invoke	:broadcast	45
2023-05-11 01:48:26,492{GMT}	INFO	[jepsen worker 4] jepsen.util: 4	:ok	:broadcast	45
2023-05-11 01:48:26,674{GMT}	INFO	[jepsen worker 0] jepsen.util: 0	:invoke	:broadcast	46
2023-05-11 01:48:26,675{GMT}	INFO	[jepsen worker 0] jepsen.util: 0	:ok	:broadcast	46
2023-05-11 01:48:26,803{GMT}	INFO	[jepsen worker 0] jepsen.util: 0	:invoke	:broadcast	47
2023-05-11 01:48:26,804{GMT}	INFO	[jepsen worker 0] jepsen.util: 0	:ok	:broadcast	47
2023-05-11 01:48:27,003{GMT}	INFO	[jepsen worker 1] jepsen.util: 1	:invoke	:read	nil
2023-05-11 01:48:27,004{GMT}	INFO	[jepsen worker 1] jepsen.util: 1	:ok	:read	[0 2 4 5 6 7 8 9 10 11 12 13 15 16 17 18 19 20 21 22 24 25 26 27 28 29 30 31 32 33 34 36 37 39 40 41 42 44 45 46 47]
2023-05-11 01:48:27,192{GMT}	INFO	[jepsen worker 2] jepsen.util: 2	:invoke	:read	nil
2023-05-11 01:48:27,193{GMT}	INFO	[jepsen worker 2] jepsen.util: 2	:ok	:read	[1 3 14 23 35 38 43]
2023-05-11 01:48:27,249{GMT}	INFO	[jepsen worker 3] jepsen.util: 3	:invoke	:broadcast	48
2023-05-11 01:48:27,251{GMT}	INFO	[jepsen worker 3] jepsen.util: 3	:ok	:broadcast	48
2023-05-11 01:48:27,404{GMT}	INFO	[jepsen worker 4] jepsen.util: 4	:invoke	:broadcast	49
2023-05-11 01:48:27,406{GMT}	INFO	[jepsen worker 4] jepsen.util: 4	:ok	:broadcast	49
2023-05-11 01:48:27,466{GMT}	INFO	[jepsen worker 0] jepsen.util: 0	:invoke	:broadcast	50
2023-05-11 01:48:27,467{GMT}	INFO	[jepsen worker 0] jepsen.util: 0	:ok	:broadcast	50
2023-05-11 01:48:27,604{GMT}	INFO	[jepsen worker 0] jepsen.util: 0	:invoke	:broadcast	51
2023-05-11 01:48:27,606{GMT}	INFO	[jepsen worker 0] jepsen.util: 0	:ok	:broadcast	51
2023-05-11 01:48:27,702{GMT}	INFO	[jepsen worker 1] jepsen.util: 1	:invoke	:broadcast	52
2023-05-11 01:48:27,703{GMT}	INFO	[jepsen worker 1] jepsen.util: 1	:ok	:broadcast	52
2023-05-11 01:48:27,877{GMT}	INFO	[jepsen worker 2] jepsen.util: 2	:invoke	:broadcast	53
2023-05-11 01:48:27,878{GMT}	INFO	[jepsen worker 2] jepsen.util: 2	:ok	:broadcast	53
2023-05-11 01:48:27,966{GMT}	INFO	[jepsen worker 3] jepsen.util: 3	:invoke	:broadcast	54
2023-05-11 01:48:27,967{GMT}	INFO	[jepsen worker 3] jepsen.util: 3	:ok	:broadcast	54
2023-05-11 01:48:28,030{GMT}	INFO	[jepsen worker 4] jepsen.util: 4	:invoke	:broadcast	55
2023-05-11 01:48:28,031{GMT}	INFO	[jepsen worker 4] jepsen.util: 4	:ok	:broadcast	55
2023-05-11 01:48:28,044{GMT}	INFO	[jepsen worker 0] jepsen.util: 0	:invoke	:broadcast	56
2023-05-11 01:48:28,044{GMT}	INFO	[jepsen worker 0] jepsen.util: 0	:ok	:broadcast	56
2023-05-11 01:48:28,123{GMT}	INFO	[jepsen worker 0] jepsen.util: 0	:invoke	:broadcast	57
2023-05-11 01:48:28,124{GMT}	INFO	[jepsen worker 0] jepsen.util: 0	:ok	:broadcast	57
2023-05-11 01:48:28,140{GMT}	INFO	[jepsen worker nemesis] jepsen.util: :nemesis	:info	:stop-partition	nil
2023-05-11 01:48:28,141{GMT}	INFO	[jepsen worker nemesis] jepsen.util: :nemesis	:info	:stop-partition	:network-healed
2023-05-11 01:48:28,300{GMT}	INFO	[jepsen worker 2] jepsen.util: 2	:invoke	:read	nil
2023-05-11 01:48:28,300{GMT}	INFO	[jepsen worker 2] jepsen.util: 2	:ok	:read	[1 3 14 23 35 38 43 53]
2023-05-11 01:48:28,462{GMT}	INFO	[jepsen worker 3] jepsen.util: 3	:invoke	:broadcast	58
2023-05-11 01:48:28,464{GMT}	INFO	[jepsen worker 3] jepsen.util: 3	:ok	:broadcast	58
2023-05-11 01:48:28,563{GMT}	INFO	[jepsen worker 4] jepsen.util: 4	:invoke	:broadcast	59
2023-05-11 01:48:28,565{GMT}	INFO	[jepsen worker 4] jepsen.util: 4	:ok	:broadcast	59
2023-05-11 01:48:28,690{GMT}	INFO	[jepsen worker 0] jepsen.util: 0	:invoke	:read	nil
2023-05-11 01:48:28,691{GMT}	INFO	[jepsen worker 0] jepsen.util: 0	:ok	:read	[0 2 4 5 6 7 8 9 10 11 12 13 15 16 17 18 19 20 21 22 24 25 26 27 28 29 30 31 32 33 34 36 37 39 40 41 42 44 45 46 47 48 49 50 51 52 54 55 56 57 58 59]
2023-05-11 01:48:28,807{GMT}	INFO	[jepsen worker 0] jepsen.util: 0	:invoke	:read	nil
2023-05-11 01:48:28,807{GMT}	INFO	[jepsen worker 0] jepsen.util: 0	:ok	:read	[0 2 4 5 6 7 8 9 10 11 12 13 15 16 17 18 19 20 21 22 24 25 26 27 28 29 30 31 32 33 34 36 37 39 40 41 42 44 45 46 47 48 49 50 51 52 54 55 56 57 58 59]
2023-05-11 01:48:28,978{GMT}	INFO	[jepsen worker 1] jepsen.util: 1	:invoke	:broadcast	60
2023-05-11 01:48:28,979{GMT}	INFO	[jepsen worker 1] jepsen.util: 1	:ok	:broadcast	60
2023-05-11 01:48:29,098{GMT}	INFO	[jepsen worker 2] jepsen.util: 2	:invoke	:broadcast	61
2023-05-11 01:48:29,100{GMT}	INFO	[jepsen worker 2] jepsen.util: 2	:ok	:broadcast	61
2023-05-11 01:48:29,292{GMT}	INFO	[jepsen worker 3] jepsen.util: 3	:invoke	:read	nil
2023-05-11 01:48:29,293{GMT}	INFO	[jepsen worker 3] jepsen.util: 3	:ok	:read	[0 2 4 5 6 7 8 9 10 11 12 13 15 16 17 18 19 20 21 22 24 25 26 27 28 29 30 31 32 33 34 36 37 39 40 41 42 44 45 46 47 48 49 50 51 52 54 55 56 57 58 59 60 61]
2023-05-11 01:48:29,448{GMT}	INFO	[jepsen worker 4] jepsen.util: 4	:invoke	:broadcast	62
2023-05-11 01:48:29,449{GMT}	INFO	[jepsen worker 4] jepsen.util: 4	:ok	:broadcast	62
2023-05-11 01:48:29,630{GMT}	INFO	[jepsen worker 0] jepsen.util: 0	:invoke	:broadcast	63
2023-05-11 01:48:29,631{GMT}	INFO	[jepsen worker 0] jepsen.util: 0	:ok	:broadcast	63
2023-05-11 01:48:29,819{GMT}	INFO	[jepsen worker 0] jepsen.util: 0	:invoke	:read	nil
2023-05-11 01:48:29,820{GMT}	INFO	[jepsen worker 0] jepsen.util: 0	:ok	:read	[0 2 4 5 6 7 8 9 10 11 12 13 15 16 17 18 19 20 21 22 24 25 26 27 28 29 30 31 32 33 34 36 37 39 40 41 42 44 45 46 47 48 49 50 51 52 54 55 56 57 58 59 60 61 62 63]
2023-05-11 01:48:29,883{GMT}	INFO	[jepsen worker 1] jepsen.util: 1	:invoke	:read	nil
2023-05-11 01:48:29,884{GMT}	INFO	[jepsen worker 1] jepsen.util: 1	:ok	:read	[0 2 4 5 6 7 8 9 10 11 12 13 15 16 17 18 19 20 21 22 24 25 26 27 28 29 30 31 32 33 34 36 37 39 40 41 42 44 45 46 47 48 49 50 51 52 54 55 56 57 58 59 60 61 62 63]
2023-05-11 01:48:29,941{GMT}	INFO	[jepsen worker 2] jepsen.util: 2	:invoke	:read	nil
2023-05-11 01:48:29,941{GMT}	INFO	[jepsen worker 2] jepsen.util: 2	:ok	:read	[1 3 14 23 35 38 43 53 58 59 60 61 62 63]
2023-05-11 01:48:29,957{GMT}	INFO	[jepsen worker 3] jepsen.util: 3	:invoke	:read	nil
2023-05-11 01:48:29,957{GMT}	INFO	[jepsen worker 3] jepsen.util: 3	:ok	:read	[0 2 4 5 6 7 8 9 10 11 12 13 15 16 17 18 19 20 21 22 24 25 26 27 28 29 30 31 32 33 34 36 37 39 40 41 42 44 45 46 47 48 49 50 51 52 54 55 56 57 58 59 60 61 62 63]
2023-05-11 01:48:30,115{GMT}	INFO	[jepsen worker 4] jepsen.util: 4	:invoke	:broadcast	64
2023-05-11 01:48:30,116{GMT}	INFO	[jepsen worker 4] jepsen.util: 4	:ok	:broadcast	64
2023-05-11 01:48:30,188{GMT}	INFO	[jepsen worker 0] jepsen.util: 0	:invoke	:read	nil
2023-05-11 01:48:30,189{GMT}	INFO	[jepsen worker 0] jepsen.util: 0	:ok	:read	[0 2 4 5 6 7 8 9 10 11 12 13 15 16 17 18 19 20 21 22 24 25 26 27 28 29 30 31 32 33 34 36 37 39 40 41 42 44 45 46 47 48 49 50 51 52 54 55 56 57 58 59 60 61 62 63 64]
2023-05-11 01:48:30,290{GMT}	INFO	[jepsen worker 0] jepsen.util: 0	:invoke	:read	nil
2023-05-11 01:48:30,291{GMT}	INFO	[jepsen worker 0] jepsen.util: 0	:ok	:read	[0 2 4 5 6 7 8 9 10 11 12 13 15 16 17 18 19 20 21 22 24 25 26 27 28 29 30 31 32 33 34 36 37 39 40 41 42 44 45 46 47 48 49 50 51 52 54 55 56 57 58 59 60 61 62 63 64]
2023-05-11 01:48:30,403{GMT}	INFO	[jepsen worker 1] jepsen.util: 1	:invoke	:broadcast	65
2023-05-11 01:48:30,404{GMT}	INFO	[jepsen worker 1] jepsen.util: 1	:ok	:broadcast	65
2023-05-11 01:48:30,525{GMT}	INFO	[jepsen worker 2] jepsen.util: 2	:invoke	:read	nil
2023-05-11 01:48:30,526{GMT}	INFO	[jepsen worker 2] jepsen.util: 2	:ok	:read	[1 3 14 23 35 38 43 53 58 59 60 61 62 63 64 65]
2023-05-11 01:48:30,650{GMT}	INFO	[jepsen worker 3] jepsen.util: 3	:invoke	:broadcast	66
2023-05-11 01:48:30,651{GMT}	INFO	[jepsen worker 3] jepsen.util: 3	:ok	:broadcast	66
2023-05-11 01:48:30,790{GMT}	INFO	[jepsen worker 4] jepsen.util: 4	:invoke	:read	nil
2023-05-11 01:48:30,791{GMT}	INFO	[jepsen worker 4] jepsen.util: 4	:ok	:read	[0 2 4 5 6 7 8 9 10 11 12 13 15 16 17 18 19 20 21 22 24 25 26 27 28 29 30 31 32 33 34 36 37 39 40 41 42 44 45 46 47 48 49 50 51 52 54 55 56 57 58 59 60 61 62 63 64 65 66]
2023-05-11 01:48:30,868{GMT}	INFO	[jepsen worker 0] jepsen.util: 0	:invoke	:read	nil
2023-05-11 01:48:30,870{GMT}	INFO	[jepsen worker 0] jepsen.util: 0	:ok	:read	[0 2 4 5 6 7 8 9 10 11 12 13 15 16 17 18 19 20 21 22 24 25 26 27 28 29 30 31 32 33 34 36 37 39 40 41 42 44 45 46 47 48 49 50 51 52 54 55 56 57 58 59 60 61 62 63 64 65 66]
2023-05-11 01:48:31,004{GMT}	INFO	[jepsen worker 0] jepsen.util: 0	:invoke	:broadcast	67
2023-05-11 01:48:31,006{GMT}	INFO	[jepsen worker 0] jepsen.util: 0	:ok	:broadcast	67
2023-05-11 01:48:31,192{GMT}	INFO	[jepsen worker 1] jepsen.util: 1	:invoke	:read	nil
2023-05-11 01:48:31,193{GMT}	INFO	[jepsen worker 1] jepsen.util: 1	:ok	:read	[0 2 4 5 6 7 8 9 10 11 12 13 15 16 17 18 19 20 21 22 24 25 26 27 28 29 30 31 32 33 34 36 37 39 40 41 42 44 45 46 47 48 49 50 51 52 54 55 56 57 58 59 60 61 62 63 64 65 66 67]
2023-05-11 01:48:31,253{GMT}	INFO	[jepsen worker 2] jepsen.util: 2	:invoke	:broadcast	68
2023-05-11 01:48:31,254{GMT}	INFO	[jepsen worker 2] jepsen.util: 2	:ok	:broadcast	68
2023-05-11 01:48:31,311{GMT}	INFO	[jepsen worker 3] jepsen.util: 3	:invoke	:broadcast	69
2023-05-11 01:48:31,312{GMT}	INFO	[jepsen worker 3] jepsen.util: 3	:ok	:broadcast	69
2023-05-11 01:48:31,406{GMT}	INFO	[jepsen worker 4] jepsen.util: 4	:invoke	:broadcast	70
2023-05-11 01:48:31,407{GMT}	INFO	[jepsen worker 4] jepsen.util: 4	:ok	:broadcast	70
2023-05-11 01:48:31,448{GMT}	INFO	[jepsen worker 0] jepsen.util: 0	:invoke	:broadcast	71
2023-05-11 01:48:31,450{GMT}	INFO	[jepsen worker 0] jepsen.util: 0	:ok	:broadcast	71
2023-05-11 01:48:31,499{GMT}	INFO	[jepsen worker 0] jepsen.util: 0	:invoke	:read	nil
2023-05-11 01:48:31,500{GMT}	INFO	[jepsen worker 0] jepsen.util: 0	:ok	:read	[0 2 4 5 6 7 8 9 10 11 12 13 15 16 17 18 19 20 21 22 24 25 26 27 28 29 30 31 32 33 34 36 37 39 40 41 42 44 45 46 47 48 49 50 51 52 54 55 56 57 58 59 60 61 62 63 64 65 66 67 68 69 70 71]
2023-05-11 01:48:31,594{GMT}	INFO	[jepsen worker 1] jepsen.util: 1	:invoke	:broadcast	72
2023-05-11 01:48:31,595{GMT}	INFO	[jepsen worker 1] jepsen.util: 1	:ok	:broadcast	72
2023-05-11 01:48:31,732{GMT}	INFO	[jepsen worker 2] jepsen.util: 2	:invoke	:read	nil
2023-05-11 01:48:31,733{GMT}	INFO	[jepsen worker 2] jepsen.util: 2	:ok	:read	[1 3 14 23 35 38 43 53 58 59 60 61 62 63 64 65 66 67 68 69 70 71 72]
2023-05-11 01:48:31,927{GMT}	INFO	[jepsen worker 3] jepsen.util: 3	:invoke	:broadcast	73
2023-05-11 01:48:31,928{GMT}	INFO	[jepsen worker 3] jepsen.util: 3	:ok	:broadcast	73
2023-05-11 01:48:32,103{GMT}	INFO	[jepsen worker 4] jepsen.util: 4	:invoke	:broadcast	74
2023-05-11 01:48:32,104{GMT}	INFO	[jepsen worker 4] jepsen.util: 4	:ok	:broadcast	74
2023-05-11 01:48:32,143{GMT}	INFO	[jepsen worker 0] jepsen.util: 0	:invoke	:broadcast	75
2023-05-11 01:48:32,144{GMT}	INFO	[jepsen worker 0] jepsen.util: 0	:ok	:broadcast	75
2023-05-11 01:48:32,173{GMT}	INFO	[jepsen worker 0] jepsen.util: 0	:invoke	:broadcast	76
2023-05-11 01:48:32,174{GMT}	INFO	[jepsen worker 0] jepsen.util: 0	:ok	:broadcast	76
2023-05-11 01:48:32,256{GMT}	INFO	[jepsen worker 1] jepsen.util: 1	:invoke	:broadcast	77
2023-05-11 01:48:32,257{GMT}	INFO	[jepsen worker 1] jepsen.util: 1	:ok	:broadcast	77
2023-05-11 01:48:32,331{GMT}	INFO	[jepsen worker 2] jepsen.util: 2	:invoke	:read	nil
2023-05-11 01:48:32,332{GMT}	INFO	[jepsen worker 2] jepsen.util: 2	:ok	:read	[1 3 14 23 35 38 43 53 58 59 60 61 62 63 64 65 66 67 68 69 70 71 72 73 74 75 76 77]
2023-05-11 01:48:32,353{GMT}	INFO	[jepsen worker 3] jepsen.util: 3	:invoke	:read	nil
2023-05-11 01:48:32,354{GMT}	INFO	[jepsen worker 3] jepsen.util: 3	:ok	:read	[0 2 4 5 6 7 8 9 10 11 12 13 15 16 17 18 19 20 21 22 24 25 26 27 28 29 30 31 32 33 34 36 37 39 40 41 42 44 45 46 47 48 49 50 51 52 54 55 56 57 58 59 60 61 62 63 64 65 66 67 68 69 70 71 72 73 74 75 76 77]
2023-05-11 01:48:32,456{GMT}	INFO	[jepsen worker 4] jepsen.util: 4	:invoke	:read	nil
2023-05-11 01:48:32,457{GMT}	INFO	[jepsen worker 4] jepsen.util: 4	:ok	:read	[0 2 4 5 6 7 8 9 10 11 12 13 15 16 17 18 19 20 21 22 24 25 26 27 28 29 30 31 32 33 34 36 37 39 40 41 42 44 45 46 47 48 49 50 51 52 54 55 56 57 58 59 60 61 62 63 64 65 66 67 68 69 70 71 72 73 74 75 76 77]
2023-05-11 01:48:32,633{GMT}	INFO	[jepsen worker 0] jepsen.util: 0	:invoke	:read	nil
2023-05-11 01:48:32,634{GMT}	INFO	[jepsen worker 0] jepsen.util: 0	:ok	:read	[0 2 4 5 6 7 8 9 10 11 12 13 15 16 17 18 19 20 21 22 24 25 26 27 28 29 30 31 32 33 34 36 37 39 40 41 42 44 45 46 47 48 49 50 51 52 54 55 56 57 58 59 60 61 62 63 64 65 66 67 68 69 70 71 72 73 74 75 76 77]
2023-05-11 01:48:32,705{GMT}	INFO	[jepsen worker 0] jepsen.util: 0	:invoke	:read	nil
2023-05-11 01:48:32,706{GMT}	INFO	[jepsen worker 0] jepsen.util: 0	:ok	:read	[0 2 4 5 6 7 8 9 10 11 12 13 15 16 17 18 19 20 21 22 24 25 26 27 28 29 30 31 32 33 34 36 37 39 40 41 42 44 45 46 47 48 49 50 51 52 54 55 56 57 58 59 60 61 62 63 64 65 66 67 68 69 70 71 72 73 74 75 76 77]
2023-05-11 01:48:32,812{GMT}	INFO	[jepsen worker 1] jepsen.util: 1	:invoke	:broadcast	78
2023-05-11 01:48:32,813{GMT}	INFO	[jepsen worker 1] jepsen.util: 1	:ok	:broadcast	78
2023-05-11 01:48:32,915{GMT}	INFO	[jepsen worker 2] jepsen.util: 2	:invoke	:read	nil
2023-05-11 01:48:32,916{GMT}	INFO	[jepsen worker 2] jepsen.util: 2	:ok	:read	[1 3 14 23 35 38 43 53 58 59 60 61 62 63 64 65 66 67 68 69 70 71 72 73 74 75 76 77 78]
2023-05-11 01:48:33,080{GMT}	INFO	[jepsen worker 3] jepsen.util: 3	:invoke	:broadcast	79
2023-05-11 01:48:33,081{GMT}	INFO	[jepsen worker 3] jepsen.util: 3	:ok	:broadcast	79
2023-05-11 01:48:33,260{GMT}	INFO	[jepsen worker 4] jepsen.util: 4	:invoke	:broadcast	80
2023-05-11 01:48:33,261{GMT}	INFO	[jepsen worker 4] jepsen.util: 4	:ok	:broadcast	80
2023-05-11 01:48:33,452{GMT}	INFO	[jepsen worker 0] jepsen.util: 0	:invoke	:broadcast	81
2023-05-11 01:48:33,453{GMT}	INFO	[jepsen worker 0] jepsen.util: 0	:ok	:broadcast	81
2023-05-11 01:48:33,566{GMT}	INFO	[jepsen worker 0] jepsen.util: 0	:invoke	:read	nil
2023-05-11 01:48:33,567{GMT}	INFO	[jepsen worker 0] jepsen.util: 0	:ok	:read	[0 2 4 5 6 7 8 9 10 11 12 13 15 16 17 18 19 20 21 22 24 25 26 27 28 29 30 31 32 33 34 36 37 39 40 41 42 44 45 46 47 48 49 50 51 52 54 55 56 57 58 59 60 61 62 63 64 65 66 67 68 69 70 71 72 73 74 75 76 77 78 79 80 81]
2023-05-11 01:48:33,691{GMT}	INFO	[jepsen worker 1] jepsen.util: 1	:invoke	:broadcast	82
2023-05-11 01:48:33,692{GMT}	INFO	[jepsen worker 1] jepsen.util: 1	:ok	:broadcast	82
2023-05-11 01:48:33,820{GMT}	INFO	[jepsen worker 2] jepsen.util: 2	:invoke	:read	nil
2023-05-11 01:48:33,821{GMT}	INFO	[jepsen worker 2] jepsen.util: 2	:ok	:read	[1 3 14 23 35 38 43 53 58 59 60 61 62 63 64 65 66 67 68 69 70 71 72 73 74 75 76 77 78 79 80 81 82]
2023-05-11 01:48:33,860{GMT}	INFO	[jepsen worker 3] jepsen.util: 3	:invoke	:read	nil
2023-05-11 01:48:33,861{GMT}	INFO	[jepsen worker 3] jepsen.util: 3	:ok	:read	[0 2 4 5 6 7 8 9 10 11 12 13 15 16 17 18 19 20 21 22 24 25 26 27 28 29 30 31 32 33 34 36 37 39 40 41 42 44 45 46 47 48 49 50 51 52 54 55 56 57 58 59 60 61 62 63 64 65 66 67 68 69 70 71 72 73 74 75 76 77 78 79 80 81 82]
2023-05-11 01:48:33,972{GMT}	INFO	[jepsen worker 4] jepsen.util: 4	:invoke	:read	nil
2023-05-11 01:48:33,973{GMT}	INFO	[jepsen worker 4] jepsen.util: 4	:ok	:read	[0 2 4 5 6 7 8 9 10 11 12 13 15 16 17 18 19 20 21 22 24 25 26 27 28 29 30 31 32 33 34 36 37 39 40 41 42 44 45 46 47 48 49 50 51 52 54 55 56 57 58 59 60 61 62 63 64 65 66 67 68 69 70 71 72 73 74 75 76 77 78 79 80 81 82]
2023-05-11 01:48:34,107{GMT}	INFO	[jepsen worker 0] jepsen.util: 0	:invoke	:broadcast	83
2023-05-11 01:48:34,108{GMT}	INFO	[jepsen worker 0] jepsen.util: 0	:ok	:broadcast	83
2023-05-11 01:48:34,166{GMT}	INFO	[jepsen worker 0] jepsen.util: 0	:invoke	:read	nil
2023-05-11 01:48:34,167{GMT}	INFO	[jepsen worker 0] jepsen.util: 0	:ok	:read	[0 2 4 5 6 7 8 9 10 11 12 13 15 16 17 18 19 20 21 22 24 25 26 27 28 29 30 31 32 33 34 36 37 39 40 41 42 44 45 46 47 48 49 50 51 52 54 55 56 57 58 59 60 61 62 63 64 65 66 67 68 69 70 71 72 73 74 75 76 77 78 79 80 81 82 83]
2023-05-11 01:48:34,203{GMT}	INFO	[jepsen worker 1] jepsen.util: 1	:invoke	:broadcast	84
2023-05-11 01:48:34,205{GMT}	INFO	[jepsen worker 1] jepsen.util: 1	:ok	:broadcast	84
2023-05-11 01:48:34,223{GMT}	INFO	[jepsen worker 2] jepsen.util: 2	:invoke	:read	nil
2023-05-11 01:48:34,224{GMT}	INFO	[jepsen worker 2] jepsen.util: 2	:ok	:read	[1 3 14 23 35 38 43 53 58 59 60 61 62 63 64 65 66 67 68 69 70 71 72 73 74 75 76 77 78 79 80 81 82 83 84]
2023-05-11 01:48:34,360{GMT}	INFO	[jepsen worker 3] jepsen.util: 3	:invoke	:read	nil
2023-05-11 01:48:34,361{GMT}	INFO	[jepsen worker 3] jepsen.util: 3	:ok	:read	[0 2 4 5 6 7 8 9 10 11 12 13 15 16 17 18 19 20 21 22 24 25 26 27 28 29 30 31 32 33 34 36 37 39 40 41 42 44 45 46 47 48 49 50 51 52 54 55 56 57 58 59 60 61 62 63 64 65 66 67 68 69 70 71 72 73 74 75 76 77 78 79 80 81 82 83 84]
2023-05-11 01:48:34,380{GMT}	INFO	[jepsen worker 4] jepsen.util: 4	:invoke	:broadcast	85
2023-05-11 01:48:34,381{GMT}	INFO	[jepsen worker 4] jepsen.util: 4	:ok	:broadcast	85
2023-05-11 01:48:34,504{GMT}	INFO	[jepsen worker 0] jepsen.util: 0	:invoke	:broadcast	86
2023-05-11 01:48:34,505{GMT}	INFO	[jepsen worker 0] jepsen.util: 0	:ok	:broadcast	86
2023-05-11 01:48:34,561{GMT}	INFO	[jepsen worker 0] jepsen.util: 0	:invoke	:read	nil
2023-05-11 01:48:34,561{GMT}	INFO	[jepsen worker 0] jepsen.util: 0	:ok	:read	[0 2 4 5 6 7 8 9 10 11 12 13 15 16 17 18 19 20 21 22 24 25 26 27 28 29 30 31 32 33 34 36 37 39 40 41 42 44 45 46 47 48 49 50 51 52 54 55 56 57 58 59 60 61 62 63 64 65 66 67 68 69 70 71 72 73 74 75 76 77 78 79 80 81 82 83 84 85 86]
2023-05-11 01:48:34,567{GMT}	INFO	[jepsen worker 1] jepsen.util: 1	:invoke	:broadcast	87
2023-05-11 01:48:34,568{GMT}	INFO	[jepsen worker 1] jepsen.util: 1	:ok	:broadcast	87
2023-05-11 01:48:34,736{GMT}	INFO	[jepsen worker 2] jepsen.util: 2	:invoke	:read	nil
2023-05-11 01:48:34,738{GMT}	INFO	[jepsen worker 2] jepsen.util: 2	:ok	:read	[1 3 14 23 35 38 43 53 58 59 60 61 62 63 64 65 66 67 68 69 70 71 72 73 74 75 76 77 78 79 80 81 82 83 84 85 86 87]
2023-05-11 01:48:34,894{GMT}	INFO	[jepsen worker 3] jepsen.util: 3	:invoke	:broadcast	88
2023-05-11 01:48:34,895{GMT}	INFO	[jepsen worker 3] jepsen.util: 3	:ok	:broadcast	88
2023-05-11 01:48:35,019{GMT}	INFO	[jepsen worker 4] jepsen.util: 4	:invoke	:read	nil
2023-05-11 01:48:35,020{GMT}	INFO	[jepsen worker 4] jepsen.util: 4	:ok	:read	[0 2 4 5 6 7 8 9 10 11 12 13 15 16 17 18 19 20 21 22 24 25 26 27 28 29 30 31 32 33 34 36 37 39 40 41 42 44 45 46 47 48 49 50 51 52 54 55 56 57 58 59 60 61 62 63 64 65 66 67 68 69 70 71 72 73 74 75 76 77 78 79 80 81 82 83 84 85 86 87 88]
2023-05-11 01:48:35,208{GMT}	INFO	[jepsen worker 0] jepsen.util: 0	:invoke	:read	nil
2023-05-11 01:48:35,209{GMT}	INFO	[jepsen worker 0] jepsen.util: 0	:ok	:read	[0 2 4 5 6 7 8 9 10 11 12 13 15 16 17 18 19 20 21 22 24 25 26 27 28 29 30 31 32 33 34 36 37 39 40 41 42 44 45 46 47 48 49 50 51 52 54 55 56 57 58 59 60 61 62 63 64 65 66 67 68 69 70 71 72 73 74 75 76 77 78 79 80 81 82 83 84 85 86 87 88]
2023-05-11 01:48:35,361{GMT}	INFO	[jepsen worker 0] jepsen.util: 0	:invoke	:broadcast	89
2023-05-11 01:48:35,362{GMT}	INFO	[jepsen worker 0] jepsen.util: 0	:ok	:broadcast	89
2023-05-11 01:48:35,494{GMT}	INFO	[jepsen worker 1] jepsen.util: 1	:invoke	:read	nil
2023-05-11 01:48:35,495{GMT}	INFO	[jepsen worker 1] jepsen.util: 1	:ok	:read	[0 2 4 5 6 7 8 9 10 11 12 13 15 16 17 18 19 20 21 22 24 25 26 27 28 29 30 31 32 33 34 36 37 39 40 41 42 44 45 46 47 48 49 50 51 52 54 55 56 57 58 59 60 61 62 63 64 65 66 67 68 69 70 71 72 73 74 75 76 77 78 79 80 81 82 83 84 85 86 87 88 89]
2023-05-11 01:48:35,616{GMT}	INFO	[jepsen worker 2] jepsen.util: 2	:invoke	:broadcast	90
2023-05-11 01:48:35,617{GMT}	INFO	[jepsen worker 2] jepsen.util: 2	:ok	:broadcast	90
2023-05-11 01:48:35,767{GMT}	INFO	[jepsen worker 3] jepsen.util: 3	:invoke	:read	nil
2023-05-11 01:48:35,768{GMT}	INFO	[jepsen worker 3] jepsen.util: 3	:ok	:read	[0 2 4 5 6 7 8 9 10 11 12 13 15 16 17 18 19 20 21 22 24 25 26 27 28 29 30 31 32 33 34 36 37 39 40 41 42 44 45 46 47 48 49 50 51 52 54 55 56 57 58 59 60 61 62 63 64 65 66 67 68 69 70 71 72 73 74 75 76 77 78 79 80 81 82 83 84 85 86 87 88 89 90]
2023-05-11 01:48:35,946{GMT}	INFO	[jepsen worker 4] jepsen.util: 4	:invoke	:read	nil
2023-05-11 01:48:35,947{GMT}	INFO	[jepsen worker 4] jepsen.util: 4	:ok	:read	[0 2 4 5 6 7 8 9 10 11 12 13 15 16 17 18 19 20 21 22 24 25 26 27 28 29 30 31 32 33 34 36 37 39 40 41 42 44 45 46 47 48 49 50 51 52 54 55 56 57 58 59 60 61 62 63 64 65 66 67 68 69 70 71 72 73 74 75 76 77 78 79 80 81 82 83 84 85 86 87 88 89 90]
2023-05-11 01:48:36,130{GMT}	INFO	[jepsen worker 0] jepsen.util: 0	:invoke	:broadcast	91
2023-05-11 01:48:36,131{GMT}	INFO	[jepsen worker 0] jepsen.util: 0	:ok	:broadcast	91
2023-05-11 01:48:36,311{GMT}	INFO	[jepsen worker 0] jepsen.util: 0	:invoke	:read	nil
2023-05-11 01:48:36,311{GMT}	INFO	[jepsen worker 0] jepsen.util: 0	:ok	:read	[0 2 4 5 6 7 8 9 10 11 12 13 15 16 17 18 19 20 21 22 24 25 26 27 28 29 30 31 32 33 34 36 37 39 40 41 42 44 45 46 47 48 49 50 51 52 54 55 56 57 58 59 60 61 62 63 64 65 66 67 68 69 70 71 72 73 74 75 76 77 78 79 80 81 82 83 84 85 86 87 88 89 90 91]
2023-05-11 01:48:36,342{GMT}	INFO	[jepsen worker 1] jepsen.util: 1	:invoke	:read	nil
2023-05-11 01:48:36,343{GMT}	INFO	[jepsen worker 1] jepsen.util: 1	:ok	:read	[0 2 4 5 6 7 8 9 10 11 12 13 15 16 17 18 19 20 21 22 24 25 26 27 28 29 30 31 32 33 34 36 37 39 40 41 42 44 45 46 47 48 49 50 51 52 54 55 56 57 58 59 60 61 62 63 64 65 66 67 68 69 70 71 72 73 74 75 76 77 78 79 80 81 82 83 84 85 86 87 88 89 90 91]
2023-05-11 01:48:36,358{GMT}	INFO	[jepsen worker 2] jepsen.util: 2	:invoke	:read	nil
2023-05-11 01:48:36,359{GMT}	INFO	[jepsen worker 2] jepsen.util: 2	:ok	:read	[1 3 14 23 35 38 43 53 58 59 60 61 62 63 64 65 66 67 68 69 70 71 72 73 74 75 76 77 78 79 80 81 82 83 84 85 86 87 88 89 90 91]
2023-05-11 01:48:36,470{GMT}	INFO	[jepsen worker 3] jepsen.util: 3	:invoke	:read	nil
2023-05-11 01:48:36,471{GMT}	INFO	[jepsen worker 3] jepsen.util: 3	:ok	:read	[0 2 4 5 6 7 8 9 10 11 12 13 15 16 17 18 19 20 21 22 24 25 26 27 28 29 30 31 32 33 34 36 37 39 40 41 42 44 45 46 47 48 49 50 51 52 54 55 56 57 58 59 60 61 62 63 64 65 66 67 68 69 70 71 72 73 74 75 76 77 78 79 80 81 82 83 84 85 86 87 88 89 90 91]
2023-05-11 01:48:36,668{GMT}	INFO	[jepsen worker 4] jepsen.util: 4	:invoke	:read	nil
2023-05-11 01:48:36,669{GMT}	INFO	[jepsen worker 4] jepsen.util: 4	:ok	:read	[0 2 4 5 6 7 8 9 10 11 12 13 15 16 17 18 19 20 21 22 24 25 26 27 28 29 30 31 32 33 34 36 37 39 40 41 42 44 45 46 47 48 49 50 51 52 54 55 56 57 58 59 60 61 62 63 64 65 66 67 68 69 70 71 72 73 74 75 76 77 78 79 80 81 82 83 84 85 86 87 88 89 90 91]
2023-05-11 01:48:36,823{GMT}	INFO	[jepsen worker 0] jepsen.util: 0	:invoke	:read	nil
2023-05-11 01:48:36,823{GMT}	INFO	[jepsen worker 1] jepsen.util: 1	:invoke	:broadcast	92
2023-05-11 01:48:36,824{GMT}	INFO	[jepsen worker 0] jepsen.util: 0	:ok	:read	[0 2 4 5 6 7 8 9 10 11 12 13 15 16 17 18 19 20 21 22 24 25 26 27 28 29 30 31 32 33 34 36 37 39 40 41 42 44 45 46 47 48 49 50 51 52 54 55 56 57 58 59 60 61 62 63 64 65 66 67 68 69 70 71 72 73 74 75 76 77 78 79 80 81 82 83 84 85 86 87 88 89 90 91]
2023-05-11 01:48:36,824{GMT}	INFO	[jepsen worker 1] jepsen.util: 1	:ok	:broadcast	92
2023-05-11 01:48:36,880{GMT}	INFO	[jepsen worker 1] jepsen.util: 1	:invoke	:broadcast	93
2023-05-11 01:48:36,881{GMT}	INFO	[jepsen worker 1] jepsen.util: 1	:ok	:broadcast	93
2023-05-11 01:48:37,064{GMT}	INFO	[jepsen worker 2] jepsen.util: 2	:invoke	:broadcast	94
2023-05-11 01:48:37,065{GMT}	INFO	[jepsen worker 2] jepsen.util: 2	:ok	:broadcast	94
2023-05-11 01:48:37,228{GMT}	INFO	[jepsen worker 3] jepsen.util: 3	:invoke	:broadcast	95
2023-05-11 01:48:37,229{GMT}	INFO	[jepsen worker 3] jepsen.util: 3	:ok	:broadcast	95
2023-05-11 01:48:37,231{GMT}	INFO	[jepsen worker 4] jepsen.util: 4	:invoke	:read	nil
2023-05-11 01:48:37,231{GMT}	INFO	[jepsen worker 4] jepsen.util: 4	:ok	:read	[0 2 4 5 6 7 8 9 10 11 12 13 15 16 17 18 19 20 21 22 24 25 26 27 28 29 30 31 32 33 34 36 37 39 40 41 42 44 45 46 47 48 49 50 51 52 54 55 56 57 58 59 60 61 62 63 64 65 66 67 68 69 70 71 72 73 74 75 76 77 78 79 80 81 82 83 84 85 86 87 88 89 90 91 92 93 94 95]
2023-05-11 01:48:37,237{GMT}	INFO	[jepsen worker 0] jepsen.util: 0	:invoke	:read	nil
2023-05-11 01:48:37,237{GMT}	INFO	[jepsen worker 0] jepsen.util: 0	:ok	:read	[0 2 4 5 6 7 8 9 10 11 12 13 15 16 17 18 19 20 21 22 24 25 26 27 28 29 30 31 32 33 34 36 37 39 40 41 42 44 45 46 47 48 49 50 51 52 54 55 56 57 58 59 60 61 62 63 64 65 66 67 68 69 70 71 72 73 74 75 76 77 78 79 80 81 82 83 84 85 86 87 88 89 90 91 92 93 94 95]
2023-05-11 01:48:37,417{GMT}	INFO	[jepsen worker 0] jepsen.util: 0	:invoke	:read	nil
2023-05-11 01:48:37,417{GMT}	INFO	[jepsen worker 0] jepsen.util: 0	:ok	:read	[0 2 4 5 6 7 8 9 10 11 12 13 15 16 17 18 19 20 21 22 24 25 26 27 28 29 30 31 32 33 34 36 37 39 40 41 42 44 45 46 47 48 49 50 51 52 54 55 56 57 58 59 60 61 62 63 64 65 66 67 68 69 70 71 72 73 74 75 76 77 78 79 80 81 82 83 84 85 86 87 88 89 90 91 92 93 94 95]
2023-05-11 01:48:37,439{GMT}	INFO	[jepsen worker 1] jepsen.util: 1	:invoke	:read	nil
2023-05-11 01:48:37,439{GMT}	INFO	[jepsen worker 1] jepsen.util: 1	:ok	:read	[0 2 4 5 6 7 8 9 10 11 12 13 15 16 17 18 19 20 21 22 24 25 26 27 28 29 30 31 32 33 34 36 37 39 40 41 42 44 45 46 47 48 49 50 51 52 54 55 56 57 58 59 60 61 62 63 64 65 66 67 68 69 70 71 72 73 74 75 76 77 78 79 80 81 82 83 84 85 86 87 88 89 90 91 92 93 94 95]
2023-05-11 01:48:37,476{GMT}	INFO	[jepsen worker 2] jepsen.util: 2	:invoke	:broadcast	96
2023-05-11 01:48:37,477{GMT}	INFO	[jepsen worker 2] jepsen.util: 2	:ok	:broadcast	96
2023-05-11 01:48:37,630{GMT}	INFO	[jepsen worker 3] jepsen.util: 3	:invoke	:broadcast	97
2023-05-11 01:48:37,631{GMT}	INFO	[jepsen worker 3] jepsen.util: 3	:ok	:broadcast	97
2023-05-11 01:48:37,724{GMT}	INFO	[jepsen worker 4] jepsen.util: 4	:invoke	:broadcast	98
2023-05-11 01:48:37,725{GMT}	INFO	[jepsen worker 4] jepsen.util: 4	:ok	:broadcast	98
2023-05-11 01:48:37,793{GMT}	INFO	[jepsen worker 0] jepsen.util: 0	:invoke	:read	nil
2023-05-11 01:48:37,793{GMT}	INFO	[jepsen worker 0] jepsen.util: 0	:ok	:read	[0 2 4 5 6 7 8 9 10 11 12 13 15 16 17 18 19 20 21 22 24 25 26 27 28 29 30 31 32 33 34 36 37 39 40 41 42 44 45 46 47 48 49 50 51 52 54 55 56 57 58 59 60 61 62 63 64 65 66 67 68 69 70 71 72 73 74 75 76 77 78 79 80 81 82 83 84 85 86 87 88 89 90 91 92 93 94 95 96 97 98]
2023-05-11 01:48:37,819{GMT}	INFO	[jepsen worker 0] jepsen.util: 0	:invoke	:read	nil
2023-05-11 01:48:37,819{GMT}	INFO	[jepsen worker 0] jepsen.util: 0	:ok	:read	[0 2 4 5 6 7 8 9 10 11 12 13 15 16 17 18 19 20 21 22 24 25 26 27 28 29 30 31 32 33 34 36 37 39 40 41 42 44 45 46 47 48 49 50 51 52 54 55 56 57 58 59 60 61 62 63 64 65 66 67 68 69 70 71 72 73 74 75 76 77 78 79 80 81 82 83 84 85 86 87 88 89 90 91 92 93 94 95 96 97 98]
2023-05-11 01:48:37,996{GMT}	INFO	[jepsen worker 1] jepsen.util: 1	:invoke	:read	nil
2023-05-11 01:48:37,997{GMT}	INFO	[jepsen worker 1] jepsen.util: 1	:ok	:read	[0 2 4 5 6 7 8 9 10 11 12 13 15 16 17 18 19 20 21 22 24 25 26 27 28 29 30 31 32 33 34 36 37 39 40 41 42 44 45 46 47 48 49 50 51 52 54 55 56 57 58 59 60 61 62 63 64 65 66 67 68 69 70 71 72 73 74 75 76 77 78 79 80 81 82 83 84 85 86 87 88 89 90 91 92 93 94 95 96 97 98]
2023-05-11 01:48:38,068{GMT}	INFO	[jepsen worker 2] jepsen.util: 2	:invoke	:broadcast	99
2023-05-11 01:48:38,069{GMT}	INFO	[jepsen worker 2] jepsen.util: 2	:ok	:broadcast	99
2023-05-11 01:48:38,202{GMT}	INFO	[jepsen worker 3] jepsen.util: 3	:invoke	:broadcast	100
2023-05-11 01:48:38,203{GMT}	INFO	[jepsen worker 3] jepsen.util: 3	:ok	:broadcast	100
2023-05-11 01:48:38,381{GMT}	INFO	[jepsen worker 4] jepsen.util: 4	:invoke	:broadcast	101
2023-05-11 01:48:38,382{GMT}	INFO	[jepsen worker 4] jepsen.util: 4	:ok	:broadcast	101
2023-05-11 01:48:38,476{GMT}	INFO	[jepsen worker 0] jepsen.util: 0	:invoke	:broadcast	102
2023-05-11 01:48:38,477{GMT}	INFO	[jepsen worker 0] jepsen.util: 0	:ok	:broadcast	102
2023-05-11 01:48:38,550{GMT}	INFO	[jepsen worker 0] jepsen.util: 0	:invoke	:read	nil
2023-05-11 01:48:38,551{GMT}	INFO	[jepsen worker 0] jepsen.util: 0	:ok	:read	[0 2 4 5 6 7 8 9 10 11 12 13 15 16 17 18 19 20 21 22 24 25 26 27 28 29 30 31 32 33 34 36 37 39 40 41 42 44 45 46 47 48 49 50 51 52 54 55 56 57 58 59 60 61 62 63 64 65 66 67 68 69 70 71 72 73 74 75 76 77 78 79 80 81 82 83 84 85 86 87 88 89 90 91 92 93 94 95 96 97 98 99 100 101 102]
2023-05-11 01:48:38,693{GMT}	INFO	[jepsen worker 1] jepsen.util: 1	:invoke	:read	nil
2023-05-11 01:48:38,694{GMT}	INFO	[jepsen worker 1] jepsen.util: 1	:ok	:read	[0 2 4 5 6 7 8 9 10 11 12 13 15 16 17 18 19 20 21 22 24 25 26 27 28 29 30 31 32 33 34 36 37 39 40 41 42 44 45 46 47 48 49 50 51 52 54 55 56 57 58 59 60 61 62 63 64 65 66 67 68 69 70 71 72 73 74 75 76 77 78 79 80 81 82 83 84 85 86 87 88 89 90 91 92 93 94 95 96 97 98 99 100 101 102]
2023-05-11 01:48:38,694{GMT}	INFO	[jepsen worker nemesis] jepsen.util: :nemesis	:info	:stop-partition	nil
2023-05-11 01:48:38,694{GMT}	INFO	[jepsen worker nemesis] jepsen.util: :nemesis	:info	:stop-partition	:network-healed
2023-05-11 01:48:38,694{GMT}	INFO	[jepsen worker 3] jepsen.generator.interpreter: Waiting for recovery...
2023-05-11 01:48:48,696{GMT}	INFO	[jepsen worker 1] jepsen.util: 1	:invoke	:read	nil
2023-05-11 01:48:48,697{GMT}	INFO	[jepsen worker 4] jepsen.util: 4	:invoke	:read	nil
2023-05-11 01:48:48,697{GMT}	INFO	[jepsen worker 0] jepsen.util: 0	:invoke	:read	nil
2023-05-11 01:48:48,697{GMT}	INFO	[jepsen worker 3] jepsen.util: 3	:invoke	:read	nil
2023-05-11 01:48:48,697{GMT}	INFO	[jepsen worker 1] jepsen.util: 1	:ok	:read	[0 2 4 5 6 7 8 9 10 11 12 13 15 16 17 18 19 20 21 22 24 25 26 27 28 29 30 31 32 33 34 36 37 39 40 41 42 44 45 46 47 48 49 50 51 52 54 55 56 57 58 59 60 61 62 63 64 65 66 67 68 69 70 71 72 73 74 75 76 77 78 79 80 81 82 83 84 85 86 87 88 89 90 91 92 93 94 95 96 97 98 99 100 101 102]
2023-05-11 01:48:48,698{GMT}	INFO	[jepsen worker 2] jepsen.util: 2	:invoke	:read	nil
2023-05-11 01:48:48,698{GMT}	INFO	[jepsen worker 4] jepsen.util: 4	:ok	:read	[0 2 4 5 6 7 8 9 10 11 12 13 15 16 17 18 19 20 21 22 24 25 26 27 28 29 30 31 32 33 34 36 37 39 40 41 42 44 45 46 47 48 49 50 51 52 54 55 56 57 58 59 60 61 62 63 64 65 66 67 68 69 70 71 72 73 74 75 76 77 78 79 80 81 82 83 84 85 86 87 88 89 90 91 92 93 94 95 96 97 98 99 100 101 102]
2023-05-11 01:48:48,698{GMT}	INFO	[jepsen worker 0] jepsen.util: 0	:ok	:read	[0 2 4 5 6 7 8 9 10 11 12 13 15 16 17 18 19 20 21 22 24 25 26 27 28 29 30 31 32 33 34 36 37 39 40 41 42 44 45 46 47 48 49 50 51 52 54 55 56 57 58 59 60 61 62 63 64 65 66 67 68 69 70 71 72 73 74 75 76 77 78 79 80 81 82 83 84 85 86 87 88 89 90 91 92 93 94 95 96 97 98 99 100 101 102]
2023-05-11 01:48:48,698{GMT}	INFO	[jepsen worker 3] jepsen.util: 3	:ok	:read	[0 2 4 5 6 7 8 9 10 11 12 13 15 16 17 18 19 20 21 22 24 25 26 27 28 29 30 31 32 33 34 36 37 39 40 41 42 44 45 46 47 48 49 50 51 52 54 55 56 57 58 59 60 61 62 63 64 65 66 67 68 69 70 71 72 73 74 75 76 77 78 79 80 81 82 83 84 85 86 87 88 89 90 91 92 93 94 95 96 97 98 99 100 101 102]
2023-05-11 01:48:48,698{GMT}	INFO	[jepsen worker 2] jepsen.util: 2	:ok	:read	[1 3 14 23 35 38 43 53 58 59 60 61 62 63 64 65 66 67 68 69 70 71 72 73 74 75 76 77 78 79 80 81 82 83 84 85 86 87 88 89 90 91 92 93 94 95 96 97 98 99 100 101 102]
2023-05-11 01:48:48,708{GMT}	INFO	[jepsen test runner] jepsen.core: Run complete, writing
2023-05-11 01:48:48,747{GMT}	INFO	[jepsen node n0] maelstrom.db: Tearing down n0
2023-05-11 01:48:48,747{GMT}	INFO	[jepsen node n1] maelstrom.db: Tearing down n1
2023-05-11 01:48:48,747{GMT}	INFO	[jepsen node n2] maelstrom.db: Tearing down n2
2023-05-11 01:48:48,747{GMT}	INFO	[jepsen node n3] maelstrom.db: Tearing down n3
2023-05-11 01:48:48,747{GMT}	INFO	[jepsen node n4] maelstrom.db: Tearing down n4
2023-05-11 01:48:49,707{GMT}	INFO	[jepsen node n0] maelstrom.net: Shutting down Maelstrom network
2023-05-11 01:48:49,707{GMT}	INFO	[jepsen test runner] jepsen.core: Analyzing...
2023-05-11 01:48:49,849{GMT}	INFO	[jepsen test runner] jepsen.core: Analysis complete
2023-05-11 01:48:49,868{GMT}	INFO	[jepsen results] jepsen.store: Wrote /home/eman/gossip-glomers/maelstrom/store/broadcast/20230511T014817.269-0400/results.edn
2023-05-11 01:48:49,887{GMT}	INFO	[jepsen test runner] jepsen.core: {:perf {:latency-graph {:valid? true},
        :rate-graph {:valid? true},
        :valid? true},
 :timeline {:valid? true},
 :exceptions {:valid? true},
 :stats {:valid? true,
         :count 191,
         :ok-count 191,
         :fail-count 0,
         :info-count 0,
         :by-f {:broadcast {:valid? true,
                            :count 103,
                            :ok-count 103,
                            :fail-count 0,
                            :info-count 0},
                :read {:valid? true,
                       :count 88,
                       :ok-count 88,
                       :fail-count 0,
                       :info-count 0}}},
 :availability {:valid? true, :ok-fraction 1.0},
 :net {:all {:send-count 814,
             :recv-count 732,
             :msg-count 814,
             :msgs-per-op 4.2617803},
       :clients {:send-count 402, :recv-count 402, :msg-count 402},
       :servers {:send-count 412,
                 :recv-count 330,
                 :msg-count 412,
                 :msgs-per-op 2.157068},
       :valid? true},
 :workload {:worst-stale ({:element 1,
                           :outcome :stable,
                           :stable-latency 29820,
                           :lost-latency nil,
                           :known #jepsen.history.Op{:index 5,
                                                     :time 156548357,
                                                     :type :ok,
                                                     :process 2,
                                                     :f :add,
                                                     :value 1},
                           :last-absent #jepsen.history.Op{:index 381,
                                                           :time 29977388396,
                                                           :type :invoke,
                                                           :process 3,
                                                           :f :read,
                                                           :value nil,
                                                           :final? true}}
                          {:element 3,
                           :outcome :stable,
                           :stable-latency 29221,
                           :lost-latency nil,
                           :known #jepsen.history.Op{:index 17,
                                                     :time 756136517,
                                                     :type :ok,
                                                     :process 2,
                                                     :f :add,
                                                     :value 3},
                           :last-absent #jepsen.history.Op{:index 381,
                                                           :time 29977388396,
                                                           :type :invoke,
                                                           :process 3,
                                                           :f :read,
                                                           :value nil,
                                                           :final? true}}
                          {:element 14,
                           :outcome :stable,
                           :stable-latency 27715,
                           :lost-latency nil,
                           :known #jepsen.history.Op{:index 53,
                                                     :time 2261894534,
                                                     :type :ok,
                                                     :process 2,
                                                     :f :add,
                                                     :value 14},
                           :last-absent #jepsen.history.Op{:index 381,
                                                           :time 29977388396,
                                                           :type :invoke,
                                                           :process 3,
                                                           :f :read,
                                                           :value nil,
                                                           :final? true}}
                          {:element 23,
                           :outcome :stable,
                           :stable-latency 25860,
                           :lost-latency nil,
                           :known #jepsen.history.Op{:index 89,
                                                     :time 4116467267,
                                                     :type :ok,
                                                     :process 2,
                                                     :f :add,
                                                     :value 23},
                           :last-absent #jepsen.history.Op{:index 381,
                                                           :time 29977388396,
                                                           :type :invoke,
                                                           :process 3,
                                                           :f :read,
                                                           :value nil,
                                                           :final? true}}
                          {:element 35,
                           :outcome :stable,
                           :stable-latency 24017,
                           :lost-latency nil,
                           :known #jepsen.history.Op{:index 125,
                                                     :time 5959628971,
                                                     :type :ok,
                                                     :process 2,
                                                     :f :add,
                                                     :value 35},
                           :last-absent #jepsen.history.Op{:index 381,
                                                           :time 29977388396,
                                                           :type :invoke,
                                                           :process 3,
                                                           :f :read,
                                                           :value nil,
                                                           :final? true}}
                          {:element 38,
                           :outcome :stable,
                           :stable-latency 23409,
                           :lost-latency nil,
                           :known #jepsen.history.Op{:index 137,
                                                     :time 6568103061,
                                                     :type :ok,
                                                     :process 2,
                                                     :f :add,
                                                     :value 38},
                           :last-absent #jepsen.history.Op{:index 381,
                                                           :time 29977388396,
                                                           :type :invoke,
                                                           :process 3,
                                                           :f :read,
                                                           :value nil,
                                                           :final? true}}
                          {:element 43,
                           :outcome :stable,
                           :stable-latency 22585,
                           :lost-latency nil,
                           :known #jepsen.history.Op{:index 149,
                                                     :time 7392180656,
                                                     :type :ok,
                                                     :process 2,
                                                     :f :add,
                                                     :value 43},
                           :last-absent #jepsen.history.Op{:index 381,
                                                           :time 29977388396,
                                                           :type :invoke,
                                                           :process 3,
                                                           :f :read,
                                                           :value nil,
                                                           :final? true}}
                          {:element 53,
                           :outcome :stable,
                           :stable-latency 20818,
                           :lost-latency nil,
                           :known #jepsen.history.Op{:index 173,
                                                     :time 9158730772,
                                                     :type :ok,
                                                     :process 2,
                                                     :f :add,
                                                     :value 53},
                           :last-absent #jepsen.history.Op{:index 381,
                                                           :time 29977388396,
                                                           :type :invoke,
                                                           :process 3,
                                                           :f :read,
                                                           :value nil,
                                                           :final? true}}),
            :duplicated-count 0,
            :valid? false,
            :lost-count 50,
            :lost (0
                   2
                   4
                   5
                   6
                   7
                   8
                   9
                   10
                   11
                   12
                   13
                   15
                   16
                   17
                   18
                   19
                   20
                   21
                   22
                   24
                   25
                   26
                   27
                   28
                   29
                   30
                   31
                   32
                   33
                   34
                   36
                   37
                   39
                   40
                   41
                   42
                   44
                   45
                   46
                   47
                   48
                   49
                   50
                   51
                   52
                   54
                   55
                   56
                   57),
            :stable-count 53,
            :stale-count 8,
            :stale (1 3 14 23 35 38 43 53),
            :never-read-count 0,
            :stable-latencies {0 0,
                               0.5 0,
                               0.95 27715,
                               0.99 29820,
                               1 29820},
            :attempt-count 103,
            :lost-latencies {0 20572,
                             0.5 25021,
                             0.95 29029,
                             0.99 29957,
                             1 29957},
            :never-read (),
            :duplicated {}},
 :valid? false}


Analysis invalid! ( 
