2023-05-11 01:44:27,625{GMT}	INFO	[jepsen test runner] jepsen.core: Command line:
lein run test -w broadcast --bin ../maelstrom-echo/target/release/maelstrom-echo --node-count 5 --time-limit 20 --rate 10
2023-05-11 01:44:27,682{GMT}	INFO	[jepsen test runner] jepsen.core: Running test:
{:args []
 :remote
 #jepsen.control.retry.Remote{:remote #jepsen.control.scp.Remote{:cmd-remote #jepsen.control.sshj.SSHJRemote{:concurrency-limit 6,
                                                                                                             :conn-spec nil,
                                                                                                             :client nil,
                                                                                                             :semaphore nil},
                                                                 :conn-spec nil},
                              :conn nil}
 :log-net-send false
 :node-count 5
 :availability nil
 :max-txn-length 4
 :concurrency 5
 :db
 #object[maelstrom.db$db$reify__16142
         "0x50a1c2f3"
         "maelstrom.db$db$reify__16142@50a1c2f3"]
 :max-writes-per-key 16
 :leave-db-running? false
 :name "broadcast"
 :logging-json? false
 :start-time
 #object[org.joda.time.DateTime "0x333813e7" "2023-05-11T01:44:27.611-04:00"]
 :nemesis-interval 10
 :net
 #object[maelstrom.net$jepsen_net$reify__15251
         "0x292237cd"
         "maelstrom.net$jepsen_net$reify__15251@292237cd"]
 :client
 #object[maelstrom.workload.broadcast$client$reify__16644
         "0x797a5b31"
         "maelstrom.workload.broadcast$client$reify__16644@797a5b31"]
 :barrier
 #object[java.util.concurrent.CyclicBarrier
         "0x13d7d1a8"
         "java.util.concurrent.CyclicBarrier@13d7d1a8"]
 :log-stderr false
 :pure-generators true
 :ssh {:dummy? true}
 :rate 10.0
 :checker
 #object[jepsen.checker$compose$reify__11881
         "0x60035f1e"
         "jepsen.checker$compose$reify__11881@60035f1e"]
 :argv
 ("test"
  "-w"
  "broadcast"
  "--bin"
  "../maelstrom-echo/target/release/maelstrom-echo"
  "--node-count"
  "5"
  "--time-limit"
  "20"
  "--rate"
  "10")
 :nemesis
 (jepsen.nemesis.ReflCompose
  {:fm {:start-partition 0,
        :stop-partition 0,
        :kill 1,
        :start 1,
        :pause 1,
        :resume 1},
   :nemeses [#unprintable "jepsen.nemesis.combined$partition_nemesis$reify__16416@5827908c"
             #unprintable "jepsen.nemesis.combined$db_nemesis$reify__16397@732ffb6a"]})
 :nodes ["n0" "n1" "n2" "n3" "n4"]
 :test-count 1
 :latency {:mean 0, :dist :constant}
 :bin "../maelstrom-echo/target/release/maelstrom-echo"
 :generator
 ((jepsen.generator.Synchronize
   {:gen (jepsen.generator.TimeLimit
          {:limit 20000000000,
           :cutoff nil,
           :gen (jepsen.generator.Any
                 {:gens [(jepsen.generator.OnThreads
                          {:f #{:nemesis},
                           :context-filter #object[jepsen.generator.context$make_thread_filter$lazy_filter__9167
                                                   "0x40f40221"
                                                   "jepsen.generator.context$make_thread_filter$lazy_filter__9167@40f40221"],
                           :gen nil})
                         (jepsen.generator.OnThreads
                          {:f #jepsen.generator.context.AllBut{:element :nemesis},
                           :context-filter #object[jepsen.generator.context$make_thread_filter$lazy_filter__9167
                                                   "0x16441c13"
                                                   "jepsen.generator.context$make_thread_filter$lazy_filter__9167@16441c13"],
                           :gen (jepsen.generator.Stagger
                                 {:dt 200000000,
                                  :next-time nil,
                                  :gen (jepsen.generator.Mix
                                        {:i 1,
                                         :gens [({:f :broadcast, :value 0}
                                                 {:f :broadcast, :value 1}
                                                 {:f :broadcast, :value 2}
                                                 {:f :broadcast, :value 3}
                                                 {:f :broadcast, :value 4}
                                                 {:f :broadcast, :value 5}
                                                 {:f :broadcast, :value 6}
                                                 {:f :broadcast, :value 7}
                                                 ...)
                                                ({:f :read}
                                                 {:f :read}
                                                 {:f :read}
                                                 {:f :read}
                                                 {:f :read}
                                                 {:f :read}
                                                 {:f :read}
                                                 {:f :read}
                                                 ...)]})})})]})})})
  (jepsen.generator.Synchronize
   {:gen (jepsen.generator.OnThreads
          {:f #{:nemesis},
           :context-filter #object[jepsen.generator.context$make_thread_filter$lazy_filter__9167
                                   "0x164dfad2"
                                   "jepsen.generator.context$make_thread_filter$lazy_filter__9167@164dfad2"],
           :gen ()})})
  (jepsen.generator.Synchronize
   {:gen {:type :log, :value "Waiting for recovery..."}})
  (jepsen.generator.Synchronize {:gen {:type :sleep, :value 10}})
  (jepsen.generator.Synchronize
   {:gen (jepsen.generator.OnThreads
          {:f #jepsen.generator.context.AllBut{:element :nemesis},
           :context-filter #object[jepsen.generator.context$make_thread_filter$lazy_filter__9167
                                   "0x76480730"
                                   "jepsen.generator.context$make_thread_filter$lazy_filter__9167@76480730"],
           :gen (jepsen.generator.EachThread
                 {:fresh-gen {:f :read, :final? true},
                  :context-filters #object[clojure.core$promise$reify__8591
                                           "0x405a296e"
                                           {:status :pending, :val nil}],
                  :gens {}})})}))
 :log-net-recv false
 :os
 #object[maelstrom.net$jepsen_os$reify__15254
         "0x77198cce"
         "maelstrom.net$jepsen_os$reify__15254@77198cce"]
 :time-limit 20
 :workload :broadcast
 :consistency-models [:strict-serializable]
 :topology :grid}

2023-05-11 01:44:29,042{GMT}	INFO	[jepsen node n0] maelstrom.net: Starting Maelstrom network
2023-05-11 01:44:29,043{GMT}	INFO	[jepsen test runner] jepsen.db: Tearing down DB
2023-05-11 01:44:29,045{GMT}	INFO	[jepsen test runner] jepsen.db: Setting up DB
2023-05-11 01:44:29,045{GMT}	INFO	[jepsen node n1] maelstrom.db: Setting up n1
2023-05-11 01:44:29,046{GMT}	INFO	[jepsen node n2] maelstrom.db: Setting up n2
2023-05-11 01:44:29,046{GMT}	INFO	[jepsen node n3] maelstrom.db: Setting up n3
2023-05-11 01:44:29,046{GMT}	INFO	[jepsen node n4] maelstrom.db: Setting up n4
2023-05-11 01:44:29,046{GMT}	INFO	[jepsen node n2] maelstrom.process: launching ../maelstrom-echo/target/release/maelstrom-echo []
2023-05-11 01:44:29,046{GMT}	INFO	[jepsen node n3] maelstrom.process: launching ../maelstrom-echo/target/release/maelstrom-echo []
2023-05-11 01:44:29,046{GMT}	INFO	[jepsen node n1] maelstrom.process: launching ../maelstrom-echo/target/release/maelstrom-echo []
2023-05-11 01:44:29,046{GMT}	INFO	[jepsen node n4] maelstrom.process: launching ../maelstrom-echo/target/release/maelstrom-echo []
2023-05-11 01:44:29,047{GMT}	INFO	[jepsen node n0] maelstrom.service: Starting services: (lin-kv lin-tso lww-kv seq-kv)
2023-05-11 01:44:29,048{GMT}	INFO	[jepsen node n0] maelstrom.db: Setting up n0
2023-05-11 01:44:29,049{GMT}	INFO	[jepsen node n0] maelstrom.process: launching ../maelstrom-echo/target/release/maelstrom-echo []
2023-05-11 01:44:29,065{GMT}	INFO	[jepsen test runner] jepsen.core: Relative time begins now
2023-05-11 01:44:29,080{GMT}	INFO	[jepsen worker 0] jepsen.util: 0	:invoke	:read	nil
2023-05-11 01:44:29,082{GMT}	INFO	[jepsen worker 0] jepsen.util: 0	:ok	:read	[]
2023-05-11 01:44:29,227{GMT}	INFO	[jepsen worker 1] jepsen.util: 1	:invoke	:read	nil
2023-05-11 01:44:29,229{GMT}	INFO	[jepsen worker 1] jepsen.util: 1	:ok	:read	[]
2023-05-11 01:44:29,233{GMT}	INFO	[jepsen worker 2] jepsen.util: 2	:invoke	:read	nil
2023-05-11 01:44:29,234{GMT}	INFO	[jepsen worker 2] jepsen.util: 2	:ok	:read	[]
2023-05-11 01:44:29,317{GMT}	INFO	[jepsen worker 3] jepsen.util: 3	:invoke	:broadcast	0
2023-05-11 01:44:29,320{GMT}	INFO	[jepsen worker 3] jepsen.util: 3	:ok	:broadcast	0
2023-05-11 01:44:29,509{GMT}	INFO	[jepsen worker 4] jepsen.util: 4	:invoke	:broadcast	1
2023-05-11 01:44:29,511{GMT}	INFO	[jepsen worker 4] jepsen.util: 4	:ok	:broadcast	1
2023-05-11 01:44:29,563{GMT}	INFO	[jepsen worker 0] jepsen.util: 0	:invoke	:read	nil
2023-05-11 01:44:29,565{GMT}	INFO	[jepsen worker 0] jepsen.util: 0	:ok	:read	[0 1]
2023-05-11 01:44:29,634{GMT}	INFO	[jepsen worker 0] jepsen.util: 0	:invoke	:broadcast	2
2023-05-11 01:44:29,636{GMT}	INFO	[jepsen worker 0] jepsen.util: 0	:ok	:broadcast	2
2023-05-11 01:44:29,676{GMT}	INFO	[jepsen worker 1] jepsen.util: 1	:invoke	:read	nil
2023-05-11 01:44:29,678{GMT}	INFO	[jepsen worker 1] jepsen.util: 1	:ok	:read	[0 1 2]
2023-05-11 01:44:29,702{GMT}	INFO	[jepsen worker 2] jepsen.util: 2	:invoke	:read	nil
2023-05-11 01:44:29,704{GMT}	INFO	[jepsen worker 2] jepsen.util: 2	:ok	:read	[0 1 2]
2023-05-11 01:44:29,827{GMT}	INFO	[jepsen worker 3] jepsen.util: 3	:invoke	:read	nil
2023-05-11 01:44:29,828{GMT}	INFO	[jepsen worker 3] jepsen.util: 3	:ok	:read	[0 1 2]
2023-05-11 01:44:29,882{GMT}	INFO	[jepsen worker 4] jepsen.util: 4	:invoke	:read	nil
2023-05-11 01:44:29,883{GMT}	INFO	[jepsen worker 4] jepsen.util: 4	:ok	:read	[0 1 2]
2023-05-11 01:44:30,057{GMT}	INFO	[jepsen worker 0] jepsen.util: 0	:invoke	:broadcast	3
2023-05-11 01:44:30,059{GMT}	INFO	[jepsen worker 0] jepsen.util: 0	:ok	:broadcast	3
2023-05-11 01:44:30,114{GMT}	INFO	[jepsen worker 0] jepsen.util: 0	:invoke	:broadcast	4
2023-05-11 01:44:30,116{GMT}	INFO	[jepsen worker 0] jepsen.util: 0	:ok	:broadcast	4
2023-05-11 01:44:30,255{GMT}	INFO	[jepsen worker 1] jepsen.util: 1	:invoke	:read	nil
2023-05-11 01:44:30,257{GMT}	INFO	[jepsen worker 1] jepsen.util: 1	:ok	:read	[0 1 2 3 4]
2023-05-11 01:44:30,331{GMT}	INFO	[jepsen worker 2] jepsen.util: 2	:invoke	:broadcast	5
2023-05-11 01:44:30,333{GMT}	INFO	[jepsen worker 2] jepsen.util: 2	:ok	:broadcast	5
2023-05-11 01:44:30,506{GMT}	INFO	[jepsen worker 3] jepsen.util: 3	:invoke	:broadcast	6
2023-05-11 01:44:30,508{GMT}	INFO	[jepsen worker 3] jepsen.util: 3	:ok	:broadcast	6
2023-05-11 01:44:30,608{GMT}	INFO	[jepsen worker 4] jepsen.util: 4	:invoke	:broadcast	7
2023-05-11 01:44:30,609{GMT}	INFO	[jepsen worker 4] jepsen.util: 4	:ok	:broadcast	7
2023-05-11 01:44:30,766{GMT}	INFO	[jepsen worker 0] jepsen.util: 0	:invoke	:read	nil
2023-05-11 01:44:30,767{GMT}	INFO	[jepsen worker 0] jepsen.util: 0	:ok	:read	[0 1 2 3 4 5 6 7]
2023-05-11 01:44:30,926{GMT}	INFO	[jepsen worker 0] jepsen.util: 0	:invoke	:read	nil
2023-05-11 01:44:30,927{GMT}	INFO	[jepsen worker 0] jepsen.util: 0	:ok	:read	[0 1 2 3 4 5 6 7]
2023-05-11 01:44:31,094{GMT}	INFO	[jepsen worker 1] jepsen.util: 1	:invoke	:broadcast	8
2023-05-11 01:44:31,096{GMT}	INFO	[jepsen worker 1] jepsen.util: 1	:ok	:broadcast	8
2023-05-11 01:44:31,223{GMT}	INFO	[jepsen worker 2] jepsen.util: 2	:invoke	:read	nil
2023-05-11 01:44:31,225{GMT}	INFO	[jepsen worker 2] jepsen.util: 2	:ok	:read	[0 1 2 3 4 5 6 7 8]
2023-05-11 01:44:31,410{GMT}	INFO	[jepsen worker 3] jepsen.util: 3	:invoke	:read	nil
2023-05-11 01:44:31,411{GMT}	INFO	[jepsen worker 3] jepsen.util: 3	:ok	:read	[0 1 2 3 4 5 6 7 8]
2023-05-11 01:44:31,440{GMT}	INFO	[jepsen worker 4] jepsen.util: 4	:invoke	:broadcast	9
2023-05-11 01:44:31,441{GMT}	INFO	[jepsen worker 4] jepsen.util: 4	:ok	:broadcast	9
2023-05-11 01:44:31,444{GMT}	INFO	[jepsen worker 0] jepsen.util: 0	:invoke	:read	nil
2023-05-11 01:44:31,445{GMT}	INFO	[jepsen worker 0] jepsen.util: 0	:ok	:read	[0 1 2 3 4 5 6 7 8 9]
2023-05-11 01:44:31,455{GMT}	INFO	[jepsen worker 0] jepsen.util: 0	:invoke	:read	nil
2023-05-11 01:44:31,456{GMT}	INFO	[jepsen worker 0] jepsen.util: 0	:ok	:read	[0 1 2 3 4 5 6 7 8 9]
2023-05-11 01:44:31,511{GMT}	INFO	[jepsen worker 1] jepsen.util: 1	:invoke	:read	nil
2023-05-11 01:44:31,512{GMT}	INFO	[jepsen worker 1] jepsen.util: 1	:ok	:read	[0 1 2 3 4 5 6 7 8 9]
2023-05-11 01:44:31,678{GMT}	INFO	[jepsen worker 2] jepsen.util: 2	:invoke	:broadcast	10
2023-05-11 01:44:31,679{GMT}	INFO	[jepsen worker 2] jepsen.util: 2	:ok	:broadcast	10
2023-05-11 01:44:31,821{GMT}	INFO	[jepsen worker 3] jepsen.util: 3	:invoke	:broadcast	11
2023-05-11 01:44:31,823{GMT}	INFO	[jepsen worker 3] jepsen.util: 3	:ok	:broadcast	11
2023-05-11 01:44:31,872{GMT}	INFO	[jepsen worker 4] jepsen.util: 4	:invoke	:read	nil
2023-05-11 01:44:31,873{GMT}	INFO	[jepsen worker 4] jepsen.util: 4	:ok	:read	[0 1 2 3 4 5 6 7 8 9 10 11]
2023-05-11 01:44:31,922{GMT}	INFO	[jepsen worker 0] jepsen.util: 0	:invoke	:broadcast	12
2023-05-11 01:44:31,924{GMT}	INFO	[jepsen worker 0] jepsen.util: 0	:ok	:broadcast	12
2023-05-11 01:44:32,054{GMT}	INFO	[jepsen worker 0] jepsen.util: 0	:invoke	:broadcast	13
2023-05-11 01:44:32,056{GMT}	INFO	[jepsen worker 0] jepsen.util: 0	:ok	:broadcast	13
2023-05-11 01:44:32,123{GMT}	INFO	[jepsen worker 1] jepsen.util: 1	:invoke	:broadcast	14
2023-05-11 01:44:32,125{GMT}	INFO	[jepsen worker 1] jepsen.util: 1	:ok	:broadcast	14
2023-05-11 01:44:32,274{GMT}	INFO	[jepsen worker 2] jepsen.util: 2	:invoke	:read	nil
2023-05-11 01:44:32,275{GMT}	INFO	[jepsen worker 2] jepsen.util: 2	:ok	:read	[0 1 2 3 4 5 6 7 8 9 10 11 12 13 14]
2023-05-11 01:44:32,362{GMT}	INFO	[jepsen worker 3] jepsen.util: 3	:invoke	:broadcast	15
2023-05-11 01:44:32,363{GMT}	INFO	[jepsen worker 4] jepsen.util: 4	:invoke	:read	nil
2023-05-11 01:44:32,364{GMT}	INFO	[jepsen worker 4] jepsen.util: 4	:ok	:read	[0 1 2 3 4 5 6 7 8 9 10 11 12 13 14]
2023-05-11 01:44:32,364{GMT}	INFO	[jepsen worker 3] jepsen.util: 3	:ok	:broadcast	15
2023-05-11 01:44:32,497{GMT}	INFO	[jepsen worker 0] jepsen.util: 0	:invoke	:read	nil
2023-05-11 01:44:32,498{GMT}	INFO	[jepsen worker 0] jepsen.util: 0	:ok	:read	[0 1 2 3 4 5 6 7 8 9 10 11 12 13 14 15]
2023-05-11 01:44:32,526{GMT}	INFO	[jepsen worker 0] jepsen.util: 0	:invoke	:read	nil
2023-05-11 01:44:32,528{GMT}	INFO	[jepsen worker 0] jepsen.util: 0	:ok	:read	[0 1 2 3 4 5 6 7 8 9 10 11 12 13 14 15]
2023-05-11 01:44:32,627{GMT}	INFO	[jepsen worker 1] jepsen.util: 1	:invoke	:broadcast	16
2023-05-11 01:44:32,628{GMT}	INFO	[jepsen worker 1] jepsen.util: 1	:ok	:broadcast	16
2023-05-11 01:44:32,761{GMT}	INFO	[jepsen worker 2] jepsen.util: 2	:invoke	:broadcast	17
2023-05-11 01:44:32,763{GMT}	INFO	[jepsen worker 3] jepsen.util: 3	:invoke	:read	nil
2023-05-11 01:44:32,763{GMT}	INFO	[jepsen worker 2] jepsen.util: 2	:ok	:broadcast	17
2023-05-11 01:44:32,764{GMT}	INFO	[jepsen worker 3] jepsen.util: 3	:ok	:read	[0 1 2 3 4 5 6 7 8 9 10 11 12 13 14 15 16 17]
2023-05-11 01:44:32,912{GMT}	INFO	[jepsen worker 4] jepsen.util: 4	:invoke	:broadcast	18
2023-05-11 01:44:32,914{GMT}	INFO	[jepsen worker 4] jepsen.util: 4	:ok	:broadcast	18
2023-05-11 01:44:33,019{GMT}	INFO	[jepsen worker 0] jepsen.util: 0	:invoke	:read	nil
2023-05-11 01:44:33,020{GMT}	INFO	[jepsen worker 0] jepsen.util: 0	:ok	:read	[0 1 2 3 4 5 6 7 8 9 10 11 12 13 14 15 16 17 18]
2023-05-11 01:44:33,023{GMT}	INFO	[jepsen worker 0] jepsen.util: 0	:invoke	:read	nil
2023-05-11 01:44:33,024{GMT}	INFO	[jepsen worker 0] jepsen.util: 0	:ok	:read	[0 1 2 3 4 5 6 7 8 9 10 11 12 13 14 15 16 17 18]
2023-05-11 01:44:33,191{GMT}	INFO	[jepsen worker 1] jepsen.util: 1	:invoke	:broadcast	19
2023-05-11 01:44:33,192{GMT}	INFO	[jepsen worker 1] jepsen.util: 1	:ok	:broadcast	19
2023-05-11 01:44:33,223{GMT}	INFO	[jepsen worker 2] jepsen.util: 2	:invoke	:read	nil
2023-05-11 01:44:33,224{GMT}	INFO	[jepsen worker 2] jepsen.util: 2	:ok	:read	[0 1 2 3 4 5 6 7 8 9 10 11 12 13 14 15 16 17 18 19]
2023-05-11 01:44:33,296{GMT}	INFO	[jepsen worker 3] jepsen.util: 3	:invoke	:broadcast	20
2023-05-11 01:44:33,297{GMT}	INFO	[jepsen worker 3] jepsen.util: 3	:ok	:broadcast	20
2023-05-11 01:44:33,317{GMT}	INFO	[jepsen worker 4] jepsen.util: 4	:invoke	:read	nil
2023-05-11 01:44:33,318{GMT}	INFO	[jepsen worker 4] jepsen.util: 4	:ok	:read	[0 1 2 3 4 5 6 7 8 9 10 11 12 13 14 15 16 17 18 19 20]
2023-05-11 01:44:33,392{GMT}	INFO	[jepsen worker 0] jepsen.util: 0	:invoke	:read	nil
2023-05-11 01:44:33,393{GMT}	INFO	[jepsen worker 0] jepsen.util: 0	:ok	:read	[0 1 2 3 4 5 6 7 8 9 10 11 12 13 14 15 16 17 18 19 20]
2023-05-11 01:44:33,443{GMT}	INFO	[jepsen worker 0] jepsen.util: 0	:invoke	:broadcast	21
2023-05-11 01:44:33,444{GMT}	INFO	[jepsen worker 0] jepsen.util: 0	:ok	:broadcast	21
2023-05-11 01:44:33,606{GMT}	INFO	[jepsen worker 1] jepsen.util: 1	:invoke	:read	nil
2023-05-11 01:44:33,607{GMT}	INFO	[jepsen worker 1] jepsen.util: 1	:ok	:read	[0 1 2 3 4 5 6 7 8 9 10 11 12 13 14 15 16 17 18 19 20 21]
2023-05-11 01:44:33,783{GMT}	INFO	[jepsen worker 2] jepsen.util: 2	:invoke	:broadcast	22
2023-05-11 01:44:33,784{GMT}	INFO	[jepsen worker 2] jepsen.util: 2	:ok	:broadcast	22
2023-05-11 01:44:33,849{GMT}	INFO	[jepsen worker 3] jepsen.util: 3	:invoke	:read	nil
2023-05-11 01:44:33,850{GMT}	INFO	[jepsen worker 3] jepsen.util: 3	:ok	:read	[0 1 2 3 4 5 6 7 8 9 10 11 12 13 14 15 16 17 18 19 20 21 22]
2023-05-11 01:44:34,026{GMT}	INFO	[jepsen worker 4] jepsen.util: 4	:invoke	:broadcast	23
2023-05-11 01:44:34,028{GMT}	INFO	[jepsen worker 4] jepsen.util: 4	:ok	:broadcast	23
2023-05-11 01:44:34,127{GMT}	INFO	[jepsen worker 0] jepsen.util: 0	:invoke	:broadcast	24
2023-05-11 01:44:34,128{GMT}	INFO	[jepsen worker 0] jepsen.util: 0	:ok	:broadcast	24
2023-05-11 01:44:34,179{GMT}	INFO	[jepsen worker 0] jepsen.util: 0	:invoke	:broadcast	25
2023-05-11 01:44:34,180{GMT}	INFO	[jepsen worker 0] jepsen.util: 0	:ok	:broadcast	25
2023-05-11 01:44:34,275{GMT}	INFO	[jepsen worker 1] jepsen.util: 1	:invoke	:broadcast	26
2023-05-11 01:44:34,277{GMT}	INFO	[jepsen worker 1] jepsen.util: 1	:ok	:broadcast	26
2023-05-11 01:44:34,293{GMT}	INFO	[jepsen worker 2] jepsen.util: 2	:invoke	:broadcast	27
2023-05-11 01:44:34,295{GMT}	INFO	[jepsen worker 2] jepsen.util: 2	:ok	:broadcast	27
2023-05-11 01:44:34,489{GMT}	INFO	[jepsen worker 3] jepsen.util: 3	:invoke	:broadcast	28
2023-05-11 01:44:34,491{GMT}	INFO	[jepsen worker 3] jepsen.util: 3	:ok	:broadcast	28
2023-05-11 01:44:34,590{GMT}	INFO	[jepsen worker 4] jepsen.util: 4	:invoke	:read	nil
2023-05-11 01:44:34,592{GMT}	INFO	[jepsen worker 4] jepsen.util: 4	:ok	:read	[0 1 2 3 4 5 6 7 8 9 10 11 12 13 14 15 16 17 18 19 20 21 22 23 24 25 26 27 28]
2023-05-11 01:44:34,633{GMT}	INFO	[jepsen worker 0] jepsen.util: 0	:invoke	:read	nil
2023-05-11 01:44:34,634{GMT}	INFO	[jepsen worker 0] jepsen.util: 0	:ok	:read	[0 1 2 3 4 5 6 7 8 9 10 11 12 13 14 15 16 17 18 19 20 21 22 23 24 25 26 27 28]
2023-05-11 01:44:34,786{GMT}	INFO	[jepsen worker 0] jepsen.util: 0	:invoke	:broadcast	29
2023-05-11 01:44:34,787{GMT}	INFO	[jepsen worker 0] jepsen.util: 0	:ok	:broadcast	29
2023-05-11 01:44:34,881{GMT}	INFO	[jepsen worker 1] jepsen.util: 1	:invoke	:read	nil
2023-05-11 01:44:34,882{GMT}	INFO	[jepsen worker 1] jepsen.util: 1	:ok	:read	[0 1 2 3 4 5 6 7 8 9 10 11 12 13 14 15 16 17 18 19 20 21 22 23 24 25 26 27 28 29]
2023-05-11 01:44:34,899{GMT}	INFO	[jepsen worker 2] jepsen.util: 2	:invoke	:broadcast	30
2023-05-11 01:44:34,901{GMT}	INFO	[jepsen worker 2] jepsen.util: 2	:ok	:broadcast	30
2023-05-11 01:44:35,023{GMT}	INFO	[jepsen worker 3] jepsen.util: 3	:invoke	:broadcast	31
2023-05-11 01:44:35,024{GMT}	INFO	[jepsen worker 3] jepsen.util: 3	:ok	:broadcast	31
2023-05-11 01:44:35,080{GMT}	INFO	[jepsen worker 4] jepsen.util: 4	:invoke	:read	nil
2023-05-11 01:44:35,080{GMT}	INFO	[jepsen worker 4] jepsen.util: 4	:ok	:read	[0 1 2 3 4 5 6 7 8 9 10 11 12 13 14 15 16 17 18 19 20 21 22 23 24 25 26 27 28 29 30 31]
2023-05-11 01:44:35,219{GMT}	INFO	[jepsen worker 0] jepsen.util: 0	:invoke	:read	nil
2023-05-11 01:44:35,220{GMT}	INFO	[jepsen worker 0] jepsen.util: 0	:ok	:read	[0 1 2 3 4 5 6 7 8 9 10 11 12 13 14 15 16 17 18 19 20 21 22 23 24 25 26 27 28 29 30 31]
2023-05-11 01:44:35,224{GMT}	INFO	[jepsen worker 0] jepsen.util: 0	:invoke	:read	nil
2023-05-11 01:44:35,224{GMT}	INFO	[jepsen worker 0] jepsen.util: 0	:ok	:read	[0 1 2 3 4 5 6 7 8 9 10 11 12 13 14 15 16 17 18 19 20 21 22 23 24 25 26 27 28 29 30 31]
2023-05-11 01:44:35,346{GMT}	INFO	[jepsen worker 1] jepsen.util: 1	:invoke	:broadcast	32
2023-05-11 01:44:35,347{GMT}	INFO	[jepsen worker 1] jepsen.util: 1	:ok	:broadcast	32
2023-05-11 01:44:35,537{GMT}	INFO	[jepsen worker 2] jepsen.util: 2	:invoke	:broadcast	33
2023-05-11 01:44:35,539{GMT}	INFO	[jepsen worker 2] jepsen.util: 2	:ok	:broadcast	33
2023-05-11 01:44:35,624{GMT}	INFO	[jepsen worker 3] jepsen.util: 3	:invoke	:broadcast	34
2023-05-11 01:44:35,626{GMT}	INFO	[jepsen worker 3] jepsen.util: 3	:ok	:broadcast	34
2023-05-11 01:44:35,795{GMT}	INFO	[jepsen worker 4] jepsen.util: 4	:invoke	:broadcast	35
2023-05-11 01:44:35,796{GMT}	INFO	[jepsen worker 4] jepsen.util: 4	:ok	:broadcast	35
2023-05-11 01:44:35,973{GMT}	INFO	[jepsen worker 0] jepsen.util: 0	:invoke	:read	nil
2023-05-11 01:44:35,974{GMT}	INFO	[jepsen worker 0] jepsen.util: 0	:ok	:read	[0 1 2 3 4 5 6 7 8 9 10 11 12 13 14 15 16 17 18 19 20 21 22 23 24 25 26 27 28 29 30 31 32 33 34 35]
2023-05-11 01:44:36,143{GMT}	INFO	[jepsen worker 0] jepsen.util: 0	:invoke	:read	nil
2023-05-11 01:44:36,144{GMT}	INFO	[jepsen worker 0] jepsen.util: 0	:ok	:read	[0 1 2 3 4 5 6 7 8 9 10 11 12 13 14 15 16 17 18 19 20 21 22 23 24 25 26 27 28 29 30 31 32 33 34 35]
2023-05-11 01:44:36,266{GMT}	INFO	[jepsen worker 1] jepsen.util: 1	:invoke	:broadcast	36
2023-05-11 01:44:36,267{GMT}	INFO	[jepsen worker 1] jepsen.util: 1	:ok	:broadcast	36
2023-05-11 01:44:36,305{GMT}	INFO	[jepsen worker 2] jepsen.util: 2	:invoke	:broadcast	37
2023-05-11 01:44:36,306{GMT}	INFO	[jepsen worker 2] jepsen.util: 2	:ok	:broadcast	37
2023-05-11 01:44:36,353{GMT}	INFO	[jepsen worker 3] jepsen.util: 3	:invoke	:read	nil
2023-05-11 01:44:36,354{GMT}	INFO	[jepsen worker 3] jepsen.util: 3	:ok	:read	[0 1 2 3 4 5 6 7 8 9 10 11 12 13 14 15 16 17 18 19 20 21 22 23 24 25 26 27 28 29 30 31 32 33 34 35 36 37]
2023-05-11 01:44:36,487{GMT}	INFO	[jepsen worker 4] jepsen.util: 4	:invoke	:read	nil
2023-05-11 01:44:36,488{GMT}	INFO	[jepsen worker 4] jepsen.util: 4	:ok	:read	[0 1 2 3 4 5 6 7 8 9 10 11 12 13 14 15 16 17 18 19 20 21 22 23 24 25 26 27 28 29 30 31 32 33 34 35 36 37]
2023-05-11 01:44:36,631{GMT}	INFO	[jepsen worker 0] jepsen.util: 0	:invoke	:read	nil
2023-05-11 01:44:36,632{GMT}	INFO	[jepsen worker 0] jepsen.util: 0	:ok	:read	[0 1 2 3 4 5 6 7 8 9 10 11 12 13 14 15 16 17 18 19 20 21 22 23 24 25 26 27 28 29 30 31 32 33 34 35 36 37]
2023-05-11 01:44:36,762{GMT}	INFO	[jepsen worker 0] jepsen.util: 0	:invoke	:read	nil
2023-05-11 01:44:36,763{GMT}	INFO	[jepsen worker 0] jepsen.util: 0	:ok	:read	[0 1 2 3 4 5 6 7 8 9 10 11 12 13 14 15 16 17 18 19 20 21 22 23 24 25 26 27 28 29 30 31 32 33 34 35 36 37]
2023-05-11 01:44:36,906{GMT}	INFO	[jepsen worker 1] jepsen.util: 1	:invoke	:broadcast	38
2023-05-11 01:44:36,907{GMT}	INFO	[jepsen worker 1] jepsen.util: 1	:ok	:broadcast	38
2023-05-11 01:44:36,978{GMT}	INFO	[jepsen worker 2] jepsen.util: 2	:invoke	:broadcast	39
2023-05-11 01:44:36,979{GMT}	INFO	[jepsen worker 2] jepsen.util: 2	:ok	:broadcast	39
2023-05-11 01:44:37,032{GMT}	INFO	[jepsen worker 3] jepsen.util: 3	:invoke	:broadcast	40
2023-05-11 01:44:37,033{GMT}	INFO	[jepsen worker 3] jepsen.util: 3	:ok	:broadcast	40
2023-05-11 01:44:37,217{GMT}	INFO	[jepsen worker 4] jepsen.util: 4	:invoke	:broadcast	41
2023-05-11 01:44:37,218{GMT}	INFO	[jepsen worker 4] jepsen.util: 4	:ok	:broadcast	41
2023-05-11 01:44:37,335{GMT}	INFO	[jepsen worker 0] jepsen.util: 0	:invoke	:broadcast	42
2023-05-11 01:44:37,336{GMT}	INFO	[jepsen worker 0] jepsen.util: 0	:ok	:broadcast	42
2023-05-11 01:44:37,337{GMT}	INFO	[jepsen worker 0] jepsen.util: 0	:invoke	:read	nil
2023-05-11 01:44:37,337{GMT}	INFO	[jepsen worker 0] jepsen.util: 0	:ok	:read	[0 1 2 3 4 5 6 7 8 9 10 11 12 13 14 15 16 17 18 19 20 21 22 23 24 25 26 27 28 29 30 31 32 33 34 35 36 37 38 39 40 41 42]
2023-05-11 01:44:37,443{GMT}	INFO	[jepsen worker 1] jepsen.util: 1	:invoke	:broadcast	43
2023-05-11 01:44:37,444{GMT}	INFO	[jepsen worker 1] jepsen.util: 1	:ok	:broadcast	43
2023-05-11 01:44:37,538{GMT}	INFO	[jepsen worker 2] jepsen.util: 2	:invoke	:read	nil
2023-05-11 01:44:37,539{GMT}	INFO	[jepsen worker 2] jepsen.util: 2	:ok	:read	[0 1 2 3 4 5 6 7 8 9 10 11 12 13 14 15 16 17 18 19 20 21 22 23 24 25 26 27 28 29 30 31 32 33 34 35 36 37 38 39 40 41 42 43]
2023-05-11 01:44:37,612{GMT}	INFO	[jepsen worker 3] jepsen.util: 3	:invoke	:broadcast	44
2023-05-11 01:44:37,613{GMT}	INFO	[jepsen worker 3] jepsen.util: 3	:ok	:broadcast	44
2023-05-11 01:44:37,619{GMT}	INFO	[jepsen worker 4] jepsen.util: 4	:invoke	:read	nil
2023-05-11 01:44:37,620{GMT}	INFO	[jepsen worker 4] jepsen.util: 4	:ok	:read	[0 1 2 3 4 5 6 7 8 9 10 11 12 13 14 15 16 17 18 19 20 21 22 23 24 25 26 27 28 29 30 31 32 33 34 35 36 37 38 39 40 41 42 43 44]
2023-05-11 01:44:37,698{GMT}	INFO	[jepsen worker 0] jepsen.util: 0	:invoke	:broadcast	45
2023-05-11 01:44:37,699{GMT}	INFO	[jepsen worker 0] jepsen.util: 0	:ok	:broadcast	45
2023-05-11 01:44:37,859{GMT}	INFO	[jepsen worker 0] jepsen.util: 0	:invoke	:read	nil
2023-05-11 01:44:37,861{GMT}	INFO	[jepsen worker 0] jepsen.util: 0	:ok	:read	[0 1 2 3 4 5 6 7 8 9 10 11 12 13 14 15 16 17 18 19 20 21 22 23 24 25 26 27 28 29 30 31 32 33 34 35 36 37 38 39 40 41 42 43 44 45]
2023-05-11 01:44:37,862{GMT}	INFO	[jepsen worker 1] jepsen.util: 1	:invoke	:read	nil
2023-05-11 01:44:37,863{GMT}	INFO	[jepsen worker 1] jepsen.util: 1	:ok	:read	[0 1 2 3 4 5 6 7 8 9 10 11 12 13 14 15 16 17 18 19 20 21 22 23 24 25 26 27 28 29 30 31 32 33 34 35 36 37 38 39 40 41 42 43 44 45]
2023-05-11 01:44:37,894{GMT}	INFO	[jepsen worker 2] jepsen.util: 2	:invoke	:broadcast	46
2023-05-11 01:44:37,895{GMT}	INFO	[jepsen worker 2] jepsen.util: 2	:ok	:broadcast	46
2023-05-11 01:44:37,984{GMT}	INFO	[jepsen worker 3] jepsen.util: 3	:invoke	:broadcast	47
2023-05-11 01:44:37,985{GMT}	INFO	[jepsen worker 3] jepsen.util: 3	:ok	:broadcast	47
2023-05-11 01:44:38,053{GMT}	INFO	[jepsen worker 4] jepsen.util: 4	:invoke	:broadcast	48
2023-05-11 01:44:38,054{GMT}	INFO	[jepsen worker 4] jepsen.util: 4	:ok	:broadcast	48
2023-05-11 01:44:38,110{GMT}	INFO	[jepsen worker 0] jepsen.util: 0	:invoke	:read	nil
2023-05-11 01:44:38,111{GMT}	INFO	[jepsen worker 0] jepsen.util: 0	:ok	:read	[0 1 2 3 4 5 6 7 8 9 10 11 12 13 14 15 16 17 18 19 20 21 22 23 24 25 26 27 28 29 30 31 32 33 34 35 36 37 38 39 40 41 42 43 44 45 46 47 48]
2023-05-11 01:44:38,263{GMT}	INFO	[jepsen worker 0] jepsen.util: 0	:invoke	:broadcast	49
2023-05-11 01:44:38,265{GMT}	INFO	[jepsen worker 0] jepsen.util: 0	:ok	:broadcast	49
2023-05-11 01:44:38,326{GMT}	INFO	[jepsen worker 1] jepsen.util: 1	:invoke	:read	nil
2023-05-11 01:44:38,327{GMT}	INFO	[jepsen worker 1] jepsen.util: 1	:ok	:read	[0 1 2 3 4 5 6 7 8 9 10 11 12 13 14 15 16 17 18 19 20 21 22 23 24 25 26 27 28 29 30 31 32 33 34 35 36 37 38 39 40 41 42 43 44 45 46 47 48 49]
2023-05-11 01:44:38,437{GMT}	INFO	[jepsen worker 2] jepsen.util: 2	:invoke	:read	nil
2023-05-11 01:44:38,438{GMT}	INFO	[jepsen worker 2] jepsen.util: 2	:ok	:read	[0 1 2 3 4 5 6 7 8 9 10 11 12 13 14 15 16 17 18 19 20 21 22 23 24 25 26 27 28 29 30 31 32 33 34 35 36 37 38 39 40 41 42 43 44 45 46 47 48 49]
2023-05-11 01:44:38,563{GMT}	INFO	[jepsen worker 3] jepsen.util: 3	:invoke	:broadcast	50
2023-05-11 01:44:38,564{GMT}	INFO	[jepsen worker 3] jepsen.util: 3	:ok	:broadcast	50
2023-05-11 01:44:38,620{GMT}	INFO	[jepsen worker 4] jepsen.util: 4	:invoke	:read	nil
2023-05-11 01:44:38,621{GMT}	INFO	[jepsen worker 4] jepsen.util: 4	:ok	:read	[0 1 2 3 4 5 6 7 8 9 10 11 12 13 14 15 16 17 18 19 20 21 22 23 24 25 26 27 28 29 30 31 32 33 34 35 36 37 38 39 40 41 42 43 44 45 46 47 48 49 50]
2023-05-11 01:44:38,761{GMT}	INFO	[jepsen worker 0] jepsen.util: 0	:invoke	:broadcast	51
2023-05-11 01:44:38,762{GMT}	INFO	[jepsen worker 0] jepsen.util: 0	:ok	:broadcast	51
2023-05-11 01:44:38,817{GMT}	INFO	[jepsen worker 0] jepsen.util: 0	:invoke	:read	nil
2023-05-11 01:44:38,818{GMT}	INFO	[jepsen worker 0] jepsen.util: 0	:ok	:read	[0 1 2 3 4 5 6 7 8 9 10 11 12 13 14 15 16 17 18 19 20 21 22 23 24 25 26 27 28 29 30 31 32 33 34 35 36 37 38 39 40 41 42 43 44 45 46 47 48 49 50 51]
2023-05-11 01:44:39,007{GMT}	INFO	[jepsen worker 1] jepsen.util: 1	:invoke	:broadcast	52
2023-05-11 01:44:39,008{GMT}	INFO	[jepsen worker 1] jepsen.util: 1	:ok	:broadcast	52
2023-05-11 01:44:39,078{GMT}	INFO	[jepsen worker 2] jepsen.util: 2	:invoke	:broadcast	53
2023-05-11 01:44:39,079{GMT}	INFO	[jepsen worker 2] jepsen.util: 2	:ok	:broadcast	53
2023-05-11 01:44:39,246{GMT}	INFO	[jepsen worker 3] jepsen.util: 3	:invoke	:read	nil
2023-05-11 01:44:39,247{GMT}	INFO	[jepsen worker 3] jepsen.util: 3	:ok	:read	[0 1 2 3 4 5 6 7 8 9 10 11 12 13 14 15 16 17 18 19 20 21 22 23 24 25 26 27 28 29 30 31 32 33 34 35 36 37 38 39 40 41 42 43 44 45 46 47 48 49 50 51 52 53]
2023-05-11 01:44:39,346{GMT}	INFO	[jepsen worker 4] jepsen.util: 4	:invoke	:broadcast	54
2023-05-11 01:44:39,347{GMT}	INFO	[jepsen worker 4] jepsen.util: 4	:ok	:broadcast	54
2023-05-11 01:44:39,541{GMT}	INFO	[jepsen worker 0] jepsen.util: 0	:invoke	:broadcast	55
2023-05-11 01:44:39,542{GMT}	INFO	[jepsen worker 0] jepsen.util: 0	:ok	:broadcast	55
2023-05-11 01:44:39,674{GMT}	INFO	[jepsen worker 0] jepsen.util: 0	:invoke	:broadcast	56
2023-05-11 01:44:39,675{GMT}	INFO	[jepsen worker 0] jepsen.util: 0	:ok	:broadcast	56
2023-05-11 01:44:39,760{GMT}	INFO	[jepsen worker 1] jepsen.util: 1	:invoke	:broadcast	57
2023-05-11 01:44:39,761{GMT}	INFO	[jepsen worker 1] jepsen.util: 1	:ok	:broadcast	57
2023-05-11 01:44:39,835{GMT}	INFO	[jepsen worker 2] jepsen.util: 2	:invoke	:broadcast	58
2023-05-11 01:44:39,836{GMT}	INFO	[jepsen worker 2] jepsen.util: 2	:ok	:broadcast	58
2023-05-11 01:44:39,874{GMT}	INFO	[jepsen worker 3] jepsen.util: 3	:invoke	:broadcast	59
2023-05-11 01:44:39,875{GMT}	INFO	[jepsen worker 3] jepsen.util: 3	:ok	:broadcast	59
2023-05-11 01:44:39,925{GMT}	INFO	[jepsen worker 4] jepsen.util: 4	:invoke	:read	nil
2023-05-11 01:44:39,926{GMT}	INFO	[jepsen worker 4] jepsen.util: 4	:ok	:read	[0 1 2 3 4 5 6 7 8 9 10 11 12 13 14 15 16 17 18 19 20 21 22 23 24 25 26 27 28 29 30 31 32 33 34 35 36 37 38 39 40 41 42 43 44 45 46 47 48 49 50 51 52 53 54 55 56 57 58 59]
2023-05-11 01:44:40,078{GMT}	INFO	[jepsen worker 0] jepsen.util: 0	:invoke	:read	nil
2023-05-11 01:44:40,079{GMT}	INFO	[jepsen worker 0] jepsen.util: 0	:ok	:read	[0 1 2 3 4 5 6 7 8 9 10 11 12 13 14 15 16 17 18 19 20 21 22 23 24 25 26 27 28 29 30 31 32 33 34 35 36 37 38 39 40 41 42 43 44 45 46 47 48 49 50 51 52 53 54 55 56 57 58 59]
2023-05-11 01:44:40,217{GMT}	INFO	[jepsen worker 0] jepsen.util: 0	:invoke	:read	nil
2023-05-11 01:44:40,218{GMT}	INFO	[jepsen worker 0] jepsen.util: 0	:ok	:read	[0 1 2 3 4 5 6 7 8 9 10 11 12 13 14 15 16 17 18 19 20 21 22 23 24 25 26 27 28 29 30 31 32 33 34 35 36 37 38 39 40 41 42 43 44 45 46 47 48 49 50 51 52 53 54 55 56 57 58 59]
2023-05-11 01:44:40,290{GMT}	INFO	[jepsen worker 1] jepsen.util: 1	:invoke	:read	nil
2023-05-11 01:44:40,291{GMT}	INFO	[jepsen worker 1] jepsen.util: 1	:ok	:read	[0 1 2 3 4 5 6 7 8 9 10 11 12 13 14 15 16 17 18 19 20 21 22 23 24 25 26 27 28 29 30 31 32 33 34 35 36 37 38 39 40 41 42 43 44 45 46 47 48 49 50 51 52 53 54 55 56 57 58 59]
2023-05-11 01:44:40,480{GMT}	INFO	[jepsen worker 2] jepsen.util: 2	:invoke	:read	nil
2023-05-11 01:44:40,481{GMT}	INFO	[jepsen worker 2] jepsen.util: 2	:ok	:read	[0 1 2 3 4 5 6 7 8 9 10 11 12 13 14 15 16 17 18 19 20 21 22 23 24 25 26 27 28 29 30 31 32 33 34 35 36 37 38 39 40 41 42 43 44 45 46 47 48 49 50 51 52 53 54 55 56 57 58 59]
2023-05-11 01:44:40,598{GMT}	INFO	[jepsen worker 3] jepsen.util: 3	:invoke	:read	nil
2023-05-11 01:44:40,599{GMT}	INFO	[jepsen worker 3] jepsen.util: 3	:ok	:read	[0 1 2 3 4 5 6 7 8 9 10 11 12 13 14 15 16 17 18 19 20 21 22 23 24 25 26 27 28 29 30 31 32 33 34 35 36 37 38 39 40 41 42 43 44 45 46 47 48 49 50 51 52 53 54 55 56 57 58 59]
2023-05-11 01:44:40,621{GMT}	INFO	[jepsen worker 4] jepsen.util: 4	:invoke	:broadcast	60
2023-05-11 01:44:40,622{GMT}	INFO	[jepsen worker 4] jepsen.util: 4	:ok	:broadcast	60
2023-05-11 01:44:40,628{GMT}	INFO	[jepsen worker 0] jepsen.util: 0	:invoke	:read	nil
2023-05-11 01:44:40,632{GMT}	INFO	[jepsen worker 0] jepsen.util: 0	:ok	:read	[0 1 2 3 4 5 6 7 8 9 10 11 12 13 14 15 16 17 18 19 20 21 22 23 24 25 26 27 28 29 30 31 32 33 34 35 36 37 38 39 40 41 42 43 44 45 46 47 48 49 50 51 52 53 54 55 56 57 58 59 60]
2023-05-11 01:44:40,811{GMT}	INFO	[jepsen worker 0] jepsen.util: 0	:invoke	:read	nil
2023-05-11 01:44:40,812{GMT}	INFO	[jepsen worker 0] jepsen.util: 0	:ok	:read	[0 1 2 3 4 5 6 7 8 9 10 11 12 13 14 15 16 17 18 19 20 21 22 23 24 25 26 27 28 29 30 31 32 33 34 35 36 37 38 39 40 41 42 43 44 45 46 47 48 49 50 51 52 53 54 55 56 57 58 59 60]
2023-05-11 01:44:40,875{GMT}	INFO	[jepsen worker 1] jepsen.util: 1	:invoke	:broadcast	61
2023-05-11 01:44:40,877{GMT}	INFO	[jepsen worker 1] jepsen.util: 1	:ok	:broadcast	61
2023-05-11 01:44:41,053{GMT}	INFO	[jepsen worker 2] jepsen.util: 2	:invoke	:read	nil
2023-05-11 01:44:41,054{GMT}	INFO	[jepsen worker 2] jepsen.util: 2	:ok	:read	[0 1 2 3 4 5 6 7 8 9 10 11 12 13 14 15 16 17 18 19 20 21 22 23 24 25 26 27 28 29 30 31 32 33 34 35 36 37 38 39 40 41 42 43 44 45 46 47 48 49 50 51 52 53 54 55 56 57 58 59 60 61]
2023-05-11 01:44:41,246{GMT}	INFO	[jepsen worker 3] jepsen.util: 3	:invoke	:read	nil
2023-05-11 01:44:41,247{GMT}	INFO	[jepsen worker 3] jepsen.util: 3	:ok	:read	[0 1 2 3 4 5 6 7 8 9 10 11 12 13 14 15 16 17 18 19 20 21 22 23 24 25 26 27 28 29 30 31 32 33 34 35 36 37 38 39 40 41 42 43 44 45 46 47 48 49 50 51 52 53 54 55 56 57 58 59 60 61]
2023-05-11 01:44:41,410{GMT}	INFO	[jepsen worker 4] jepsen.util: 4	:invoke	:broadcast	62
2023-05-11 01:44:41,412{GMT}	INFO	[jepsen worker 4] jepsen.util: 4	:ok	:broadcast	62
2023-05-11 01:44:41,571{GMT}	INFO	[jepsen worker 0] jepsen.util: 0	:invoke	:read	nil
2023-05-11 01:44:41,572{GMT}	INFO	[jepsen worker 0] jepsen.util: 0	:ok	:read	[0 1 2 3 4 5 6 7 8 9 10 11 12 13 14 15 16 17 18 19 20 21 22 23 24 25 26 27 28 29 30 31 32 33 34 35 36 37 38 39 40 41 42 43 44 45 46 47 48 49 50 51 52 53 54 55 56 57 58 59 60 61 62]
2023-05-11 01:44:41,695{GMT}	INFO	[jepsen worker 0] jepsen.util: 0	:invoke	:read	nil
2023-05-11 01:44:41,696{GMT}	INFO	[jepsen worker 0] jepsen.util: 0	:ok	:read	[0 1 2 3 4 5 6 7 8 9 10 11 12 13 14 15 16 17 18 19 20 21 22 23 24 25 26 27 28 29 30 31 32 33 34 35 36 37 38 39 40 41 42 43 44 45 46 47 48 49 50 51 52 53 54 55 56 57 58 59 60 61 62]
2023-05-11 01:44:41,794{GMT}	INFO	[jepsen worker 1] jepsen.util: 1	:invoke	:read	nil
2023-05-11 01:44:41,795{GMT}	INFO	[jepsen worker 1] jepsen.util: 1	:ok	:read	[0 1 2 3 4 5 6 7 8 9 10 11 12 13 14 15 16 17 18 19 20 21 22 23 24 25 26 27 28 29 30 31 32 33 34 35 36 37 38 39 40 41 42 43 44 45 46 47 48 49 50 51 52 53 54 55 56 57 58 59 60 61 62]
2023-05-11 01:44:41,800{GMT}	INFO	[jepsen worker 2] jepsen.util: 2	:invoke	:broadcast	63
2023-05-11 01:44:41,801{GMT}	INFO	[jepsen worker 2] jepsen.util: 2	:ok	:broadcast	63
2023-05-11 01:44:41,911{GMT}	INFO	[jepsen worker 3] jepsen.util: 3	:invoke	:broadcast	64
2023-05-11 01:44:41,912{GMT}	INFO	[jepsen worker 3] jepsen.util: 3	:ok	:broadcast	64
2023-05-11 01:44:42,071{GMT}	INFO	[jepsen worker 4] jepsen.util: 4	:invoke	:read	nil
2023-05-11 01:44:42,072{GMT}	INFO	[jepsen worker 4] jepsen.util: 4	:ok	:read	[0 1 2 3 4 5 6 7 8 9 10 11 12 13 14 15 16 17 18 19 20 21 22 23 24 25 26 27 28 29 30 31 32 33 34 35 36 37 38 39 40 41 42 43 44 45 46 47 48 49 50 51 52 53 54 55 56 57 58 59 60 61 62 63 64]
2023-05-11 01:44:42,268{GMT}	INFO	[jepsen worker 0] jepsen.util: 0	:invoke	:read	nil
2023-05-11 01:44:42,269{GMT}	INFO	[jepsen worker 0] jepsen.util: 0	:ok	:read	[0 1 2 3 4 5 6 7 8 9 10 11 12 13 14 15 16 17 18 19 20 21 22 23 24 25 26 27 28 29 30 31 32 33 34 35 36 37 38 39 40 41 42 43 44 45 46 47 48 49 50 51 52 53 54 55 56 57 58 59 60 61 62 63 64]
2023-05-11 01:44:42,400{GMT}	INFO	[jepsen worker 0] jepsen.util: 0	:invoke	:broadcast	65
2023-05-11 01:44:42,401{GMT}	INFO	[jepsen worker 0] jepsen.util: 0	:ok	:broadcast	65
2023-05-11 01:44:42,518{GMT}	INFO	[jepsen worker 1] jepsen.util: 1	:invoke	:broadcast	66
2023-05-11 01:44:42,519{GMT}	INFO	[jepsen worker 1] jepsen.util: 1	:ok	:broadcast	66
2023-05-11 01:44:42,555{GMT}	INFO	[jepsen worker 2] jepsen.util: 2	:invoke	:broadcast	67
2023-05-11 01:44:42,556{GMT}	INFO	[jepsen worker 2] jepsen.util: 2	:ok	:broadcast	67
2023-05-11 01:44:42,747{GMT}	INFO	[jepsen worker 3] jepsen.util: 3	:invoke	:broadcast	68
2023-05-11 01:44:42,748{GMT}	INFO	[jepsen worker 3] jepsen.util: 3	:ok	:broadcast	68
2023-05-11 01:44:42,899{GMT}	INFO	[jepsen worker 4] jepsen.util: 4	:invoke	:read	nil
2023-05-11 01:44:42,900{GMT}	INFO	[jepsen worker 4] jepsen.util: 4	:ok	:read	[0 1 2 3 4 5 6 7 8 9 10 11 12 13 14 15 16 17 18 19 20 21 22 23 24 25 26 27 28 29 30 31 32 33 34 35 36 37 38 39 40 41 42 43 44 45 46 47 48 49 50 51 52 53 54 55 56 57 58 59 60 61 62 63 64 65 66 67 68]
2023-05-11 01:44:43,087{GMT}	INFO	[jepsen worker 0] jepsen.util: 0	:invoke	:broadcast	69
2023-05-11 01:44:43,088{GMT}	INFO	[jepsen worker 0] jepsen.util: 0	:ok	:broadcast	69
2023-05-11 01:44:43,093{GMT}	INFO	[jepsen worker 0] jepsen.util: 0	:invoke	:read	nil
2023-05-11 01:44:43,094{GMT}	INFO	[jepsen worker 0] jepsen.util: 0	:ok	:read	[0 1 2 3 4 5 6 7 8 9 10 11 12 13 14 15 16 17 18 19 20 21 22 23 24 25 26 27 28 29 30 31 32 33 34 35 36 37 38 39 40 41 42 43 44 45 46 47 48 49 50 51 52 53 54 55 56 57 58 59 60 61 62 63 64 65 66 67 68 69]
2023-05-11 01:44:43,145{GMT}	INFO	[jepsen worker 1] jepsen.util: 1	:invoke	:broadcast	70
2023-05-11 01:44:43,146{GMT}	INFO	[jepsen worker 1] jepsen.util: 1	:ok	:broadcast	70
2023-05-11 01:44:43,310{GMT}	INFO	[jepsen worker 2] jepsen.util: 2	:invoke	:read	nil
2023-05-11 01:44:43,311{GMT}	INFO	[jepsen worker 2] jepsen.util: 2	:ok	:read	[0 1 2 3 4 5 6 7 8 9 10 11 12 13 14 15 16 17 18 19 20 21 22 23 24 25 26 27 28 29 30 31 32 33 34 35 36 37 38 39 40 41 42 43 44 45 46 47 48 49 50 51 52 53 54 55 56 57 58 59 60 61 62 63 64 65 66 67 68 69 70]
2023-05-11 01:44:43,342{GMT}	INFO	[jepsen worker 3] jepsen.util: 3	:invoke	:read	nil
2023-05-11 01:44:43,343{GMT}	INFO	[jepsen worker 3] jepsen.util: 3	:ok	:read	[0 1 2 3 4 5 6 7 8 9 10 11 12 13 14 15 16 17 18 19 20 21 22 23 24 25 26 27 28 29 30 31 32 33 34 35 36 37 38 39 40 41 42 43 44 45 46 47 48 49 50 51 52 53 54 55 56 57 58 59 60 61 62 63 64 65 66 67 68 69 70]
2023-05-11 01:44:43,458{GMT}	INFO	[jepsen worker 4] jepsen.util: 4	:invoke	:broadcast	71
2023-05-11 01:44:43,459{GMT}	INFO	[jepsen worker 4] jepsen.util: 4	:ok	:broadcast	71
2023-05-11 01:44:43,592{GMT}	INFO	[jepsen worker 0] jepsen.util: 0	:invoke	:read	nil
2023-05-11 01:44:43,593{GMT}	INFO	[jepsen worker 0] jepsen.util: 0	:ok	:read	[0 1 2 3 4 5 6 7 8 9 10 11 12 13 14 15 16 17 18 19 20 21 22 23 24 25 26 27 28 29 30 31 32 33 34 35 36 37 38 39 40 41 42 43 44 45 46 47 48 49 50 51 52 53 54 55 56 57 58 59 60 61 62 63 64 65 66 67 68 69 70 71]
2023-05-11 01:44:43,717{GMT}	INFO	[jepsen worker 0] jepsen.util: 0	:invoke	:broadcast	72
2023-05-11 01:44:43,718{GMT}	INFO	[jepsen worker 0] jepsen.util: 0	:ok	:broadcast	72
2023-05-11 01:44:43,770{GMT}	INFO	[jepsen worker 1] jepsen.util: 1	:invoke	:broadcast	73
2023-05-11 01:44:43,771{GMT}	INFO	[jepsen worker 1] jepsen.util: 1	:ok	:broadcast	73
2023-05-11 01:44:43,809{GMT}	INFO	[jepsen worker 2] jepsen.util: 2	:invoke	:read	nil
2023-05-11 01:44:43,810{GMT}	INFO	[jepsen worker 2] jepsen.util: 2	:ok	:read	[0 1 2 3 4 5 6 7 8 9 10 11 12 13 14 15 16 17 18 19 20 21 22 23 24 25 26 27 28 29 30 31 32 33 34 35 36 37 38 39 40 41 42 43 44 45 46 47 48 49 50 51 52 53 54 55 56 57 58 59 60 61 62 63 64 65 66 67 68 69 70 71 72 73]
2023-05-11 01:44:43,811{GMT}	INFO	[jepsen worker 3] jepsen.util: 3	:invoke	:broadcast	74
2023-05-11 01:44:43,811{GMT}	INFO	[jepsen worker 4] jepsen.util: 4	:invoke	:read	nil
2023-05-11 01:44:43,812{GMT}	INFO	[jepsen worker 3] jepsen.util: 3	:ok	:broadcast	74
2023-05-11 01:44:43,812{GMT}	INFO	[jepsen worker 4] jepsen.util: 4	:ok	:read	[0 1 2 3 4 5 6 7 8 9 10 11 12 13 14 15 16 17 18 19 20 21 22 23 24 25 26 27 28 29 30 31 32 33 34 35 36 37 38 39 40 41 42 43 44 45 46 47 48 49 50 51 52 53 54 55 56 57 58 59 60 61 62 63 64 65 66 67 68 69 70 71 72 73]
2023-05-11 01:44:43,908{GMT}	INFO	[jepsen worker 0] jepsen.util: 0	:invoke	:broadcast	75
2023-05-11 01:44:43,909{GMT}	INFO	[jepsen worker 0] jepsen.util: 0	:ok	:broadcast	75
2023-05-11 01:44:44,005{GMT}	INFO	[jepsen worker 0] jepsen.util: 0	:invoke	:read	nil
2023-05-11 01:44:44,005{GMT}	INFO	[jepsen worker 0] jepsen.util: 0	:ok	:read	[0 1 2 3 4 5 6 7 8 9 10 11 12 13 14 15 16 17 18 19 20 21 22 23 24 25 26 27 28 29 30 31 32 33 34 35 36 37 38 39 40 41 42 43 44 45 46 47 48 49 50 51 52 53 54 55 56 57 58 59 60 61 62 63 64 65 66 67 68 69 70 71 72 73 74 75]
2023-05-11 01:44:44,191{GMT}	INFO	[jepsen worker 1] jepsen.util: 1	:invoke	:broadcast	76
2023-05-11 01:44:44,193{GMT}	INFO	[jepsen worker 1] jepsen.util: 1	:ok	:broadcast	76
2023-05-11 01:44:44,340{GMT}	INFO	[jepsen worker 2] jepsen.util: 2	:invoke	:broadcast	77
2023-05-11 01:44:44,342{GMT}	INFO	[jepsen worker 2] jepsen.util: 2	:ok	:broadcast	77
2023-05-11 01:44:44,513{GMT}	INFO	[jepsen worker 3] jepsen.util: 3	:invoke	:read	nil
2023-05-11 01:44:44,514{GMT}	INFO	[jepsen worker 3] jepsen.util: 3	:ok	:read	[0 1 2 3 4 5 6 7 8 9 10 11 12 13 14 15 16 17 18 19 20 21 22 23 24 25 26 27 28 29 30 31 32 33 34 35 36 37 38 39 40 41 42 43 44 45 46 47 48 49 50 51 52 53 54 55 56 57 58 59 60 61 62 63 64 65 66 67 68 69 70 71 72 73 74 75 76 77]
2023-05-11 01:44:44,679{GMT}	INFO	[jepsen worker 4] jepsen.util: 4	:invoke	:broadcast	78
2023-05-11 01:44:44,680{GMT}	INFO	[jepsen worker 4] jepsen.util: 4	:ok	:broadcast	78
2023-05-11 01:44:44,718{GMT}	INFO	[jepsen worker 0] jepsen.util: 0	:invoke	:read	nil
2023-05-11 01:44:44,720{GMT}	INFO	[jepsen worker 0] jepsen.util: 0	:ok	:read	[0 1 2 3 4 5 6 7 8 9 10 11 12 13 14 15 16 17 18 19 20 21 22 23 24 25 26 27 28 29 30 31 32 33 34 35 36 37 38 39 40 41 42 43 44 45 46 47 48 49 50 51 52 53 54 55 56 57 58 59 60 61 62 63 64 65 66 67 68 69 70 71 72 73 74 75 76 77 78]
2023-05-11 01:44:44,791{GMT}	INFO	[jepsen worker 0] jepsen.util: 0	:invoke	:broadcast	79
2023-05-11 01:44:44,792{GMT}	INFO	[jepsen worker 0] jepsen.util: 0	:ok	:broadcast	79
2023-05-11 01:44:44,983{GMT}	INFO	[jepsen worker 1] jepsen.util: 1	:invoke	:broadcast	80
2023-05-11 01:44:44,984{GMT}	INFO	[jepsen worker 1] jepsen.util: 1	:ok	:broadcast	80
2023-05-11 01:44:45,166{GMT}	INFO	[jepsen worker 2] jepsen.util: 2	:invoke	:read	nil
2023-05-11 01:44:45,167{GMT}	INFO	[jepsen worker 2] jepsen.util: 2	:ok	:read	[0 1 2 3 4 5 6 7 8 9 10 11 12 13 14 15 16 17 18 19 20 21 22 23 24 25 26 27 28 29 30 31 32 33 34 35 36 37 38 39 40 41 42 43 44 45 46 47 48 49 50 51 52 53 54 55 56 57 58 59 60 61 62 63 64 65 66 67 68 69 70 71 72 73 74 75 76 77 78 79 80]
2023-05-11 01:44:45,207{GMT}	INFO	[jepsen worker 3] jepsen.util: 3	:invoke	:read	nil
2023-05-11 01:44:45,208{GMT}	INFO	[jepsen worker 3] jepsen.util: 3	:ok	:read	[0 1 2 3 4 5 6 7 8 9 10 11 12 13 14 15 16 17 18 19 20 21 22 23 24 25 26 27 28 29 30 31 32 33 34 35 36 37 38 39 40 41 42 43 44 45 46 47 48 49 50 51 52 53 54 55 56 57 58 59 60 61 62 63 64 65 66 67 68 69 70 71 72 73 74 75 76 77 78 79 80]
2023-05-11 01:44:45,365{GMT}	INFO	[jepsen worker 4] jepsen.util: 4	:invoke	:read	nil
2023-05-11 01:44:45,366{GMT}	INFO	[jepsen worker 4] jepsen.util: 4	:ok	:read	[0 1 2 3 4 5 6 7 8 9 10 11 12 13 14 15 16 17 18 19 20 21 22 23 24 25 26 27 28 29 30 31 32 33 34 35 36 37 38 39 40 41 42 43 44 45 46 47 48 49 50 51 52 53 54 55 56 57 58 59 60 61 62 63 64 65 66 67 68 69 70 71 72 73 74 75 76 77 78 79 80]
2023-05-11 01:44:45,432{GMT}	INFO	[jepsen worker 0] jepsen.util: 0	:invoke	:read	nil
2023-05-11 01:44:45,433{GMT}	INFO	[jepsen worker 0] jepsen.util: 0	:ok	:read	[0 1 2 3 4 5 6 7 8 9 10 11 12 13 14 15 16 17 18 19 20 21 22 23 24 25 26 27 28 29 30 31 32 33 34 35 36 37 38 39 40 41 42 43 44 45 46 47 48 49 50 51 52 53 54 55 56 57 58 59 60 61 62 63 64 65 66 67 68 69 70 71 72 73 74 75 76 77 78 79 80]
2023-05-11 01:44:45,614{GMT}	INFO	[jepsen worker 0] jepsen.util: 0	:invoke	:read	nil
2023-05-11 01:44:45,615{GMT}	INFO	[jepsen worker 0] jepsen.util: 0	:ok	:read	[0 1 2 3 4 5 6 7 8 9 10 11 12 13 14 15 16 17 18 19 20 21 22 23 24 25 26 27 28 29 30 31 32 33 34 35 36 37 38 39 40 41 42 43 44 45 46 47 48 49 50 51 52 53 54 55 56 57 58 59 60 61 62 63 64 65 66 67 68 69 70 71 72 73 74 75 76 77 78 79 80]
2023-05-11 01:44:45,656{GMT}	INFO	[jepsen worker 1] jepsen.util: 1	:invoke	:read	nil
2023-05-11 01:44:45,657{GMT}	INFO	[jepsen worker 1] jepsen.util: 1	:ok	:read	[0 1 2 3 4 5 6 7 8 9 10 11 12 13 14 15 16 17 18 19 20 21 22 23 24 25 26 27 28 29 30 31 32 33 34 35 36 37 38 39 40 41 42 43 44 45 46 47 48 49 50 51 52 53 54 55 56 57 58 59 60 61 62 63 64 65 66 67 68 69 70 71 72 73 74 75 76 77 78 79 80]
2023-05-11 01:44:45,851{GMT}	INFO	[jepsen worker 2] jepsen.util: 2	:invoke	:broadcast	81
2023-05-11 01:44:45,852{GMT}	INFO	[jepsen worker 2] jepsen.util: 2	:ok	:broadcast	81
2023-05-11 01:44:45,896{GMT}	INFO	[jepsen worker 3] jepsen.util: 3	:invoke	:read	nil
2023-05-11 01:44:45,896{GMT}	INFO	[jepsen worker 3] jepsen.util: 3	:ok	:read	[0 1 2 3 4 5 6 7 8 9 10 11 12 13 14 15 16 17 18 19 20 21 22 23 24 25 26 27 28 29 30 31 32 33 34 35 36 37 38 39 40 41 42 43 44 45 46 47 48 49 50 51 52 53 54 55 56 57 58 59 60 61 62 63 64 65 66 67 68 69 70 71 72 73 74 75 76 77 78 79 80 81]
2023-05-11 01:44:46,061{GMT}	INFO	[jepsen worker 4] jepsen.util: 4	:invoke	:read	nil
2023-05-11 01:44:46,062{GMT}	INFO	[jepsen worker 4] jepsen.util: 4	:ok	:read	[0 1 2 3 4 5 6 7 8 9 10 11 12 13 14 15 16 17 18 19 20 21 22 23 24 25 26 27 28 29 30 31 32 33 34 35 36 37 38 39 40 41 42 43 44 45 46 47 48 49 50 51 52 53 54 55 56 57 58 59 60 61 62 63 64 65 66 67 68 69 70 71 72 73 74 75 76 77 78 79 80 81]
2023-05-11 01:44:46,089{GMT}	INFO	[jepsen worker 0] jepsen.util: 0	:invoke	:broadcast	82
2023-05-11 01:44:46,090{GMT}	INFO	[jepsen worker 0] jepsen.util: 0	:ok	:broadcast	82
2023-05-11 01:44:46,283{GMT}	INFO	[jepsen worker 0] jepsen.util: 0	:invoke	:read	nil
2023-05-11 01:44:46,284{GMT}	INFO	[jepsen worker 0] jepsen.util: 0	:ok	:read	[0 1 2 3 4 5 6 7 8 9 10 11 12 13 14 15 16 17 18 19 20 21 22 23 24 25 26 27 28 29 30 31 32 33 34 35 36 37 38 39 40 41 42 43 44 45 46 47 48 49 50 51 52 53 54 55 56 57 58 59 60 61 62 63 64 65 66 67 68 69 70 71 72 73 74 75 76 77 78 79 80 81 82]
2023-05-11 01:44:46,356{GMT}	INFO	[jepsen worker 1] jepsen.util: 1	:invoke	:broadcast	83
2023-05-11 01:44:46,358{GMT}	INFO	[jepsen worker 1] jepsen.util: 1	:ok	:broadcast	83
2023-05-11 01:44:46,446{GMT}	INFO	[jepsen worker 2] jepsen.util: 2	:invoke	:broadcast	84
2023-05-11 01:44:46,447{GMT}	INFO	[jepsen worker 2] jepsen.util: 2	:ok	:broadcast	84
2023-05-11 01:44:46,534{GMT}	INFO	[jepsen worker 3] jepsen.util: 3	:invoke	:broadcast	85
2023-05-11 01:44:46,535{GMT}	INFO	[jepsen worker 3] jepsen.util: 3	:ok	:broadcast	85
2023-05-11 01:44:46,675{GMT}	INFO	[jepsen worker 4] jepsen.util: 4	:invoke	:read	nil
2023-05-11 01:44:46,676{GMT}	INFO	[jepsen worker 4] jepsen.util: 4	:ok	:read	[0 1 2 3 4 5 6 7 8 9 10 11 12 13 14 15 16 17 18 19 20 21 22 23 24 25 26 27 28 29 30 31 32 33 34 35 36 37 38 39 40 41 42 43 44 45 46 47 48 49 50 51 52 53 54 55 56 57 58 59 60 61 62 63 64 65 66 67 68 69 70 71 72 73 74 75 76 77 78 79 80 81 82 83 84 85]
2023-05-11 01:44:46,748{GMT}	INFO	[jepsen worker 0] jepsen.util: 0	:invoke	:broadcast	86
2023-05-11 01:44:46,749{GMT}	INFO	[jepsen worker 0] jepsen.util: 0	:ok	:broadcast	86
2023-05-11 01:44:46,809{GMT}	INFO	[jepsen worker 0] jepsen.util: 0	:invoke	:read	nil
2023-05-11 01:44:46,810{GMT}	INFO	[jepsen worker 0] jepsen.util: 0	:ok	:read	[0 1 2 3 4 5 6 7 8 9 10 11 12 13 14 15 16 17 18 19 20 21 22 23 24 25 26 27 28 29 30 31 32 33 34 35 36 37 38 39 40 41 42 43 44 45 46 47 48 49 50 51 52 53 54 55 56 57 58 59 60 61 62 63 64 65 66 67 68 69 70 71 72 73 74 75 76 77 78 79 80 81 82 83 84 85 86]
2023-05-11 01:44:46,837{GMT}	INFO	[jepsen worker 1] jepsen.util: 1	:invoke	:broadcast	87
2023-05-11 01:44:46,838{GMT}	INFO	[jepsen worker 1] jepsen.util: 1	:ok	:broadcast	87
2023-05-11 01:44:46,840{GMT}	INFO	[jepsen worker 2] jepsen.util: 2	:invoke	:read	nil
2023-05-11 01:44:46,840{GMT}	INFO	[jepsen worker 2] jepsen.util: 2	:ok	:read	[0 1 2 3 4 5 6 7 8 9 10 11 12 13 14 15 16 17 18 19 20 21 22 23 24 25 26 27 28 29 30 31 32 33 34 35 36 37 38 39 40 41 42 43 44 45 46 47 48 49 50 51 52 53 54 55 56 57 58 59 60 61 62 63 64 65 66 67 68 69 70 71 72 73 74 75 76 77 78 79 80 81 82 83 84 85 86 87]
2023-05-11 01:44:46,909{GMT}	INFO	[jepsen worker 3] jepsen.util: 3	:invoke	:broadcast	88
2023-05-11 01:44:46,910{GMT}	INFO	[jepsen worker 3] jepsen.util: 3	:ok	:broadcast	88
2023-05-11 01:44:46,977{GMT}	INFO	[jepsen worker 4] jepsen.util: 4	:invoke	:broadcast	89
2023-05-11 01:44:46,978{GMT}	INFO	[jepsen worker 4] jepsen.util: 4	:ok	:broadcast	89
2023-05-11 01:44:47,011{GMT}	INFO	[jepsen worker 0] jepsen.util: 0	:invoke	:broadcast	90
2023-05-11 01:44:47,012{GMT}	INFO	[jepsen worker 0] jepsen.util: 0	:ok	:broadcast	90
2023-05-11 01:44:47,043{GMT}	INFO	[jepsen worker 0] jepsen.util: 0	:invoke	:broadcast	91
2023-05-11 01:44:47,044{GMT}	INFO	[jepsen worker 0] jepsen.util: 0	:ok	:broadcast	91
2023-05-11 01:44:47,165{GMT}	INFO	[jepsen worker 1] jepsen.util: 1	:invoke	:broadcast	92
2023-05-11 01:44:47,166{GMT}	INFO	[jepsen worker 1] jepsen.util: 1	:ok	:broadcast	92
2023-05-11 01:44:47,223{GMT}	INFO	[jepsen worker 2] jepsen.util: 2	:invoke	:broadcast	93
2023-05-11 01:44:47,224{GMT}	INFO	[jepsen worker 2] jepsen.util: 2	:ok	:broadcast	93
2023-05-11 01:44:47,348{GMT}	INFO	[jepsen worker 3] jepsen.util: 3	:invoke	:broadcast	94
2023-05-11 01:44:47,349{GMT}	INFO	[jepsen worker 3] jepsen.util: 3	:ok	:broadcast	94
2023-05-11 01:44:47,382{GMT}	INFO	[jepsen worker 4] jepsen.util: 4	:invoke	:broadcast	95
2023-05-11 01:44:47,383{GMT}	INFO	[jepsen worker 4] jepsen.util: 4	:ok	:broadcast	95
2023-05-11 01:44:47,545{GMT}	INFO	[jepsen worker 0] jepsen.util: 0	:invoke	:broadcast	96
2023-05-11 01:44:47,546{GMT}	INFO	[jepsen worker 0] jepsen.util: 0	:ok	:broadcast	96
2023-05-11 01:44:47,650{GMT}	INFO	[jepsen worker 0] jepsen.util: 0	:invoke	:read	nil
2023-05-11 01:44:47,651{GMT}	INFO	[jepsen worker 0] jepsen.util: 0	:ok	:read	[0 1 2 3 4 5 6 7 8 9 10 11 12 13 14 15 16 17 18 19 20 21 22 23 24 25 26 27 28 29 30 31 32 33 34 35 36 37 38 39 40 41 42 43 44 45 46 47 48 49 50 51 52 53 54 55 56 57 58 59 60 61 62 63 64 65 66 67 68 69 70 71 72 73 74 75 76 77 78 79 80 81 82 83 84 85 86 87 88 89 90 91 92 93 94 95 96]
2023-05-11 01:44:47,784{GMT}	INFO	[jepsen worker 1] jepsen.util: 1	:invoke	:broadcast	97
2023-05-11 01:44:47,785{GMT}	INFO	[jepsen worker 1] jepsen.util: 1	:ok	:broadcast	97
2023-05-11 01:44:47,938{GMT}	INFO	[jepsen worker 2] jepsen.util: 2	:invoke	:broadcast	98
2023-05-11 01:44:47,939{GMT}	INFO	[jepsen worker 2] jepsen.util: 2	:ok	:broadcast	98
2023-05-11 01:44:48,044{GMT}	INFO	[jepsen worker 3] jepsen.util: 3	:invoke	:read	nil
2023-05-11 01:44:48,045{GMT}	INFO	[jepsen worker 3] jepsen.util: 3	:ok	:read	[0 1 2 3 4 5 6 7 8 9 10 11 12 13 14 15 16 17 18 19 20 21 22 23 24 25 26 27 28 29 30 31 32 33 34 35 36 37 38 39 40 41 42 43 44 45 46 47 48 49 50 51 52 53 54 55 56 57 58 59 60 61 62 63 64 65 66 67 68 69 70 71 72 73 74 75 76 77 78 79 80 81 82 83 84 85 86 87 88 89 90 91 92 93 94 95 96 97 98]
2023-05-11 01:44:48,220{GMT}	INFO	[jepsen worker 4] jepsen.util: 4	:invoke	:read	nil
2023-05-11 01:44:48,221{GMT}	INFO	[jepsen worker 4] jepsen.util: 4	:ok	:read	[0 1 2 3 4 5 6 7 8 9 10 11 12 13 14 15 16 17 18 19 20 21 22 23 24 25 26 27 28 29 30 31 32 33 34 35 36 37 38 39 40 41 42 43 44 45 46 47 48 49 50 51 52 53 54 55 56 57 58 59 60 61 62 63 64 65 66 67 68 69 70 71 72 73 74 75 76 77 78 79 80 81 82 83 84 85 86 87 88 89 90 91 92 93 94 95 96 97 98]
2023-05-11 01:44:48,271{GMT}	INFO	[jepsen worker 0] jepsen.util: 0	:invoke	:read	nil
2023-05-11 01:44:48,272{GMT}	INFO	[jepsen worker 0] jepsen.util: 0	:ok	:read	[0 1 2 3 4 5 6 7 8 9 10 11 12 13 14 15 16 17 18 19 20 21 22 23 24 25 26 27 28 29 30 31 32 33 34 35 36 37 38 39 40 41 42 43 44 45 46 47 48 49 50 51 52 53 54 55 56 57 58 59 60 61 62 63 64 65 66 67 68 69 70 71 72 73 74 75 76 77 78 79 80 81 82 83 84 85 86 87 88 89 90 91 92 93 94 95 96 97 98]
2023-05-11 01:44:48,307{GMT}	INFO	[jepsen worker 0] jepsen.util: 0	:invoke	:broadcast	99
2023-05-11 01:44:48,308{GMT}	INFO	[jepsen worker 0] jepsen.util: 0	:ok	:broadcast	99
2023-05-11 01:44:48,442{GMT}	INFO	[jepsen worker 1] jepsen.util: 1	:invoke	:read	nil
2023-05-11 01:44:48,443{GMT}	INFO	[jepsen worker 1] jepsen.util: 1	:ok	:read	[0 1 2 3 4 5 6 7 8 9 10 11 12 13 14 15 16 17 18 19 20 21 22 23 24 25 26 27 28 29 30 31 32 33 34 35 36 37 38 39 40 41 42 43 44 45 46 47 48 49 50 51 52 53 54 55 56 57 58 59 60 61 62 63 64 65 66 67 68 69 70 71 72 73 74 75 76 77 78 79 80 81 82 83 84 85 86 87 88 89 90 91 92 93 94 95 96 97 98 99]
2023-05-11 01:44:48,550{GMT}	INFO	[jepsen worker 2] jepsen.util: 2	:invoke	:broadcast	100
2023-05-11 01:44:48,551{GMT}	INFO	[jepsen worker 2] jepsen.util: 2	:ok	:broadcast	100
2023-05-11 01:44:48,632{GMT}	INFO	[jepsen worker 3] jepsen.util: 3	:invoke	:read	nil
2023-05-11 01:44:48,633{GMT}	INFO	[jepsen worker 3] jepsen.util: 3	:ok	:read	[0 1 2 3 4 5 6 7 8 9 10 11 12 13 14 15 16 17 18 19 20 21 22 23 24 25 26 27 28 29 30 31 32 33 34 35 36 37 38 39 40 41 42 43 44 45 46 47 48 49 50 51 52 53 54 55 56 57 58 59 60 61 62 63 64 65 66 67 68 69 70 71 72 73 74 75 76 77 78 79 80 81 82 83 84 85 86 87 88 89 90 91 92 93 94 95 96 97 98 99 100]
2023-05-11 01:44:48,686{GMT}	INFO	[jepsen worker 4] jepsen.util: 4	:invoke	:read	nil
2023-05-11 01:44:48,687{GMT}	INFO	[jepsen worker 4] jepsen.util: 4	:ok	:read	[0 1 2 3 4 5 6 7 8 9 10 11 12 13 14 15 16 17 18 19 20 21 22 23 24 25 26 27 28 29 30 31 32 33 34 35 36 37 38 39 40 41 42 43 44 45 46 47 48 49 50 51 52 53 54 55 56 57 58 59 60 61 62 63 64 65 66 67 68 69 70 71 72 73 74 75 76 77 78 79 80 81 82 83 84 85 86 87 88 89 90 91 92 93 94 95 96 97 98 99 100]
2023-05-11 01:44:48,832{GMT}	INFO	[jepsen worker 0] jepsen.util: 0	:invoke	:read	nil
2023-05-11 01:44:48,833{GMT}	INFO	[jepsen worker 0] jepsen.util: 0	:ok	:read	[0 1 2 3 4 5 6 7 8 9 10 11 12 13 14 15 16 17 18 19 20 21 22 23 24 25 26 27 28 29 30 31 32 33 34 35 36 37 38 39 40 41 42 43 44 45 46 47 48 49 50 51 52 53 54 55 56 57 58 59 60 61 62 63 64 65 66 67 68 69 70 71 72 73 74 75 76 77 78 79 80 81 82 83 84 85 86 87 88 89 90 91 92 93 94 95 96 97 98 99 100]
2023-05-11 01:44:48,880{GMT}	INFO	[jepsen worker 0] jepsen.util: 0	:invoke	:broadcast	101
2023-05-11 01:44:48,881{GMT}	INFO	[jepsen worker 0] jepsen.util: 0	:ok	:broadcast	101
2023-05-11 01:44:48,947{GMT}	INFO	[jepsen worker 1] jepsen.util: 1	:invoke	:read	nil
2023-05-11 01:44:48,948{GMT}	INFO	[jepsen worker 1] jepsen.util: 1	:ok	:read	[0 1 2 3 4 5 6 7 8 9 10 11 12 13 14 15 16 17 18 19 20 21 22 23 24 25 26 27 28 29 30 31 32 33 34 35 36 37 38 39 40 41 42 43 44 45 46 47 48 49 50 51 52 53 54 55 56 57 58 59 60 61 62 63 64 65 66 67 68 69 70 71 72 73 74 75 76 77 78 79 80 81 82 83 84 85 86 87 88 89 90 91 92 93 94 95 96 97 98 99 100 101]
2023-05-11 01:44:49,001{GMT}	INFO	[jepsen worker 2] jepsen.util: 2	:invoke	:broadcast	102
2023-05-11 01:44:49,002{GMT}	INFO	[jepsen worker 2] jepsen.util: 2	:ok	:broadcast	102
2023-05-11 01:44:49,034{GMT}	INFO	[jepsen worker 3] jepsen.util: 3	:invoke	:broadcast	103
2023-05-11 01:44:49,034{GMT}	INFO	[jepsen worker 3] jepsen.util: 3	:ok	:broadcast	103
2023-05-11 01:44:49,035{GMT}	INFO	[jepsen worker 4] jepsen.generator.interpreter: Waiting for recovery...
2023-05-11 01:44:59,036{GMT}	INFO	[jepsen worker 0] jepsen.util: 0	:invoke	:read	nil
2023-05-11 01:44:59,037{GMT}	INFO	[jepsen worker 4] jepsen.util: 4	:invoke	:read	nil
2023-05-11 01:44:59,037{GMT}	INFO	[jepsen worker 3] jepsen.util: 3	:invoke	:read	nil
2023-05-11 01:44:59,037{GMT}	INFO	[jepsen worker 1] jepsen.util: 1	:invoke	:read	nil
2023-05-11 01:44:59,037{GMT}	INFO	[jepsen worker 2] jepsen.util: 2	:invoke	:read	nil
2023-05-11 01:44:59,038{GMT}	INFO	[jepsen worker 2] jepsen.util: 2	:ok	:read	[0 1 2 3 4 5 6 7 8 9 10 11 12 13 14 15 16 17 18 19 20 21 22 23 24 25 26 27 28 29 30 31 32 33 34 35 36 37 38 39 40 41 42 43 44 45 46 47 48 49 50 51 52 53 54 55 56 57 58 59 60 61 62 63 64 65 66 67 68 69 70 71 72 73 74 75 76 77 78 79 80 81 82 83 84 85 86 87 88 89 90 91 92 93 94 95 96 97 98 99 100 101 102 103]
2023-05-11 01:44:59,038{GMT}	INFO	[jepsen worker 1] jepsen.util: 1	:ok	:read	[0 1 2 3 4 5 6 7 8 9 10 11 12 13 14 15 16 17 18 19 20 21 22 23 24 25 26 27 28 29 30 31 32 33 34 35 36 37 38 39 40 41 42 43 44 45 46 47 48 49 50 51 52 53 54 55 56 57 58 59 60 61 62 63 64 65 66 67 68 69 70 71 72 73 74 75 76 77 78 79 80 81 82 83 84 85 86 87 88 89 90 91 92 93 94 95 96 97 98 99 100 101 102 103]
2023-05-11 01:44:59,038{GMT}	INFO	[jepsen worker 3] jepsen.util: 3	:ok	:read	[0 1 2 3 4 5 6 7 8 9 10 11 12 13 14 15 16 17 18 19 20 21 22 23 24 25 26 27 28 29 30 31 32 33 34 35 36 37 38 39 40 41 42 43 44 45 46 47 48 49 50 51 52 53 54 55 56 57 58 59 60 61 62 63 64 65 66 67 68 69 70 71 72 73 74 75 76 77 78 79 80 81 82 83 84 85 86 87 88 89 90 91 92 93 94 95 96 97 98 99 100 101 102 103]
2023-05-11 01:44:59,038{GMT}	INFO	[jepsen worker 4] jepsen.util: 4	:ok	:read	[0 1 2 3 4 5 6 7 8 9 10 11 12 13 14 15 16 17 18 19 20 21 22 23 24 25 26 27 28 29 30 31 32 33 34 35 36 37 38 39 40 41 42 43 44 45 46 47 48 49 50 51 52 53 54 55 56 57 58 59 60 61 62 63 64 65 66 67 68 69 70 71 72 73 74 75 76 77 78 79 80 81 82 83 84 85 86 87 88 89 90 91 92 93 94 95 96 97 98 99 100 101 102 103]
2023-05-11 01:44:59,038{GMT}	INFO	[jepsen worker 0] jepsen.util: 0	:ok	:read	[0 1 2 3 4 5 6 7 8 9 10 11 12 13 14 15 16 17 18 19 20 21 22 23 24 25 26 27 28 29 30 31 32 33 34 35 36 37 38 39 40 41 42 43 44 45 46 47 48 49 50 51 52 53 54 55 56 57 58 59 60 61 62 63 64 65 66 67 68 69 70 71 72 73 74 75 76 77 78 79 80 81 82 83 84 85 86 87 88 89 90 91 92 93 94 95 96 97 98 99 100 101 102 103]
2023-05-11 01:44:59,048{GMT}	INFO	[jepsen test runner] jepsen.core: Run complete, writing
2023-05-11 01:44:59,088{GMT}	INFO	[jepsen node n2] maelstrom.db: Tearing down n2
2023-05-11 01:44:59,087{GMT}	INFO	[jepsen node n0] maelstrom.db: Tearing down n0
2023-05-11 01:44:59,088{GMT}	INFO	[jepsen node n4] maelstrom.db: Tearing down n4
2023-05-11 01:44:59,088{GMT}	INFO	[jepsen node n1] maelstrom.db: Tearing down n1
2023-05-11 01:44:59,088{GMT}	INFO	[jepsen node n3] maelstrom.db: Tearing down n3
2023-05-11 01:45:00,054{GMT}	INFO	[jepsen node n0] maelstrom.net: Shutting down Maelstrom network
2023-05-11 01:45:00,055{GMT}	INFO	[jepsen test runner] jepsen.core: Analyzing...
2023-05-11 01:45:00,209{GMT}	INFO	[jepsen test runner] jepsen.core: Analysis complete
2023-05-11 01:45:00,216{GMT}	INFO	[jepsen results] jepsen.store: Wrote /home/eman/gossip-glomers/maelstrom/store/broadcast/20230511T014427.611-0400/results.edn
2023-05-11 01:45:00,227{GMT}	INFO	[jepsen test runner] jepsen.core: {:perf {:latency-graph {:valid? true},
        :rate-graph {:valid? true},
        :valid? true},
 :timeline {:valid? true},
 :exceptions {:valid? true},
 :stats {:valid? true,
         :count 207,
         :ok-count 207,
         :fail-count 0,
         :info-count 0,
         :by-f {:broadcast {:valid? true,
                            :count 104,
                            :ok-count 104,
                            :fail-count 0,
                            :info-count 0},
                :read {:valid? true,
                       :count 103,
                       :ok-count 103,
                       :fail-count 0,
                       :info-count 0}}},
 :availability {:valid? true, :ok-fraction 1.0},
 :net {:all {:send-count 850,
             :recv-count 850,
             :msg-count 850,
             :msgs-per-op 4.1062803},
       :clients {:send-count 434, :recv-count 434, :msg-count 434},
       :servers {:send-count 416,
                 :recv-count 416,
                 :msg-count 416,
                 :msgs-per-op 2.009662},
       :valid? true},
 :workload {:worst-stale (),
            :duplicated-count 0,
            :valid? true,
            :lost-count 0,
            :lost (),
            :stable-count 104,
            :stale-count 0,
            :stale (),
            :never-read-count 0,
            :stable-latencies {0 0, 0.5 0, 0.95 0, 0.99 0, 1 0},
            :attempt-count 104,
            :never-read (),
            :duplicated {}},
 :valid? true}


Everything looks good! (`)
