2023-05-11 02:08:55,669{GMT}	INFO	[jepsen test runner] jepsen.core: Command line:
lein run test -w broadcast --bin /home/eman/go/bin/maelstrom-broadcast --node-count 25 --time-limit 20 --rate 100 --latency 100
2023-05-11 02:08:55,734{GMT}	INFO	[jepsen test runner] jepsen.core: Running test:
{:args []
 :remote
 #jepsen.control.retry.Remote{:remote #jepsen.control.scp.Remote{:cmd-remote #jepsen.control.sshj.SSHJRemote{:concurrency-limit 6,
                                                                                                             :conn-spec nil,
                                                                                                             :client nil,
                                                                                                             :semaphore nil},
                                                                 :conn-spec nil},
                              :conn nil}
 :log-net-send false
 :node-count 25
 :availability nil
 :max-txn-length 4
 :concurrency 25
 :db
 #object[maelstrom.db$db$reify__16142
         "0x5d41b929"
         "maelstrom.db$db$reify__16142@5d41b929"]
 :max-writes-per-key 16
 :leave-db-running? false
 :name "broadcast"
 :logging-json? false
 :start-time
 #object[org.joda.time.DateTime "0x797a5b31" "2023-05-11T02:08:55.655-04:00"]
 :nemesis-interval 10
 :net
 #object[maelstrom.net$jepsen_net$reify__15251
         "0x13d7d1a8"
         "maelstrom.net$jepsen_net$reify__15251@13d7d1a8"]
 :client
 #object[maelstrom.workload.broadcast$client$reify__16644
         "0x60035f1e"
         "maelstrom.workload.broadcast$client$reify__16644@60035f1e"]
 :barrier
 #object[java.util.concurrent.CyclicBarrier
         "0x5827908c"
         "java.util.concurrent.CyclicBarrier@5827908c"]
 :log-stderr false
 :pure-generators true
 :ssh {:dummy? true}
 :rate 100.0
 :checker
 #object[jepsen.checker$compose$reify__11881
         "0x732ffb6a"
         "jepsen.checker$compose$reify__11881@732ffb6a"]
 :argv
 ("test"
  "-w"
  "broadcast"
  "--bin"
  "/home/eman/go/bin/maelstrom-broadcast"
  "--node-count"
  "25"
  "--time-limit"
  "20"
  "--rate"
  "100"
  "--latency"
  "100")
 :nemesis
 (jepsen.nemesis.ReflCompose
  {:fm {:start-partition 0,
        :stop-partition 0,
        :kill 1,
        :start 1,
        :pause 1,
        :resume 1},
   :nemeses [#unprintable "jepsen.nemesis.combined$partition_nemesis$reify__16416@5ed83e36"
             #unprintable "jepsen.nemesis.combined$db_nemesis$reify__16397@2459715c"]})
 :nodes
 ["n0"
  "n1"
  "n2"
  "n3"
  "n4"
  "n5"
  "n6"
  "n7"
  "n8"
  "n9"
  "n10"
  "n11"
  "n12"
  "n13"
  "n14"
  "n15"
  "n16"
  "n17"
  "n18"
  "n19"
  "n20"
  "n21"
  "n22"
  "n23"
  "n24"]
 :test-count 1
 :latency {:mean 100, :dist :constant}
 :bin "/home/eman/go/bin/maelstrom-broadcast"
 :generator
 ((jepsen.generator.Synchronize
   {:gen (jepsen.generator.TimeLimit
          {:limit 20000000000,
           :cutoff nil,
           :gen (jepsen.generator.Any
                 {:gens [(jepsen.generator.OnThreads
                          {:f #{:nemesis},
                           :context-filter #object[jepsen.generator.context$make_thread_filter$lazy_filter__9167
                                                   "0x6d3b59e2"
                                                   "jepsen.generator.context$make_thread_filter$lazy_filter__9167@6d3b59e2"],
                           :gen nil})
                         (jepsen.generator.OnThreads
                          {:f #jepsen.generator.context.AllBut{:element :nemesis},
                           :context-filter #object[jepsen.generator.context$make_thread_filter$lazy_filter__9167
                                                   "0x164dfad2"
                                                   "jepsen.generator.context$make_thread_filter$lazy_filter__9167@164dfad2"],
                           :gen (jepsen.generator.Stagger
                                 {:dt 20000000,
                                  :next-time nil,
                                  :gen (jepsen.generator.Mix
                                        {:i 1,
                                         :gens [({:f :broadcast, :value 0}
                                                 {:f :broadcast, :value 1}
                                                 {:f :broadcast, :value 2}
                                                 {:f :broadcast, :value 3}
                                                 {:f :broadcast, :value 4}
                                                 {:f :broadcast, :value 5}
                                                 {:f :broadcast, :value 6}
                                                 {:f :broadcast, :value 7}
                                                 ...)
                                                ({:f :read}
                                                 {:f :read}
                                                 {:f :read}
                                                 {:f :read}
                                                 {:f :read}
                                                 {:f :read}
                                                 {:f :read}
                                                 {:f :read}
                                                 ...)]})})})]})})})
  (jepsen.generator.Synchronize
   {:gen (jepsen.generator.OnThreads
          {:f #{:nemesis},
           :context-filter #object[jepsen.generator.context$make_thread_filter$lazy_filter__9167
                                   "0x405a296e"
                                   "jepsen.generator.context$make_thread_filter$lazy_filter__9167@405a296e"],
           :gen ()})})
  (jepsen.generator.Synchronize
   {:gen {:type :log, :value "Waiting for recovery..."}})
  (jepsen.generator.Synchronize {:gen {:type :sleep, :value 10}})
  (jepsen.generator.Synchronize
   {:gen (jepsen.generator.OnThreads
          {:f #jepsen.generator.context.AllBut{:element :nemesis},
           :context-filter #object[jepsen.generator.context$make_thread_filter$lazy_filter__9167
                                   "0x77198cce"
                                   "jepsen.generator.context$make_thread_filter$lazy_filter__9167@77198cce"],
           :gen (jepsen.generator.EachThread
                 {:fresh-gen {:f :read, :final? true},
                  :context-filters #object[clojure.core$promise$reify__8591
                                           "0xe7b7395"
                                           {:status :pending, :val nil}],
                  :gens {}})})}))
 :log-net-recv false
 :os
 #object[maelstrom.net$jepsen_os$reify__15254
         "0x383c94ed"
         "maelstrom.net$jepsen_os$reify__15254@383c94ed"]
 :time-limit 20
 :workload :broadcast
 :consistency-models [:strict-serializable]
 :topology :grid}

2023-05-11 02:08:57,191{GMT}	INFO	[jepsen node n0] maelstrom.net: Starting Maelstrom network
2023-05-11 02:08:57,195{GMT}	INFO	[jepsen test runner] jepsen.db: Tearing down DB
2023-05-11 02:08:57,200{GMT}	INFO	[jepsen test runner] jepsen.db: Setting up DB
2023-05-11 02:08:57,201{GMT}	INFO	[jepsen node n1] maelstrom.db: Setting up n1
2023-05-11 02:08:57,201{GMT}	INFO	[jepsen node n3] maelstrom.db: Setting up n3
2023-05-11 02:08:57,201{GMT}	INFO	[jepsen node n2] maelstrom.db: Setting up n2
2023-05-11 02:08:57,201{GMT}	INFO	[jepsen node n4] maelstrom.db: Setting up n4
2023-05-11 02:08:57,201{GMT}	INFO	[jepsen node n5] maelstrom.db: Setting up n5
2023-05-11 02:08:57,201{GMT}	INFO	[jepsen node n6] maelstrom.db: Setting up n6
2023-05-11 02:08:57,201{GMT}	INFO	[jepsen node n2] maelstrom.process: launching /home/eman/go/bin/maelstrom-broadcast []
2023-05-11 02:08:57,201{GMT}	INFO	[jepsen node n7] maelstrom.db: Setting up n7
2023-05-11 02:08:57,201{GMT}	INFO	[jepsen node n1] maelstrom.process: launching /home/eman/go/bin/maelstrom-broadcast []
2023-05-11 02:08:57,201{GMT}	INFO	[jepsen node n6] maelstrom.process: launching /home/eman/go/bin/maelstrom-broadcast []
2023-05-11 02:08:57,201{GMT}	INFO	[jepsen node n5] maelstrom.process: launching /home/eman/go/bin/maelstrom-broadcast []
2023-05-11 02:08:57,201{GMT}	INFO	[jepsen node n4] maelstrom.process: launching /home/eman/go/bin/maelstrom-broadcast []
2023-05-11 02:08:57,202{GMT}	INFO	[jepsen node n7] maelstrom.process: launching /home/eman/go/bin/maelstrom-broadcast []
2023-05-11 02:08:57,202{GMT}	INFO	[jepsen node n10] maelstrom.db: Setting up n10
2023-05-11 02:08:57,201{GMT}	INFO	[jepsen node n8] maelstrom.db: Setting up n8
2023-05-11 02:08:57,201{GMT}	INFO	[jepsen node n3] maelstrom.process: launching /home/eman/go/bin/maelstrom-broadcast []
2023-05-11 02:08:57,202{GMT}	INFO	[jepsen node n8] maelstrom.process: launching /home/eman/go/bin/maelstrom-broadcast []
2023-05-11 02:08:57,202{GMT}	INFO	[jepsen node n10] maelstrom.process: launching /home/eman/go/bin/maelstrom-broadcast []
2023-05-11 02:08:57,202{GMT}	INFO	[jepsen node n11] maelstrom.db: Setting up n11
2023-05-11 02:08:57,203{GMT}	INFO	[jepsen node n0] maelstrom.service: Starting services: (lin-kv lin-tso lww-kv seq-kv)
2023-05-11 02:08:57,203{GMT}	INFO	[jepsen node n11] maelstrom.process: launching /home/eman/go/bin/maelstrom-broadcast []
2023-05-11 02:08:57,203{GMT}	INFO	[jepsen node n9] maelstrom.db: Setting up n9
2023-05-11 02:08:57,204{GMT}	INFO	[jepsen node n9] maelstrom.process: launching /home/eman/go/bin/maelstrom-broadcast []
2023-05-11 02:08:57,204{GMT}	INFO	[jepsen node n12] maelstrom.db: Setting up n12
2023-05-11 02:08:57,204{GMT}	INFO	[jepsen node n12] maelstrom.process: launching /home/eman/go/bin/maelstrom-broadcast []
2023-05-11 02:08:57,205{GMT}	INFO	[jepsen node n13] maelstrom.db: Setting up n13
2023-05-11 02:08:57,205{GMT}	INFO	[jepsen node n14] maelstrom.db: Setting up n14
2023-05-11 02:08:57,206{GMT}	INFO	[jepsen node n15] maelstrom.db: Setting up n15
2023-05-11 02:08:57,206{GMT}	INFO	[jepsen node n13] maelstrom.process: launching /home/eman/go/bin/maelstrom-broadcast []
2023-05-11 02:08:57,206{GMT}	INFO	[jepsen node n14] maelstrom.process: launching /home/eman/go/bin/maelstrom-broadcast []
2023-05-11 02:08:57,206{GMT}	INFO	[jepsen node n16] maelstrom.db: Setting up n16
2023-05-11 02:08:57,206{GMT}	INFO	[jepsen node n15] maelstrom.process: launching /home/eman/go/bin/maelstrom-broadcast []
2023-05-11 02:08:57,206{GMT}	INFO	[jepsen node n16] maelstrom.process: launching /home/eman/go/bin/maelstrom-broadcast []
2023-05-11 02:08:57,206{GMT}	INFO	[jepsen node n17] maelstrom.db: Setting up n17
2023-05-11 02:08:57,207{GMT}	INFO	[jepsen node n17] maelstrom.process: launching /home/eman/go/bin/maelstrom-broadcast []
2023-05-11 02:08:57,207{GMT}	INFO	[jepsen node n18] maelstrom.db: Setting up n18
2023-05-11 02:08:57,208{GMT}	INFO	[jepsen node n0] maelstrom.db: Setting up n0
2023-05-11 02:08:57,208{GMT}	INFO	[jepsen node n18] maelstrom.process: launching /home/eman/go/bin/maelstrom-broadcast []
2023-05-11 02:08:57,208{GMT}	INFO	[jepsen node n19] maelstrom.db: Setting up n19
2023-05-11 02:08:57,208{GMT}	INFO	[jepsen node n20] maelstrom.db: Setting up n20
2023-05-11 02:08:57,208{GMT}	INFO	[jepsen node n0] maelstrom.process: launching /home/eman/go/bin/maelstrom-broadcast []
2023-05-11 02:08:57,208{GMT}	INFO	[jepsen node n21] maelstrom.db: Setting up n21
2023-05-11 02:08:57,208{GMT}	INFO	[jepsen node n20] maelstrom.process: launching /home/eman/go/bin/maelstrom-broadcast []
2023-05-11 02:08:57,209{GMT}	INFO	[jepsen node n19] maelstrom.process: launching /home/eman/go/bin/maelstrom-broadcast []
2023-05-11 02:08:57,209{GMT}	INFO	[jepsen node n21] maelstrom.process: launching /home/eman/go/bin/maelstrom-broadcast []
2023-05-11 02:08:57,210{GMT}	INFO	[jepsen node n22] maelstrom.db: Setting up n22
2023-05-11 02:08:57,210{GMT}	INFO	[jepsen node n23] maelstrom.db: Setting up n23
2023-05-11 02:08:57,210{GMT}	INFO	[jepsen node n24] maelstrom.db: Setting up n24
2023-05-11 02:08:57,210{GMT}	INFO	[jepsen node n22] maelstrom.process: launching /home/eman/go/bin/maelstrom-broadcast []
2023-05-11 02:08:57,210{GMT}	INFO	[jepsen node n24] maelstrom.process: launching /home/eman/go/bin/maelstrom-broadcast []
2023-05-11 02:08:57,210{GMT}	INFO	[jepsen node n23] maelstrom.process: launching /home/eman/go/bin/maelstrom-broadcast []
2023-05-11 02:08:58,213{GMT}	INFO	[jepsen node n0] maelstrom.net: Shutting down Maelstrom network
2023-05-11 02:08:58,221{GMT}	WARN	[jepsen test runner] jepsen.core: Test crashed!
java.io.IOException: Cannot run program "/home/eman/go/bin/maelstrom-broadcast" (in directory "/tmp"): error=2, No such file or directory
	at java.base/java.lang.ProcessBuilder.start(ProcessBuilder.java:1143)
	at java.base/java.lang.ProcessBuilder.start(ProcessBuilder.java:1073)
	at maelstrom.process$start_node_BANG_.invokeStatic(process.clj:199)
	at maelstrom.process$start_node_BANG_.invoke(process.clj:168)
	at maelstrom.db$db$reify__16142.setup_BANG_(db.clj:34)
	at jepsen.db$fn__8729$G__8723__8733.invoke(db.clj:12)
	at jepsen.db$fn__8729$G__8722__8738.invoke(db.clj:12)
	at clojure.core$partial$fn__5908.invoke(core.clj:2642)
	at jepsen.control$on_nodes$fn__8599.invoke(control.clj:314)
	at clojure.lang.AFn.applyToHelper(AFn.java:154)
	at clojure.lang.AFn.applyTo(AFn.java:144)
	at clojure.core$apply.invokeStatic(core.clj:667)
	at clojure.core$with_bindings_STAR_.invokeStatic(core.clj:1990)
	at clojure.core$with_bindings_STAR_.doInvoke(core.clj:1990)
	at clojure.lang.RestFn.applyTo(RestFn.java:142)
	at clojure.core$apply.invokeStatic(core.clj:671)
	at clojure.core$bound_fn_STAR_$fn__5818.doInvoke(core.clj:2020)
	at clojure.lang.RestFn.invoke(RestFn.java:408)
	at dom_top.core$real_pmap_helper$build_thread__211$fn__212.invoke(core.clj:163)
	at clojure.lang.AFn.applyToHelper(AFn.java:152)
	at clojure.lang.AFn.applyTo(AFn.java:144)
	at clojure.core$apply.invokeStatic(core.clj:667)
	at clojure.core$with_bindings_STAR_.invokeStatic(core.clj:1990)
	at clojure.core$with_bindings_STAR_.doInvoke(core.clj:1990)
	at clojure.lang.RestFn.invoke(RestFn.java:425)
	at clojure.lang.AFn.applyToHelper(AFn.java:156)
	at clojure.lang.RestFn.applyTo(RestFn.java:132)
	at clojure.core$apply.invokeStatic(core.clj:671)
	at clojure.core$bound_fn_STAR_$fn__5818.doInvoke(core.clj:2020)
	at clojure.lang.RestFn.invoke(RestFn.java:397)
	at clojure.lang.AFn.run(AFn.java:22)
	at java.base/java.lang.Thread.run(Thread.java:833)
Caused by: java.io.IOException: error=2, No such file or directory
	at java.base/java.lang.ProcessImpl.forkAndExec(Native Method)
	at java.base/java.lang.ProcessImpl.<init>(ProcessImpl.java:314)
	at java.base/java.lang.ProcessImpl.start(ProcessImpl.java:244)
	at java.base/java.lang.ProcessBuilder.start(ProcessBuilder.java:1110)
	... 31 common frames omitted
