2023/05/10 01:16:53 Received {c0 n0 {"type":"init","node_id":"n0","node_ids":["n0"],"msg_id":1}}
2023/05/10 01:16:53 Node n0 initialized
2023/05/10 01:16:53 Sent {"src":"n0","dest":"c0","body":{"in_reply_to":1,"type":"init_ok"}}
2023/05/10 01:16:53 Received {c2 n0 {"echo":"Please echo 32","type":"echo","msg_id":1}}
2023/05/10 01:16:53 Sent {"src":"n0","dest":"c2","body":{"echo":"Please echo 32","in_reply_to":1,"msg_id":1,"type":"echo_ok"}}
2023/05/10 01:16:53 Received {c2 n0 {"echo":"Please echo 68","type":"echo","msg_id":2}}
2023/05/10 01:16:53 Sent {"src":"n0","dest":"c2","body":{"echo":"Please echo 68","in_reply_to":2,"msg_id":2,"type":"echo_ok"}}
2023/05/10 01:16:53 Received {c2 n0 {"echo":"Please echo 100","type":"echo","msg_id":3}}
2023/05/10 01:16:53 Sent {"src":"n0","dest":"c2","body":{"echo":"Please echo 100","in_reply_to":3,"msg_id":3,"type":"echo_ok"}}
2023/05/10 01:16:53 Received {c2 n0 {"echo":"Please echo 82","type":"echo","msg_id":4}}
2023/05/10 01:16:53 Sent {"src":"n0","dest":"c2","body":{"echo":"Please echo 82","in_reply_to":4,"msg_id":4,"type":"echo_ok"}}
2023/05/10 01:16:54 Received {c2 n0 {"echo":"Please echo 74","type":"echo","msg_id":5}}
2023/05/10 01:16:54 Sent {"src":"n0","dest":"c2","body":{"echo":"Please echo 74","in_reply_to":5,"msg_id":5,"type":"echo_ok"}}
2023/05/10 01:16:54 Received {c2 n0 {"echo":"Please echo 51","type":"echo","msg_id":6}}
2023/05/10 01:16:54 Sent {"src":"n0","dest":"c2","body":{"echo":"Please echo 51","in_reply_to":6,"msg_id":6,"type":"echo_ok"}}
2023/05/10 01:16:54 Received {c2 n0 {"echo":"Please echo 62","type":"echo","msg_id":7}}
2023/05/10 01:16:54 Sent {"src":"n0","dest":"c2","body":{"echo":"Please echo 62","in_reply_to":7,"msg_id":7,"type":"echo_ok"}}
2023/05/10 01:16:54 Received {c2 n0 {"echo":"Please echo 116","type":"echo","msg_id":8}}
2023/05/10 01:16:54 Sent {"src":"n0","dest":"c2","body":{"echo":"Please echo 116","in_reply_to":8,"msg_id":8,"type":"echo_ok"}}
2023/05/10 01:16:54 Received {c2 n0 {"echo":"Please echo 12","type":"echo","msg_id":9}}
2023/05/10 01:16:54 Sent {"src":"n0","dest":"c2","body":{"echo":"Please echo 12","in_reply_to":9,"msg_id":9,"type":"echo_ok"}}
2023/05/10 01:16:54 Received {c2 n0 {"echo":"Please echo 61","type":"echo","msg_id":10}}
2023/05/10 01:16:54 Sent {"src":"n0","dest":"c2","body":{"echo":"Please echo 61","in_reply_to":10,"msg_id":10,"type":"echo_ok"}}
2023/05/10 01:16:54 Received {c2 n0 {"echo":"Please echo 61","type":"echo","msg_id":11}}
2023/05/10 01:16:54 Sent {"src":"n0","dest":"c2","body":{"echo":"Please echo 61","in_reply_to":11,"msg_id":11,"type":"echo_ok"}}
2023/05/10 01:16:55 Received {c2 n0 {"echo":"Please echo 107","type":"echo","msg_id":12}}
2023/05/10 01:16:55 Sent {"src":"n0","dest":"c2","body":{"echo":"Please echo 107","in_reply_to":12,"msg_id":12,"type":"echo_ok"}}
2023/05/10 01:16:55 Received {c2 n0 {"echo":"Please echo 46","type":"echo","msg_id":13}}
2023/05/10 01:16:55 Sent {"src":"n0","dest":"c2","body":{"echo":"Please echo 46","in_reply_to":13,"msg_id":13,"type":"echo_ok"}}
2023/05/10 01:16:55 Received {c2 n0 {"echo":"Please echo 65","type":"echo","msg_id":14}}
2023/05/10 01:16:55 Sent {"src":"n0","dest":"c2","body":{"echo":"Please echo 65","in_reply_to":14,"msg_id":14,"type":"echo_ok"}}
2023/05/10 01:16:55 Received {c2 n0 {"echo":"Please echo 92","type":"echo","msg_id":15}}
2023/05/10 01:16:55 Sent {"src":"n0","dest":"c2","body":{"echo":"Please echo 92","in_reply_to":15,"msg_id":15,"type":"echo_ok"}}
2023/05/10 01:16:55 Received {c2 n0 {"echo":"Please echo 46","type":"echo","msg_id":16}}
2023/05/10 01:16:55 Sent {"src":"n0","dest":"c2","body":{"echo":"Please echo 46","in_reply_to":16,"msg_id":16,"type":"echo_ok"}}
2023/05/10 01:16:55 Received {c2 n0 {"echo":"Please echo 124","type":"echo","msg_id":17}}
2023/05/10 01:16:55 Sent {"src":"n0","dest":"c2","body":{"echo":"Please echo 124","in_reply_to":17,"msg_id":17,"type":"echo_ok"}}
2023/05/10 01:16:55 Received {c2 n0 {"echo":"Please echo 45","type":"echo","msg_id":18}}
2023/05/10 01:16:55 Sent {"src":"n0","dest":"c2","body":{"echo":"Please echo 45","in_reply_to":18,"msg_id":18,"type":"echo_ok"}}
2023/05/10 01:16:55 Received {c2 n0 {"echo":"Please echo 100","type":"echo","msg_id":19}}
2023/05/10 01:16:55 Sent {"src":"n0","dest":"c2","body":{"echo":"Please echo 100","in_reply_to":19,"msg_id":19,"type":"echo_ok"}}
2023/05/10 01:16:55 Received {c2 n0 {"echo":"Please echo 30","type":"echo","msg_id":20}}
2023/05/10 01:16:55 Sent {"src":"n0","dest":"c2","body":{"echo":"Please echo 30","in_reply_to":20,"msg_id":20,"type":"echo_ok"}}
2023/05/10 01:16:55 Received {c2 n0 {"echo":"Please echo 117","type":"echo","msg_id":21}}
2023/05/10 01:16:55 Sent {"src":"n0","dest":"c2","body":{"echo":"Please echo 117","in_reply_to":21,"msg_id":21,"type":"echo_ok"}}
2023/05/10 01:16:56 Received {c2 n0 {"echo":"Please echo 72","type":"echo","msg_id":22}}
2023/05/10 01:16:56 Sent {"src":"n0","dest":"c2","body":{"echo":"Please echo 72","in_reply_to":22,"msg_id":22,"type":"echo_ok"}}
2023/05/10 01:16:56 Received {c2 n0 {"echo":"Please echo 40","type":"echo","msg_id":23}}
2023/05/10 01:16:56 Sent {"src":"n0","dest":"c2","body":{"echo":"Please echo 40","in_reply_to":23,"msg_id":23,"type":"echo_ok"}}
2023/05/10 01:16:56 Received {c2 n0 {"echo":"Please echo 73","type":"echo","msg_id":24}}
2023/05/10 01:16:56 Sent {"src":"n0","dest":"c2","body":{"echo":"Please echo 73","in_reply_to":24,"msg_id":24,"type":"echo_ok"}}
2023/05/10 01:16:56 Received {c2 n0 {"echo":"Please echo 79","type":"echo","msg_id":25}}
2023/05/10 01:16:56 Sent {"src":"n0","dest":"c2","body":{"echo":"Please echo 79","in_reply_to":25,"msg_id":25,"type":"echo_ok"}}
2023/05/10 01:16:56 Received {c2 n0 {"echo":"Please echo 104","type":"echo","msg_id":26}}
2023/05/10 01:16:56 Sent {"src":"n0","dest":"c2","body":{"echo":"Please echo 104","in_reply_to":26,"msg_id":26,"type":"echo_ok"}}
2023/05/10 01:16:57 Received {c2 n0 {"echo":"Please echo 39","type":"echo","msg_id":27}}
2023/05/10 01:16:57 Sent {"src":"n0","dest":"c2","body":{"echo":"Please echo 39","in_reply_to":27,"msg_id":27,"type":"echo_ok"}}
2023/05/10 01:16:57 Received {c2 n0 {"echo":"Please echo 3","type":"echo","msg_id":28}}
2023/05/10 01:16:57 Sent {"src":"n0","dest":"c2","body":{"echo":"Please echo 3","in_reply_to":28,"msg_id":28,"type":"echo_ok"}}
2023/05/10 01:16:57 Received {c2 n0 {"echo":"Please echo 17","type":"echo","msg_id":29}}
2023/05/10 01:16:57 Sent {"src":"n0","dest":"c2","body":{"echo":"Please echo 17","in_reply_to":29,"msg_id":29,"type":"echo_ok"}}
2023/05/10 01:16:57 Received {c2 n0 {"echo":"Please echo 108","type":"echo","msg_id":30}}
2023/05/10 01:16:57 Sent {"src":"n0","dest":"c2","body":{"echo":"Please echo 108","in_reply_to":30,"msg_id":30,"type":"echo_ok"}}
2023/05/10 01:16:57 Received {c2 n0 {"echo":"Please echo 61","type":"echo","msg_id":31}}
2023/05/10 01:16:57 Sent {"src":"n0","dest":"c2","body":{"echo":"Please echo 61","in_reply_to":31,"msg_id":31,"type":"echo_ok"}}
2023/05/10 01:16:57 Received {c2 n0 {"echo":"Please echo 47","type":"echo","msg_id":32}}
2023/05/10 01:16:57 Sent {"src":"n0","dest":"c2","body":{"echo":"Please echo 47","in_reply_to":32,"msg_id":32,"type":"echo_ok"}}
2023/05/10 01:16:57 Received {c2 n0 {"echo":"Please echo 47","type":"echo","msg_id":33}}
2023/05/10 01:16:57 Sent {"src":"n0","dest":"c2","body":{"echo":"Please echo 47","in_reply_to":33,"msg_id":33,"type":"echo_ok"}}
2023/05/10 01:16:58 Received {c2 n0 {"echo":"Please echo 124","type":"echo","msg_id":34}}
2023/05/10 01:16:58 Sent {"src":"n0","dest":"c2","body":{"echo":"Please echo 124","in_reply_to":34,"msg_id":34,"type":"echo_ok"}}
2023/05/10 01:16:58 Received {c2 n0 {"echo":"Please echo 69","type":"echo","msg_id":35}}
2023/05/10 01:16:58 Sent {"src":"n0","dest":"c2","body":{"echo":"Please echo 69","in_reply_to":35,"msg_id":35,"type":"echo_ok"}}
2023/05/10 01:16:58 Received {c2 n0 {"echo":"Please echo 57","type":"echo","msg_id":36}}
2023/05/10 01:16:58 Sent {"src":"n0","dest":"c2","body":{"echo":"Please echo 57","in_reply_to":36,"msg_id":36,"type":"echo_ok"}}
2023/05/10 01:16:58 Received {c2 n0 {"echo":"Please echo 114","type":"echo","msg_id":37}}
2023/05/10 01:16:58 Sent {"src":"n0","dest":"c2","body":{"echo":"Please echo 114","in_reply_to":37,"msg_id":37,"type":"echo_ok"}}
2023/05/10 01:16:58 Received {c2 n0 {"echo":"Please echo 60","type":"echo","msg_id":38}}
2023/05/10 01:16:58 Sent {"src":"n0","dest":"c2","body":{"echo":"Please echo 60","in_reply_to":38,"msg_id":38,"type":"echo_ok"}}
2023/05/10 01:16:58 Received {c2 n0 {"echo":"Please echo 92","type":"echo","msg_id":39}}
2023/05/10 01:16:58 Sent {"src":"n0","dest":"c2","body":{"echo":"Please echo 92","in_reply_to":39,"msg_id":39,"type":"echo_ok"}}
2023/05/10 01:16:58 Received {c2 n0 {"echo":"Please echo 57","type":"echo","msg_id":40}}
2023/05/10 01:16:58 Sent {"src":"n0","dest":"c2","body":{"echo":"Please echo 57","in_reply_to":40,"msg_id":40,"type":"echo_ok"}}
2023/05/10 01:16:58 Received {c2 n0 {"echo":"Please echo 83","type":"echo","msg_id":41}}
2023/05/10 01:16:58 Sent {"src":"n0","dest":"c2","body":{"echo":"Please echo 83","in_reply_to":41,"msg_id":41,"type":"echo_ok"}}
2023/05/10 01:16:59 Received {c2 n0 {"echo":"Please echo 27","type":"echo","msg_id":42}}
2023/05/10 01:16:59 Sent {"src":"n0","dest":"c2","body":{"echo":"Please echo 27","in_reply_to":42,"msg_id":42,"type":"echo_ok"}}
2023/05/10 01:16:59 Received {c2 n0 {"echo":"Please echo 57","type":"echo","msg_id":43}}
2023/05/10 01:16:59 Sent {"src":"n0","dest":"c2","body":{"echo":"Please echo 57","in_reply_to":43,"msg_id":43,"type":"echo_ok"}}
2023/05/10 01:16:59 Received {c2 n0 {"echo":"Please echo 61","type":"echo","msg_id":44}}
2023/05/10 01:16:59 Sent {"src":"n0","dest":"c2","body":{"echo":"Please echo 61","in_reply_to":44,"msg_id":44,"type":"echo_ok"}}
2023/05/10 01:16:59 Received {c2 n0 {"echo":"Please echo 1","type":"echo","msg_id":45}}
2023/05/10 01:16:59 Sent {"src":"n0","dest":"c2","body":{"echo":"Please echo 1","in_reply_to":45,"msg_id":45,"type":"echo_ok"}}
2023/05/10 01:17:00 Received {c2 n0 {"echo":"Please echo 121","type":"echo","msg_id":46}}
2023/05/10 01:17:00 Sent {"src":"n0","dest":"c2","body":{"echo":"Please echo 121","in_reply_to":46,"msg_id":46,"type":"echo_ok"}}
2023/05/10 01:17:00 Received {c2 n0 {"echo":"Please echo 81","type":"echo","msg_id":47}}
2023/05/10 01:17:00 Sent {"src":"n0","dest":"c2","body":{"echo":"Please echo 81","in_reply_to":47,"msg_id":47,"type":"echo_ok"}}
2023/05/10 01:17:00 Received {c2 n0 {"echo":"Please echo 71","type":"echo","msg_id":48}}
2023/05/10 01:17:00 Sent {"src":"n0","dest":"c2","body":{"echo":"Please echo 71","in_reply_to":48,"msg_id":48,"type":"echo_ok"}}
2023/05/10 01:17:00 Received {c2 n0 {"echo":"Please echo 117","type":"echo","msg_id":49}}
2023/05/10 01:17:00 Sent {"src":"n0","dest":"c2","body":{"echo":"Please echo 117","in_reply_to":49,"msg_id":49,"type":"echo_ok"}}
2023/05/10 01:17:00 Received {c2 n0 {"echo":"Please echo 19","type":"echo","msg_id":50}}
2023/05/10 01:17:00 Sent {"src":"n0","dest":"c2","body":{"echo":"Please echo 19","in_reply_to":50,"msg_id":50,"type":"echo_ok"}}
2023/05/10 01:17:00 Received {c2 n0 {"echo":"Please echo 15","type":"echo","msg_id":51}}
2023/05/10 01:17:00 Sent {"src":"n0","dest":"c2","body":{"echo":"Please echo 15","in_reply_to":51,"msg_id":51,"type":"echo_ok"}}
2023/05/10 01:17:01 Received {c2 n0 {"echo":"Please echo 70","type":"echo","msg_id":52}}
2023/05/10 01:17:01 Sent {"src":"n0","dest":"c2","body":{"echo":"Please echo 70","in_reply_to":52,"msg_id":52,"type":"echo_ok"}}
2023/05/10 01:17:01 Received {c2 n0 {"echo":"Please echo 70","type":"echo","msg_id":53}}
2023/05/10 01:17:01 Sent {"src":"n0","dest":"c2","body":{"echo":"Please echo 70","in_reply_to":53,"msg_id":53,"type":"echo_ok"}}
2023/05/10 01:17:01 Received {c2 n0 {"echo":"Please echo 58","type":"echo","msg_id":54}}
2023/05/10 01:17:01 Sent {"src":"n0","dest":"c2","body":{"echo":"Please echo 58","in_reply_to":54,"msg_id":54,"type":"echo_ok"}}
2023/05/10 01:17:01 Received {c2 n0 {"echo":"Please echo 20","type":"echo","msg_id":55}}
2023/05/10 01:17:01 Sent {"src":"n0","dest":"c2","body":{"echo":"Please echo 20","in_reply_to":55,"msg_id":55,"type":"echo_ok"}}
2023/05/10 01:17:02 Received {c2 n0 {"echo":"Please echo 87","type":"echo","msg_id":56}}
2023/05/10 01:17:02 Sent {"src":"n0","dest":"c2","body":{"echo":"Please echo 87","in_reply_to":56,"msg_id":56,"type":"echo_ok"}}
2023/05/10 01:17:02 Received {c2 n0 {"echo":"Please echo 124","type":"echo","msg_id":57}}
2023/05/10 01:17:02 Sent {"src":"n0","dest":"c2","body":{"echo":"Please echo 124","in_reply_to":57,"msg_id":57,"type":"echo_ok"}}
2023/05/10 01:17:02 Received {c2 n0 {"echo":"Please echo 127","type":"echo","msg_id":58}}
2023/05/10 01:17:02 Sent {"src":"n0","dest":"c2","body":{"echo":"Please echo 127","in_reply_to":58,"msg_id":58,"type":"echo_ok"}}
2023/05/10 01:17:03 Received {c2 n0 {"echo":"Please echo 7","type":"echo","msg_id":59}}
2023/05/10 01:17:03 Sent {"src":"n0","dest":"c2","body":{"echo":"Please echo 7","in_reply_to":59,"msg_id":59,"type":"echo_ok"}}
2023/05/10 01:17:03 Received {c2 n0 {"echo":"Please echo 73","type":"echo","msg_id":60}}
2023/05/10 01:17:03 Sent {"src":"n0","dest":"c2","body":{"echo":"Please echo 73","in_reply_to":60,"msg_id":60,"type":"echo_ok"}}
