2023-05-11 01:34:48,966{GMT}	INFO	[jepsen test runner] jepsen.core: Command line:
lein run test -w broadcast --bin ../maelstrom-echo/target/release/maelstrom-echo --node-count 5 --time-limit 20 --rate 10
2023-05-11 01:34:49,025{GMT}	INFO	[jepsen test runner] jepsen.core: Running test:
{:args []
 :remote
 #jepsen.control.retry.Remote{:remote #jepsen.control.scp.Remote{:cmd-remote #jepsen.control.sshj.SSHJRemote{:concurrency-limit 6,
                                                                                                             :conn-spec nil,
                                                                                                             :client nil,
                                                                                                             :semaphore nil},
                                                                 :conn-spec nil},
                              :conn nil}
 :log-net-send false
 :node-count 5
 :availability nil
 :max-txn-length 4
 :concurrency 5
 :db
 #object[maelstrom.db$db$reify__16142
         "0x50a1c2f3"
         "maelstrom.db$db$reify__16142@50a1c2f3"]
 :max-writes-per-key 16
 :leave-db-running? false
 :name "broadcast"
 :logging-json? false
 :start-time
 #object[org.joda.time.DateTime "0x333813e7" "2023-05-11T01:34:48.954-04:00"]
 :nemesis-interval 10
 :net
 #object[maelstrom.net$jepsen_net$reify__15251
         "0x292237cd"
         "maelstrom.net$jepsen_net$reify__15251@292237cd"]
 :client
 #object[maelstrom.workload.broadcast$client$reify__16644
         "0x797a5b31"
         "maelstrom.workload.broadcast$client$reify__16644@797a5b31"]
 :barrier
 #object[java.util.concurrent.CyclicBarrier
         "0x13d7d1a8"
         "java.util.concurrent.CyclicBarrier@13d7d1a8"]
 :log-stderr false
 :pure-generators true
 :ssh {:dummy? true}
 :rate 10.0
 :checker
 #object[jepsen.checker$compose$reify__11881
         "0x60035f1e"
         "jepsen.checker$compose$reify__11881@60035f1e"]
 :argv
 ("test"
  "-w"
  "broadcast"
  "--bin"
  "../maelstrom-echo/target/release/maelstrom-echo"
  "--node-count"
  "5"
  "--time-limit"
  "20"
  "--rate"
  "10")
 :nemesis
 (jepsen.nemesis.ReflCompose
  {:fm {:start-partition 0,
        :stop-partition 0,
        :kill 1,
        :start 1,
        :pause 1,
        :resume 1},
   :nemeses [#unprintable "jepsen.nemesis.combined$partition_nemesis$reify__16416@5827908c"
             #unprintable "jepsen.nemesis.combined$db_nemesis$reify__16397@732ffb6a"]})
 :nodes ["n0" "n1" "n2" "n3" "n4"]
 :test-count 1
 :latency {:mean 0, :dist :constant}
 :bin "../maelstrom-echo/target/release/maelstrom-echo"
 :generator
 ((jepsen.generator.Synchronize
   {:gen (jepsen.generator.TimeLimit
          {:limit 20000000000,
           :cutoff nil,
           :gen (jepsen.generator.Any
                 {:gens [(jepsen.generator.OnThreads
                          {:f #{:nemesis},
                           :context-filter #object[jepsen.generator.context$make_thread_filter$lazy_filter__9167
                                                   "0x40f40221"
                                                   "jepsen.generator.context$make_thread_filter$lazy_filter__9167@40f40221"],
                           :gen nil})
                         (jepsen.generator.OnThreads
                          {:f #jepsen.generator.context.AllBut{:element :nemesis},
                           :context-filter #object[jepsen.generator.context$make_thread_filter$lazy_filter__9167
                                                   "0x16441c13"
                                                   "jepsen.generator.context$make_thread_filter$lazy_filter__9167@16441c13"],
                           :gen (jepsen.generator.Stagger
                                 {:dt 200000000,
                                  :next-time nil,
                                  :gen (jepsen.generator.Mix
                                        {:i 1,
                                         :gens [({:f :broadcast, :value 0}
                                                 {:f :broadcast, :value 1}
                                                 {:f :broadcast, :value 2}
                                                 {:f :broadcast, :value 3}
                                                 {:f :broadcast, :value 4}
                                                 {:f :broadcast, :value 5}
                                                 {:f :broadcast, :value 6}
                                                 {:f :broadcast, :value 7}
                                                 ...)
                                                ({:f :read}
                                                 {:f :read}
                                                 {:f :read}
                                                 {:f :read}
                                                 {:f :read}
                                                 {:f :read}
                                                 {:f :read}
                                                 {:f :read}
                                                 ...)]})})})]})})})
  (jepsen.generator.Synchronize
   {:gen (jepsen.generator.OnThreads
          {:f #{:nemesis},
           :context-filter #object[jepsen.generator.context$make_thread_filter$lazy_filter__9167
                                   "0x164dfad2"
                                   "jepsen.generator.context$make_thread_filter$lazy_filter__9167@164dfad2"],
           :gen ()})})
  (jepsen.generator.Synchronize
   {:gen {:type :log, :value "Waiting for recovery..."}})
  (jepsen.generator.Synchronize {:gen {:type :sleep, :value 10}})
  (jepsen.generator.Synchronize
   {:gen (jepsen.generator.OnThreads
          {:f #jepsen.generator.context.AllBut{:element :nemesis},
           :context-filter #object[jepsen.generator.context$make_thread_filter$lazy_filter__9167
                                   "0x76480730"
                                   "jepsen.generator.context$make_thread_filter$lazy_filter__9167@76480730"],
           :gen (jepsen.generator.EachThread
                 {:fresh-gen {:f :read, :final? true},
                  :context-filters #object[clojure.core$promise$reify__8591
                                           "0x405a296e"
                                           {:status :pending, :val nil}],
                  :gens {}})})}))
 :log-net-recv false
 :os
 #object[maelstrom.net$jepsen_os$reify__15254
         "0x77198cce"
         "maelstrom.net$jepsen_os$reify__15254@77198cce"]
 :time-limit 20
 :workload :broadcast
 :consistency-models [:strict-serializable]
 :topology :grid}

2023-05-11 01:34:50,313{GMT}	INFO	[jepsen node n0] maelstrom.net: Starting Maelstrom network
2023-05-11 01:34:50,315{GMT}	INFO	[jepsen test runner] jepsen.db: Tearing down DB
2023-05-11 01:34:50,317{GMT}	INFO	[jepsen test runner] jepsen.db: Setting up DB
2023-05-11 01:34:50,317{GMT}	INFO	[jepsen node n1] maelstrom.db: Setting up n1
2023-05-11 01:34:50,317{GMT}	INFO	[jepsen node n2] maelstrom.db: Setting up n2
2023-05-11 01:34:50,318{GMT}	INFO	[jepsen node n3] maelstrom.db: Setting up n3
2023-05-11 01:34:50,318{GMT}	INFO	[jepsen node n4] maelstrom.db: Setting up n4
2023-05-11 01:34:50,318{GMT}	INFO	[jepsen node n1] maelstrom.process: launching ../maelstrom-echo/target/release/maelstrom-echo []
2023-05-11 01:34:50,318{GMT}	INFO	[jepsen node n3] maelstrom.process: launching ../maelstrom-echo/target/release/maelstrom-echo []
2023-05-11 01:34:50,318{GMT}	INFO	[jepsen node n2] maelstrom.process: launching ../maelstrom-echo/target/release/maelstrom-echo []
2023-05-11 01:34:50,318{GMT}	INFO	[jepsen node n4] maelstrom.process: launching ../maelstrom-echo/target/release/maelstrom-echo []
2023-05-11 01:34:50,319{GMT}	INFO	[jepsen node n0] maelstrom.service: Starting services: (lin-kv lin-tso lww-kv seq-kv)
2023-05-11 01:34:50,320{GMT}	INFO	[jepsen node n0] maelstrom.db: Setting up n0
2023-05-11 01:34:50,320{GMT}	INFO	[jepsen node n0] maelstrom.process: launching ../maelstrom-echo/target/release/maelstrom-echo []
2023-05-11 01:34:50,338{GMT}	INFO	[jepsen test runner] jepsen.core: Relative time begins now
2023-05-11 01:34:50,353{GMT}	INFO	[jepsen worker 0] jepsen.util: 0	:invoke	:read	nil
2023-05-11 01:34:50,355{GMT}	INFO	[jepsen worker 0] jepsen.util: 0	:ok	:read	[]
2023-05-11 01:34:50,538{GMT}	INFO	[jepsen worker 1] jepsen.util: 1	:invoke	:read	nil
2023-05-11 01:34:50,540{GMT}	INFO	[jepsen worker 1] jepsen.util: 1	:ok	:read	[]
2023-05-11 01:34:50,665{GMT}	INFO	[jepsen worker 2] jepsen.util: 2	:invoke	:read	nil
2023-05-11 01:34:50,667{GMT}	INFO	[jepsen worker 2] jepsen.util: 2	:ok	:read	[]
2023-05-11 01:34:50,791{GMT}	INFO	[jepsen worker 3] jepsen.util: 3	:invoke	:read	nil
2023-05-11 01:34:50,793{GMT}	INFO	[jepsen worker 3] jepsen.util: 3	:ok	:read	[]
2023-05-11 01:34:50,818{GMT}	INFO	[jepsen worker 4] jepsen.util: 4	:invoke	:read	nil
2023-05-11 01:34:50,820{GMT}	INFO	[jepsen worker 4] jepsen.util: 4	:ok	:read	[]
2023-05-11 01:34:51,018{GMT}	INFO	[jepsen worker 0] jepsen.util: 0	:invoke	:broadcast	0
2023-05-11 01:34:51,020{GMT}	INFO	[jepsen worker 0] jepsen.util: 0	:ok	:broadcast	0
2023-05-11 01:34:51,146{GMT}	INFO	[jepsen worker 0] jepsen.util: 0	:invoke	:broadcast	1
2023-05-11 01:34:51,147{GMT}	INFO	[jepsen worker 0] jepsen.util: 0	:ok	:broadcast	1
2023-05-11 01:34:51,330{GMT}	INFO	[jepsen worker 1] jepsen.util: 1	:invoke	:read	nil
2023-05-11 01:34:51,331{GMT}	INFO	[jepsen worker 1] jepsen.util: 1	:ok	:read	[]
2023-05-11 01:34:51,369{GMT}	INFO	[jepsen worker 2] jepsen.util: 2	:invoke	:read	nil
2023-05-11 01:34:51,370{GMT}	INFO	[jepsen worker 2] jepsen.util: 2	:ok	:read	[]
2023-05-11 01:34:51,556{GMT}	INFO	[jepsen worker 3] jepsen.util: 3	:invoke	:read	nil
2023-05-11 01:34:51,558{GMT}	INFO	[jepsen worker 3] jepsen.util: 3	:ok	:read	[]
2023-05-11 01:34:51,694{GMT}	INFO	[jepsen worker 4] jepsen.util: 4	:invoke	:read	nil
2023-05-11 01:34:51,695{GMT}	INFO	[jepsen worker 4] jepsen.util: 4	:ok	:read	[]
2023-05-11 01:34:51,763{GMT}	INFO	[jepsen worker 0] jepsen.util: 0	:invoke	:broadcast	2
2023-05-11 01:34:51,764{GMT}	INFO	[jepsen worker 0] jepsen.util: 0	:ok	:broadcast	2
2023-05-11 01:34:51,961{GMT}	INFO	[jepsen worker 0] jepsen.util: 0	:invoke	:broadcast	3
2023-05-11 01:34:51,962{GMT}	INFO	[jepsen worker 0] jepsen.util: 0	:ok	:broadcast	3
2023-05-11 01:34:52,093{GMT}	INFO	[jepsen worker 1] jepsen.util: 1	:invoke	:broadcast	4
2023-05-11 01:34:52,094{GMT}	INFO	[jepsen worker 1] jepsen.util: 1	:ok	:broadcast	4
2023-05-11 01:34:52,275{GMT}	INFO	[jepsen worker 2] jepsen.util: 2	:invoke	:read	nil
2023-05-11 01:34:52,276{GMT}	INFO	[jepsen worker 2] jepsen.util: 2	:ok	:read	[]
2023-05-11 01:34:52,284{GMT}	INFO	[jepsen worker 3] jepsen.util: 3	:invoke	:broadcast	5
2023-05-11 01:34:52,285{GMT}	INFO	[jepsen worker 3] jepsen.util: 3	:ok	:broadcast	5
2023-05-11 01:34:52,336{GMT}	INFO	[jepsen worker 4] jepsen.util: 4	:invoke	:broadcast	6
2023-05-11 01:34:52,337{GMT}	INFO	[jepsen worker 4] jepsen.util: 4	:ok	:broadcast	6
2023-05-11 01:34:52,374{GMT}	INFO	[jepsen worker 0] jepsen.util: 0	:invoke	:broadcast	7
2023-05-11 01:34:52,375{GMT}	INFO	[jepsen worker 0] jepsen.util: 0	:ok	:broadcast	7
2023-05-11 01:34:52,497{GMT}	INFO	[jepsen worker 0] jepsen.util: 0	:invoke	:broadcast	8
2023-05-11 01:34:52,499{GMT}	INFO	[jepsen worker 0] jepsen.util: 0	:ok	:broadcast	8
2023-05-11 01:34:52,525{GMT}	INFO	[jepsen worker 1] jepsen.util: 1	:invoke	:broadcast	9
2023-05-11 01:34:52,526{GMT}	INFO	[jepsen worker 1] jepsen.util: 1	:ok	:broadcast	9
2023-05-11 01:34:52,590{GMT}	INFO	[jepsen worker 2] jepsen.util: 2	:invoke	:broadcast	10
2023-05-11 01:34:52,591{GMT}	INFO	[jepsen worker 2] jepsen.util: 2	:ok	:broadcast	10
2023-05-11 01:34:52,690{GMT}	INFO	[jepsen worker 3] jepsen.util: 3	:invoke	:broadcast	11
2023-05-11 01:34:52,691{GMT}	INFO	[jepsen worker 3] jepsen.util: 3	:ok	:broadcast	11
2023-05-11 01:34:52,719{GMT}	INFO	[jepsen worker 4] jepsen.util: 4	:invoke	:read	nil
2023-05-11 01:34:52,720{GMT}	INFO	[jepsen worker 4] jepsen.util: 4	:ok	:read	[6]
2023-05-11 01:34:52,857{GMT}	INFO	[jepsen worker 0] jepsen.util: 0	:invoke	:read	nil
2023-05-11 01:34:52,859{GMT}	INFO	[jepsen worker 0] jepsen.util: 0	:ok	:read	[0 1 2 3 7 8]
2023-05-11 01:34:52,877{GMT}	INFO	[jepsen worker 0] jepsen.util: 0	:invoke	:read	nil
2023-05-11 01:34:52,878{GMT}	INFO	[jepsen worker 0] jepsen.util: 0	:ok	:read	[0 1 2 3 7 8]
2023-05-11 01:34:52,985{GMT}	INFO	[jepsen worker 1] jepsen.util: 1	:invoke	:read	nil
2023-05-11 01:34:52,986{GMT}	INFO	[jepsen worker 1] jepsen.util: 1	:ok	:read	[4 9]
2023-05-11 01:34:52,991{GMT}	INFO	[jepsen worker 2] jepsen.util: 2	:invoke	:broadcast	12
2023-05-11 01:34:52,992{GMT}	INFO	[jepsen worker 2] jepsen.util: 2	:ok	:broadcast	12
2023-05-11 01:34:53,170{GMT}	INFO	[jepsen worker 3] jepsen.util: 3	:invoke	:read	nil
2023-05-11 01:34:53,172{GMT}	INFO	[jepsen worker 3] jepsen.util: 3	:ok	:read	[5 11]
2023-05-11 01:34:53,238{GMT}	INFO	[jepsen worker 4] jepsen.util: 4	:invoke	:read	nil
2023-05-11 01:34:53,239{GMT}	INFO	[jepsen worker 4] jepsen.util: 4	:ok	:read	[6]
2023-05-11 01:34:53,360{GMT}	INFO	[jepsen worker 0] jepsen.util: 0	:invoke	:read	nil
2023-05-11 01:34:53,361{GMT}	INFO	[jepsen worker 0] jepsen.util: 0	:ok	:read	[0 1 2 3 7 8]
2023-05-11 01:34:53,437{GMT}	INFO	[jepsen worker 0] jepsen.util: 0	:invoke	:broadcast	13
2023-05-11 01:34:53,438{GMT}	INFO	[jepsen worker 0] jepsen.util: 0	:ok	:broadcast	13
2023-05-11 01:34:53,542{GMT}	INFO	[jepsen worker 1] jepsen.util: 1	:invoke	:broadcast	14
2023-05-11 01:34:53,543{GMT}	INFO	[jepsen worker 1] jepsen.util: 1	:ok	:broadcast	14
2023-05-11 01:34:53,573{GMT}	INFO	[jepsen worker 2] jepsen.util: 2	:invoke	:broadcast	15
2023-05-11 01:34:53,574{GMT}	INFO	[jepsen worker 2] jepsen.util: 2	:ok	:broadcast	15
2023-05-11 01:34:53,748{GMT}	INFO	[jepsen worker 3] jepsen.util: 3	:invoke	:broadcast	16
2023-05-11 01:34:53,749{GMT}	INFO	[jepsen worker 3] jepsen.util: 3	:ok	:broadcast	16
2023-05-11 01:34:53,852{GMT}	INFO	[jepsen worker 4] jepsen.util: 4	:invoke	:broadcast	17
2023-05-11 01:34:53,853{GMT}	INFO	[jepsen worker 4] jepsen.util: 4	:ok	:broadcast	17
2023-05-11 01:34:53,978{GMT}	INFO	[jepsen worker 0] jepsen.util: 0	:invoke	:broadcast	18
2023-05-11 01:34:53,979{GMT}	INFO	[jepsen worker 0] jepsen.util: 0	:ok	:broadcast	18
2023-05-11 01:34:54,133{GMT}	INFO	[jepsen worker 0] jepsen.util: 0	:invoke	:broadcast	19
2023-05-11 01:34:54,134{GMT}	INFO	[jepsen worker 0] jepsen.util: 0	:ok	:broadcast	19
2023-05-11 01:34:54,184{GMT}	INFO	[jepsen worker 1] jepsen.util: 1	:invoke	:read	nil
2023-05-11 01:34:54,185{GMT}	INFO	[jepsen worker 1] jepsen.util: 1	:ok	:read	[4 9 14]
2023-05-11 01:34:54,348{GMT}	INFO	[jepsen worker 2] jepsen.util: 2	:invoke	:read	nil
2023-05-11 01:34:54,349{GMT}	INFO	[jepsen worker 2] jepsen.util: 2	:ok	:read	[10 12 15]
2023-05-11 01:34:54,445{GMT}	INFO	[jepsen worker 3] jepsen.util: 3	:invoke	:read	nil
2023-05-11 01:34:54,448{GMT}	INFO	[jepsen worker 3] jepsen.util: 3	:ok	:read	[5 11 16]
2023-05-11 01:34:54,554{GMT}	INFO	[jepsen worker 4] jepsen.util: 4	:invoke	:broadcast	20
2023-05-11 01:34:54,556{GMT}	INFO	[jepsen worker 4] jepsen.util: 4	:ok	:broadcast	20
2023-05-11 01:34:54,641{GMT}	INFO	[jepsen worker 0] jepsen.util: 0	:invoke	:read	nil
2023-05-11 01:34:54,642{GMT}	INFO	[jepsen worker 0] jepsen.util: 0	:ok	:read	[0 1 2 3 7 8 13 18 19]
2023-05-11 01:34:54,822{GMT}	INFO	[jepsen worker 0] jepsen.util: 0	:invoke	:read	nil
2023-05-11 01:34:54,823{GMT}	INFO	[jepsen worker 0] jepsen.util: 0	:ok	:read	[0 1 2 3 7 8 13 18 19]
2023-05-11 01:34:54,976{GMT}	INFO	[jepsen worker 1] jepsen.util: 1	:invoke	:broadcast	21
2023-05-11 01:34:54,977{GMT}	INFO	[jepsen worker 1] jepsen.util: 1	:ok	:broadcast	21
2023-05-11 01:34:55,016{GMT}	INFO	[jepsen worker 2] jepsen.util: 2	:invoke	:read	nil
2023-05-11 01:34:55,017{GMT}	INFO	[jepsen worker 2] jepsen.util: 2	:ok	:read	[10 12 15]
2023-05-11 01:34:55,058{GMT}	INFO	[jepsen worker 3] jepsen.util: 3	:invoke	:read	nil
2023-05-11 01:34:55,059{GMT}	INFO	[jepsen worker 4] jepsen.util: 4	:invoke	:read	nil
2023-05-11 01:34:55,059{GMT}	INFO	[jepsen worker 3] jepsen.util: 3	:ok	:read	[5 11 16]
2023-05-11 01:34:55,060{GMT}	INFO	[jepsen worker 4] jepsen.util: 4	:ok	:read	[6 17 20]
2023-05-11 01:34:55,163{GMT}	INFO	[jepsen worker 0] jepsen.util: 0	:invoke	:read	nil
2023-05-11 01:34:55,164{GMT}	INFO	[jepsen worker 0] jepsen.util: 0	:ok	:read	[0 1 2 3 7 8 13 18 19]
2023-05-11 01:34:55,219{GMT}	INFO	[jepsen worker 0] jepsen.util: 0	:invoke	:broadcast	22
2023-05-11 01:34:55,220{GMT}	INFO	[jepsen worker 0] jepsen.util: 0	:ok	:broadcast	22
2023-05-11 01:34:55,403{GMT}	INFO	[jepsen worker 1] jepsen.util: 1	:invoke	:broadcast	23
2023-05-11 01:34:55,404{GMT}	INFO	[jepsen worker 1] jepsen.util: 1	:ok	:broadcast	23
2023-05-11 01:34:55,518{GMT}	INFO	[jepsen worker 2] jepsen.util: 2	:invoke	:broadcast	24
2023-05-11 01:34:55,519{GMT}	INFO	[jepsen worker 2] jepsen.util: 2	:ok	:broadcast	24
2023-05-11 01:34:55,647{GMT}	INFO	[jepsen worker 3] jepsen.util: 3	:invoke	:broadcast	25
2023-05-11 01:34:55,648{GMT}	INFO	[jepsen worker 3] jepsen.util: 3	:ok	:broadcast	25
2023-05-11 01:34:55,704{GMT}	INFO	[jepsen worker 4] jepsen.util: 4	:invoke	:read	nil
2023-05-11 01:34:55,705{GMT}	INFO	[jepsen worker 4] jepsen.util: 4	:ok	:read	[6 17 20]
2023-05-11 01:34:55,711{GMT}	INFO	[jepsen worker 0] jepsen.util: 0	:invoke	:broadcast	26
2023-05-11 01:34:55,712{GMT}	INFO	[jepsen worker 0] jepsen.util: 0	:ok	:broadcast	26
2023-05-11 01:34:55,767{GMT}	INFO	[jepsen worker 0] jepsen.util: 0	:invoke	:broadcast	27
2023-05-11 01:34:55,768{GMT}	INFO	[jepsen worker 0] jepsen.util: 0	:ok	:broadcast	27
2023-05-11 01:34:55,955{GMT}	INFO	[jepsen worker 1] jepsen.util: 1	:invoke	:broadcast	28
2023-05-11 01:34:55,956{GMT}	INFO	[jepsen worker 1] jepsen.util: 1	:ok	:broadcast	28
2023-05-11 01:34:56,150{GMT}	INFO	[jepsen worker 2] jepsen.util: 2	:invoke	:broadcast	29
2023-05-11 01:34:56,151{GMT}	INFO	[jepsen worker 2] jepsen.util: 2	:ok	:broadcast	29
2023-05-11 01:34:56,301{GMT}	INFO	[jepsen worker 3] jepsen.util: 3	:invoke	:read	nil
2023-05-11 01:34:56,302{GMT}	INFO	[jepsen worker 3] jepsen.util: 3	:ok	:read	[5 11 16 25]
2023-05-11 01:34:56,356{GMT}	INFO	[jepsen worker 4] jepsen.util: 4	:invoke	:broadcast	30
2023-05-11 01:34:56,357{GMT}	INFO	[jepsen worker 4] jepsen.util: 4	:ok	:broadcast	30
2023-05-11 01:34:56,521{GMT}	INFO	[jepsen worker 0] jepsen.util: 0	:invoke	:broadcast	31
2023-05-11 01:34:56,522{GMT}	INFO	[jepsen worker 0] jepsen.util: 0	:ok	:broadcast	31
2023-05-11 01:34:56,636{GMT}	INFO	[jepsen worker 0] jepsen.util: 0	:invoke	:read	nil
2023-05-11 01:34:56,637{GMT}	INFO	[jepsen worker 0] jepsen.util: 0	:ok	:read	[0 1 2 3 7 8 13 18 19 22 26 27 31]
2023-05-11 01:34:56,675{GMT}	INFO	[jepsen worker 1] jepsen.util: 1	:invoke	:broadcast	32
2023-05-11 01:34:56,676{GMT}	INFO	[jepsen worker 1] jepsen.util: 1	:ok	:broadcast	32
2023-05-11 01:34:56,761{GMT}	INFO	[jepsen worker 2] jepsen.util: 2	:invoke	:read	nil
2023-05-11 01:34:56,762{GMT}	INFO	[jepsen worker 2] jepsen.util: 2	:ok	:read	[10 12 15 24 29]
2023-05-11 01:34:56,822{GMT}	INFO	[jepsen worker 3] jepsen.util: 3	:invoke	:broadcast	33
2023-05-11 01:34:56,823{GMT}	INFO	[jepsen worker 3] jepsen.util: 3	:ok	:broadcast	33
2023-05-11 01:34:56,892{GMT}	INFO	[jepsen worker 4] jepsen.util: 4	:invoke	:read	nil
2023-05-11 01:34:56,893{GMT}	INFO	[jepsen worker 4] jepsen.util: 4	:ok	:read	[6 17 20 30]
2023-05-11 01:34:56,893{GMT}	INFO	[jepsen worker 0] jepsen.util: 0	:invoke	:broadcast	34
2023-05-11 01:34:56,894{GMT}	INFO	[jepsen worker 0] jepsen.util: 0	:ok	:broadcast	34
2023-05-11 01:34:57,024{GMT}	INFO	[jepsen worker 0] jepsen.util: 0	:invoke	:broadcast	35
2023-05-11 01:34:57,025{GMT}	INFO	[jepsen worker 0] jepsen.util: 0	:ok	:broadcast	35
2023-05-11 01:34:57,104{GMT}	INFO	[jepsen worker 1] jepsen.util: 1	:invoke	:read	nil
2023-05-11 01:34:57,106{GMT}	INFO	[jepsen worker 1] jepsen.util: 1	:ok	:read	[4 9 14 21 23 28 32]
2023-05-11 01:34:57,287{GMT}	INFO	[jepsen worker 2] jepsen.util: 2	:invoke	:read	nil
2023-05-11 01:34:57,289{GMT}	INFO	[jepsen worker 2] jepsen.util: 2	:ok	:read	[10 12 15 24 29]
2023-05-11 01:34:57,368{GMT}	INFO	[jepsen worker 3] jepsen.util: 3	:invoke	:broadcast	36
2023-05-11 01:34:57,369{GMT}	INFO	[jepsen worker 3] jepsen.util: 3	:ok	:broadcast	36
2023-05-11 01:34:57,520{GMT}	INFO	[jepsen worker 4] jepsen.util: 4	:invoke	:broadcast	37
2023-05-11 01:34:57,521{GMT}	INFO	[jepsen worker 4] jepsen.util: 4	:ok	:broadcast	37
2023-05-11 01:34:57,533{GMT}	INFO	[jepsen worker 0] jepsen.util: 0	:invoke	:broadcast	38
2023-05-11 01:34:57,534{GMT}	INFO	[jepsen worker 0] jepsen.util: 0	:ok	:broadcast	38
2023-05-11 01:34:57,587{GMT}	INFO	[jepsen worker 0] jepsen.util: 0	:invoke	:broadcast	39
2023-05-11 01:34:57,587{GMT}	INFO	[jepsen worker 0] jepsen.util: 0	:ok	:broadcast	39
2023-05-11 01:34:57,698{GMT}	INFO	[jepsen worker 1] jepsen.util: 1	:invoke	:read	nil
2023-05-11 01:34:57,699{GMT}	INFO	[jepsen worker 1] jepsen.util: 1	:ok	:read	[4 9 14 21 23 28 32]
2023-05-11 01:34:57,864{GMT}	INFO	[jepsen worker 2] jepsen.util: 2	:invoke	:read	nil
2023-05-11 01:34:57,865{GMT}	INFO	[jepsen worker 2] jepsen.util: 2	:ok	:read	[10 12 15 24 29]
2023-05-11 01:34:57,918{GMT}	INFO	[jepsen worker 3] jepsen.util: 3	:invoke	:broadcast	40
2023-05-11 01:34:57,919{GMT}	INFO	[jepsen worker 3] jepsen.util: 3	:ok	:broadcast	40
2023-05-11 01:34:57,923{GMT}	INFO	[jepsen worker 4] jepsen.util: 4	:invoke	:read	nil
2023-05-11 01:34:57,924{GMT}	INFO	[jepsen worker 4] jepsen.util: 4	:ok	:read	[6 17 20 30 37]
2023-05-11 01:34:58,000{GMT}	INFO	[jepsen worker 0] jepsen.util: 0	:invoke	:read	nil
2023-05-11 01:34:58,001{GMT}	INFO	[jepsen worker 0] jepsen.util: 0	:ok	:read	[0 1 2 3 7 8 13 18 19 22 26 27 31 34 35 38 39]
2023-05-11 01:34:58,007{GMT}	INFO	[jepsen worker 0] jepsen.util: 0	:invoke	:broadcast	41
2023-05-11 01:34:58,007{GMT}	INFO	[jepsen worker 0] jepsen.util: 0	:ok	:broadcast	41
2023-05-11 01:34:58,059{GMT}	INFO	[jepsen worker 1] jepsen.util: 1	:invoke	:read	nil
2023-05-11 01:34:58,060{GMT}	INFO	[jepsen worker 1] jepsen.util: 1	:ok	:read	[4 9 14 21 23 28 32]
2023-05-11 01:34:58,088{GMT}	INFO	[jepsen worker 2] jepsen.util: 2	:invoke	:broadcast	42
2023-05-11 01:34:58,089{GMT}	INFO	[jepsen worker 2] jepsen.util: 2	:ok	:broadcast	42
2023-05-11 01:34:58,123{GMT}	INFO	[jepsen worker 3] jepsen.util: 3	:invoke	:read	nil
2023-05-11 01:34:58,124{GMT}	INFO	[jepsen worker 3] jepsen.util: 3	:ok	:read	[5 11 16 25 33 36 40]
2023-05-11 01:34:58,283{GMT}	INFO	[jepsen worker 4] jepsen.util: 4	:invoke	:read	nil
2023-05-11 01:34:58,284{GMT}	INFO	[jepsen worker 4] jepsen.util: 4	:ok	:read	[6 17 20 30 37]
2023-05-11 01:34:58,448{GMT}	INFO	[jepsen worker 0] jepsen.util: 0	:invoke	:read	nil
2023-05-11 01:34:58,450{GMT}	INFO	[jepsen worker 0] jepsen.util: 0	:ok	:read	[0 1 2 3 7 8 13 18 19 22 26 27 31 34 35 38 39 41]
2023-05-11 01:34:58,594{GMT}	INFO	[jepsen worker 0] jepsen.util: 0	:invoke	:broadcast	43
2023-05-11 01:34:58,595{GMT}	INFO	[jepsen worker 0] jepsen.util: 0	:ok	:broadcast	43
2023-05-11 01:34:58,636{GMT}	INFO	[jepsen worker 1] jepsen.util: 1	:invoke	:read	nil
2023-05-11 01:34:58,637{GMT}	INFO	[jepsen worker 1] jepsen.util: 1	:ok	:read	[4 9 14 21 23 28 32]
2023-05-11 01:34:58,766{GMT}	INFO	[jepsen worker 2] jepsen.util: 2	:invoke	:read	nil
2023-05-11 01:34:58,767{GMT}	INFO	[jepsen worker 2] jepsen.util: 2	:ok	:read	[10 12 15 24 29 42]
2023-05-11 01:34:58,815{GMT}	INFO	[jepsen worker 3] jepsen.util: 3	:invoke	:broadcast	44
2023-05-11 01:34:58,816{GMT}	INFO	[jepsen worker 3] jepsen.util: 3	:ok	:broadcast	44
2023-05-11 01:34:59,015{GMT}	INFO	[jepsen worker 4] jepsen.util: 4	:invoke	:read	nil
2023-05-11 01:34:59,016{GMT}	INFO	[jepsen worker 4] jepsen.util: 4	:ok	:read	[6 17 20 30 37]
2023-05-11 01:34:59,174{GMT}	INFO	[jepsen worker 0] jepsen.util: 0	:invoke	:read	nil
2023-05-11 01:34:59,175{GMT}	INFO	[jepsen worker 0] jepsen.util: 0	:ok	:read	[0 1 2 3 7 8 13 18 19 22 26 27 31 34 35 38 39 41 43]
2023-05-11 01:34:59,234{GMT}	INFO	[jepsen worker 0] jepsen.util: 0	:invoke	:broadcast	45
2023-05-11 01:34:59,235{GMT}	INFO	[jepsen worker 0] jepsen.util: 0	:ok	:broadcast	45
2023-05-11 01:34:59,320{GMT}	INFO	[jepsen worker 1] jepsen.util: 1	:invoke	:broadcast	46
2023-05-11 01:34:59,321{GMT}	INFO	[jepsen worker 1] jepsen.util: 1	:ok	:broadcast	46
2023-05-11 01:34:59,424{GMT}	INFO	[jepsen worker 2] jepsen.util: 2	:invoke	:broadcast	47
2023-05-11 01:34:59,425{GMT}	INFO	[jepsen worker 2] jepsen.util: 2	:ok	:broadcast	47
2023-05-11 01:34:59,536{GMT}	INFO	[jepsen worker 3] jepsen.util: 3	:invoke	:read	nil
2023-05-11 01:34:59,537{GMT}	INFO	[jepsen worker 3] jepsen.util: 3	:ok	:read	[5 11 16 25 33 36 40 44]
2023-05-11 01:34:59,544{GMT}	INFO	[jepsen worker 4] jepsen.util: 4	:invoke	:broadcast	48
2023-05-11 01:34:59,544{GMT}	INFO	[jepsen worker 4] jepsen.util: 4	:ok	:broadcast	48
2023-05-11 01:34:59,614{GMT}	INFO	[jepsen worker 0] jepsen.util: 0	:invoke	:broadcast	49
2023-05-11 01:34:59,615{GMT}	INFO	[jepsen worker 0] jepsen.util: 0	:ok	:broadcast	49
2023-05-11 01:34:59,751{GMT}	INFO	[jepsen worker 0] jepsen.util: 0	:invoke	:read	nil
2023-05-11 01:34:59,752{GMT}	INFO	[jepsen worker 0] jepsen.util: 0	:ok	:read	[0 1 2 3 7 8 13 18 19 22 26 27 31 34 35 38 39 41 43 45 49]
2023-05-11 01:34:59,947{GMT}	INFO	[jepsen worker 1] jepsen.util: 1	:invoke	:read	nil
2023-05-11 01:34:59,949{GMT}	INFO	[jepsen worker 1] jepsen.util: 1	:ok	:read	[4 9 14 21 23 28 32 46]
2023-05-11 01:35:00,009{GMT}	INFO	[jepsen worker 2] jepsen.util: 2	:invoke	:read	nil
2023-05-11 01:35:00,010{GMT}	INFO	[jepsen worker 2] jepsen.util: 2	:ok	:read	[10 12 15 24 29 42 47]
2023-05-11 01:35:00,149{GMT}	INFO	[jepsen worker 3] jepsen.util: 3	:invoke	:read	nil
2023-05-11 01:35:00,150{GMT}	INFO	[jepsen worker 3] jepsen.util: 3	:ok	:read	[5 11 16 25 33 36 40 44]
2023-05-11 01:35:00,237{GMT}	INFO	[jepsen worker 4] jepsen.util: 4	:invoke	:broadcast	50
2023-05-11 01:35:00,238{GMT}	INFO	[jepsen worker 4] jepsen.util: 4	:ok	:broadcast	50
2023-05-11 01:35:00,277{GMT}	INFO	[jepsen worker 0] jepsen.util: 0	:invoke	:read	nil
2023-05-11 01:35:00,277{GMT}	INFO	[jepsen worker 0] jepsen.util: 0	:ok	:read	[0 1 2 3 7 8 13 18 19 22 26 27 31 34 35 38 39 41 43 45 49]
2023-05-11 01:35:00,385{GMT}	INFO	[jepsen worker 0] jepsen.util: 0	:invoke	:read	nil
2023-05-11 01:35:00,386{GMT}	INFO	[jepsen worker 0] jepsen.util: 0	:ok	:read	[0 1 2 3 7 8 13 18 19 22 26 27 31 34 35 38 39 41 43 45 49]
2023-05-11 01:35:00,547{GMT}	INFO	[jepsen worker 1] jepsen.util: 1	:invoke	:broadcast	51
2023-05-11 01:35:00,548{GMT}	INFO	[jepsen worker 1] jepsen.util: 1	:ok	:broadcast	51
2023-05-11 01:35:00,600{GMT}	INFO	[jepsen worker 2] jepsen.util: 2	:invoke	:read	nil
2023-05-11 01:35:00,600{GMT}	INFO	[jepsen worker 2] jepsen.util: 2	:ok	:read	[10 12 15 24 29 42 47]
2023-05-11 01:35:00,604{GMT}	INFO	[jepsen worker 3] jepsen.util: 3	:invoke	:read	nil
2023-05-11 01:35:00,605{GMT}	INFO	[jepsen worker 3] jepsen.util: 3	:ok	:read	[5 11 16 25 33 36 40 44]
2023-05-11 01:35:00,666{GMT}	INFO	[jepsen worker 4] jepsen.util: 4	:invoke	:broadcast	52
2023-05-11 01:35:00,667{GMT}	INFO	[jepsen worker 4] jepsen.util: 4	:ok	:broadcast	52
2023-05-11 01:35:00,829{GMT}	INFO	[jepsen worker 0] jepsen.util: 0	:invoke	:read	nil
2023-05-11 01:35:00,830{GMT}	INFO	[jepsen worker 0] jepsen.util: 0	:ok	:read	[0 1 2 3 7 8 13 18 19 22 26 27 31 34 35 38 39 41 43 45 49]
2023-05-11 01:35:00,904{GMT}	INFO	[jepsen worker 0] jepsen.util: 0	:invoke	:broadcast	53
2023-05-11 01:35:00,905{GMT}	INFO	[jepsen worker 0] jepsen.util: 0	:ok	:broadcast	53
2023-05-11 01:35:00,957{GMT}	INFO	[jepsen worker 1] jepsen.util: 1	:invoke	:read	nil
2023-05-11 01:35:00,958{GMT}	INFO	[jepsen worker 1] jepsen.util: 1	:ok	:read	[4 9 14 21 23 28 32 46 51]
2023-05-11 01:35:01,083{GMT}	INFO	[jepsen worker 2] jepsen.util: 2	:invoke	:read	nil
2023-05-11 01:35:01,084{GMT}	INFO	[jepsen worker 2] jepsen.util: 2	:ok	:read	[10 12 15 24 29 42 47]
2023-05-11 01:35:01,094{GMT}	INFO	[jepsen worker 3] jepsen.util: 3	:invoke	:broadcast	54
2023-05-11 01:35:01,095{GMT}	INFO	[jepsen worker 3] jepsen.util: 3	:ok	:broadcast	54
2023-05-11 01:35:01,145{GMT}	INFO	[jepsen worker 4] jepsen.util: 4	:invoke	:broadcast	55
2023-05-11 01:35:01,146{GMT}	INFO	[jepsen worker 4] jepsen.util: 4	:ok	:broadcast	55
2023-05-11 01:35:01,191{GMT}	INFO	[jepsen worker 0] jepsen.util: 0	:invoke	:broadcast	56
2023-05-11 01:35:01,192{GMT}	INFO	[jepsen worker 0] jepsen.util: 0	:ok	:broadcast	56
2023-05-11 01:35:01,309{GMT}	INFO	[jepsen worker 0] jepsen.util: 0	:invoke	:read	nil
2023-05-11 01:35:01,310{GMT}	INFO	[jepsen worker 0] jepsen.util: 0	:ok	:read	[0 1 2 3 7 8 13 18 19 22 26 27 31 34 35 38 39 41 43 45 49 53 56]
2023-05-11 01:35:01,465{GMT}	INFO	[jepsen worker 1] jepsen.util: 1	:invoke	:read	nil
2023-05-11 01:35:01,466{GMT}	INFO	[jepsen worker 1] jepsen.util: 1	:ok	:read	[4 9 14 21 23 28 32 46 51]
2023-05-11 01:35:01,529{GMT}	INFO	[jepsen worker 2] jepsen.util: 2	:invoke	:broadcast	57
2023-05-11 01:35:01,530{GMT}	INFO	[jepsen worker 2] jepsen.util: 2	:ok	:broadcast	57
2023-05-11 01:35:01,639{GMT}	INFO	[jepsen worker 3] jepsen.util: 3	:invoke	:read	nil
2023-05-11 01:35:01,640{GMT}	INFO	[jepsen worker 3] jepsen.util: 3	:ok	:read	[5 11 16 25 33 36 40 44 54]
2023-05-11 01:35:01,682{GMT}	INFO	[jepsen worker 4] jepsen.util: 4	:invoke	:read	nil
2023-05-11 01:35:01,683{GMT}	INFO	[jepsen worker 4] jepsen.util: 4	:ok	:read	[6 17 20 30 37 48 50 52 55]
2023-05-11 01:35:01,882{GMT}	INFO	[jepsen worker 0] jepsen.util: 0	:invoke	:read	nil
2023-05-11 01:35:01,883{GMT}	INFO	[jepsen worker 0] jepsen.util: 0	:ok	:read	[0 1 2 3 7 8 13 18 19 22 26 27 31 34 35 38 39 41 43 45 49 53 56]
2023-05-11 01:35:02,072{GMT}	INFO	[jepsen worker 0] jepsen.util: 0	:invoke	:broadcast	58
2023-05-11 01:35:02,072{GMT}	INFO	[jepsen worker 0] jepsen.util: 0	:ok	:broadcast	58
2023-05-11 01:35:02,110{GMT}	INFO	[jepsen worker 1] jepsen.util: 1	:invoke	:broadcast	59
2023-05-11 01:35:02,111{GMT}	INFO	[jepsen worker 1] jepsen.util: 1	:ok	:broadcast	59
2023-05-11 01:35:02,215{GMT}	INFO	[jepsen worker 2] jepsen.util: 2	:invoke	:read	nil
2023-05-11 01:35:02,216{GMT}	INFO	[jepsen worker 2] jepsen.util: 2	:ok	:read	[10 12 15 24 29 42 47 57]
2023-05-11 01:35:02,358{GMT}	INFO	[jepsen worker 3] jepsen.util: 3	:invoke	:read	nil
2023-05-11 01:35:02,358{GMT}	INFO	[jepsen worker 3] jepsen.util: 3	:ok	:read	[5 11 16 25 33 36 40 44 54]
2023-05-11 01:35:02,493{GMT}	INFO	[jepsen worker 4] jepsen.util: 4	:invoke	:broadcast	60
2023-05-11 01:35:02,494{GMT}	INFO	[jepsen worker 4] jepsen.util: 4	:ok	:broadcast	60
2023-05-11 01:35:02,649{GMT}	INFO	[jepsen worker 0] jepsen.util: 0	:invoke	:read	nil
2023-05-11 01:35:02,650{GMT}	INFO	[jepsen worker 0] jepsen.util: 0	:ok	:read	[0 1 2 3 7 8 13 18 19 22 26 27 31 34 35 38 39 41 43 45 49 53 56 58]
2023-05-11 01:35:02,835{GMT}	INFO	[jepsen worker 0] jepsen.util: 0	:invoke	:read	nil
2023-05-11 01:35:02,836{GMT}	INFO	[jepsen worker 0] jepsen.util: 0	:ok	:read	[0 1 2 3 7 8 13 18 19 22 26 27 31 34 35 38 39 41 43 45 49 53 56 58]
2023-05-11 01:35:02,893{GMT}	INFO	[jepsen worker 1] jepsen.util: 1	:invoke	:read	nil
2023-05-11 01:35:02,894{GMT}	INFO	[jepsen worker 1] jepsen.util: 1	:ok	:read	[4 9 14 21 23 28 32 46 51 59]
2023-05-11 01:35:03,029{GMT}	INFO	[jepsen worker 2] jepsen.util: 2	:invoke	:read	nil
2023-05-11 01:35:03,030{GMT}	INFO	[jepsen worker 2] jepsen.util: 2	:ok	:read	[10 12 15 24 29 42 47 57]
2023-05-11 01:35:03,047{GMT}	INFO	[jepsen worker 3] jepsen.util: 3	:invoke	:read	nil
2023-05-11 01:35:03,047{GMT}	INFO	[jepsen worker 3] jepsen.util: 3	:ok	:read	[5 11 16 25 33 36 40 44 54]
2023-05-11 01:35:03,212{GMT}	INFO	[jepsen worker 4] jepsen.util: 4	:invoke	:broadcast	61
2023-05-11 01:35:03,212{GMT}	INFO	[jepsen worker 4] jepsen.util: 4	:ok	:broadcast	61
2023-05-11 01:35:03,239{GMT}	INFO	[jepsen worker 0] jepsen.util: 0	:invoke	:broadcast	62
2023-05-11 01:35:03,239{GMT}	INFO	[jepsen worker 0] jepsen.util: 0	:ok	:broadcast	62
2023-05-11 01:35:03,341{GMT}	INFO	[jepsen worker 0] jepsen.util: 0	:invoke	:read	nil
2023-05-11 01:35:03,342{GMT}	INFO	[jepsen worker 0] jepsen.util: 0	:ok	:read	[0 1 2 3 7 8 13 18 19 22 26 27 31 34 35 38 39 41 43 45 49 53 56 58 62]
2023-05-11 01:35:03,520{GMT}	INFO	[jepsen worker 1] jepsen.util: 1	:invoke	:broadcast	63
2023-05-11 01:35:03,521{GMT}	INFO	[jepsen worker 1] jepsen.util: 1	:ok	:broadcast	63
2023-05-11 01:35:03,604{GMT}	INFO	[jepsen worker 2] jepsen.util: 2	:invoke	:read	nil
2023-05-11 01:35:03,604{GMT}	INFO	[jepsen worker 2] jepsen.util: 2	:ok	:read	[10 12 15 24 29 42 47 57]
2023-05-11 01:35:03,728{GMT}	INFO	[jepsen worker 3] jepsen.util: 3	:invoke	:read	nil
2023-05-11 01:35:03,729{GMT}	INFO	[jepsen worker 3] jepsen.util: 3	:ok	:read	[5 11 16 25 33 36 40 44 54]
2023-05-11 01:35:03,745{GMT}	INFO	[jepsen worker 4] jepsen.util: 4	:invoke	:broadcast	64
2023-05-11 01:35:03,745{GMT}	INFO	[jepsen worker 4] jepsen.util: 4	:ok	:broadcast	64
2023-05-11 01:35:03,934{GMT}	INFO	[jepsen worker 0] jepsen.util: 0	:invoke	:broadcast	65
2023-05-11 01:35:03,935{GMT}	INFO	[jepsen worker 0] jepsen.util: 0	:ok	:broadcast	65
2023-05-11 01:35:04,106{GMT}	INFO	[jepsen worker 0] jepsen.util: 0	:invoke	:broadcast	66
2023-05-11 01:35:04,107{GMT}	INFO	[jepsen worker 0] jepsen.util: 0	:ok	:broadcast	66
2023-05-11 01:35:04,154{GMT}	INFO	[jepsen worker 1] jepsen.util: 1	:invoke	:read	nil
2023-05-11 01:35:04,155{GMT}	INFO	[jepsen worker 1] jepsen.util: 1	:ok	:read	[4 9 14 21 23 28 32 46 51 59 63]
2023-05-11 01:35:04,329{GMT}	INFO	[jepsen worker 2] jepsen.util: 2	:invoke	:read	nil
2023-05-11 01:35:04,330{GMT}	INFO	[jepsen worker 2] jepsen.util: 2	:ok	:read	[10 12 15 24 29 42 47 57]
2023-05-11 01:35:04,393{GMT}	INFO	[jepsen worker 3] jepsen.util: 3	:invoke	:read	nil
2023-05-11 01:35:04,394{GMT}	INFO	[jepsen worker 3] jepsen.util: 3	:ok	:read	[5 11 16 25 33 36 40 44 54]
2023-05-11 01:35:04,511{GMT}	INFO	[jepsen worker 4] jepsen.util: 4	:invoke	:broadcast	67
2023-05-11 01:35:04,512{GMT}	INFO	[jepsen worker 4] jepsen.util: 4	:ok	:broadcast	67
2023-05-11 01:35:04,512{GMT}	INFO	[jepsen worker 0] jepsen.util: 0	:invoke	:broadcast	68
2023-05-11 01:35:04,513{GMT}	INFO	[jepsen worker 0] jepsen.util: 0	:ok	:broadcast	68
2023-05-11 01:35:04,596{GMT}	INFO	[jepsen worker 0] jepsen.util: 0	:invoke	:read	nil
2023-05-11 01:35:04,597{GMT}	INFO	[jepsen worker 0] jepsen.util: 0	:ok	:read	[0 1 2 3 7 8 13 18 19 22 26 27 31 34 35 38 39 41 43 45 49 53 56 58 62 65 66 68]
2023-05-11 01:35:04,781{GMT}	INFO	[jepsen worker 1] jepsen.util: 1	:invoke	:broadcast	69
2023-05-11 01:35:04,782{GMT}	INFO	[jepsen worker 1] jepsen.util: 1	:ok	:broadcast	69
2023-05-11 01:35:04,965{GMT}	INFO	[jepsen worker 2] jepsen.util: 2	:invoke	:broadcast	70
2023-05-11 01:35:04,966{GMT}	INFO	[jepsen worker 2] jepsen.util: 2	:ok	:broadcast	70
2023-05-11 01:35:04,999{GMT}	INFO	[jepsen worker 3] jepsen.util: 3	:invoke	:read	nil
2023-05-11 01:35:04,999{GMT}	INFO	[jepsen worker 3] jepsen.util: 3	:ok	:read	[5 11 16 25 33 36 40 44 54]
2023-05-11 01:35:05,006{GMT}	INFO	[jepsen worker 4] jepsen.util: 4	:invoke	:broadcast	71
2023-05-11 01:35:05,006{GMT}	INFO	[jepsen worker 4] jepsen.util: 4	:ok	:broadcast	71
2023-05-11 01:35:05,063{GMT}	INFO	[jepsen worker 0] jepsen.util: 0	:invoke	:read	nil
2023-05-11 01:35:05,064{GMT}	INFO	[jepsen worker 0] jepsen.util: 0	:ok	:read	[0 1 2 3 7 8 13 18 19 22 26 27 31 34 35 38 39 41 43 45 49 53 56 58 62 65 66 68]
2023-05-11 01:35:05,247{GMT}	INFO	[jepsen worker 0] jepsen.util: 0	:invoke	:broadcast	72
2023-05-11 01:35:05,248{GMT}	INFO	[jepsen worker 0] jepsen.util: 0	:ok	:broadcast	72
2023-05-11 01:35:05,258{GMT}	INFO	[jepsen worker 1] jepsen.util: 1	:invoke	:broadcast	73
2023-05-11 01:35:05,259{GMT}	INFO	[jepsen worker 1] jepsen.util: 1	:ok	:broadcast	73
2023-05-11 01:35:05,420{GMT}	INFO	[jepsen worker 2] jepsen.util: 2	:invoke	:broadcast	74
2023-05-11 01:35:05,421{GMT}	INFO	[jepsen worker 2] jepsen.util: 2	:ok	:broadcast	74
2023-05-11 01:35:05,542{GMT}	INFO	[jepsen worker 3] jepsen.util: 3	:invoke	:read	nil
2023-05-11 01:35:05,542{GMT}	INFO	[jepsen worker 3] jepsen.util: 3	:ok	:read	[5 11 16 25 33 36 40 44 54]
2023-05-11 01:35:05,640{GMT}	INFO	[jepsen worker 4] jepsen.util: 4	:invoke	:read	nil
2023-05-11 01:35:05,641{GMT}	INFO	[jepsen worker 4] jepsen.util: 4	:ok	:read	[6 17 20 30 37 48 50 52 55 60 61 64 67 71]
2023-05-11 01:35:05,702{GMT}	INFO	[jepsen worker 0] jepsen.util: 0	:invoke	:read	nil
2023-05-11 01:35:05,703{GMT}	INFO	[jepsen worker 0] jepsen.util: 0	:ok	:read	[0 1 2 3 7 8 13 18 19 22 26 27 31 34 35 38 39 41 43 45 49 53 56 58 62 65 66 68 72]
2023-05-11 01:35:05,863{GMT}	INFO	[jepsen worker 0] jepsen.util: 0	:invoke	:broadcast	75
2023-05-11 01:35:05,864{GMT}	INFO	[jepsen worker 0] jepsen.util: 0	:ok	:broadcast	75
2023-05-11 01:35:05,873{GMT}	INFO	[jepsen worker 1] jepsen.util: 1	:invoke	:broadcast	76
2023-05-11 01:35:05,873{GMT}	INFO	[jepsen worker 1] jepsen.util: 1	:ok	:broadcast	76
2023-05-11 01:35:06,020{GMT}	INFO	[jepsen worker 2] jepsen.util: 2	:invoke	:broadcast	77
2023-05-11 01:35:06,021{GMT}	INFO	[jepsen worker 2] jepsen.util: 2	:ok	:broadcast	77
2023-05-11 01:35:06,071{GMT}	INFO	[jepsen worker 3] jepsen.util: 3	:invoke	:broadcast	78
2023-05-11 01:35:06,072{GMT}	INFO	[jepsen worker 3] jepsen.util: 3	:ok	:broadcast	78
2023-05-11 01:35:06,182{GMT}	INFO	[jepsen worker 4] jepsen.util: 4	:invoke	:read	nil
2023-05-11 01:35:06,183{GMT}	INFO	[jepsen worker 4] jepsen.util: 4	:ok	:read	[6 17 20 30 37 48 50 52 55 60 61 64 67 71]
2023-05-11 01:35:06,237{GMT}	INFO	[jepsen worker 0] jepsen.util: 0	:invoke	:read	nil
2023-05-11 01:35:06,237{GMT}	INFO	[jepsen worker 0] jepsen.util: 0	:ok	:read	[0 1 2 3 7 8 13 18 19 22 26 27 31 34 35 38 39 41 43 45 49 53 56 58 62 65 66 68 72 75]
2023-05-11 01:35:06,347{GMT}	INFO	[jepsen worker 0] jepsen.util: 0	:invoke	:read	nil
2023-05-11 01:35:06,347{GMT}	INFO	[jepsen worker 0] jepsen.util: 0	:ok	:read	[0 1 2 3 7 8 13 18 19 22 26 27 31 34 35 38 39 41 43 45 49 53 56 58 62 65 66 68 72 75]
2023-05-11 01:35:06,461{GMT}	INFO	[jepsen worker 1] jepsen.util: 1	:invoke	:read	nil
2023-05-11 01:35:06,462{GMT}	INFO	[jepsen worker 1] jepsen.util: 1	:ok	:read	[4 9 14 21 23 28 32 46 51 59 63 69 73 76]
2023-05-11 01:35:06,619{GMT}	INFO	[jepsen worker 2] jepsen.util: 2	:invoke	:read	nil
2023-05-11 01:35:06,620{GMT}	INFO	[jepsen worker 2] jepsen.util: 2	:ok	:read	[10 12 15 24 29 42 47 57 70 74 77]
2023-05-11 01:35:06,665{GMT}	INFO	[jepsen worker 3] jepsen.util: 3	:invoke	:read	nil
2023-05-11 01:35:06,665{GMT}	INFO	[jepsen worker 3] jepsen.util: 3	:ok	:read	[5 11 16 25 33 36 40 44 54 78]
2023-05-11 01:35:06,761{GMT}	INFO	[jepsen worker 4] jepsen.util: 4	:invoke	:broadcast	79
2023-05-11 01:35:06,762{GMT}	INFO	[jepsen worker 4] jepsen.util: 4	:ok	:broadcast	79
2023-05-11 01:35:06,809{GMT}	INFO	[jepsen worker 0] jepsen.util: 0	:invoke	:read	nil
2023-05-11 01:35:06,810{GMT}	INFO	[jepsen worker 0] jepsen.util: 0	:ok	:read	[0 1 2 3 7 8 13 18 19 22 26 27 31 34 35 38 39 41 43 45 49 53 56 58 62 65 66 68 72 75]
2023-05-11 01:35:06,889{GMT}	INFO	[jepsen worker 0] jepsen.util: 0	:invoke	:broadcast	80
2023-05-11 01:35:06,890{GMT}	INFO	[jepsen worker 0] jepsen.util: 0	:ok	:broadcast	80
2023-05-11 01:35:06,927{GMT}	INFO	[jepsen worker 1] jepsen.util: 1	:invoke	:broadcast	81
2023-05-11 01:35:06,928{GMT}	INFO	[jepsen worker 1] jepsen.util: 1	:ok	:broadcast	81
2023-05-11 01:35:07,094{GMT}	INFO	[jepsen worker 2] jepsen.util: 2	:invoke	:read	nil
2023-05-11 01:35:07,095{GMT}	INFO	[jepsen worker 2] jepsen.util: 2	:ok	:read	[10 12 15 24 29 42 47 57 70 74 77]
2023-05-11 01:35:07,228{GMT}	INFO	[jepsen worker 3] jepsen.util: 3	:invoke	:read	nil
2023-05-11 01:35:07,228{GMT}	INFO	[jepsen worker 3] jepsen.util: 3	:ok	:read	[5 11 16 25 33 36 40 44 54 78]
2023-05-11 01:35:07,364{GMT}	INFO	[jepsen worker 4] jepsen.util: 4	:invoke	:read	nil
2023-05-11 01:35:07,364{GMT}	INFO	[jepsen worker 4] jepsen.util: 4	:ok	:read	[6 17 20 30 37 48 50 52 55 60 61 64 67 71 79]
2023-05-11 01:35:07,374{GMT}	INFO	[jepsen worker 0] jepsen.util: 0	:invoke	:read	nil
2023-05-11 01:35:07,374{GMT}	INFO	[jepsen worker 0] jepsen.util: 0	:ok	:read	[0 1 2 3 7 8 13 18 19 22 26 27 31 34 35 38 39 41 43 45 49 53 56 58 62 65 66 68 72 75 80]
2023-05-11 01:35:07,377{GMT}	INFO	[jepsen worker 0] jepsen.util: 0	:invoke	:read	nil
2023-05-11 01:35:07,378{GMT}	INFO	[jepsen worker 0] jepsen.util: 0	:ok	:read	[0 1 2 3 7 8 13 18 19 22 26 27 31 34 35 38 39 41 43 45 49 53 56 58 62 65 66 68 72 75 80]
2023-05-11 01:35:07,399{GMT}	INFO	[jepsen worker 1] jepsen.util: 1	:invoke	:broadcast	82
2023-05-11 01:35:07,400{GMT}	INFO	[jepsen worker 1] jepsen.util: 1	:ok	:broadcast	82
2023-05-11 01:35:07,560{GMT}	INFO	[jepsen worker 2] jepsen.util: 2	:invoke	:broadcast	83
2023-05-11 01:35:07,561{GMT}	INFO	[jepsen worker 2] jepsen.util: 2	:ok	:broadcast	83
2023-05-11 01:35:07,735{GMT}	INFO	[jepsen worker 3] jepsen.util: 3	:invoke	:read	nil
2023-05-11 01:35:07,736{GMT}	INFO	[jepsen worker 3] jepsen.util: 3	:ok	:read	[5 11 16 25 33 36 40 44 54 78]
2023-05-11 01:35:07,762{GMT}	INFO	[jepsen worker 4] jepsen.util: 4	:invoke	:read	nil
2023-05-11 01:35:07,763{GMT}	INFO	[jepsen worker 4] jepsen.util: 4	:ok	:read	[6 17 20 30 37 48 50 52 55 60 61 64 67 71 79]
2023-05-11 01:35:07,836{GMT}	INFO	[jepsen worker 0] jepsen.util: 0	:invoke	:read	nil
2023-05-11 01:35:07,837{GMT}	INFO	[jepsen worker 0] jepsen.util: 0	:ok	:read	[0 1 2 3 7 8 13 18 19 22 26 27 31 34 35 38 39 41 43 45 49 53 56 58 62 65 66 68 72 75 80]
2023-05-11 01:35:07,945{GMT}	INFO	[jepsen worker 0] jepsen.util: 0	:invoke	:broadcast	84
2023-05-11 01:35:07,945{GMT}	INFO	[jepsen worker 0] jepsen.util: 0	:ok	:broadcast	84
2023-05-11 01:35:08,076{GMT}	INFO	[jepsen worker 1] jepsen.util: 1	:invoke	:read	nil
2023-05-11 01:35:08,077{GMT}	INFO	[jepsen worker 1] jepsen.util: 1	:ok	:read	[4 9 14 21 23 28 32 46 51 59 63 69 73 76 81 82]
2023-05-11 01:35:08,251{GMT}	INFO	[jepsen worker 2] jepsen.util: 2	:invoke	:read	nil
2023-05-11 01:35:08,252{GMT}	INFO	[jepsen worker 2] jepsen.util: 2	:ok	:read	[10 12 15 24 29 42 47 57 70 74 77 83]
2023-05-11 01:35:08,386{GMT}	INFO	[jepsen worker 3] jepsen.util: 3	:invoke	:read	nil
2023-05-11 01:35:08,387{GMT}	INFO	[jepsen worker 3] jepsen.util: 3	:ok	:read	[5 11 16 25 33 36 40 44 54 78]
2023-05-11 01:35:08,436{GMT}	INFO	[jepsen worker 4] jepsen.util: 4	:invoke	:broadcast	85
2023-05-11 01:35:08,436{GMT}	INFO	[jepsen worker 4] jepsen.util: 4	:ok	:broadcast	85
2023-05-11 01:35:08,515{GMT}	INFO	[jepsen worker 0] jepsen.util: 0	:invoke	:broadcast	86
2023-05-11 01:35:08,516{GMT}	INFO	[jepsen worker 0] jepsen.util: 0	:ok	:broadcast	86
2023-05-11 01:35:08,628{GMT}	INFO	[jepsen worker 0] jepsen.util: 0	:invoke	:read	nil
2023-05-11 01:35:08,629{GMT}	INFO	[jepsen worker 0] jepsen.util: 0	:ok	:read	[0 1 2 3 7 8 13 18 19 22 26 27 31 34 35 38 39 41 43 45 49 53 56 58 62 65 66 68 72 75 80 84 86]
2023-05-11 01:35:08,798{GMT}	INFO	[jepsen worker 1] jepsen.util: 1	:invoke	:broadcast	87
2023-05-11 01:35:08,799{GMT}	INFO	[jepsen worker 1] jepsen.util: 1	:ok	:broadcast	87
2023-05-11 01:35:08,815{GMT}	INFO	[jepsen worker 2] jepsen.util: 2	:invoke	:read	nil
2023-05-11 01:35:08,815{GMT}	INFO	[jepsen worker 2] jepsen.util: 2	:ok	:read	[10 12 15 24 29 42 47 57 70 74 77 83]
2023-05-11 01:35:08,888{GMT}	INFO	[jepsen worker 3] jepsen.util: 3	:invoke	:broadcast	88
2023-05-11 01:35:08,889{GMT}	INFO	[jepsen worker 3] jepsen.util: 3	:ok	:broadcast	88
2023-05-11 01:35:09,001{GMT}	INFO	[jepsen worker 4] jepsen.util: 4	:invoke	:read	nil
2023-05-11 01:35:09,002{GMT}	INFO	[jepsen worker 4] jepsen.util: 4	:ok	:read	[6 17 20 30 37 48 50 52 55 60 61 64 67 71 79 85]
2023-05-11 01:35:09,150{GMT}	INFO	[jepsen worker 0] jepsen.util: 0	:invoke	:read	nil
2023-05-11 01:35:09,151{GMT}	INFO	[jepsen worker 0] jepsen.util: 0	:ok	:read	[0 1 2 3 7 8 13 18 19 22 26 27 31 34 35 38 39 41 43 45 49 53 56 58 62 65 66 68 72 75 80 84 86]
2023-05-11 01:35:09,249{GMT}	INFO	[jepsen worker 0] jepsen.util: 0	:invoke	:broadcast	89
2023-05-11 01:35:09,250{GMT}	INFO	[jepsen worker 0] jepsen.util: 0	:ok	:broadcast	89
2023-05-11 01:35:09,379{GMT}	INFO	[jepsen worker 1] jepsen.util: 1	:invoke	:read	nil
2023-05-11 01:35:09,380{GMT}	INFO	[jepsen worker 1] jepsen.util: 1	:ok	:read	[4 9 14 21 23 28 32 46 51 59 63 69 73 76 81 82 87]
2023-05-11 01:35:09,549{GMT}	INFO	[jepsen worker 2] jepsen.util: 2	:invoke	:broadcast	90
2023-05-11 01:35:09,550{GMT}	INFO	[jepsen worker 2] jepsen.util: 2	:ok	:broadcast	90
2023-05-11 01:35:09,727{GMT}	INFO	[jepsen worker 3] jepsen.util: 3	:invoke	:read	nil
2023-05-11 01:35:09,728{GMT}	INFO	[jepsen worker 3] jepsen.util: 3	:ok	:read	[5 11 16 25 33 36 40 44 54 78 88]
2023-05-11 01:35:09,916{GMT}	INFO	[jepsen worker 4] jepsen.util: 4	:invoke	:read	nil
2023-05-11 01:35:09,917{GMT}	INFO	[jepsen worker 4] jepsen.util: 4	:ok	:read	[6 17 20 30 37 48 50 52 55 60 61 64 67 71 79 85]
2023-05-11 01:35:10,107{GMT}	INFO	[jepsen worker 0] jepsen.util: 0	:invoke	:broadcast	91
2023-05-11 01:35:10,108{GMT}	INFO	[jepsen worker 0] jepsen.util: 0	:ok	:broadcast	91
2023-05-11 01:35:10,278{GMT}	INFO	[jepsen worker 0] jepsen.util: 0	:invoke	:read	nil
2023-05-11 01:35:10,279{GMT}	INFO	[jepsen worker 0] jepsen.util: 0	:ok	:read	[0 1 2 3 7 8 13 18 19 22 26 27 31 34 35 38 39 41 43 45 49 53 56 58 62 65 66 68 72 75 80 84 86 89 91]
2023-05-11 01:35:10,280{GMT}	INFO	[jepsen worker 1] jepsen.generator.interpreter: Waiting for recovery...
2023-05-11 01:35:20,282{GMT}	INFO	[jepsen worker 2] jepsen.util: 2	:invoke	:read	nil
2023-05-11 01:35:20,282{GMT}	INFO	[jepsen worker 1] jepsen.util: 1	:invoke	:read	nil
2023-05-11 01:35:20,283{GMT}	INFO	[jepsen worker 3] jepsen.util: 3	:invoke	:read	nil
2023-05-11 01:35:20,283{GMT}	INFO	[jepsen worker 4] jepsen.util: 4	:invoke	:read	nil
2023-05-11 01:35:20,283{GMT}	INFO	[jepsen worker 0] jepsen.util: 0	:invoke	:read	nil
2023-05-11 01:35:20,283{GMT}	INFO	[jepsen worker 2] jepsen.util: 2	:ok	:read	[10 12 15 24 29 42 47 57 70 74 77 83 90]
2023-05-11 01:35:20,283{GMT}	INFO	[jepsen worker 3] jepsen.util: 3	:ok	:read	[5 11 16 25 33 36 40 44 54 78 88]
2023-05-11 01:35:20,283{GMT}	INFO	[jepsen worker 0] jepsen.util: 0	:ok	:read	[0 1 2 3 7 8 13 18 19 22 26 27 31 34 35 38 39 41 43 45 49 53 56 58 62 65 66 68 72 75 80 84 86 89 91]
2023-05-11 01:35:20,283{GMT}	INFO	[jepsen worker 1] jepsen.util: 1	:ok	:read	[4 9 14 21 23 28 32 46 51 59 63 69 73 76 81 82 87]
2023-05-11 01:35:20,283{GMT}	INFO	[jepsen worker 4] jepsen.util: 4	:ok	:read	[6 17 20 30 37 48 50 52 55 60 61 64 67 71 79 85]
2023-05-11 01:35:20,296{GMT}	INFO	[jepsen test runner] jepsen.core: Run complete, writing
2023-05-11 01:35:20,330{GMT}	INFO	[jepsen node n0] maelstrom.db: Tearing down n0
2023-05-11 01:35:20,330{GMT}	INFO	[jepsen node n1] maelstrom.db: Tearing down n1
2023-05-11 01:35:20,331{GMT}	INFO	[jepsen node n2] maelstrom.db: Tearing down n2
2023-05-11 01:35:20,331{GMT}	INFO	[jepsen node n3] maelstrom.db: Tearing down n3
2023-05-11 01:35:20,331{GMT}	INFO	[jepsen node n4] maelstrom.db: Tearing down n4
2023-05-11 01:35:21,326{GMT}	INFO	[jepsen node n0] maelstrom.net: Shutting down Maelstrom network
2023-05-11 01:35:21,326{GMT}	INFO	[jepsen test runner] jepsen.core: Analyzing...
2023-05-11 01:35:21,462{GMT}	INFO	[jepsen test runner] jepsen.core: Analysis complete
2023-05-11 01:35:21,482{GMT}	INFO	[jepsen results] jepsen.store: Wrote /home/eman/gossip-glomers/maelstrom/store/broadcast/20230511T013448.954-0400/results.edn
2023-05-11 01:35:21,499{GMT}	INFO	[jepsen test runner] jepsen.core: {:perf {:latency-graph {:valid? true},
        :rate-graph {:valid? true},
        :valid? true},
 :timeline {:valid? true},
 :exceptions {:valid? true},
 :stats {:valid? true,
         :count 204,
         :ok-count 204,
         :fail-count 0,
         :info-count 0,
         :by-f {:broadcast {:valid? true,
                            :count 92,
                            :ok-count 92,
                            :fail-count 0,
                            :info-count 0},
                :read {:valid? true,
                       :count 112,
                       :ok-count 112,
                       :fail-count 0,
                       :info-count 0}}},
 :availability {:valid? true, :ok-fraction 1.0},
 :net {:all {:send-count 428,
             :recv-count 428,
             :msg-count 428,
             :msgs-per-op 2.0980392},
       :clients {:send-count 428, :recv-count 428, :msg-count 428},
       :servers {:send-count 0,
                 :recv-count 0,
                 :msg-count 0,
                 :msgs-per-op 0.0},
       :valid? true},
 :workload {:worst-stale ({:element 0,
                           :outcome :stable,
                           :stable-latency 29262,
                           :lost-latency nil,
                           :known #jepsen.history.Op{:index 11,
                                                     :time 682272958,
                                                     :type :ok,
                                                     :process 0,
                                                     :f :add,
                                                     :value 0},
                           :last-absent #jepsen.history.Op{:index 401,
                                                           :time 29944809881,
                                                           :type :invoke,
                                                           :process 4,
                                                           :f :read,
                                                           :value nil,
                                                           :final? true}}
                          {:element 1,
                           :outcome :stable,
                           :stable-latency 29135,
                           :lost-latency nil,
                           :known #jepsen.history.Op{:index 13,
                                                     :time 809711505,
                                                     :type :ok,
                                                     :process 0,
                                                     :f :add,
                                                     :value 1},
                           :last-absent #jepsen.history.Op{:index 401,
                                                           :time 29944809881,
                                                           :type :invoke,
                                                           :process 4,
                                                           :f :read,
                                                           :value nil,
                                                           :final? true}}
                          {:element 2,
                           :outcome :stable,
                           :stable-latency 28518,
                           :lost-latency nil,
                           :known #jepsen.history.Op{:index 23,
                                                     :time 1426568719,
                                                     :type :ok,
                                                     :process 0,
                                                     :f :add,
                                                     :value 2},
                           :last-absent #jepsen.history.Op{:index 401,
                                                           :time 29944809881,
                                                           :type :invoke,
                                                           :process 4,
                                                           :f :read,
                                                           :value nil,
                                                           :final? true}}
                          {:element 3,
                           :outcome :stable,
                           :stable-latency 28320,
                           :lost-latency nil,
                           :known #jepsen.history.Op{:index 25,
                                                     :time 1624446951,
                                                     :type :ok,
                                                     :process 0,
                                                     :f :add,
                                                     :value 3},
                           :last-absent #jepsen.history.Op{:index 401,
                                                           :time 29944809881,
                                                           :type :invoke,
                                                           :process 4,
                                                           :f :read,
                                                           :value nil,
                                                           :final? true}}
                          {:element 7,
                           :outcome :stable,
                           :stable-latency 27906,
                           :lost-latency nil,
                           :known #jepsen.history.Op{:index 35,
                                                     :time 2037825239,
                                                     :type :ok,
                                                     :process 0,
                                                     :f :add,
                                                     :value 7},
                           :last-absent #jepsen.history.Op{:index 401,
                                                           :time 29944809881,
                                                           :type :invoke,
                                                           :process 4,
                                                           :f :read,
                                                           :value nil,
                                                           :final? true}}
                          {:element 8,
                           :outcome :stable,
                           :stable-latency 27783,
                           :lost-latency nil,
                           :known #jepsen.history.Op{:index 37,
                                                     :time 2161006965,
                                                     :type :ok,
                                                     :process 0,
                                                     :f :add,
                                                     :value 8},
                           :last-absent #jepsen.history.Op{:index 401,
                                                           :time 29944809881,
                                                           :type :invoke,
                                                           :process 4,
                                                           :f :read,
                                                           :value nil,
                                                           :final? true}}
                          {:element 13,
                           :outcome :stable,
                           :stable-latency 26844,
                           :lost-latency nil,
                           :known #jepsen.history.Op{:index 61,
                                                     :time 3100566311,
                                                     :type :ok,
                                                     :process 0,
                                                     :f :add,
                                                     :value 13},
                           :last-absent #jepsen.history.Op{:index 401,
                                                           :time 29944809881,
                                                           :type :invoke,
                                                           :process 4,
                                                           :f :read,
                                                           :value nil,
                                                           :final? true}}
                          {:element 18,
                           :outcome :stable,
                           :stable-latency 26303,
                           :lost-latency nil,
                           :known #jepsen.history.Op{:index 71,
                                                     :time 3641464749,
                                                     :type :ok,
                                                     :process 0,
                                                     :f :add,
                                                     :value 18},
                           :last-absent #jepsen.history.Op{:index 401,
                                                           :time 29944809881,
                                                           :type :invoke,
                                                           :process 4,
                                                           :f :read,
                                                           :value nil,
                                                           :final? true}}),
            :duplicated-count 0,
            :valid? false,
            :lost-count 57,
            :lost (4
                   5
                   6
                   9
                   10
                   11
                   12
                   14
                   15
                   16
                   17
                   20
                   21
                   23
                   24
                   25
                   28
                   29
                   30
                   32
                   33
                   36
                   37
                   40
                   42
                   44
                   46
                   47
                   48
                   50
                   51
                   52
                   54
                   55
                   57
                   59
                   60
                   61
                   63
                   64
                   67
                   69
                   70
                   71
                   73
                   74
                   76
                   77
                   78
                   79
                   81
                   82
                   83
                   85
                   87
                   88
                   90),
            :stable-count 35,
            :stale-count 35,
            :stale (0
                    1
                    2
                    3
                    7
                    8
                    13
                    18
                    19
                    22
                    26
                    27
                    31
                    34
                    35
                    38
                    39
                    41
                    43
                    45
                    49
                    53
                    56
                    58
                    62
                    65
                    66
                    68
                    72
                    75
                    80
                    84
                    86
                    89
                    91),
            :never-read-count 0,
            :stable-latencies {0 10174,
                               0.5 22275,
                               0.95 29135,
                               0.99 29262,
                               1 29262},
            :attempt-count 92,
            :lost-latencies {0 10730,
                             0.5 20737,
                             0.95 27945,
                             0.99 28188,
                             1 28188},
            :never-read (),
            :duplicated {}},
 :valid? false}


Analysis invalid! ( 
