2023-05-10 22:16:39,774{GMT}	INFO	[jepsen test runner] jepsen.core: Command line:
lein run test -w echo --bin ../maelstrom-echo/target/debug/maelstrom-echo --node-count 1 --time-limit 10
2023-05-10 22:16:39,815{GMT}	INFO	[jepsen test runner] jepsen.core: Running test:
{:args []
 :remote
 #jepsen.control.retry.Remote{:remote #jepsen.control.scp.Remote{:cmd-remote #jepsen.control.sshj.SSHJRemote{:concurrency-limit 6,
                                                                                                             :conn-spec nil,
                                                                                                             :client nil,
                                                                                                             :semaphore nil},
                                                                 :conn-spec nil},
                              :conn nil}
 :log-net-send false
 :node-count 1
 :availability nil
 :max-txn-length 4
 :concurrency 1
 :db
 #object[maelstrom.db$db$reify__16142
         "0x11736ebc"
         "maelstrom.db$db$reify__16142@11736ebc"]
 :max-writes-per-key 16
 :leave-db-running? false
 :name "echo"
 :logging-json? false
 :start-time
 #object[org.joda.time.DateTime "0x50a1c2f3" "2023-05-10T22:16:39.762-04:00"]
 :nemesis-interval 10
 :net
 #object[maelstrom.net$jepsen_net$reify__15251
         "0x453ca7f"
         "maelstrom.net$jepsen_net$reify__15251@453ca7f"]
 :client
 #object[maelstrom.workload.echo$client$reify__16863
         "0x5d41b929"
         "maelstrom.workload.echo$client$reify__16863@5d41b929"]
 :barrier
 #object[java.util.concurrent.CyclicBarrier
         "0x6dd0e2f4"
         "java.util.concurrent.CyclicBarrier@6dd0e2f4"]
 :log-stderr false
 :pure-generators true
 :ssh {:dummy? true}
 :rate 5
 :checker
 #object[jepsen.checker$compose$reify__11881
         "0x333813e7"
         "jepsen.checker$compose$reify__11881@333813e7"]
 :argv
 ("test"
  "-w"
  "echo"
  "--bin"
  "../maelstrom-echo/target/debug/maelstrom-echo"
  "--node-count"
  "1"
  "--time-limit"
  "10")
 :nemesis
 (jepsen.nemesis.ReflCompose
  {:fm {:start-partition 0,
        :stop-partition 0,
        :kill 1,
        :start 1,
        :pause 1,
        :resume 1},
   :nemeses [#unprintable "jepsen.nemesis.combined$partition_nemesis$reify__16416@292237cd"
             #unprintable "jepsen.nemesis.combined$db_nemesis$reify__16397@797a5b31"]})
 :nodes ["n0"]
 :test-count 1
 :latency {:mean 0, :dist :constant}
 :bin "../maelstrom-echo/target/debug/maelstrom-echo"
 :generator
 (jepsen.generator.TimeLimit
  {:limit 10000000000,
   :cutoff nil,
   :gen (jepsen.generator.Any
         {:gens [(jepsen.generator.OnThreads
                  {:f #{:nemesis},
                   :context-filter #object[jepsen.generator.context$make_thread_filter$lazy_filter__9167
                                           "0xd7645b2"
                                           "jepsen.generator.context$make_thread_filter$lazy_filter__9167@d7645b2"],
                   :gen nil})
                 (jepsen.generator.OnThreads
                  {:f #jepsen.generator.context.AllBut{:element :nemesis},
                   :context-filter #object[jepsen.generator.context$make_thread_filter$lazy_filter__9167
                                           "0x72e4905c"
                                           "jepsen.generator.context$make_thread_filter$lazy_filter__9167@72e4905c"],
                   :gen (jepsen.generator.Stagger
                         {:dt 400000000,
                          :next-time nil,
                          :gen (jepsen.generator.EachThread
                                {:fresh-gen #object[maelstrom.workload.echo$workload$fn__16882
                                                    "0x279b83ea"
                                                    "maelstrom.workload.echo$workload$fn__16882@279b83ea"],
                                 :context-filters #object[clojure.core$promise$reify__8591
                                                          "0x7f9083b4"
                                                          {:status :pending,
                                                           :val nil}],
                                 :gens {}})})})]})})
 :log-net-recv false
 :os
 #object[maelstrom.net$jepsen_os$reify__15254
         "0x40f40221"
         "maelstrom.net$jepsen_os$reify__15254@40f40221"]
 :time-limit 10
 :workload :echo
 :consistency-models [:strict-serializable]
 :topology :grid}

2023-05-10 22:16:41,095{GMT}	INFO	[jepsen node n0] maelstrom.net: Starting Maelstrom network
2023-05-10 22:16:41,097{GMT}	INFO	[jepsen test runner] jepsen.db: Tearing down DB
2023-05-10 22:16:41,098{GMT}	INFO	[jepsen test runner] jepsen.db: Setting up DB
2023-05-10 22:16:41,100{GMT}	INFO	[jepsen node n0] maelstrom.service: Starting services: (lin-kv lin-tso lww-kv seq-kv)
2023-05-10 22:16:41,101{GMT}	INFO	[jepsen node n0] maelstrom.db: Setting up n0
2023-05-10 22:16:41,102{GMT}	INFO	[jepsen node n0] maelstrom.process: launching ../maelstrom-echo/target/debug/maelstrom-echo []
2023-05-10 22:16:41,115{GMT}	INFO	[jepsen test runner] jepsen.core: Relative time begins now
2023-05-10 22:16:41,126{GMT}	INFO	[jepsen worker 0] jepsen.util: 0	:invoke	:echo	"Please echo 119"
2023-05-10 22:16:41,131{GMT}	INFO	[jepsen worker 0] jepsen.util: 0	:ok	:echo	{:type "echo_ok", :msg_id 1, :in_reply_to 1, :echo "Please echo 119"}
2023-05-10 22:16:41,397{GMT}	INFO	[jepsen worker 0] jepsen.util: 0	:invoke	:echo	"Please echo 23"
2023-05-10 22:16:41,399{GMT}	INFO	[jepsen worker 0] jepsen.util: 0	:ok	:echo	{:type "echo_ok", :msg_id 2, :in_reply_to 2, :echo "Please echo 23"}
2023-05-10 22:16:41,751{GMT}	INFO	[jepsen worker 0] jepsen.util: 0	:invoke	:echo	"Please echo 70"
2023-05-10 22:16:41,753{GMT}	INFO	[jepsen worker 0] jepsen.util: 0	:ok	:echo	{:type "echo_ok", :msg_id 3, :in_reply_to 3, :echo "Please echo 70"}
2023-05-10 22:16:42,064{GMT}	INFO	[jepsen worker 0] jepsen.util: 0	:invoke	:echo	"Please echo 8"
2023-05-10 22:16:42,066{GMT}	INFO	[jepsen worker 0] jepsen.util: 0	:ok	:echo	{:type "echo_ok", :msg_id 4, :in_reply_to 4, :echo "Please echo 8"}
2023-05-10 22:16:42,306{GMT}	INFO	[jepsen worker 0] jepsen.util: 0	:invoke	:echo	"Please echo 99"
2023-05-10 22:16:42,307{GMT}	INFO	[jepsen worker 0] jepsen.util: 0	:ok	:echo	{:type "echo_ok", :msg_id 5, :in_reply_to 5, :echo "Please echo 99"}
2023-05-10 22:16:42,410{GMT}	INFO	[jepsen worker 0] jepsen.util: 0	:invoke	:echo	"Please echo 88"
2023-05-10 22:16:42,411{GMT}	INFO	[jepsen worker 0] jepsen.util: 0	:ok	:echo	{:type "echo_ok", :msg_id 6, :in_reply_to 6, :echo "Please echo 88"}
2023-05-10 22:16:42,510{GMT}	INFO	[jepsen worker 0] jepsen.util: 0	:invoke	:echo	"Please echo 8"
2023-05-10 22:16:42,512{GMT}	INFO	[jepsen worker 0] jepsen.util: 0	:ok	:echo	{:type "echo_ok", :msg_id 7, :in_reply_to 7, :echo "Please echo 8"}
2023-05-10 22:16:42,776{GMT}	INFO	[jepsen worker 0] jepsen.util: 0	:invoke	:echo	"Please echo 58"
2023-05-10 22:16:42,777{GMT}	INFO	[jepsen worker 0] jepsen.util: 0	:ok	:echo	{:type "echo_ok", :msg_id 8, :in_reply_to 8, :echo "Please echo 58"}
2023-05-10 22:16:42,827{GMT}	INFO	[jepsen worker 0] jepsen.util: 0	:invoke	:echo	"Please echo 38"
2023-05-10 22:16:42,828{GMT}	INFO	[jepsen worker 0] jepsen.util: 0	:ok	:echo	{:type "echo_ok", :msg_id 9, :in_reply_to 9, :echo "Please echo 38"}
2023-05-10 22:16:42,838{GMT}	INFO	[jepsen worker 0] jepsen.util: 0	:invoke	:echo	"Please echo 111"
2023-05-10 22:16:42,839{GMT}	INFO	[jepsen worker 0] jepsen.util: 0	:ok	:echo	{:type "echo_ok", :msg_id 10, :in_reply_to 10, :echo "Please echo 111"}
2023-05-10 22:16:43,040{GMT}	INFO	[jepsen worker 0] jepsen.util: 0	:invoke	:echo	"Please echo 77"
2023-05-10 22:16:43,041{GMT}	INFO	[jepsen worker 0] jepsen.util: 0	:ok	:echo	{:type "echo_ok", :msg_id 11, :in_reply_to 11, :echo "Please echo 77"}
2023-05-10 22:16:43,300{GMT}	INFO	[jepsen worker 0] jepsen.util: 0	:invoke	:echo	"Please echo 56"
2023-05-10 22:16:43,301{GMT}	INFO	[jepsen worker 0] jepsen.util: 0	:ok	:echo	{:type "echo_ok", :msg_id 12, :in_reply_to 12, :echo "Please echo 56"}
2023-05-10 22:16:43,681{GMT}	INFO	[jepsen worker 0] jepsen.util: 0	:invoke	:echo	"Please echo 109"
2023-05-10 22:16:43,682{GMT}	INFO	[jepsen worker 0] jepsen.util: 0	:ok	:echo	{:type "echo_ok", :msg_id 13, :in_reply_to 13, :echo "Please echo 109"}
2023-05-10 22:16:43,709{GMT}	INFO	[jepsen worker 0] jepsen.util: 0	:invoke	:echo	"Please echo 95"
2023-05-10 22:16:43,710{GMT}	INFO	[jepsen worker 0] jepsen.util: 0	:ok	:echo	{:type "echo_ok", :msg_id 14, :in_reply_to 14, :echo "Please echo 95"}
2023-05-10 22:16:43,993{GMT}	INFO	[jepsen worker 0] jepsen.util: 0	:invoke	:echo	"Please echo 94"
2023-05-10 22:16:43,994{GMT}	INFO	[jepsen worker 0] jepsen.util: 0	:ok	:echo	{:type "echo_ok", :msg_id 15, :in_reply_to 15, :echo "Please echo 94"}
2023-05-10 22:16:44,360{GMT}	INFO	[jepsen worker 0] jepsen.util: 0	:invoke	:echo	"Please echo 103"
2023-05-10 22:16:44,361{GMT}	INFO	[jepsen worker 0] jepsen.util: 0	:ok	:echo	{:type "echo_ok", :msg_id 16, :in_reply_to 16, :echo "Please echo 103"}
2023-05-10 22:16:44,636{GMT}	INFO	[jepsen worker 0] jepsen.util: 0	:invoke	:echo	"Please echo 11"
2023-05-10 22:16:44,637{GMT}	INFO	[jepsen worker 0] jepsen.util: 0	:ok	:echo	{:type "echo_ok", :msg_id 17, :in_reply_to 17, :echo "Please echo 11"}
2023-05-10 22:16:44,959{GMT}	INFO	[jepsen worker 0] jepsen.util: 0	:invoke	:echo	"Please echo 12"
2023-05-10 22:16:44,961{GMT}	INFO	[jepsen worker 0] jepsen.util: 0	:ok	:echo	{:type "echo_ok", :msg_id 18, :in_reply_to 18, :echo "Please echo 12"}
2023-05-10 22:16:45,018{GMT}	INFO	[jepsen worker 0] jepsen.util: 0	:invoke	:echo	"Please echo 13"
2023-05-10 22:16:45,020{GMT}	INFO	[jepsen worker 0] jepsen.util: 0	:ok	:echo	{:type "echo_ok", :msg_id 19, :in_reply_to 19, :echo "Please echo 13"}
2023-05-10 22:16:45,053{GMT}	INFO	[jepsen worker 0] jepsen.util: 0	:invoke	:echo	"Please echo 75"
2023-05-10 22:16:45,054{GMT}	INFO	[jepsen worker 0] jepsen.util: 0	:ok	:echo	{:type "echo_ok", :msg_id 20, :in_reply_to 20, :echo "Please echo 75"}
2023-05-10 22:16:45,129{GMT}	INFO	[jepsen worker 0] jepsen.util: 0	:invoke	:echo	"Please echo 108"
2023-05-10 22:16:45,131{GMT}	INFO	[jepsen worker 0] jepsen.util: 0	:ok	:echo	{:type "echo_ok", :msg_id 21, :in_reply_to 21, :echo "Please echo 108"}
2023-05-10 22:16:45,206{GMT}	INFO	[jepsen worker 0] jepsen.util: 0	:invoke	:echo	"Please echo 81"
2023-05-10 22:16:45,207{GMT}	INFO	[jepsen worker 0] jepsen.util: 0	:ok	:echo	{:type "echo_ok", :msg_id 22, :in_reply_to 22, :echo "Please echo 81"}
2023-05-10 22:16:45,293{GMT}	INFO	[jepsen worker 0] jepsen.util: 0	:invoke	:echo	"Please echo 29"
2023-05-10 22:16:45,294{GMT}	INFO	[jepsen worker 0] jepsen.util: 0	:ok	:echo	{:type "echo_ok", :msg_id 23, :in_reply_to 23, :echo "Please echo 29"}
2023-05-10 22:16:45,474{GMT}	INFO	[jepsen worker 0] jepsen.util: 0	:invoke	:echo	"Please echo 55"
2023-05-10 22:16:45,475{GMT}	INFO	[jepsen worker 0] jepsen.util: 0	:ok	:echo	{:type "echo_ok", :msg_id 24, :in_reply_to 24, :echo "Please echo 55"}
2023-05-10 22:16:45,852{GMT}	INFO	[jepsen worker 0] jepsen.util: 0	:invoke	:echo	"Please echo 64"
2023-05-10 22:16:45,853{GMT}	INFO	[jepsen worker 0] jepsen.util: 0	:ok	:echo	{:type "echo_ok", :msg_id 25, :in_reply_to 25, :echo "Please echo 64"}
2023-05-10 22:16:46,055{GMT}	INFO	[jepsen worker 0] jepsen.util: 0	:invoke	:echo	"Please echo 23"
2023-05-10 22:16:46,057{GMT}	INFO	[jepsen worker 0] jepsen.util: 0	:ok	:echo	{:type "echo_ok", :msg_id 26, :in_reply_to 26, :echo "Please echo 23"}
2023-05-10 22:16:46,060{GMT}	INFO	[jepsen worker 0] jepsen.util: 0	:invoke	:echo	"Please echo 116"
2023-05-10 22:16:46,061{GMT}	INFO	[jepsen worker 0] jepsen.util: 0	:ok	:echo	{:type "echo_ok", :msg_id 27, :in_reply_to 27, :echo "Please echo 116"}
2023-05-10 22:16:46,082{GMT}	INFO	[jepsen worker 0] jepsen.util: 0	:invoke	:echo	"Please echo 102"
2023-05-10 22:16:46,084{GMT}	INFO	[jepsen worker 0] jepsen.util: 0	:ok	:echo	{:type "echo_ok", :msg_id 28, :in_reply_to 28, :echo "Please echo 102"}
2023-05-10 22:16:46,156{GMT}	INFO	[jepsen worker 0] jepsen.util: 0	:invoke	:echo	"Please echo 115"
2023-05-10 22:16:46,158{GMT}	INFO	[jepsen worker 0] jepsen.util: 0	:ok	:echo	{:type "echo_ok", :msg_id 29, :in_reply_to 29, :echo "Please echo 115"}
2023-05-10 22:16:46,340{GMT}	INFO	[jepsen worker 0] jepsen.util: 0	:invoke	:echo	"Please echo 63"
2023-05-10 22:16:46,342{GMT}	INFO	[jepsen worker 0] jepsen.util: 0	:ok	:echo	{:type "echo_ok", :msg_id 30, :in_reply_to 30, :echo "Please echo 63"}
2023-05-10 22:16:46,719{GMT}	INFO	[jepsen worker 0] jepsen.util: 0	:invoke	:echo	"Please echo 9"
2023-05-10 22:16:46,720{GMT}	INFO	[jepsen worker 0] jepsen.util: 0	:ok	:echo	{:type "echo_ok", :msg_id 31, :in_reply_to 31, :echo "Please echo 9"}
2023-05-10 22:16:46,991{GMT}	INFO	[jepsen worker 0] jepsen.util: 0	:invoke	:echo	"Please echo 29"
2023-05-10 22:16:46,992{GMT}	INFO	[jepsen worker 0] jepsen.util: 0	:ok	:echo	{:type "echo_ok", :msg_id 32, :in_reply_to 32, :echo "Please echo 29"}
2023-05-10 22:16:47,271{GMT}	INFO	[jepsen worker 0] jepsen.util: 0	:invoke	:echo	"Please echo 49"
2023-05-10 22:16:47,273{GMT}	INFO	[jepsen worker 0] jepsen.util: 0	:ok	:echo	{:type "echo_ok", :msg_id 33, :in_reply_to 33, :echo "Please echo 49"}
2023-05-10 22:16:47,363{GMT}	INFO	[jepsen worker 0] jepsen.util: 0	:invoke	:echo	"Please echo 38"
2023-05-10 22:16:47,364{GMT}	INFO	[jepsen worker 0] jepsen.util: 0	:ok	:echo	{:type "echo_ok", :msg_id 34, :in_reply_to 34, :echo "Please echo 38"}
2023-05-10 22:16:47,391{GMT}	INFO	[jepsen worker 0] jepsen.util: 0	:invoke	:echo	"Please echo 20"
2023-05-10 22:16:47,393{GMT}	INFO	[jepsen worker 0] jepsen.util: 0	:ok	:echo	{:type "echo_ok", :msg_id 35, :in_reply_to 35, :echo "Please echo 20"}
2023-05-10 22:16:47,502{GMT}	INFO	[jepsen worker 0] jepsen.util: 0	:invoke	:echo	"Please echo 4"
2023-05-10 22:16:47,503{GMT}	INFO	[jepsen worker 0] jepsen.util: 0	:ok	:echo	{:type "echo_ok", :msg_id 36, :in_reply_to 36, :echo "Please echo 4"}
2023-05-10 22:16:47,746{GMT}	INFO	[jepsen worker 0] jepsen.util: 0	:invoke	:echo	"Please echo 75"
2023-05-10 22:16:47,747{GMT}	INFO	[jepsen worker 0] jepsen.util: 0	:ok	:echo	{:type "echo_ok", :msg_id 37, :in_reply_to 37, :echo "Please echo 75"}
2023-05-10 22:16:48,011{GMT}	INFO	[jepsen worker 0] jepsen.util: 0	:invoke	:echo	"Please echo 101"
2023-05-10 22:16:48,012{GMT}	INFO	[jepsen worker 0] jepsen.util: 0	:ok	:echo	{:type "echo_ok", :msg_id 38, :in_reply_to 38, :echo "Please echo 101"}
2023-05-10 22:16:48,381{GMT}	INFO	[jepsen worker 0] jepsen.util: 0	:invoke	:echo	"Please echo 44"
2023-05-10 22:16:48,382{GMT}	INFO	[jepsen worker 0] jepsen.util: 0	:ok	:echo	{:type "echo_ok", :msg_id 39, :in_reply_to 39, :echo "Please echo 44"}
2023-05-10 22:16:48,567{GMT}	INFO	[jepsen worker 0] jepsen.util: 0	:invoke	:echo	"Please echo 11"
2023-05-10 22:16:48,568{GMT}	INFO	[jepsen worker 0] jepsen.util: 0	:ok	:echo	{:type "echo_ok", :msg_id 40, :in_reply_to 40, :echo "Please echo 11"}
2023-05-10 22:16:48,795{GMT}	INFO	[jepsen worker 0] jepsen.util: 0	:invoke	:echo	"Please echo 7"
2023-05-10 22:16:48,797{GMT}	INFO	[jepsen worker 0] jepsen.util: 0	:ok	:echo	{:type "echo_ok", :msg_id 41, :in_reply_to 41, :echo "Please echo 7"}
2023-05-10 22:16:49,128{GMT}	INFO	[jepsen worker 0] jepsen.util: 0	:invoke	:echo	"Please echo 92"
2023-05-10 22:16:49,129{GMT}	INFO	[jepsen worker 0] jepsen.util: 0	:ok	:echo	{:type "echo_ok", :msg_id 42, :in_reply_to 42, :echo "Please echo 92"}
2023-05-10 22:16:49,152{GMT}	INFO	[jepsen worker 0] jepsen.util: 0	:invoke	:echo	"Please echo 38"
2023-05-10 22:16:49,153{GMT}	INFO	[jepsen worker 0] jepsen.util: 0	:ok	:echo	{:type "echo_ok", :msg_id 43, :in_reply_to 43, :echo "Please echo 38"}
2023-05-10 22:16:49,176{GMT}	INFO	[jepsen worker 0] jepsen.util: 0	:invoke	:echo	"Please echo 76"
2023-05-10 22:16:49,178{GMT}	INFO	[jepsen worker 0] jepsen.util: 0	:ok	:echo	{:type "echo_ok", :msg_id 44, :in_reply_to 44, :echo "Please echo 76"}
2023-05-10 22:16:49,267{GMT}	INFO	[jepsen worker 0] jepsen.util: 0	:invoke	:echo	"Please echo 98"
2023-05-10 22:16:49,268{GMT}	INFO	[jepsen worker 0] jepsen.util: 0	:ok	:echo	{:type "echo_ok", :msg_id 45, :in_reply_to 45, :echo "Please echo 98"}
2023-05-10 22:16:49,487{GMT}	INFO	[jepsen worker 0] jepsen.util: 0	:invoke	:echo	"Please echo 81"
2023-05-10 22:16:49,488{GMT}	INFO	[jepsen worker 0] jepsen.util: 0	:ok	:echo	{:type "echo_ok", :msg_id 46, :in_reply_to 46, :echo "Please echo 81"}
2023-05-10 22:16:49,731{GMT}	INFO	[jepsen worker 0] jepsen.util: 0	:invoke	:echo	"Please echo 20"
2023-05-10 22:16:49,732{GMT}	INFO	[jepsen worker 0] jepsen.util: 0	:ok	:echo	{:type "echo_ok", :msg_id 47, :in_reply_to 47, :echo "Please echo 20"}
2023-05-10 22:16:50,045{GMT}	INFO	[jepsen worker 0] jepsen.util: 0	:invoke	:echo	"Please echo 8"
2023-05-10 22:16:50,046{GMT}	INFO	[jepsen worker 0] jepsen.util: 0	:ok	:echo	{:type "echo_ok", :msg_id 48, :in_reply_to 48, :echo "Please echo 8"}
2023-05-10 22:16:50,362{GMT}	INFO	[jepsen worker 0] jepsen.util: 0	:invoke	:echo	"Please echo 23"
2023-05-10 22:16:50,363{GMT}	INFO	[jepsen worker 0] jepsen.util: 0	:ok	:echo	{:type "echo_ok", :msg_id 49, :in_reply_to 49, :echo "Please echo 23"}
2023-05-10 22:16:50,632{GMT}	INFO	[jepsen worker 0] jepsen.util: 0	:invoke	:echo	"Please echo 13"
2023-05-10 22:16:50,633{GMT}	INFO	[jepsen worker 0] jepsen.util: 0	:ok	:echo	{:type "echo_ok", :msg_id 50, :in_reply_to 50, :echo "Please echo 13"}
2023-05-10 22:16:50,838{GMT}	INFO	[jepsen worker 0] jepsen.util: 0	:invoke	:echo	"Please echo 1"
2023-05-10 22:16:50,839{GMT}	INFO	[jepsen worker 0] jepsen.util: 0	:ok	:echo	{:type "echo_ok", :msg_id 51, :in_reply_to 51, :echo "Please echo 1"}
2023-05-10 22:16:51,093{GMT}	INFO	[jepsen worker 0] jepsen.util: 0	:invoke	:echo	"Please echo 93"
2023-05-10 22:16:51,094{GMT}	INFO	[jepsen worker 0] jepsen.util: 0	:ok	:echo	{:type "echo_ok", :msg_id 52, :in_reply_to 52, :echo "Please echo 93"}
2023-05-10 22:16:51,104{GMT}	INFO	[jepsen test runner] jepsen.core: Run complete, writing
2023-05-10 22:16:51,136{GMT}	INFO	[jepsen node n0] maelstrom.db: Tearing down n0
2023-05-10 22:16:52,104{GMT}	INFO	[jepsen node n0] maelstrom.net: Shutting down Maelstrom network
2023-05-10 22:16:52,105{GMT}	INFO	[jepsen test runner] jepsen.core: Analyzing...
2023-05-10 22:16:52,223{GMT}	INFO	[jepsen test runner] jepsen.core: Analysis complete
2023-05-10 22:16:52,230{GMT}	INFO	[jepsen results] jepsen.store: Wrote /home/eman/gossip-glomers/maelstrom/store/echo/20230510T221639.762-0400/results.edn
2023-05-10 22:16:52,240{GMT}	INFO	[jepsen test runner] jepsen.core: {:perf {:latency-graph {:valid? true},
        :rate-graph {:valid? true},
        :valid? true},
 :timeline {:valid? true},
 :exceptions {:valid? true},
 :stats {:valid? true,
         :count 52,
         :ok-count 52,
         :fail-count 0,
         :info-count 0,
         :by-f {:echo {:valid? true,
                       :count 52,
                       :ok-count 52,
                       :fail-count 0,
                       :info-count 0}}},
 :availability {:valid? true, :ok-fraction 1.0},
 :net {:all {:send-count 106,
             :recv-count 106,
             :msg-count 106,
             :msgs-per-op 2.0384614},
       :clients {:send-count 106, :recv-count 106, :msg-count 106},
       :servers {:send-count 0,
                 :recv-count 0,
                 :msg-count 0,
                 :msgs-per-op 0.0},
       :valid? true},
 :workload {:valid? true, :errors ()},
 :valid? true}


Everything looks good! ヽ(‘ー`)ノ
